[2025-02-04T02:38:40.838+0000] {local_task_job_runner.py:123} INFO - ::group::Pre task execution logs
[2025-02-04T02:38:40.844+0000] {taskinstance.py:2613} INFO - Dependencies all met for dep_context=non-requeueable deps ti=<TaskInstance: etl_movies_sp.transform_and_load scheduled__2025-02-03T00:00:00+00:00 [queued]>
[2025-02-04T02:38:40.847+0000] {taskinstance.py:2613} INFO - Dependencies all met for dep_context=requeueable deps ti=<TaskInstance: etl_movies_sp.transform_and_load scheduled__2025-02-03T00:00:00+00:00 [queued]>
[2025-02-04T02:38:40.847+0000] {taskinstance.py:2866} INFO - Starting attempt 1 of 2
[2025-02-04T02:38:40.853+0000] {taskinstance.py:2889} INFO - Executing <Task(PythonOperator): transform_and_load> on 2025-02-03 00:00:00+00:00
[2025-02-04T02:38:40.863+0000] {standard_task_runner.py:72} INFO - Started process 131 to run task
[2025-02-04T02:38:40.872+0000] {standard_task_runner.py:104} INFO - Running: ['airflow', 'tasks', 'run', 'etl_movies_sp', 'transform_and_load', 'scheduled__2025-02-03T00:00:00+00:00', '--job-id', '109', '--raw', '--subdir', 'DAGS_FOLDER/etl_movies_sp.py', '--cfg-path', '/tmp/tmpmze7huh_']
[2025-02-04T02:38:40.874+0000] {standard_task_runner.py:105} INFO - Job 109: Subtask transform_and_load
[2025-02-04T02:38:40.901+0000] {task_command.py:467} INFO - Running <TaskInstance: etl_movies_sp.transform_and_load scheduled__2025-02-03T00:00:00+00:00 [running]> on host 76fb3969a3aa
[2025-02-04T02:38:40.937+0000] {taskinstance.py:3132} INFO - Exporting env vars: AIRFLOW_CTX_DAG_OWNER='airflow' AIRFLOW_CTX_DAG_ID='etl_movies_sp' AIRFLOW_CTX_TASK_ID='transform_and_load' AIRFLOW_CTX_EXECUTION_DATE='2025-02-03T00:00:00+00:00' AIRFLOW_CTX_TRY_NUMBER='1' AIRFLOW_CTX_DAG_RUN_ID='scheduled__2025-02-03T00:00:00+00:00'
[2025-02-04T02:38:40.938+0000] {taskinstance.py:731} INFO - ::endgroup::
[2025-02-04T02:38:40.951+0000] {etl_movies_sp.py:85} INFO - Transformasi data...
[2025-02-04T02:38:41.637+0000] {logging_mixin.py:190} WARNING - /opt/airflow/dags/etl_movies_sp.py:90 UserWarning: pandas only supports SQLAlchemy connectable (engine/connection) or database string URI or sqlite3 DBAPI2 connection. Other DBAPI2 objects are not tested. Please consider using SQLAlchemy.
[2025-02-04T02:38:43.031+0000] {etl_movies_sp.py:114} INFO - Processed records 500 - 1000
[2025-02-04T02:38:43.033+0000] {python.py:240} INFO - Done. Returned value was: None
[2025-02-04T02:38:43.057+0000] {taskinstance.py:340} INFO - ::group::Post task execution logs
[2025-02-04T02:38:43.058+0000] {taskinstance.py:352} INFO - Marking task as SUCCESS. dag_id=etl_movies_sp, task_id=transform_and_load, run_id=scheduled__2025-02-03T00:00:00+00:00, execution_date=20250203T000000, start_date=20250204T023840, end_date=20250204T023843
[2025-02-04T02:38:43.090+0000] {local_task_job_runner.py:266} INFO - Task exited with return code 0
[2025-02-04T02:38:43.107+0000] {taskinstance.py:3895} INFO - 0 downstream tasks scheduled from follow-on schedule check
[2025-02-04T02:38:43.108+0000] {local_task_job_runner.py:245} INFO - ::endgroup::
