[2025-02-04T02:15:37.356+0000] {local_task_job_runner.py:123} INFO - ::group::Pre task execution logs
[2025-02-04T02:15:37.361+0000] {taskinstance.py:2613} INFO - Dependencies all met for dep_context=non-requeueable deps ti=<TaskInstance: etl_movies_sp.load_to_staging scheduled__2025-02-03T00:00:00+00:00 [queued]>
[2025-02-04T02:15:37.364+0000] {taskinstance.py:2613} INFO - Dependencies all met for dep_context=requeueable deps ti=<TaskInstance: etl_movies_sp.load_to_staging scheduled__2025-02-03T00:00:00+00:00 [queued]>
[2025-02-04T02:15:37.364+0000] {taskinstance.py:2866} INFO - Starting attempt 1 of 2
[2025-02-04T02:15:37.371+0000] {taskinstance.py:2889} INFO - Executing <Task(PythonOperator): load_to_staging> on 2025-02-03 00:00:00+00:00
[2025-02-04T02:15:37.375+0000] {standard_task_runner.py:72} INFO - Started process 107 to run task
[2025-02-04T02:15:37.377+0000] {standard_task_runner.py:104} INFO - Running: ['airflow', 'tasks', 'run', 'etl_movies_sp', 'load_to_staging', 'scheduled__2025-02-03T00:00:00+00:00', '--job-id', '107', '--raw', '--subdir', 'DAGS_FOLDER/etl_movies_sp.py', '--cfg-path', '/tmp/tmpqhz2pze9']
[2025-02-04T02:15:37.379+0000] {standard_task_runner.py:105} INFO - Job 107: Subtask load_to_staging
[2025-02-04T02:15:37.401+0000] {task_command.py:467} INFO - Running <TaskInstance: etl_movies_sp.load_to_staging scheduled__2025-02-03T00:00:00+00:00 [running]> on host 76fb3969a3aa
[2025-02-04T02:15:37.429+0000] {taskinstance.py:3132} INFO - Exporting env vars: AIRFLOW_CTX_DAG_OWNER='airflow' AIRFLOW_CTX_DAG_ID='etl_movies_sp' AIRFLOW_CTX_TASK_ID='load_to_staging' AIRFLOW_CTX_EXECUTION_DATE='2025-02-03T00:00:00+00:00' AIRFLOW_CTX_TRY_NUMBER='1' AIRFLOW_CTX_DAG_RUN_ID='scheduled__2025-02-03T00:00:00+00:00'
[2025-02-04T02:15:37.430+0000] {taskinstance.py:731} INFO - ::endgroup::
[2025-02-04T02:15:37.436+0000] {etl_movies_sp.py:41} INFO - Loading data ke staging...
[2025-02-04T02:16:03.299+0000] {etl_movies_sp.py:58} INFO - Jumlah NaN per kolom sebelum insert:
order_id        0
product_code    0
product_name    0
quantity        0
order_date      0
price           0
customer_id     0
dtype: int64
[2025-02-04T02:38:25.331+0000] {etl_movies_sp.py:81} INFO - Data berhasil dimuat ke staging.
[2025-02-04T02:38:26.727+0000] {python.py:240} INFO - Done. Returned value was: None
[2025-02-04T02:38:26.819+0000] {taskinstance.py:340} INFO - ::group::Post task execution logs
[2025-02-04T02:38:26.821+0000] {taskinstance.py:352} INFO - Marking task as SUCCESS. dag_id=etl_movies_sp, task_id=load_to_staging, run_id=scheduled__2025-02-03T00:00:00+00:00, execution_date=20250203T000000, start_date=20250204T021537, end_date=20250204T023826
[2025-02-04T02:38:26.892+0000] {local_task_job_runner.py:266} INFO - Task exited with return code 0
[2025-02-04T02:38:26.959+0000] {taskinstance.py:3895} INFO - 1 downstream tasks scheduled from follow-on schedule check
[2025-02-04T02:38:26.961+0000] {local_task_job_runner.py:245} INFO - ::endgroup::
