[2025-03-07T02:25:58.931+0000] {processor.py:186} INFO - Started process (PID=55) to work on /opt/airflow/dags/etl_movies_sp.py
[2025-03-07T02:25:58.931+0000] {processor.py:914} INFO - Processing file /opt/airflow/dags/etl_movies_sp.py for tasks to queue
[2025-03-07T02:25:58.933+0000] {logging_mixin.py:190} INFO - [2025-03-07T02:25:58.932+0000] {dagbag.py:588} INFO - Filling up the DagBag from /opt/airflow/dags/etl_movies_sp.py
[2025-03-07T02:25:59.728+0000] {processor.py:925} INFO - DAG(s) 'etl_movies_sp' retrieved from /opt/airflow/dags/etl_movies_sp.py
[2025-03-07T02:25:59.756+0000] {logging_mixin.py:190} INFO - [2025-03-07T02:25:59.756+0000] {dag.py:3239} INFO - Sync 1 DAGs
[2025-03-07T02:25:59.774+0000] {logging_mixin.py:190} INFO - [2025-03-07T02:25:59.773+0000] {dag.py:4180} INFO - Setting next_dagrun for etl_movies_sp to 2025-03-06 00:00:00+00:00, run_after=2025-03-07 00:00:00+00:00
[2025-03-07T02:25:59.787+0000] {processor.py:208} INFO - Processing /opt/airflow/dags/etl_movies_sp.py took 0.860 seconds
[2025-03-07T02:26:39.594+0000] {processor.py:186} INFO - Started process (PID=122) to work on /opt/airflow/dags/etl_movies_sp.py
[2025-03-07T02:26:39.595+0000] {processor.py:914} INFO - Processing file /opt/airflow/dags/etl_movies_sp.py for tasks to queue
[2025-03-07T02:26:39.597+0000] {logging_mixin.py:190} INFO - [2025-03-07T02:26:39.597+0000] {dagbag.py:588} INFO - Filling up the DagBag from /opt/airflow/dags/etl_movies_sp.py
[2025-03-07T02:26:39.956+0000] {processor.py:925} INFO - DAG(s) 'etl_movies_sp' retrieved from /opt/airflow/dags/etl_movies_sp.py
[2025-03-07T02:26:39.965+0000] {logging_mixin.py:190} INFO - [2025-03-07T02:26:39.965+0000] {dag.py:3239} INFO - Sync 1 DAGs
[2025-03-07T02:26:39.973+0000] {logging_mixin.py:190} INFO - [2025-03-07T02:26:39.973+0000] {dag.py:4180} INFO - Setting next_dagrun for etl_movies_sp to 2025-03-07 00:00:00+00:00, run_after=2025-03-08 00:00:00+00:00
[2025-03-07T02:26:39.982+0000] {processor.py:208} INFO - Processing /opt/airflow/dags/etl_movies_sp.py took 0.392 seconds
[2025-03-07T02:27:10.946+0000] {processor.py:186} INFO - Started process (PID=125) to work on /opt/airflow/dags/etl_movies_sp.py
[2025-03-07T02:27:10.948+0000] {processor.py:914} INFO - Processing file /opt/airflow/dags/etl_movies_sp.py for tasks to queue
[2025-03-07T02:27:10.951+0000] {logging_mixin.py:190} INFO - [2025-03-07T02:27:10.950+0000] {dagbag.py:588} INFO - Filling up the DagBag from /opt/airflow/dags/etl_movies_sp.py
[2025-03-07T02:27:11.359+0000] {processor.py:925} INFO - DAG(s) 'etl_movies_sp' retrieved from /opt/airflow/dags/etl_movies_sp.py
[2025-03-07T02:27:11.368+0000] {logging_mixin.py:190} INFO - [2025-03-07T02:27:11.368+0000] {dag.py:3239} INFO - Sync 1 DAGs
[2025-03-07T02:27:11.377+0000] {logging_mixin.py:190} INFO - [2025-03-07T02:27:11.377+0000] {dag.py:4180} INFO - Setting next_dagrun for etl_movies_sp to 2025-03-07 00:00:00+00:00, run_after=2025-03-08 00:00:00+00:00
[2025-03-07T02:27:11.386+0000] {processor.py:208} INFO - Processing /opt/airflow/dags/etl_movies_sp.py took 0.451 seconds
[2025-03-07T02:27:42.464+0000] {processor.py:186} INFO - Started process (PID=128) to work on /opt/airflow/dags/etl_movies_sp.py
[2025-03-07T02:27:42.466+0000] {processor.py:914} INFO - Processing file /opt/airflow/dags/etl_movies_sp.py for tasks to queue
[2025-03-07T02:27:42.469+0000] {logging_mixin.py:190} INFO - [2025-03-07T02:27:42.469+0000] {dagbag.py:588} INFO - Filling up the DagBag from /opt/airflow/dags/etl_movies_sp.py
[2025-03-07T02:27:42.926+0000] {processor.py:925} INFO - DAG(s) 'etl_movies_sp' retrieved from /opt/airflow/dags/etl_movies_sp.py
[2025-03-07T02:27:42.975+0000] {logging_mixin.py:190} INFO - [2025-03-07T02:27:42.975+0000] {dag.py:3239} INFO - Sync 1 DAGs
[2025-03-07T02:27:43.001+0000] {logging_mixin.py:190} INFO - [2025-03-07T02:27:43.001+0000] {dag.py:4180} INFO - Setting next_dagrun for etl_movies_sp to 2025-03-07 00:00:00+00:00, run_after=2025-03-08 00:00:00+00:00
[2025-03-07T02:27:43.012+0000] {processor.py:208} INFO - Processing /opt/airflow/dags/etl_movies_sp.py took 0.559 seconds
[2025-03-07T02:28:13.659+0000] {processor.py:186} INFO - Started process (PID=131) to work on /opt/airflow/dags/etl_movies_sp.py
[2025-03-07T02:28:13.661+0000] {processor.py:914} INFO - Processing file /opt/airflow/dags/etl_movies_sp.py for tasks to queue
[2025-03-07T02:28:13.672+0000] {logging_mixin.py:190} INFO - [2025-03-07T02:28:13.671+0000] {dagbag.py:588} INFO - Filling up the DagBag from /opt/airflow/dags/etl_movies_sp.py
[2025-03-07T02:28:14.054+0000] {processor.py:925} INFO - DAG(s) 'etl_movies_sp' retrieved from /opt/airflow/dags/etl_movies_sp.py
[2025-03-07T02:28:14.069+0000] {logging_mixin.py:190} INFO - [2025-03-07T02:28:14.069+0000] {dag.py:3239} INFO - Sync 1 DAGs
[2025-03-07T02:28:14.078+0000] {logging_mixin.py:190} INFO - [2025-03-07T02:28:14.078+0000] {dag.py:4180} INFO - Setting next_dagrun for etl_movies_sp to 2025-03-07 00:00:00+00:00, run_after=2025-03-08 00:00:00+00:00
[2025-03-07T02:28:14.087+0000] {processor.py:208} INFO - Processing /opt/airflow/dags/etl_movies_sp.py took 0.439 seconds
[2025-03-07T02:28:44.315+0000] {processor.py:186} INFO - Started process (PID=134) to work on /opt/airflow/dags/etl_movies_sp.py
[2025-03-07T02:28:44.317+0000] {processor.py:914} INFO - Processing file /opt/airflow/dags/etl_movies_sp.py for tasks to queue
[2025-03-07T02:28:44.320+0000] {logging_mixin.py:190} INFO - [2025-03-07T02:28:44.319+0000] {dagbag.py:588} INFO - Filling up the DagBag from /opt/airflow/dags/etl_movies_sp.py
[2025-03-07T02:28:44.722+0000] {processor.py:925} INFO - DAG(s) 'etl_movies_sp' retrieved from /opt/airflow/dags/etl_movies_sp.py
[2025-03-07T02:28:44.732+0000] {logging_mixin.py:190} INFO - [2025-03-07T02:28:44.732+0000] {dag.py:3239} INFO - Sync 1 DAGs
[2025-03-07T02:28:44.741+0000] {logging_mixin.py:190} INFO - [2025-03-07T02:28:44.740+0000] {dag.py:4180} INFO - Setting next_dagrun for etl_movies_sp to 2025-03-07 00:00:00+00:00, run_after=2025-03-08 00:00:00+00:00
[2025-03-07T02:28:44.749+0000] {processor.py:208} INFO - Processing /opt/airflow/dags/etl_movies_sp.py took 0.448 seconds
[2025-03-07T02:29:14.989+0000] {processor.py:186} INFO - Started process (PID=137) to work on /opt/airflow/dags/etl_movies_sp.py
[2025-03-07T02:29:14.992+0000] {processor.py:914} INFO - Processing file /opt/airflow/dags/etl_movies_sp.py for tasks to queue
[2025-03-07T02:29:14.996+0000] {logging_mixin.py:190} INFO - [2025-03-07T02:29:14.995+0000] {dagbag.py:588} INFO - Filling up the DagBag from /opt/airflow/dags/etl_movies_sp.py
[2025-03-07T02:29:15.441+0000] {processor.py:925} INFO - DAG(s) 'etl_movies_sp' retrieved from /opt/airflow/dags/etl_movies_sp.py
[2025-03-07T02:29:15.450+0000] {logging_mixin.py:190} INFO - [2025-03-07T02:29:15.450+0000] {dag.py:3239} INFO - Sync 1 DAGs
[2025-03-07T02:29:15.463+0000] {logging_mixin.py:190} INFO - [2025-03-07T02:29:15.463+0000] {dag.py:4180} INFO - Setting next_dagrun for etl_movies_sp to 2025-03-07 00:00:00+00:00, run_after=2025-03-08 00:00:00+00:00
[2025-03-07T02:29:15.475+0000] {processor.py:208} INFO - Processing /opt/airflow/dags/etl_movies_sp.py took 0.496 seconds
[2025-03-07T02:29:45.667+0000] {processor.py:186} INFO - Started process (PID=140) to work on /opt/airflow/dags/etl_movies_sp.py
[2025-03-07T02:29:45.669+0000] {processor.py:914} INFO - Processing file /opt/airflow/dags/etl_movies_sp.py for tasks to queue
[2025-03-07T02:29:45.681+0000] {logging_mixin.py:190} INFO - [2025-03-07T02:29:45.679+0000] {dagbag.py:588} INFO - Filling up the DagBag from /opt/airflow/dags/etl_movies_sp.py
[2025-03-07T02:29:46.336+0000] {processor.py:925} INFO - DAG(s) 'etl_movies_sp' retrieved from /opt/airflow/dags/etl_movies_sp.py
[2025-03-07T02:29:46.351+0000] {logging_mixin.py:190} INFO - [2025-03-07T02:29:46.349+0000] {dag.py:3239} INFO - Sync 1 DAGs
[2025-03-07T02:29:46.365+0000] {logging_mixin.py:190} INFO - [2025-03-07T02:29:46.365+0000] {dag.py:4180} INFO - Setting next_dagrun for etl_movies_sp to 2025-03-07 00:00:00+00:00, run_after=2025-03-08 00:00:00+00:00
[2025-03-07T02:29:46.379+0000] {processor.py:208} INFO - Processing /opt/airflow/dags/etl_movies_sp.py took 0.731 seconds
[2025-03-07T02:30:23.734+0000] {processor.py:186} INFO - Started process (PID=56) to work on /opt/airflow/dags/etl_movies_sp.py
[2025-03-07T02:30:23.737+0000] {processor.py:914} INFO - Processing file /opt/airflow/dags/etl_movies_sp.py for tasks to queue
[2025-03-07T02:30:23.742+0000] {logging_mixin.py:190} INFO - [2025-03-07T02:30:23.741+0000] {dagbag.py:588} INFO - Filling up the DagBag from /opt/airflow/dags/etl_movies_sp.py
[2025-03-07T02:30:25.748+0000] {logging_mixin.py:190} INFO - [2025-03-07T02:30:25.738+0000] {dagbag.py:387} ERROR - Failed to import: /opt/airflow/dags/etl_movies_sp.py
Traceback (most recent call last):
  File "/home/airflow/.local/lib/python3.12/site-packages/airflow/models/dagbag.py", line 383, in parse
    loader.exec_module(new_module)
  File "<frozen importlib._bootstrap_external>", line 999, in exec_module
  File "<frozen importlib._bootstrap>", line 488, in _call_with_frames_removed
  File "/opt/airflow/dags/etl_movies_sp.py", line 7, in <module>
    import gspread as gs
ModuleNotFoundError: No module named 'gspread'
[2025-03-07T02:30:25.749+0000] {processor.py:927} WARNING - No viable dags retrieved from /opt/airflow/dags/etl_movies_sp.py
[2025-03-07T02:30:25.799+0000] {processor.py:208} INFO - Processing /opt/airflow/dags/etl_movies_sp.py took 2.086 seconds
[2025-03-07T02:30:56.381+0000] {processor.py:186} INFO - Started process (PID=78) to work on /opt/airflow/dags/etl_movies_sp.py
[2025-03-07T02:30:56.382+0000] {processor.py:914} INFO - Processing file /opt/airflow/dags/etl_movies_sp.py for tasks to queue
[2025-03-07T02:30:56.385+0000] {logging_mixin.py:190} INFO - [2025-03-07T02:30:56.384+0000] {dagbag.py:588} INFO - Filling up the DagBag from /opt/airflow/dags/etl_movies_sp.py
[2025-03-07T02:30:56.888+0000] {logging_mixin.py:190} INFO - [2025-03-07T02:30:56.887+0000] {dagbag.py:387} ERROR - Failed to import: /opt/airflow/dags/etl_movies_sp.py
Traceback (most recent call last):
  File "/home/airflow/.local/lib/python3.12/site-packages/airflow/models/dagbag.py", line 383, in parse
    loader.exec_module(new_module)
  File "<frozen importlib._bootstrap_external>", line 999, in exec_module
  File "<frozen importlib._bootstrap>", line 488, in _call_with_frames_removed
  File "/opt/airflow/dags/etl_movies_sp.py", line 7, in <module>
    import gspread as gs
ModuleNotFoundError: No module named 'gspread'
[2025-03-07T02:30:56.888+0000] {processor.py:927} WARNING - No viable dags retrieved from /opt/airflow/dags/etl_movies_sp.py
[2025-03-07T02:30:56.896+0000] {processor.py:208} INFO - Processing /opt/airflow/dags/etl_movies_sp.py took 0.520 seconds
[2025-03-07T02:31:28.138+0000] {processor.py:186} INFO - Started process (PID=92) to work on /opt/airflow/dags/etl_movies_sp.py
[2025-03-07T02:31:28.141+0000] {processor.py:914} INFO - Processing file /opt/airflow/dags/etl_movies_sp.py for tasks to queue
[2025-03-07T02:31:28.144+0000] {logging_mixin.py:190} INFO - [2025-03-07T02:31:28.143+0000] {dagbag.py:588} INFO - Filling up the DagBag from /opt/airflow/dags/etl_movies_sp.py
[2025-03-07T02:31:28.839+0000] {logging_mixin.py:190} INFO - [2025-03-07T02:31:28.837+0000] {dagbag.py:387} ERROR - Failed to import: /opt/airflow/dags/etl_movies_sp.py
Traceback (most recent call last):
  File "/home/airflow/.local/lib/python3.12/site-packages/airflow/models/dagbag.py", line 383, in parse
    loader.exec_module(new_module)
  File "<frozen importlib._bootstrap_external>", line 999, in exec_module
  File "<frozen importlib._bootstrap>", line 488, in _call_with_frames_removed
  File "/opt/airflow/dags/etl_movies_sp.py", line 7, in <module>
    import gspread as gs
ModuleNotFoundError: No module named 'gspread'
[2025-03-07T02:31:28.839+0000] {processor.py:927} WARNING - No viable dags retrieved from /opt/airflow/dags/etl_movies_sp.py
[2025-03-07T02:31:28.851+0000] {processor.py:208} INFO - Processing /opt/airflow/dags/etl_movies_sp.py took 0.774 seconds
[2025-03-07T02:31:59.394+0000] {processor.py:186} INFO - Started process (PID=96) to work on /opt/airflow/dags/etl_movies_sp.py
[2025-03-07T02:31:59.396+0000] {processor.py:914} INFO - Processing file /opt/airflow/dags/etl_movies_sp.py for tasks to queue
[2025-03-07T02:31:59.398+0000] {logging_mixin.py:190} INFO - [2025-03-07T02:31:59.398+0000] {dagbag.py:588} INFO - Filling up the DagBag from /opt/airflow/dags/etl_movies_sp.py
[2025-03-07T02:31:59.927+0000] {logging_mixin.py:190} INFO - [2025-03-07T02:31:59.926+0000] {dagbag.py:387} ERROR - Failed to import: /opt/airflow/dags/etl_movies_sp.py
Traceback (most recent call last):
  File "/home/airflow/.local/lib/python3.12/site-packages/airflow/models/dagbag.py", line 383, in parse
    loader.exec_module(new_module)
  File "<frozen importlib._bootstrap_external>", line 999, in exec_module
  File "<frozen importlib._bootstrap>", line 488, in _call_with_frames_removed
  File "/opt/airflow/dags/etl_movies_sp.py", line 7, in <module>
    import gspread as gs
ModuleNotFoundError: No module named 'gspread'
[2025-03-07T02:31:59.928+0000] {processor.py:927} WARNING - No viable dags retrieved from /opt/airflow/dags/etl_movies_sp.py
[2025-03-07T02:31:59.936+0000] {processor.py:208} INFO - Processing /opt/airflow/dags/etl_movies_sp.py took 0.551 seconds
[2025-03-07T02:32:30.194+0000] {processor.py:186} INFO - Started process (PID=99) to work on /opt/airflow/dags/etl_movies_sp.py
[2025-03-07T02:32:30.196+0000] {processor.py:914} INFO - Processing file /opt/airflow/dags/etl_movies_sp.py for tasks to queue
[2025-03-07T02:32:30.199+0000] {logging_mixin.py:190} INFO - [2025-03-07T02:32:30.198+0000] {dagbag.py:588} INFO - Filling up the DagBag from /opt/airflow/dags/etl_movies_sp.py
[2025-03-07T02:32:30.614+0000] {logging_mixin.py:190} INFO - [2025-03-07T02:32:30.613+0000] {dagbag.py:387} ERROR - Failed to import: /opt/airflow/dags/etl_movies_sp.py
Traceback (most recent call last):
  File "/home/airflow/.local/lib/python3.12/site-packages/airflow/models/dagbag.py", line 383, in parse
    loader.exec_module(new_module)
  File "<frozen importlib._bootstrap_external>", line 999, in exec_module
  File "<frozen importlib._bootstrap>", line 488, in _call_with_frames_removed
  File "/opt/airflow/dags/etl_movies_sp.py", line 7, in <module>
    import gspread as gs
ModuleNotFoundError: No module named 'gspread'
[2025-03-07T02:32:30.614+0000] {processor.py:927} WARNING - No viable dags retrieved from /opt/airflow/dags/etl_movies_sp.py
[2025-03-07T02:32:30.621+0000] {processor.py:208} INFO - Processing /opt/airflow/dags/etl_movies_sp.py took 0.435 seconds
[2025-03-07T02:33:01.689+0000] {processor.py:186} INFO - Started process (PID=102) to work on /opt/airflow/dags/etl_movies_sp.py
[2025-03-07T02:33:01.694+0000] {processor.py:914} INFO - Processing file /opt/airflow/dags/etl_movies_sp.py for tasks to queue
[2025-03-07T02:33:01.696+0000] {logging_mixin.py:190} INFO - [2025-03-07T02:33:01.695+0000] {dagbag.py:588} INFO - Filling up the DagBag from /opt/airflow/dags/etl_movies_sp.py
[2025-03-07T02:33:02.380+0000] {logging_mixin.py:190} INFO - [2025-03-07T02:33:02.378+0000] {dagbag.py:387} ERROR - Failed to import: /opt/airflow/dags/etl_movies_sp.py
Traceback (most recent call last):
  File "/home/airflow/.local/lib/python3.12/site-packages/airflow/models/dagbag.py", line 383, in parse
    loader.exec_module(new_module)
  File "<frozen importlib._bootstrap_external>", line 999, in exec_module
  File "<frozen importlib._bootstrap>", line 488, in _call_with_frames_removed
  File "/opt/airflow/dags/etl_movies_sp.py", line 7, in <module>
    import gspread as gs
ModuleNotFoundError: No module named 'gspread'
[2025-03-07T02:33:02.381+0000] {processor.py:927} WARNING - No viable dags retrieved from /opt/airflow/dags/etl_movies_sp.py
[2025-03-07T02:33:02.390+0000] {processor.py:208} INFO - Processing /opt/airflow/dags/etl_movies_sp.py took 0.714 seconds
[2025-03-07T02:33:33.189+0000] {processor.py:186} INFO - Started process (PID=105) to work on /opt/airflow/dags/etl_movies_sp.py
[2025-03-07T02:33:33.194+0000] {processor.py:914} INFO - Processing file /opt/airflow/dags/etl_movies_sp.py for tasks to queue
[2025-03-07T02:33:33.196+0000] {logging_mixin.py:190} INFO - [2025-03-07T02:33:33.195+0000] {dagbag.py:588} INFO - Filling up the DagBag from /opt/airflow/dags/etl_movies_sp.py
[2025-03-07T02:33:33.851+0000] {logging_mixin.py:190} INFO - [2025-03-07T02:33:33.850+0000] {dagbag.py:387} ERROR - Failed to import: /opt/airflow/dags/etl_movies_sp.py
Traceback (most recent call last):
  File "/home/airflow/.local/lib/python3.12/site-packages/airflow/models/dagbag.py", line 383, in parse
    loader.exec_module(new_module)
  File "<frozen importlib._bootstrap_external>", line 999, in exec_module
  File "<frozen importlib._bootstrap>", line 488, in _call_with_frames_removed
  File "/opt/airflow/dags/etl_movies_sp.py", line 7, in <module>
    import gspread as gs
ModuleNotFoundError: No module named 'gspread'
[2025-03-07T02:33:33.851+0000] {processor.py:927} WARNING - No viable dags retrieved from /opt/airflow/dags/etl_movies_sp.py
[2025-03-07T02:33:33.857+0000] {processor.py:208} INFO - Processing /opt/airflow/dags/etl_movies_sp.py took 0.685 seconds
[2025-03-07T02:34:04.332+0000] {processor.py:186} INFO - Started process (PID=108) to work on /opt/airflow/dags/etl_movies_sp.py
[2025-03-07T02:34:04.335+0000] {processor.py:914} INFO - Processing file /opt/airflow/dags/etl_movies_sp.py for tasks to queue
[2025-03-07T02:34:04.338+0000] {logging_mixin.py:190} INFO - [2025-03-07T02:34:04.337+0000] {dagbag.py:588} INFO - Filling up the DagBag from /opt/airflow/dags/etl_movies_sp.py
[2025-03-07T02:34:05.241+0000] {logging_mixin.py:190} INFO - [2025-03-07T02:34:05.234+0000] {dagbag.py:387} ERROR - Failed to import: /opt/airflow/dags/etl_movies_sp.py
Traceback (most recent call last):
  File "/home/airflow/.local/lib/python3.12/site-packages/airflow/models/dagbag.py", line 383, in parse
    loader.exec_module(new_module)
  File "<frozen importlib._bootstrap_external>", line 999, in exec_module
  File "<frozen importlib._bootstrap>", line 488, in _call_with_frames_removed
  File "/opt/airflow/dags/etl_movies_sp.py", line 7, in <module>
    import gspread as gs
ModuleNotFoundError: No module named 'gspread'
[2025-03-07T02:34:05.242+0000] {processor.py:927} WARNING - No viable dags retrieved from /opt/airflow/dags/etl_movies_sp.py
[2025-03-07T02:34:05.273+0000] {processor.py:208} INFO - Processing /opt/airflow/dags/etl_movies_sp.py took 0.965 seconds
[2025-03-07T02:34:35.933+0000] {processor.py:186} INFO - Started process (PID=111) to work on /opt/airflow/dags/etl_movies_sp.py
[2025-03-07T02:34:35.935+0000] {processor.py:914} INFO - Processing file /opt/airflow/dags/etl_movies_sp.py for tasks to queue
[2025-03-07T02:34:35.937+0000] {logging_mixin.py:190} INFO - [2025-03-07T02:34:35.936+0000] {dagbag.py:588} INFO - Filling up the DagBag from /opt/airflow/dags/etl_movies_sp.py
[2025-03-07T02:34:36.420+0000] {logging_mixin.py:190} INFO - [2025-03-07T02:34:36.419+0000] {dagbag.py:387} ERROR - Failed to import: /opt/airflow/dags/etl_movies_sp.py
Traceback (most recent call last):
  File "/home/airflow/.local/lib/python3.12/site-packages/airflow/models/dagbag.py", line 383, in parse
    loader.exec_module(new_module)
  File "<frozen importlib._bootstrap_external>", line 999, in exec_module
  File "<frozen importlib._bootstrap>", line 488, in _call_with_frames_removed
  File "/opt/airflow/dags/etl_movies_sp.py", line 7, in <module>
    import gspread as gs
ModuleNotFoundError: No module named 'gspread'
[2025-03-07T02:34:36.420+0000] {processor.py:927} WARNING - No viable dags retrieved from /opt/airflow/dags/etl_movies_sp.py
[2025-03-07T02:34:36.428+0000] {processor.py:208} INFO - Processing /opt/airflow/dags/etl_movies_sp.py took 0.507 seconds
[2025-03-07T02:35:07.349+0000] {processor.py:186} INFO - Started process (PID=114) to work on /opt/airflow/dags/etl_movies_sp.py
[2025-03-07T02:35:07.354+0000] {processor.py:914} INFO - Processing file /opt/airflow/dags/etl_movies_sp.py for tasks to queue
[2025-03-07T02:35:07.356+0000] {logging_mixin.py:190} INFO - [2025-03-07T02:35:07.355+0000] {dagbag.py:588} INFO - Filling up the DagBag from /opt/airflow/dags/etl_movies_sp.py
[2025-03-07T02:35:08.588+0000] {logging_mixin.py:190} INFO - [2025-03-07T02:35:08.585+0000] {dagbag.py:387} ERROR - Failed to import: /opt/airflow/dags/etl_movies_sp.py
Traceback (most recent call last):
  File "/home/airflow/.local/lib/python3.12/site-packages/airflow/models/dagbag.py", line 383, in parse
    loader.exec_module(new_module)
  File "<frozen importlib._bootstrap_external>", line 999, in exec_module
  File "<frozen importlib._bootstrap>", line 488, in _call_with_frames_removed
  File "/opt/airflow/dags/etl_movies_sp.py", line 7, in <module>
    import gspread as gs
ModuleNotFoundError: No module named 'gspread'
[2025-03-07T02:35:08.589+0000] {processor.py:927} WARNING - No viable dags retrieved from /opt/airflow/dags/etl_movies_sp.py
[2025-03-07T02:35:08.608+0000] {processor.py:208} INFO - Processing /opt/airflow/dags/etl_movies_sp.py took 1.272 seconds
[2025-03-07T02:35:38.940+0000] {processor.py:186} INFO - Started process (PID=117) to work on /opt/airflow/dags/etl_movies_sp.py
[2025-03-07T02:35:38.943+0000] {processor.py:914} INFO - Processing file /opt/airflow/dags/etl_movies_sp.py for tasks to queue
[2025-03-07T02:35:38.945+0000] {logging_mixin.py:190} INFO - [2025-03-07T02:35:38.944+0000] {dagbag.py:588} INFO - Filling up the DagBag from /opt/airflow/dags/etl_movies_sp.py
[2025-03-07T02:35:39.406+0000] {logging_mixin.py:190} INFO - [2025-03-07T02:35:39.405+0000] {dagbag.py:387} ERROR - Failed to import: /opt/airflow/dags/etl_movies_sp.py
Traceback (most recent call last):
  File "/home/airflow/.local/lib/python3.12/site-packages/airflow/models/dagbag.py", line 383, in parse
    loader.exec_module(new_module)
  File "<frozen importlib._bootstrap_external>", line 999, in exec_module
  File "<frozen importlib._bootstrap>", line 488, in _call_with_frames_removed
  File "/opt/airflow/dags/etl_movies_sp.py", line 7, in <module>
    import gspread as gs
ModuleNotFoundError: No module named 'gspread'
[2025-03-07T02:35:39.406+0000] {processor.py:927} WARNING - No viable dags retrieved from /opt/airflow/dags/etl_movies_sp.py
[2025-03-07T02:35:39.414+0000] {processor.py:208} INFO - Processing /opt/airflow/dags/etl_movies_sp.py took 0.490 seconds
[2025-03-07T02:36:09.639+0000] {processor.py:186} INFO - Started process (PID=120) to work on /opt/airflow/dags/etl_movies_sp.py
[2025-03-07T02:36:09.640+0000] {processor.py:914} INFO - Processing file /opt/airflow/dags/etl_movies_sp.py for tasks to queue
[2025-03-07T02:36:09.642+0000] {logging_mixin.py:190} INFO - [2025-03-07T02:36:09.641+0000] {dagbag.py:588} INFO - Filling up the DagBag from /opt/airflow/dags/etl_movies_sp.py
[2025-03-07T02:36:10.195+0000] {logging_mixin.py:190} INFO - [2025-03-07T02:36:10.193+0000] {dagbag.py:387} ERROR - Failed to import: /opt/airflow/dags/etl_movies_sp.py
Traceback (most recent call last):
  File "/home/airflow/.local/lib/python3.12/site-packages/airflow/models/dagbag.py", line 383, in parse
    loader.exec_module(new_module)
  File "<frozen importlib._bootstrap_external>", line 999, in exec_module
  File "<frozen importlib._bootstrap>", line 488, in _call_with_frames_removed
  File "/opt/airflow/dags/etl_movies_sp.py", line 7, in <module>
    import gspread as gs
ModuleNotFoundError: No module named 'gspread'
[2025-03-07T02:36:10.195+0000] {processor.py:927} WARNING - No viable dags retrieved from /opt/airflow/dags/etl_movies_sp.py
[2025-03-07T02:36:10.209+0000] {processor.py:208} INFO - Processing /opt/airflow/dags/etl_movies_sp.py took 0.584 seconds
[2025-03-07T02:36:40.486+0000] {processor.py:186} INFO - Started process (PID=123) to work on /opt/airflow/dags/etl_movies_sp.py
[2025-03-07T02:36:40.488+0000] {processor.py:914} INFO - Processing file /opt/airflow/dags/etl_movies_sp.py for tasks to queue
[2025-03-07T02:36:40.490+0000] {logging_mixin.py:190} INFO - [2025-03-07T02:36:40.489+0000] {dagbag.py:588} INFO - Filling up the DagBag from /opt/airflow/dags/etl_movies_sp.py
[2025-03-07T02:36:41.140+0000] {logging_mixin.py:190} INFO - [2025-03-07T02:36:41.139+0000] {dagbag.py:387} ERROR - Failed to import: /opt/airflow/dags/etl_movies_sp.py
Traceback (most recent call last):
  File "/home/airflow/.local/lib/python3.12/site-packages/airflow/models/dagbag.py", line 383, in parse
    loader.exec_module(new_module)
  File "<frozen importlib._bootstrap_external>", line 999, in exec_module
  File "<frozen importlib._bootstrap>", line 488, in _call_with_frames_removed
  File "/opt/airflow/dags/etl_movies_sp.py", line 7, in <module>
    import gspread as gs
ModuleNotFoundError: No module named 'gspread'
[2025-03-07T02:36:41.141+0000] {processor.py:927} WARNING - No viable dags retrieved from /opt/airflow/dags/etl_movies_sp.py
[2025-03-07T02:36:41.153+0000] {processor.py:208} INFO - Processing /opt/airflow/dags/etl_movies_sp.py took 0.691 seconds
[2025-03-07T02:37:11.388+0000] {processor.py:186} INFO - Started process (PID=126) to work on /opt/airflow/dags/etl_movies_sp.py
[2025-03-07T02:37:11.389+0000] {processor.py:914} INFO - Processing file /opt/airflow/dags/etl_movies_sp.py for tasks to queue
[2025-03-07T02:37:11.391+0000] {logging_mixin.py:190} INFO - [2025-03-07T02:37:11.390+0000] {dagbag.py:588} INFO - Filling up the DagBag from /opt/airflow/dags/etl_movies_sp.py
[2025-03-07T02:37:12.069+0000] {logging_mixin.py:190} INFO - [2025-03-07T02:37:12.068+0000] {dagbag.py:387} ERROR - Failed to import: /opt/airflow/dags/etl_movies_sp.py
Traceback (most recent call last):
  File "/home/airflow/.local/lib/python3.12/site-packages/airflow/models/dagbag.py", line 383, in parse
    loader.exec_module(new_module)
  File "<frozen importlib._bootstrap_external>", line 999, in exec_module
  File "<frozen importlib._bootstrap>", line 488, in _call_with_frames_removed
  File "/opt/airflow/dags/etl_movies_sp.py", line 7, in <module>
    import gspread as gs
ModuleNotFoundError: No module named 'gspread'
[2025-03-07T02:37:12.070+0000] {processor.py:927} WARNING - No viable dags retrieved from /opt/airflow/dags/etl_movies_sp.py
[2025-03-07T02:37:12.081+0000] {processor.py:208} INFO - Processing /opt/airflow/dags/etl_movies_sp.py took 0.701 seconds
[2025-03-07T02:37:42.473+0000] {processor.py:186} INFO - Started process (PID=129) to work on /opt/airflow/dags/etl_movies_sp.py
[2025-03-07T02:37:42.475+0000] {processor.py:914} INFO - Processing file /opt/airflow/dags/etl_movies_sp.py for tasks to queue
[2025-03-07T02:37:42.478+0000] {logging_mixin.py:190} INFO - [2025-03-07T02:37:42.477+0000] {dagbag.py:588} INFO - Filling up the DagBag from /opt/airflow/dags/etl_movies_sp.py
[2025-03-07T02:37:43.032+0000] {logging_mixin.py:190} INFO - [2025-03-07T02:37:43.031+0000] {dagbag.py:387} ERROR - Failed to import: /opt/airflow/dags/etl_movies_sp.py
Traceback (most recent call last):
  File "/home/airflow/.local/lib/python3.12/site-packages/airflow/models/dagbag.py", line 383, in parse
    loader.exec_module(new_module)
  File "<frozen importlib._bootstrap_external>", line 999, in exec_module
  File "<frozen importlib._bootstrap>", line 488, in _call_with_frames_removed
  File "/opt/airflow/dags/etl_movies_sp.py", line 7, in <module>
    import gspread as gs
ModuleNotFoundError: No module named 'gspread'
[2025-03-07T02:37:43.032+0000] {processor.py:927} WARNING - No viable dags retrieved from /opt/airflow/dags/etl_movies_sp.py
[2025-03-07T02:37:43.043+0000] {processor.py:208} INFO - Processing /opt/airflow/dags/etl_movies_sp.py took 0.591 seconds
[2025-03-07T02:38:13.195+0000] {processor.py:186} INFO - Started process (PID=132) to work on /opt/airflow/dags/etl_movies_sp.py
[2025-03-07T02:38:13.197+0000] {processor.py:914} INFO - Processing file /opt/airflow/dags/etl_movies_sp.py for tasks to queue
[2025-03-07T02:38:13.198+0000] {logging_mixin.py:190} INFO - [2025-03-07T02:38:13.198+0000] {dagbag.py:588} INFO - Filling up the DagBag from /opt/airflow/dags/etl_movies_sp.py
[2025-03-07T02:38:13.653+0000] {logging_mixin.py:190} INFO - [2025-03-07T02:38:13.652+0000] {dagbag.py:387} ERROR - Failed to import: /opt/airflow/dags/etl_movies_sp.py
Traceback (most recent call last):
  File "/home/airflow/.local/lib/python3.12/site-packages/airflow/models/dagbag.py", line 383, in parse
    loader.exec_module(new_module)
  File "<frozen importlib._bootstrap_external>", line 999, in exec_module
  File "<frozen importlib._bootstrap>", line 488, in _call_with_frames_removed
  File "/opt/airflow/dags/etl_movies_sp.py", line 7, in <module>
    import gspread as gs
ModuleNotFoundError: No module named 'gspread'
[2025-03-07T02:38:13.653+0000] {processor.py:927} WARNING - No viable dags retrieved from /opt/airflow/dags/etl_movies_sp.py
[2025-03-07T02:38:13.662+0000] {processor.py:208} INFO - Processing /opt/airflow/dags/etl_movies_sp.py took 0.483 seconds
[2025-03-07T02:38:43.831+0000] {processor.py:186} INFO - Started process (PID=135) to work on /opt/airflow/dags/etl_movies_sp.py
[2025-03-07T02:38:43.832+0000] {processor.py:914} INFO - Processing file /opt/airflow/dags/etl_movies_sp.py for tasks to queue
[2025-03-07T02:38:43.834+0000] {logging_mixin.py:190} INFO - [2025-03-07T02:38:43.833+0000] {dagbag.py:588} INFO - Filling up the DagBag from /opt/airflow/dags/etl_movies_sp.py
[2025-03-07T02:38:44.371+0000] {logging_mixin.py:190} INFO - [2025-03-07T02:38:44.369+0000] {dagbag.py:387} ERROR - Failed to import: /opt/airflow/dags/etl_movies_sp.py
Traceback (most recent call last):
  File "/home/airflow/.local/lib/python3.12/site-packages/airflow/models/dagbag.py", line 383, in parse
    loader.exec_module(new_module)
  File "<frozen importlib._bootstrap_external>", line 999, in exec_module
  File "<frozen importlib._bootstrap>", line 488, in _call_with_frames_removed
  File "/opt/airflow/dags/etl_movies_sp.py", line 7, in <module>
    import gspread as gs
ModuleNotFoundError: No module named 'gspread'
[2025-03-07T02:38:44.372+0000] {processor.py:927} WARNING - No viable dags retrieved from /opt/airflow/dags/etl_movies_sp.py
[2025-03-07T02:38:44.381+0000] {processor.py:208} INFO - Processing /opt/airflow/dags/etl_movies_sp.py took 0.555 seconds
[2025-03-07T02:39:14.594+0000] {processor.py:186} INFO - Started process (PID=138) to work on /opt/airflow/dags/etl_movies_sp.py
[2025-03-07T02:39:14.595+0000] {processor.py:914} INFO - Processing file /opt/airflow/dags/etl_movies_sp.py for tasks to queue
[2025-03-07T02:39:14.597+0000] {logging_mixin.py:190} INFO - [2025-03-07T02:39:14.596+0000] {dagbag.py:588} INFO - Filling up the DagBag from /opt/airflow/dags/etl_movies_sp.py
[2025-03-07T02:39:15.063+0000] {logging_mixin.py:190} INFO - [2025-03-07T02:39:15.063+0000] {dagbag.py:387} ERROR - Failed to import: /opt/airflow/dags/etl_movies_sp.py
Traceback (most recent call last):
  File "/home/airflow/.local/lib/python3.12/site-packages/airflow/models/dagbag.py", line 383, in parse
    loader.exec_module(new_module)
  File "<frozen importlib._bootstrap_external>", line 999, in exec_module
  File "<frozen importlib._bootstrap>", line 488, in _call_with_frames_removed
  File "/opt/airflow/dags/etl_movies_sp.py", line 7, in <module>
    import gspread as gs
ModuleNotFoundError: No module named 'gspread'
[2025-03-07T02:39:15.064+0000] {processor.py:927} WARNING - No viable dags retrieved from /opt/airflow/dags/etl_movies_sp.py
[2025-03-07T02:39:15.070+0000] {processor.py:208} INFO - Processing /opt/airflow/dags/etl_movies_sp.py took 0.486 seconds
[2025-03-07T02:39:45.216+0000] {processor.py:186} INFO - Started process (PID=141) to work on /opt/airflow/dags/etl_movies_sp.py
[2025-03-07T02:39:45.218+0000] {processor.py:914} INFO - Processing file /opt/airflow/dags/etl_movies_sp.py for tasks to queue
[2025-03-07T02:39:45.220+0000] {logging_mixin.py:190} INFO - [2025-03-07T02:39:45.219+0000] {dagbag.py:588} INFO - Filling up the DagBag from /opt/airflow/dags/etl_movies_sp.py
[2025-03-07T02:39:45.779+0000] {logging_mixin.py:190} INFO - [2025-03-07T02:39:45.779+0000] {dagbag.py:387} ERROR - Failed to import: /opt/airflow/dags/etl_movies_sp.py
Traceback (most recent call last):
  File "/home/airflow/.local/lib/python3.12/site-packages/airflow/models/dagbag.py", line 383, in parse
    loader.exec_module(new_module)
  File "<frozen importlib._bootstrap_external>", line 999, in exec_module
  File "<frozen importlib._bootstrap>", line 488, in _call_with_frames_removed
  File "/opt/airflow/dags/etl_movies_sp.py", line 7, in <module>
    import gspread as gs
ModuleNotFoundError: No module named 'gspread'
[2025-03-07T02:39:45.780+0000] {processor.py:927} WARNING - No viable dags retrieved from /opt/airflow/dags/etl_movies_sp.py
[2025-03-07T02:39:45.786+0000] {processor.py:208} INFO - Processing /opt/airflow/dags/etl_movies_sp.py took 0.580 seconds
[2025-03-07T02:40:15.992+0000] {processor.py:186} INFO - Started process (PID=144) to work on /opt/airflow/dags/etl_movies_sp.py
[2025-03-07T02:40:15.994+0000] {processor.py:914} INFO - Processing file /opt/airflow/dags/etl_movies_sp.py for tasks to queue
[2025-03-07T02:40:15.995+0000] {logging_mixin.py:190} INFO - [2025-03-07T02:40:15.995+0000] {dagbag.py:588} INFO - Filling up the DagBag from /opt/airflow/dags/etl_movies_sp.py
[2025-03-07T02:40:16.448+0000] {logging_mixin.py:190} INFO - [2025-03-07T02:40:16.447+0000] {dagbag.py:387} ERROR - Failed to import: /opt/airflow/dags/etl_movies_sp.py
Traceback (most recent call last):
  File "/home/airflow/.local/lib/python3.12/site-packages/airflow/models/dagbag.py", line 383, in parse
    loader.exec_module(new_module)
  File "<frozen importlib._bootstrap_external>", line 999, in exec_module
  File "<frozen importlib._bootstrap>", line 488, in _call_with_frames_removed
  File "/opt/airflow/dags/etl_movies_sp.py", line 7, in <module>
    import gspread as gs
ModuleNotFoundError: No module named 'gspread'
[2025-03-07T02:40:16.448+0000] {processor.py:927} WARNING - No viable dags retrieved from /opt/airflow/dags/etl_movies_sp.py
[2025-03-07T02:40:16.458+0000] {processor.py:208} INFO - Processing /opt/airflow/dags/etl_movies_sp.py took 0.475 seconds
[2025-03-07T02:40:46.641+0000] {processor.py:186} INFO - Started process (PID=147) to work on /opt/airflow/dags/etl_movies_sp.py
[2025-03-07T02:40:46.643+0000] {processor.py:914} INFO - Processing file /opt/airflow/dags/etl_movies_sp.py for tasks to queue
[2025-03-07T02:40:46.645+0000] {logging_mixin.py:190} INFO - [2025-03-07T02:40:46.644+0000] {dagbag.py:588} INFO - Filling up the DagBag from /opt/airflow/dags/etl_movies_sp.py
[2025-03-07T02:40:47.210+0000] {logging_mixin.py:190} INFO - [2025-03-07T02:40:47.209+0000] {dagbag.py:387} ERROR - Failed to import: /opt/airflow/dags/etl_movies_sp.py
Traceback (most recent call last):
  File "/home/airflow/.local/lib/python3.12/site-packages/airflow/models/dagbag.py", line 383, in parse
    loader.exec_module(new_module)
  File "<frozen importlib._bootstrap_external>", line 999, in exec_module
  File "<frozen importlib._bootstrap>", line 488, in _call_with_frames_removed
  File "/opt/airflow/dags/etl_movies_sp.py", line 7, in <module>
    import gspread as gs
ModuleNotFoundError: No module named 'gspread'
[2025-03-07T02:40:47.210+0000] {processor.py:927} WARNING - No viable dags retrieved from /opt/airflow/dags/etl_movies_sp.py
[2025-03-07T02:40:47.228+0000] {processor.py:208} INFO - Processing /opt/airflow/dags/etl_movies_sp.py took 0.600 seconds
[2025-03-07T02:41:17.397+0000] {processor.py:186} INFO - Started process (PID=150) to work on /opt/airflow/dags/etl_movies_sp.py
[2025-03-07T02:41:17.399+0000] {processor.py:914} INFO - Processing file /opt/airflow/dags/etl_movies_sp.py for tasks to queue
[2025-03-07T02:41:17.400+0000] {logging_mixin.py:190} INFO - [2025-03-07T02:41:17.400+0000] {dagbag.py:588} INFO - Filling up the DagBag from /opt/airflow/dags/etl_movies_sp.py
[2025-03-07T02:41:18.000+0000] {logging_mixin.py:190} INFO - [2025-03-07T02:41:17.998+0000] {dagbag.py:387} ERROR - Failed to import: /opt/airflow/dags/etl_movies_sp.py
Traceback (most recent call last):
  File "/home/airflow/.local/lib/python3.12/site-packages/airflow/models/dagbag.py", line 383, in parse
    loader.exec_module(new_module)
  File "<frozen importlib._bootstrap_external>", line 999, in exec_module
  File "<frozen importlib._bootstrap>", line 488, in _call_with_frames_removed
  File "/opt/airflow/dags/etl_movies_sp.py", line 7, in <module>
    import gspread as gs
ModuleNotFoundError: No module named 'gspread'
[2025-03-07T02:41:18.000+0000] {processor.py:927} WARNING - No viable dags retrieved from /opt/airflow/dags/etl_movies_sp.py
[2025-03-07T02:41:18.007+0000] {processor.py:208} INFO - Processing /opt/airflow/dags/etl_movies_sp.py took 0.624 seconds
[2025-03-07T02:41:48.286+0000] {processor.py:186} INFO - Started process (PID=153) to work on /opt/airflow/dags/etl_movies_sp.py
[2025-03-07T02:41:48.287+0000] {processor.py:914} INFO - Processing file /opt/airflow/dags/etl_movies_sp.py for tasks to queue
[2025-03-07T02:41:48.289+0000] {logging_mixin.py:190} INFO - [2025-03-07T02:41:48.289+0000] {dagbag.py:588} INFO - Filling up the DagBag from /opt/airflow/dags/etl_movies_sp.py
[2025-03-07T02:41:48.882+0000] {logging_mixin.py:190} INFO - [2025-03-07T02:41:48.881+0000] {dagbag.py:387} ERROR - Failed to import: /opt/airflow/dags/etl_movies_sp.py
Traceback (most recent call last):
  File "/home/airflow/.local/lib/python3.12/site-packages/airflow/models/dagbag.py", line 383, in parse
    loader.exec_module(new_module)
  File "<frozen importlib._bootstrap_external>", line 999, in exec_module
  File "<frozen importlib._bootstrap>", line 488, in _call_with_frames_removed
  File "/opt/airflow/dags/etl_movies_sp.py", line 7, in <module>
    import gspread as gs
ModuleNotFoundError: No module named 'gspread'
[2025-03-07T02:41:48.883+0000] {processor.py:927} WARNING - No viable dags retrieved from /opt/airflow/dags/etl_movies_sp.py
[2025-03-07T02:41:48.891+0000] {processor.py:208} INFO - Processing /opt/airflow/dags/etl_movies_sp.py took 0.612 seconds
[2025-03-07T02:42:19.184+0000] {processor.py:186} INFO - Started process (PID=156) to work on /opt/airflow/dags/etl_movies_sp.py
[2025-03-07T02:42:19.186+0000] {processor.py:914} INFO - Processing file /opt/airflow/dags/etl_movies_sp.py for tasks to queue
[2025-03-07T02:42:19.188+0000] {logging_mixin.py:190} INFO - [2025-03-07T02:42:19.187+0000] {dagbag.py:588} INFO - Filling up the DagBag from /opt/airflow/dags/etl_movies_sp.py
[2025-03-07T02:42:19.640+0000] {logging_mixin.py:190} INFO - [2025-03-07T02:42:19.639+0000] {dagbag.py:387} ERROR - Failed to import: /opt/airflow/dags/etl_movies_sp.py
Traceback (most recent call last):
  File "/home/airflow/.local/lib/python3.12/site-packages/airflow/models/dagbag.py", line 383, in parse
    loader.exec_module(new_module)
  File "<frozen importlib._bootstrap_external>", line 999, in exec_module
  File "<frozen importlib._bootstrap>", line 488, in _call_with_frames_removed
  File "/opt/airflow/dags/etl_movies_sp.py", line 7, in <module>
    import gspread as gs
ModuleNotFoundError: No module named 'gspread'
[2025-03-07T02:42:19.640+0000] {processor.py:927} WARNING - No viable dags retrieved from /opt/airflow/dags/etl_movies_sp.py
[2025-03-07T02:42:19.647+0000] {processor.py:208} INFO - Processing /opt/airflow/dags/etl_movies_sp.py took 0.479 seconds
[2025-03-07T02:42:49.797+0000] {processor.py:186} INFO - Started process (PID=159) to work on /opt/airflow/dags/etl_movies_sp.py
[2025-03-07T02:42:49.802+0000] {processor.py:914} INFO - Processing file /opt/airflow/dags/etl_movies_sp.py for tasks to queue
[2025-03-07T02:42:49.804+0000] {logging_mixin.py:190} INFO - [2025-03-07T02:42:49.804+0000] {dagbag.py:588} INFO - Filling up the DagBag from /opt/airflow/dags/etl_movies_sp.py
[2025-03-07T02:42:50.377+0000] {logging_mixin.py:190} INFO - [2025-03-07T02:42:50.376+0000] {dagbag.py:387} ERROR - Failed to import: /opt/airflow/dags/etl_movies_sp.py
Traceback (most recent call last):
  File "/home/airflow/.local/lib/python3.12/site-packages/airflow/models/dagbag.py", line 383, in parse
    loader.exec_module(new_module)
  File "<frozen importlib._bootstrap_external>", line 999, in exec_module
  File "<frozen importlib._bootstrap>", line 488, in _call_with_frames_removed
  File "/opt/airflow/dags/etl_movies_sp.py", line 7, in <module>
    import gspread as gs
ModuleNotFoundError: No module named 'gspread'
[2025-03-07T02:42:50.378+0000] {processor.py:927} WARNING - No viable dags retrieved from /opt/airflow/dags/etl_movies_sp.py
[2025-03-07T02:42:50.387+0000] {processor.py:208} INFO - Processing /opt/airflow/dags/etl_movies_sp.py took 0.601 seconds
[2025-03-07T02:43:20.572+0000] {processor.py:186} INFO - Started process (PID=162) to work on /opt/airflow/dags/etl_movies_sp.py
[2025-03-07T02:43:20.574+0000] {processor.py:914} INFO - Processing file /opt/airflow/dags/etl_movies_sp.py for tasks to queue
[2025-03-07T02:43:20.577+0000] {logging_mixin.py:190} INFO - [2025-03-07T02:43:20.576+0000] {dagbag.py:588} INFO - Filling up the DagBag from /opt/airflow/dags/etl_movies_sp.py
[2025-03-07T02:43:21.063+0000] {logging_mixin.py:190} INFO - [2025-03-07T02:43:21.062+0000] {dagbag.py:387} ERROR - Failed to import: /opt/airflow/dags/etl_movies_sp.py
Traceback (most recent call last):
  File "/home/airflow/.local/lib/python3.12/site-packages/airflow/models/dagbag.py", line 383, in parse
    loader.exec_module(new_module)
  File "<frozen importlib._bootstrap_external>", line 999, in exec_module
  File "<frozen importlib._bootstrap>", line 488, in _call_with_frames_removed
  File "/opt/airflow/dags/etl_movies_sp.py", line 7, in <module>
    import gspread as gs
ModuleNotFoundError: No module named 'gspread'
[2025-03-07T02:43:21.064+0000] {processor.py:927} WARNING - No viable dags retrieved from /opt/airflow/dags/etl_movies_sp.py
[2025-03-07T02:43:21.072+0000] {processor.py:208} INFO - Processing /opt/airflow/dags/etl_movies_sp.py took 0.515 seconds
[2025-03-07T02:43:51.304+0000] {processor.py:186} INFO - Started process (PID=165) to work on /opt/airflow/dags/etl_movies_sp.py
[2025-03-07T02:43:51.305+0000] {processor.py:914} INFO - Processing file /opt/airflow/dags/etl_movies_sp.py for tasks to queue
[2025-03-07T02:43:51.306+0000] {logging_mixin.py:190} INFO - [2025-03-07T02:43:51.306+0000] {dagbag.py:588} INFO - Filling up the DagBag from /opt/airflow/dags/etl_movies_sp.py
[2025-03-07T02:43:51.726+0000] {logging_mixin.py:190} INFO - [2025-03-07T02:43:51.725+0000] {dagbag.py:387} ERROR - Failed to import: /opt/airflow/dags/etl_movies_sp.py
Traceback (most recent call last):
  File "/home/airflow/.local/lib/python3.12/site-packages/airflow/models/dagbag.py", line 383, in parse
    loader.exec_module(new_module)
  File "<frozen importlib._bootstrap_external>", line 999, in exec_module
  File "<frozen importlib._bootstrap>", line 488, in _call_with_frames_removed
  File "/opt/airflow/dags/etl_movies_sp.py", line 7, in <module>
    import gspread as gs
ModuleNotFoundError: No module named 'gspread'
[2025-03-07T02:43:51.726+0000] {processor.py:927} WARNING - No viable dags retrieved from /opt/airflow/dags/etl_movies_sp.py
[2025-03-07T02:43:51.734+0000] {processor.py:208} INFO - Processing /opt/airflow/dags/etl_movies_sp.py took 0.439 seconds
