[2025-03-07T02:26:10.511+0000] {processor.py:186} INFO - Started process (PID=87) to work on /opt/airflow/dags/etl_movies_csv.py
[2025-03-07T02:26:10.512+0000] {processor.py:914} INFO - Processing file /opt/airflow/dags/etl_movies_csv.py for tasks to queue
[2025-03-07T02:26:10.517+0000] {logging_mixin.py:190} INFO - [2025-03-07T02:26:10.516+0000] {dagbag.py:588} INFO - Filling up the DagBag from /opt/airflow/dags/etl_movies_csv.py
[2025-03-07T02:26:10.951+0000] {processor.py:925} INFO - DAG(s) 'etl_movies_csv' retrieved from /opt/airflow/dags/etl_movies_csv.py
[2025-03-07T02:26:10.960+0000] {logging_mixin.py:190} INFO - [2025-03-07T02:26:10.960+0000] {dag.py:3239} INFO - Sync 1 DAGs
[2025-03-07T02:26:10.968+0000] {logging_mixin.py:190} INFO - [2025-03-07T02:26:10.968+0000] {dag.py:4180} INFO - Setting next_dagrun for etl_movies_csv to 2025-03-06 00:00:00+00:00, run_after=2025-03-07 00:00:00+00:00
[2025-03-07T02:26:10.977+0000] {processor.py:208} INFO - Processing /opt/airflow/dags/etl_movies_csv.py took 0.472 seconds
[2025-03-07T02:26:41.073+0000] {processor.py:186} INFO - Started process (PID=123) to work on /opt/airflow/dags/etl_movies_csv.py
[2025-03-07T02:26:41.074+0000] {processor.py:914} INFO - Processing file /opt/airflow/dags/etl_movies_csv.py for tasks to queue
[2025-03-07T02:26:41.076+0000] {logging_mixin.py:190} INFO - [2025-03-07T02:26:41.076+0000] {dagbag.py:588} INFO - Filling up the DagBag from /opt/airflow/dags/etl_movies_csv.py
[2025-03-07T02:26:41.401+0000] {processor.py:925} INFO - DAG(s) 'etl_movies_csv' retrieved from /opt/airflow/dags/etl_movies_csv.py
[2025-03-07T02:26:41.412+0000] {logging_mixin.py:190} INFO - [2025-03-07T02:26:41.411+0000] {dag.py:3239} INFO - Sync 1 DAGs
[2025-03-07T02:26:41.421+0000] {logging_mixin.py:190} INFO - [2025-03-07T02:26:41.421+0000] {dag.py:4180} INFO - Setting next_dagrun for etl_movies_csv to 2025-03-07 00:00:00+00:00, run_after=2025-03-08 00:00:00+00:00
[2025-03-07T02:26:41.432+0000] {processor.py:208} INFO - Processing /opt/airflow/dags/etl_movies_csv.py took 0.369 seconds
[2025-03-07T02:27:12.504+0000] {processor.py:186} INFO - Started process (PID=126) to work on /opt/airflow/dags/etl_movies_csv.py
[2025-03-07T02:27:12.505+0000] {processor.py:914} INFO - Processing file /opt/airflow/dags/etl_movies_csv.py for tasks to queue
[2025-03-07T02:27:12.507+0000] {logging_mixin.py:190} INFO - [2025-03-07T02:27:12.507+0000] {dagbag.py:588} INFO - Filling up the DagBag from /opt/airflow/dags/etl_movies_csv.py
[2025-03-07T02:27:12.967+0000] {processor.py:925} INFO - DAG(s) 'etl_movies_csv' retrieved from /opt/airflow/dags/etl_movies_csv.py
[2025-03-07T02:27:12.978+0000] {logging_mixin.py:190} INFO - [2025-03-07T02:27:12.977+0000] {dag.py:3239} INFO - Sync 1 DAGs
[2025-03-07T02:27:12.985+0000] {logging_mixin.py:190} INFO - [2025-03-07T02:27:12.985+0000] {dag.py:4180} INFO - Setting next_dagrun for etl_movies_csv to 2025-03-07 00:00:00+00:00, run_after=2025-03-08 00:00:00+00:00
[2025-03-07T02:27:12.995+0000] {processor.py:208} INFO - Processing /opt/airflow/dags/etl_movies_csv.py took 0.496 seconds
[2025-03-07T02:27:43.135+0000] {processor.py:186} INFO - Started process (PID=129) to work on /opt/airflow/dags/etl_movies_csv.py
[2025-03-07T02:27:43.135+0000] {processor.py:914} INFO - Processing file /opt/airflow/dags/etl_movies_csv.py for tasks to queue
[2025-03-07T02:27:43.136+0000] {logging_mixin.py:190} INFO - [2025-03-07T02:27:43.136+0000] {dagbag.py:588} INFO - Filling up the DagBag from /opt/airflow/dags/etl_movies_csv.py
[2025-03-07T02:27:43.486+0000] {processor.py:925} INFO - DAG(s) 'etl_movies_csv' retrieved from /opt/airflow/dags/etl_movies_csv.py
[2025-03-07T02:27:43.497+0000] {logging_mixin.py:190} INFO - [2025-03-07T02:27:43.497+0000] {dag.py:3239} INFO - Sync 1 DAGs
[2025-03-07T02:27:43.506+0000] {logging_mixin.py:190} INFO - [2025-03-07T02:27:43.506+0000] {dag.py:4180} INFO - Setting next_dagrun for etl_movies_csv to 2025-03-07 00:00:00+00:00, run_after=2025-03-08 00:00:00+00:00
[2025-03-07T02:27:43.515+0000] {processor.py:208} INFO - Processing /opt/airflow/dags/etl_movies_csv.py took 0.385 seconds
[2025-03-07T02:28:15.214+0000] {processor.py:186} INFO - Started process (PID=132) to work on /opt/airflow/dags/etl_movies_csv.py
[2025-03-07T02:28:15.216+0000] {processor.py:914} INFO - Processing file /opt/airflow/dags/etl_movies_csv.py for tasks to queue
[2025-03-07T02:28:15.218+0000] {logging_mixin.py:190} INFO - [2025-03-07T02:28:15.218+0000] {dagbag.py:588} INFO - Filling up the DagBag from /opt/airflow/dags/etl_movies_csv.py
[2025-03-07T02:28:15.493+0000] {processor.py:925} INFO - DAG(s) 'etl_movies_csv' retrieved from /opt/airflow/dags/etl_movies_csv.py
[2025-03-07T02:28:15.501+0000] {logging_mixin.py:190} INFO - [2025-03-07T02:28:15.501+0000] {dag.py:3239} INFO - Sync 1 DAGs
[2025-03-07T02:28:15.509+0000] {logging_mixin.py:190} INFO - [2025-03-07T02:28:15.509+0000] {dag.py:4180} INFO - Setting next_dagrun for etl_movies_csv to 2025-03-07 00:00:00+00:00, run_after=2025-03-08 00:00:00+00:00
[2025-03-07T02:28:15.517+0000] {processor.py:208} INFO - Processing /opt/airflow/dags/etl_movies_csv.py took 0.307 seconds
[2025-03-07T02:28:45.873+0000] {processor.py:186} INFO - Started process (PID=135) to work on /opt/airflow/dags/etl_movies_csv.py
[2025-03-07T02:28:45.874+0000] {processor.py:914} INFO - Processing file /opt/airflow/dags/etl_movies_csv.py for tasks to queue
[2025-03-07T02:28:45.876+0000] {logging_mixin.py:190} INFO - [2025-03-07T02:28:45.876+0000] {dagbag.py:588} INFO - Filling up the DagBag from /opt/airflow/dags/etl_movies_csv.py
[2025-03-07T02:28:46.140+0000] {processor.py:925} INFO - DAG(s) 'etl_movies_csv' retrieved from /opt/airflow/dags/etl_movies_csv.py
[2025-03-07T02:28:46.148+0000] {logging_mixin.py:190} INFO - [2025-03-07T02:28:46.148+0000] {dag.py:3239} INFO - Sync 1 DAGs
[2025-03-07T02:28:46.156+0000] {logging_mixin.py:190} INFO - [2025-03-07T02:28:46.156+0000] {dag.py:4180} INFO - Setting next_dagrun for etl_movies_csv to 2025-03-07 00:00:00+00:00, run_after=2025-03-08 00:00:00+00:00
[2025-03-07T02:28:46.168+0000] {processor.py:208} INFO - Processing /opt/airflow/dags/etl_movies_csv.py took 0.300 seconds
[2025-03-07T02:29:16.687+0000] {processor.py:186} INFO - Started process (PID=138) to work on /opt/airflow/dags/etl_movies_csv.py
[2025-03-07T02:29:16.688+0000] {processor.py:914} INFO - Processing file /opt/airflow/dags/etl_movies_csv.py for tasks to queue
[2025-03-07T02:29:16.692+0000] {logging_mixin.py:190} INFO - [2025-03-07T02:29:16.691+0000] {dagbag.py:588} INFO - Filling up the DagBag from /opt/airflow/dags/etl_movies_csv.py
[2025-03-07T02:29:17.094+0000] {processor.py:925} INFO - DAG(s) 'etl_movies_csv' retrieved from /opt/airflow/dags/etl_movies_csv.py
[2025-03-07T02:29:17.103+0000] {logging_mixin.py:190} INFO - [2025-03-07T02:29:17.103+0000] {dag.py:3239} INFO - Sync 1 DAGs
[2025-03-07T02:29:17.112+0000] {logging_mixin.py:190} INFO - [2025-03-07T02:29:17.112+0000] {dag.py:4180} INFO - Setting next_dagrun for etl_movies_csv to 2025-03-07 00:00:00+00:00, run_after=2025-03-08 00:00:00+00:00
[2025-03-07T02:29:17.121+0000] {processor.py:208} INFO - Processing /opt/airflow/dags/etl_movies_csv.py took 0.442 seconds
[2025-03-07T02:29:47.599+0000] {processor.py:186} INFO - Started process (PID=141) to work on /opt/airflow/dags/etl_movies_csv.py
[2025-03-07T02:29:47.603+0000] {processor.py:914} INFO - Processing file /opt/airflow/dags/etl_movies_csv.py for tasks to queue
[2025-03-07T02:29:47.607+0000] {logging_mixin.py:190} INFO - [2025-03-07T02:29:47.606+0000] {dagbag.py:588} INFO - Filling up the DagBag from /opt/airflow/dags/etl_movies_csv.py
[2025-03-07T02:29:48.065+0000] {processor.py:925} INFO - DAG(s) 'etl_movies_csv' retrieved from /opt/airflow/dags/etl_movies_csv.py
[2025-03-07T02:29:48.075+0000] {logging_mixin.py:190} INFO - [2025-03-07T02:29:48.075+0000] {dag.py:3239} INFO - Sync 1 DAGs
[2025-03-07T02:29:48.083+0000] {logging_mixin.py:190} INFO - [2025-03-07T02:29:48.083+0000] {dag.py:4180} INFO - Setting next_dagrun for etl_movies_csv to 2025-03-07 00:00:00+00:00, run_after=2025-03-08 00:00:00+00:00
[2025-03-07T02:29:48.093+0000] {processor.py:208} INFO - Processing /opt/airflow/dags/etl_movies_csv.py took 0.503 seconds
[2025-03-07T02:30:27.017+0000] {processor.py:186} INFO - Started process (PID=66) to work on /opt/airflow/dags/etl_movies_csv.py
[2025-03-07T02:30:27.019+0000] {processor.py:914} INFO - Processing file /opt/airflow/dags/etl_movies_csv.py for tasks to queue
[2025-03-07T02:30:27.028+0000] {logging_mixin.py:190} INFO - [2025-03-07T02:30:27.023+0000] {dagbag.py:588} INFO - Filling up the DagBag from /opt/airflow/dags/etl_movies_csv.py
[2025-03-07T02:30:27.551+0000] {processor.py:925} INFO - DAG(s) 'etl_movies_csv' retrieved from /opt/airflow/dags/etl_movies_csv.py
[2025-03-07T02:30:27.568+0000] {logging_mixin.py:190} INFO - [2025-03-07T02:30:27.567+0000] {dag.py:3239} INFO - Sync 1 DAGs
[2025-03-07T02:30:27.577+0000] {logging_mixin.py:190} INFO - [2025-03-07T02:30:27.576+0000] {dag.py:4180} INFO - Setting next_dagrun for etl_movies_csv to 2025-03-07 00:00:00+00:00, run_after=2025-03-08 00:00:00+00:00
[2025-03-07T02:30:27.588+0000] {processor.py:208} INFO - Processing /opt/airflow/dags/etl_movies_csv.py took 0.577 seconds
[2025-03-07T02:30:58.096+0000] {processor.py:186} INFO - Started process (PID=79) to work on /opt/airflow/dags/etl_movies_csv.py
[2025-03-07T02:30:58.097+0000] {processor.py:914} INFO - Processing file /opt/airflow/dags/etl_movies_csv.py for tasks to queue
[2025-03-07T02:30:58.100+0000] {logging_mixin.py:190} INFO - [2025-03-07T02:30:58.100+0000] {dagbag.py:588} INFO - Filling up the DagBag from /opt/airflow/dags/etl_movies_csv.py
[2025-03-07T02:30:58.598+0000] {processor.py:925} INFO - DAG(s) 'etl_movies_csv' retrieved from /opt/airflow/dags/etl_movies_csv.py
[2025-03-07T02:30:58.608+0000] {logging_mixin.py:190} INFO - [2025-03-07T02:30:58.607+0000] {dag.py:3239} INFO - Sync 1 DAGs
[2025-03-07T02:30:58.617+0000] {logging_mixin.py:190} INFO - [2025-03-07T02:30:58.617+0000] {dag.py:4180} INFO - Setting next_dagrun for etl_movies_csv to 2025-03-07 00:00:00+00:00, run_after=2025-03-08 00:00:00+00:00
[2025-03-07T02:30:58.626+0000] {processor.py:208} INFO - Processing /opt/airflow/dags/etl_movies_csv.py took 0.536 seconds
[2025-03-07T02:31:29.968+0000] {processor.py:186} INFO - Started process (PID=93) to work on /opt/airflow/dags/etl_movies_csv.py
[2025-03-07T02:31:29.970+0000] {processor.py:914} INFO - Processing file /opt/airflow/dags/etl_movies_csv.py for tasks to queue
[2025-03-07T02:31:29.971+0000] {logging_mixin.py:190} INFO - [2025-03-07T02:31:29.971+0000] {dagbag.py:588} INFO - Filling up the DagBag from /opt/airflow/dags/etl_movies_csv.py
[2025-03-07T02:31:30.612+0000] {processor.py:925} INFO - DAG(s) 'etl_movies_csv' retrieved from /opt/airflow/dags/etl_movies_csv.py
[2025-03-07T02:31:30.647+0000] {logging_mixin.py:190} INFO - [2025-03-07T02:31:30.647+0000] {dag.py:3239} INFO - Sync 1 DAGs
[2025-03-07T02:31:30.672+0000] {logging_mixin.py:190} INFO - [2025-03-07T02:31:30.672+0000] {dag.py:4180} INFO - Setting next_dagrun for etl_movies_csv to 2025-03-07 00:00:00+00:00, run_after=2025-03-08 00:00:00+00:00
[2025-03-07T02:31:30.687+0000] {processor.py:208} INFO - Processing /opt/airflow/dags/etl_movies_csv.py took 0.728 seconds
[2025-03-07T02:32:01.147+0000] {processor.py:186} INFO - Started process (PID=97) to work on /opt/airflow/dags/etl_movies_csv.py
[2025-03-07T02:32:01.149+0000] {processor.py:914} INFO - Processing file /opt/airflow/dags/etl_movies_csv.py for tasks to queue
[2025-03-07T02:32:01.152+0000] {logging_mixin.py:190} INFO - [2025-03-07T02:32:01.152+0000] {dagbag.py:588} INFO - Filling up the DagBag from /opt/airflow/dags/etl_movies_csv.py
[2025-03-07T02:32:01.562+0000] {processor.py:925} INFO - DAG(s) 'etl_movies_csv' retrieved from /opt/airflow/dags/etl_movies_csv.py
[2025-03-07T02:32:01.571+0000] {logging_mixin.py:190} INFO - [2025-03-07T02:32:01.570+0000] {dag.py:3239} INFO - Sync 1 DAGs
[2025-03-07T02:32:01.581+0000] {logging_mixin.py:190} INFO - [2025-03-07T02:32:01.581+0000] {dag.py:4180} INFO - Setting next_dagrun for etl_movies_csv to 2025-03-07 00:00:00+00:00, run_after=2025-03-08 00:00:00+00:00
[2025-03-07T02:32:01.591+0000] {processor.py:208} INFO - Processing /opt/airflow/dags/etl_movies_csv.py took 0.453 seconds
[2025-03-07T02:32:31.747+0000] {processor.py:186} INFO - Started process (PID=100) to work on /opt/airflow/dags/etl_movies_csv.py
[2025-03-07T02:32:31.748+0000] {processor.py:914} INFO - Processing file /opt/airflow/dags/etl_movies_csv.py for tasks to queue
[2025-03-07T02:32:31.749+0000] {logging_mixin.py:190} INFO - [2025-03-07T02:32:31.749+0000] {dagbag.py:588} INFO - Filling up the DagBag from /opt/airflow/dags/etl_movies_csv.py
[2025-03-07T02:32:32.034+0000] {processor.py:925} INFO - DAG(s) 'etl_movies_csv' retrieved from /opt/airflow/dags/etl_movies_csv.py
[2025-03-07T02:32:32.041+0000] {logging_mixin.py:190} INFO - [2025-03-07T02:32:32.041+0000] {dag.py:3239} INFO - Sync 1 DAGs
[2025-03-07T02:32:32.050+0000] {logging_mixin.py:190} INFO - [2025-03-07T02:32:32.050+0000] {dag.py:4180} INFO - Setting next_dagrun for etl_movies_csv to 2025-03-07 00:00:00+00:00, run_after=2025-03-08 00:00:00+00:00
[2025-03-07T02:32:32.059+0000] {processor.py:208} INFO - Processing /opt/airflow/dags/etl_movies_csv.py took 0.316 seconds
[2025-03-07T02:33:03.590+0000] {processor.py:186} INFO - Started process (PID=103) to work on /opt/airflow/dags/etl_movies_csv.py
[2025-03-07T02:33:03.591+0000] {processor.py:914} INFO - Processing file /opt/airflow/dags/etl_movies_csv.py for tasks to queue
[2025-03-07T02:33:03.592+0000] {logging_mixin.py:190} INFO - [2025-03-07T02:33:03.592+0000] {dagbag.py:588} INFO - Filling up the DagBag from /opt/airflow/dags/etl_movies_csv.py
[2025-03-07T02:33:03.893+0000] {processor.py:925} INFO - DAG(s) 'etl_movies_csv' retrieved from /opt/airflow/dags/etl_movies_csv.py
[2025-03-07T02:33:03.901+0000] {logging_mixin.py:190} INFO - [2025-03-07T02:33:03.901+0000] {dag.py:3239} INFO - Sync 1 DAGs
[2025-03-07T02:33:03.909+0000] {logging_mixin.py:190} INFO - [2025-03-07T02:33:03.909+0000] {dag.py:4180} INFO - Setting next_dagrun for etl_movies_csv to 2025-03-07 00:00:00+00:00, run_after=2025-03-08 00:00:00+00:00
[2025-03-07T02:33:03.921+0000] {processor.py:208} INFO - Processing /opt/airflow/dags/etl_movies_csv.py took 0.339 seconds
[2025-03-07T02:33:35.029+0000] {processor.py:186} INFO - Started process (PID=106) to work on /opt/airflow/dags/etl_movies_csv.py
[2025-03-07T02:33:35.031+0000] {processor.py:914} INFO - Processing file /opt/airflow/dags/etl_movies_csv.py for tasks to queue
[2025-03-07T02:33:35.034+0000] {logging_mixin.py:190} INFO - [2025-03-07T02:33:35.033+0000] {dagbag.py:588} INFO - Filling up the DagBag from /opt/airflow/dags/etl_movies_csv.py
[2025-03-07T02:33:35.471+0000] {processor.py:925} INFO - DAG(s) 'etl_movies_csv' retrieved from /opt/airflow/dags/etl_movies_csv.py
[2025-03-07T02:33:35.481+0000] {logging_mixin.py:190} INFO - [2025-03-07T02:33:35.481+0000] {dag.py:3239} INFO - Sync 1 DAGs
[2025-03-07T02:33:35.490+0000] {logging_mixin.py:190} INFO - [2025-03-07T02:33:35.490+0000] {dag.py:4180} INFO - Setting next_dagrun for etl_movies_csv to 2025-03-07 00:00:00+00:00, run_after=2025-03-08 00:00:00+00:00
[2025-03-07T02:33:35.499+0000] {processor.py:208} INFO - Processing /opt/airflow/dags/etl_movies_csv.py took 0.482 seconds
[2025-03-07T02:34:05.793+0000] {processor.py:186} INFO - Started process (PID=109) to work on /opt/airflow/dags/etl_movies_csv.py
[2025-03-07T02:34:05.796+0000] {processor.py:914} INFO - Processing file /opt/airflow/dags/etl_movies_csv.py for tasks to queue
[2025-03-07T02:34:05.798+0000] {logging_mixin.py:190} INFO - [2025-03-07T02:34:05.797+0000] {dagbag.py:588} INFO - Filling up the DagBag from /opt/airflow/dags/etl_movies_csv.py
[2025-03-07T02:34:06.308+0000] {processor.py:925} INFO - DAG(s) 'etl_movies_csv' retrieved from /opt/airflow/dags/etl_movies_csv.py
[2025-03-07T02:34:06.337+0000] {logging_mixin.py:190} INFO - [2025-03-07T02:34:06.337+0000] {dag.py:3239} INFO - Sync 1 DAGs
[2025-03-07T02:34:06.367+0000] {logging_mixin.py:190} INFO - [2025-03-07T02:34:06.367+0000] {dag.py:4180} INFO - Setting next_dagrun for etl_movies_csv to 2025-03-07 00:00:00+00:00, run_after=2025-03-08 00:00:00+00:00
[2025-03-07T02:34:06.391+0000] {processor.py:208} INFO - Processing /opt/airflow/dags/etl_movies_csv.py took 0.615 seconds
[2025-03-07T02:34:36.803+0000] {processor.py:186} INFO - Started process (PID=112) to work on /opt/airflow/dags/etl_movies_csv.py
[2025-03-07T02:34:36.804+0000] {processor.py:914} INFO - Processing file /opt/airflow/dags/etl_movies_csv.py for tasks to queue
[2025-03-07T02:34:36.805+0000] {logging_mixin.py:190} INFO - [2025-03-07T02:34:36.804+0000] {dagbag.py:588} INFO - Filling up the DagBag from /opt/airflow/dags/etl_movies_csv.py
[2025-03-07T02:34:37.511+0000] {processor.py:925} INFO - DAG(s) 'etl_movies_csv' retrieved from /opt/airflow/dags/etl_movies_csv.py
[2025-03-07T02:34:37.525+0000] {logging_mixin.py:190} INFO - [2025-03-07T02:34:37.524+0000] {dag.py:3239} INFO - Sync 1 DAGs
[2025-03-07T02:34:37.535+0000] {logging_mixin.py:190} INFO - [2025-03-07T02:34:37.534+0000] {dag.py:4180} INFO - Setting next_dagrun for etl_movies_csv to 2025-03-07 00:00:00+00:00, run_after=2025-03-08 00:00:00+00:00
[2025-03-07T02:34:37.544+0000] {processor.py:208} INFO - Processing /opt/airflow/dags/etl_movies_csv.py took 0.744 seconds
[2025-03-07T02:35:09.782+0000] {processor.py:186} INFO - Started process (PID=115) to work on /opt/airflow/dags/etl_movies_csv.py
[2025-03-07T02:35:09.783+0000] {processor.py:914} INFO - Processing file /opt/airflow/dags/etl_movies_csv.py for tasks to queue
[2025-03-07T02:35:09.784+0000] {logging_mixin.py:190} INFO - [2025-03-07T02:35:09.784+0000] {dagbag.py:588} INFO - Filling up the DagBag from /opt/airflow/dags/etl_movies_csv.py
[2025-03-07T02:35:10.118+0000] {processor.py:925} INFO - DAG(s) 'etl_movies_csv' retrieved from /opt/airflow/dags/etl_movies_csv.py
[2025-03-07T02:35:10.126+0000] {logging_mixin.py:190} INFO - [2025-03-07T02:35:10.126+0000] {dag.py:3239} INFO - Sync 1 DAGs
[2025-03-07T02:35:10.135+0000] {logging_mixin.py:190} INFO - [2025-03-07T02:35:10.135+0000] {dag.py:4180} INFO - Setting next_dagrun for etl_movies_csv to 2025-03-07 00:00:00+00:00, run_after=2025-03-08 00:00:00+00:00
[2025-03-07T02:35:10.144+0000] {processor.py:208} INFO - Processing /opt/airflow/dags/etl_movies_csv.py took 0.370 seconds
[2025-03-07T02:35:40.530+0000] {processor.py:186} INFO - Started process (PID=118) to work on /opt/airflow/dags/etl_movies_csv.py
[2025-03-07T02:35:40.531+0000] {processor.py:914} INFO - Processing file /opt/airflow/dags/etl_movies_csv.py for tasks to queue
[2025-03-07T02:35:40.532+0000] {logging_mixin.py:190} INFO - [2025-03-07T02:35:40.532+0000] {dagbag.py:588} INFO - Filling up the DagBag from /opt/airflow/dags/etl_movies_csv.py
[2025-03-07T02:35:40.819+0000] {processor.py:925} INFO - DAG(s) 'etl_movies_csv' retrieved from /opt/airflow/dags/etl_movies_csv.py
[2025-03-07T02:35:40.828+0000] {logging_mixin.py:190} INFO - [2025-03-07T02:35:40.828+0000] {dag.py:3239} INFO - Sync 1 DAGs
[2025-03-07T02:35:40.836+0000] {logging_mixin.py:190} INFO - [2025-03-07T02:35:40.836+0000] {dag.py:4180} INFO - Setting next_dagrun for etl_movies_csv to 2025-03-07 00:00:00+00:00, run_after=2025-03-08 00:00:00+00:00
[2025-03-07T02:35:40.845+0000] {processor.py:208} INFO - Processing /opt/airflow/dags/etl_movies_csv.py took 0.321 seconds
[2025-03-07T02:36:11.125+0000] {processor.py:186} INFO - Started process (PID=121) to work on /opt/airflow/dags/etl_movies_csv.py
[2025-03-07T02:36:11.128+0000] {processor.py:914} INFO - Processing file /opt/airflow/dags/etl_movies_csv.py for tasks to queue
[2025-03-07T02:36:11.136+0000] {logging_mixin.py:190} INFO - [2025-03-07T02:36:11.132+0000] {dagbag.py:588} INFO - Filling up the DagBag from /opt/airflow/dags/etl_movies_csv.py
[2025-03-07T02:36:11.755+0000] {processor.py:925} INFO - DAG(s) 'etl_movies_csv' retrieved from /opt/airflow/dags/etl_movies_csv.py
[2025-03-07T02:36:11.765+0000] {logging_mixin.py:190} INFO - [2025-03-07T02:36:11.765+0000] {dag.py:3239} INFO - Sync 1 DAGs
[2025-03-07T02:36:11.773+0000] {logging_mixin.py:190} INFO - [2025-03-07T02:36:11.773+0000] {dag.py:4180} INFO - Setting next_dagrun for etl_movies_csv to 2025-03-07 00:00:00+00:00, run_after=2025-03-08 00:00:00+00:00
[2025-03-07T02:36:11.783+0000] {processor.py:208} INFO - Processing /opt/airflow/dags/etl_movies_csv.py took 0.672 seconds
[2025-03-07T02:36:41.940+0000] {processor.py:186} INFO - Started process (PID=124) to work on /opt/airflow/dags/etl_movies_csv.py
[2025-03-07T02:36:41.942+0000] {processor.py:914} INFO - Processing file /opt/airflow/dags/etl_movies_csv.py for tasks to queue
[2025-03-07T02:36:41.944+0000] {logging_mixin.py:190} INFO - [2025-03-07T02:36:41.944+0000] {dagbag.py:588} INFO - Filling up the DagBag from /opt/airflow/dags/etl_movies_csv.py
[2025-03-07T02:36:42.277+0000] {processor.py:925} INFO - DAG(s) 'etl_movies_csv' retrieved from /opt/airflow/dags/etl_movies_csv.py
[2025-03-07T02:36:42.289+0000] {logging_mixin.py:190} INFO - [2025-03-07T02:36:42.289+0000] {dag.py:3239} INFO - Sync 1 DAGs
[2025-03-07T02:36:42.298+0000] {logging_mixin.py:190} INFO - [2025-03-07T02:36:42.298+0000] {dag.py:4180} INFO - Setting next_dagrun for etl_movies_csv to 2025-03-07 00:00:00+00:00, run_after=2025-03-08 00:00:00+00:00
[2025-03-07T02:36:42.307+0000] {processor.py:208} INFO - Processing /opt/airflow/dags/etl_movies_csv.py took 0.374 seconds
[2025-03-07T02:37:12.430+0000] {processor.py:186} INFO - Started process (PID=127) to work on /opt/airflow/dags/etl_movies_csv.py
[2025-03-07T02:37:12.431+0000] {processor.py:914} INFO - Processing file /opt/airflow/dags/etl_movies_csv.py for tasks to queue
[2025-03-07T02:37:12.432+0000] {logging_mixin.py:190} INFO - [2025-03-07T02:37:12.431+0000] {dagbag.py:588} INFO - Filling up the DagBag from /opt/airflow/dags/etl_movies_csv.py
[2025-03-07T02:37:12.774+0000] {processor.py:925} INFO - DAG(s) 'etl_movies_csv' retrieved from /opt/airflow/dags/etl_movies_csv.py
[2025-03-07T02:37:12.794+0000] {logging_mixin.py:190} INFO - [2025-03-07T02:37:12.794+0000] {dag.py:3239} INFO - Sync 1 DAGs
[2025-03-07T02:37:12.804+0000] {logging_mixin.py:190} INFO - [2025-03-07T02:37:12.804+0000] {dag.py:4180} INFO - Setting next_dagrun for etl_movies_csv to 2025-03-07 00:00:00+00:00, run_after=2025-03-08 00:00:00+00:00
[2025-03-07T02:37:12.815+0000] {processor.py:208} INFO - Processing /opt/airflow/dags/etl_movies_csv.py took 0.390 seconds
[2025-03-07T02:37:44.129+0000] {processor.py:186} INFO - Started process (PID=130) to work on /opt/airflow/dags/etl_movies_csv.py
[2025-03-07T02:37:44.131+0000] {processor.py:914} INFO - Processing file /opt/airflow/dags/etl_movies_csv.py for tasks to queue
[2025-03-07T02:37:44.132+0000] {logging_mixin.py:190} INFO - [2025-03-07T02:37:44.131+0000] {dagbag.py:588} INFO - Filling up the DagBag from /opt/airflow/dags/etl_movies_csv.py
[2025-03-07T02:37:44.429+0000] {processor.py:925} INFO - DAG(s) 'etl_movies_csv' retrieved from /opt/airflow/dags/etl_movies_csv.py
[2025-03-07T02:37:44.438+0000] {logging_mixin.py:190} INFO - [2025-03-07T02:37:44.438+0000] {dag.py:3239} INFO - Sync 1 DAGs
[2025-03-07T02:37:44.450+0000] {logging_mixin.py:190} INFO - [2025-03-07T02:37:44.450+0000] {dag.py:4180} INFO - Setting next_dagrun for etl_movies_csv to 2025-03-07 00:00:00+00:00, run_after=2025-03-08 00:00:00+00:00
[2025-03-07T02:37:44.460+0000] {processor.py:208} INFO - Processing /opt/airflow/dags/etl_movies_csv.py took 0.337 seconds
[2025-03-07T02:38:14.780+0000] {processor.py:186} INFO - Started process (PID=133) to work on /opt/airflow/dags/etl_movies_csv.py
[2025-03-07T02:38:14.782+0000] {processor.py:914} INFO - Processing file /opt/airflow/dags/etl_movies_csv.py for tasks to queue
[2025-03-07T02:38:14.783+0000] {logging_mixin.py:190} INFO - [2025-03-07T02:38:14.783+0000] {dagbag.py:588} INFO - Filling up the DagBag from /opt/airflow/dags/etl_movies_csv.py
[2025-03-07T02:38:15.072+0000] {processor.py:925} INFO - DAG(s) 'etl_movies_csv' retrieved from /opt/airflow/dags/etl_movies_csv.py
[2025-03-07T02:38:15.080+0000] {logging_mixin.py:190} INFO - [2025-03-07T02:38:15.080+0000] {dag.py:3239} INFO - Sync 1 DAGs
[2025-03-07T02:38:15.089+0000] {logging_mixin.py:190} INFO - [2025-03-07T02:38:15.089+0000] {dag.py:4180} INFO - Setting next_dagrun for etl_movies_csv to 2025-03-07 00:00:00+00:00, run_after=2025-03-08 00:00:00+00:00
[2025-03-07T02:38:15.107+0000] {processor.py:208} INFO - Processing /opt/airflow/dags/etl_movies_csv.py took 0.333 seconds
[2025-03-07T02:38:45.550+0000] {processor.py:186} INFO - Started process (PID=136) to work on /opt/airflow/dags/etl_movies_csv.py
[2025-03-07T02:38:45.552+0000] {processor.py:914} INFO - Processing file /opt/airflow/dags/etl_movies_csv.py for tasks to queue
[2025-03-07T02:38:45.553+0000] {logging_mixin.py:190} INFO - [2025-03-07T02:38:45.553+0000] {dagbag.py:588} INFO - Filling up the DagBag from /opt/airflow/dags/etl_movies_csv.py
[2025-03-07T02:38:45.938+0000] {processor.py:925} INFO - DAG(s) 'etl_movies_csv' retrieved from /opt/airflow/dags/etl_movies_csv.py
[2025-03-07T02:38:45.949+0000] {logging_mixin.py:190} INFO - [2025-03-07T02:38:45.949+0000] {dag.py:3239} INFO - Sync 1 DAGs
[2025-03-07T02:38:45.960+0000] {logging_mixin.py:190} INFO - [2025-03-07T02:38:45.960+0000] {dag.py:4180} INFO - Setting next_dagrun for etl_movies_csv to 2025-03-07 00:00:00+00:00, run_after=2025-03-08 00:00:00+00:00
[2025-03-07T02:38:45.969+0000] {processor.py:208} INFO - Processing /opt/airflow/dags/etl_movies_csv.py took 0.425 seconds
[2025-03-07T02:39:16.154+0000] {processor.py:186} INFO - Started process (PID=139) to work on /opt/airflow/dags/etl_movies_csv.py
[2025-03-07T02:39:16.155+0000] {processor.py:914} INFO - Processing file /opt/airflow/dags/etl_movies_csv.py for tasks to queue
[2025-03-07T02:39:16.156+0000] {logging_mixin.py:190} INFO - [2025-03-07T02:39:16.156+0000] {dagbag.py:588} INFO - Filling up the DagBag from /opt/airflow/dags/etl_movies_csv.py
[2025-03-07T02:39:16.435+0000] {processor.py:925} INFO - DAG(s) 'etl_movies_csv' retrieved from /opt/airflow/dags/etl_movies_csv.py
[2025-03-07T02:39:16.444+0000] {logging_mixin.py:190} INFO - [2025-03-07T02:39:16.444+0000] {dag.py:3239} INFO - Sync 1 DAGs
[2025-03-07T02:39:16.453+0000] {logging_mixin.py:190} INFO - [2025-03-07T02:39:16.453+0000] {dag.py:4180} INFO - Setting next_dagrun for etl_movies_csv to 2025-03-07 00:00:00+00:00, run_after=2025-03-08 00:00:00+00:00
[2025-03-07T02:39:16.461+0000] {processor.py:208} INFO - Processing /opt/airflow/dags/etl_movies_csv.py took 0.311 seconds
[2025-03-07T02:39:46.935+0000] {processor.py:186} INFO - Started process (PID=142) to work on /opt/airflow/dags/etl_movies_csv.py
[2025-03-07T02:39:46.937+0000] {processor.py:914} INFO - Processing file /opt/airflow/dags/etl_movies_csv.py for tasks to queue
[2025-03-07T02:39:46.944+0000] {logging_mixin.py:190} INFO - [2025-03-07T02:39:46.943+0000] {dagbag.py:588} INFO - Filling up the DagBag from /opt/airflow/dags/etl_movies_csv.py
[2025-03-07T02:39:47.658+0000] {processor.py:925} INFO - DAG(s) 'etl_movies_csv' retrieved from /opt/airflow/dags/etl_movies_csv.py
[2025-03-07T02:39:47.668+0000] {logging_mixin.py:190} INFO - [2025-03-07T02:39:47.668+0000] {dag.py:3239} INFO - Sync 1 DAGs
[2025-03-07T02:39:47.676+0000] {logging_mixin.py:190} INFO - [2025-03-07T02:39:47.676+0000] {dag.py:4180} INFO - Setting next_dagrun for etl_movies_csv to 2025-03-07 00:00:00+00:00, run_after=2025-03-08 00:00:00+00:00
[2025-03-07T02:39:47.686+0000] {processor.py:208} INFO - Processing /opt/airflow/dags/etl_movies_csv.py took 0.766 seconds
[2025-03-07T02:40:18.715+0000] {processor.py:186} INFO - Started process (PID=145) to work on /opt/airflow/dags/etl_movies_csv.py
[2025-03-07T02:40:18.717+0000] {processor.py:914} INFO - Processing file /opt/airflow/dags/etl_movies_csv.py for tasks to queue
[2025-03-07T02:40:18.719+0000] {logging_mixin.py:190} INFO - [2025-03-07T02:40:18.718+0000] {dagbag.py:588} INFO - Filling up the DagBag from /opt/airflow/dags/etl_movies_csv.py
[2025-03-07T02:40:19.550+0000] {processor.py:925} INFO - DAG(s) 'etl_movies_csv' retrieved from /opt/airflow/dags/etl_movies_csv.py
[2025-03-07T02:40:19.561+0000] {logging_mixin.py:190} INFO - [2025-03-07T02:40:19.561+0000] {dag.py:3239} INFO - Sync 1 DAGs
[2025-03-07T02:40:19.571+0000] {logging_mixin.py:190} INFO - [2025-03-07T02:40:19.570+0000] {dag.py:4180} INFO - Setting next_dagrun for etl_movies_csv to 2025-03-07 00:00:00+00:00, run_after=2025-03-08 00:00:00+00:00
[2025-03-07T02:40:19.582+0000] {processor.py:208} INFO - Processing /opt/airflow/dags/etl_movies_csv.py took 0.885 seconds
[2025-03-07T02:40:50.481+0000] {processor.py:186} INFO - Started process (PID=148) to work on /opt/airflow/dags/etl_movies_csv.py
[2025-03-07T02:40:50.483+0000] {processor.py:914} INFO - Processing file /opt/airflow/dags/etl_movies_csv.py for tasks to queue
[2025-03-07T02:40:50.485+0000] {logging_mixin.py:190} INFO - [2025-03-07T02:40:50.484+0000] {dagbag.py:588} INFO - Filling up the DagBag from /opt/airflow/dags/etl_movies_csv.py
[2025-03-07T02:40:50.955+0000] {processor.py:925} INFO - DAG(s) 'etl_movies_csv' retrieved from /opt/airflow/dags/etl_movies_csv.py
[2025-03-07T02:40:50.965+0000] {logging_mixin.py:190} INFO - [2025-03-07T02:40:50.965+0000] {dag.py:3239} INFO - Sync 1 DAGs
[2025-03-07T02:40:50.974+0000] {logging_mixin.py:190} INFO - [2025-03-07T02:40:50.974+0000] {dag.py:4180} INFO - Setting next_dagrun for etl_movies_csv to 2025-03-07 00:00:00+00:00, run_after=2025-03-08 00:00:00+00:00
[2025-03-07T02:40:50.983+0000] {processor.py:208} INFO - Processing /opt/airflow/dags/etl_movies_csv.py took 0.518 seconds
[2025-03-07T02:41:21.420+0000] {processor.py:186} INFO - Started process (PID=151) to work on /opt/airflow/dags/etl_movies_csv.py
[2025-03-07T02:41:21.424+0000] {processor.py:914} INFO - Processing file /opt/airflow/dags/etl_movies_csv.py for tasks to queue
[2025-03-07T02:41:21.427+0000] {logging_mixin.py:190} INFO - [2025-03-07T02:41:21.426+0000] {dagbag.py:588} INFO - Filling up the DagBag from /opt/airflow/dags/etl_movies_csv.py
[2025-03-07T02:41:21.900+0000] {processor.py:925} INFO - DAG(s) 'etl_movies_csv' retrieved from /opt/airflow/dags/etl_movies_csv.py
[2025-03-07T02:41:21.911+0000] {logging_mixin.py:190} INFO - [2025-03-07T02:41:21.911+0000] {dag.py:3239} INFO - Sync 1 DAGs
[2025-03-07T02:41:21.921+0000] {logging_mixin.py:190} INFO - [2025-03-07T02:41:21.921+0000] {dag.py:4180} INFO - Setting next_dagrun for etl_movies_csv to 2025-03-07 00:00:00+00:00, run_after=2025-03-08 00:00:00+00:00
[2025-03-07T02:41:21.931+0000] {processor.py:208} INFO - Processing /opt/airflow/dags/etl_movies_csv.py took 0.525 seconds
[2025-03-07T02:41:52.209+0000] {processor.py:186} INFO - Started process (PID=154) to work on /opt/airflow/dags/etl_movies_csv.py
[2025-03-07T02:41:52.211+0000] {processor.py:914} INFO - Processing file /opt/airflow/dags/etl_movies_csv.py for tasks to queue
[2025-03-07T02:41:52.213+0000] {logging_mixin.py:190} INFO - [2025-03-07T02:41:52.212+0000] {dagbag.py:588} INFO - Filling up the DagBag from /opt/airflow/dags/etl_movies_csv.py
[2025-03-07T02:41:52.671+0000] {processor.py:925} INFO - DAG(s) 'etl_movies_csv' retrieved from /opt/airflow/dags/etl_movies_csv.py
[2025-03-07T02:41:52.682+0000] {logging_mixin.py:190} INFO - [2025-03-07T02:41:52.681+0000] {dag.py:3239} INFO - Sync 1 DAGs
[2025-03-07T02:41:52.693+0000] {logging_mixin.py:190} INFO - [2025-03-07T02:41:52.693+0000] {dag.py:4180} INFO - Setting next_dagrun for etl_movies_csv to 2025-03-07 00:00:00+00:00, run_after=2025-03-08 00:00:00+00:00
[2025-03-07T02:41:52.704+0000] {processor.py:208} INFO - Processing /opt/airflow/dags/etl_movies_csv.py took 0.510 seconds
[2025-03-07T02:42:22.883+0000] {processor.py:186} INFO - Started process (PID=157) to work on /opt/airflow/dags/etl_movies_csv.py
[2025-03-07T02:42:22.885+0000] {processor.py:914} INFO - Processing file /opt/airflow/dags/etl_movies_csv.py for tasks to queue
[2025-03-07T02:42:22.887+0000] {logging_mixin.py:190} INFO - [2025-03-07T02:42:22.886+0000] {dagbag.py:588} INFO - Filling up the DagBag from /opt/airflow/dags/etl_movies_csv.py
[2025-03-07T02:42:23.265+0000] {processor.py:925} INFO - DAG(s) 'etl_movies_csv' retrieved from /opt/airflow/dags/etl_movies_csv.py
[2025-03-07T02:42:23.274+0000] {logging_mixin.py:190} INFO - [2025-03-07T02:42:23.274+0000] {dag.py:3239} INFO - Sync 1 DAGs
[2025-03-07T02:42:23.282+0000] {logging_mixin.py:190} INFO - [2025-03-07T02:42:23.282+0000] {dag.py:4180} INFO - Setting next_dagrun for etl_movies_csv to 2025-03-07 00:00:00+00:00, run_after=2025-03-08 00:00:00+00:00
[2025-03-07T02:42:23.291+0000] {processor.py:208} INFO - Processing /opt/airflow/dags/etl_movies_csv.py took 0.417 seconds
[2025-03-07T02:42:53.753+0000] {processor.py:186} INFO - Started process (PID=160) to work on /opt/airflow/dags/etl_movies_csv.py
[2025-03-07T02:42:53.754+0000] {processor.py:914} INFO - Processing file /opt/airflow/dags/etl_movies_csv.py for tasks to queue
[2025-03-07T02:42:53.755+0000] {logging_mixin.py:190} INFO - [2025-03-07T02:42:53.755+0000] {dagbag.py:588} INFO - Filling up the DagBag from /opt/airflow/dags/etl_movies_csv.py
[2025-03-07T02:42:55.139+0000] {processor.py:925} INFO - DAG(s) 'etl_movies_csv' retrieved from /opt/airflow/dags/etl_movies_csv.py
[2025-03-07T02:42:55.189+0000] {logging_mixin.py:190} INFO - [2025-03-07T02:42:55.188+0000] {dag.py:3239} INFO - Sync 1 DAGs
[2025-03-07T02:42:55.220+0000] {logging_mixin.py:190} INFO - [2025-03-07T02:42:55.219+0000] {dag.py:4180} INFO - Setting next_dagrun for etl_movies_csv to 2025-03-07 00:00:00+00:00, run_after=2025-03-08 00:00:00+00:00
[2025-03-07T02:42:55.245+0000] {processor.py:208} INFO - Processing /opt/airflow/dags/etl_movies_csv.py took 1.499 seconds
[2025-03-07T02:43:25.488+0000] {processor.py:186} INFO - Started process (PID=163) to work on /opt/airflow/dags/etl_movies_csv.py
[2025-03-07T02:43:25.490+0000] {processor.py:914} INFO - Processing file /opt/airflow/dags/etl_movies_csv.py for tasks to queue
[2025-03-07T02:43:25.496+0000] {logging_mixin.py:190} INFO - [2025-03-07T02:43:25.495+0000] {dagbag.py:588} INFO - Filling up the DagBag from /opt/airflow/dags/etl_movies_csv.py
[2025-03-07T02:43:26.206+0000] {processor.py:925} INFO - DAG(s) 'etl_movies_csv' retrieved from /opt/airflow/dags/etl_movies_csv.py
[2025-03-07T02:43:26.220+0000] {logging_mixin.py:190} INFO - [2025-03-07T02:43:26.219+0000] {dag.py:3239} INFO - Sync 1 DAGs
[2025-03-07T02:43:26.230+0000] {logging_mixin.py:190} INFO - [2025-03-07T02:43:26.230+0000] {dag.py:4180} INFO - Setting next_dagrun for etl_movies_csv to 2025-03-07 00:00:00+00:00, run_after=2025-03-08 00:00:00+00:00
[2025-03-07T02:43:26.241+0000] {processor.py:208} INFO - Processing /opt/airflow/dags/etl_movies_csv.py took 0.760 seconds
[2025-03-07T02:43:56.895+0000] {processor.py:186} INFO - Started process (PID=166) to work on /opt/airflow/dags/etl_movies_csv.py
[2025-03-07T02:43:56.897+0000] {processor.py:914} INFO - Processing file /opt/airflow/dags/etl_movies_csv.py for tasks to queue
[2025-03-07T02:43:56.899+0000] {logging_mixin.py:190} INFO - [2025-03-07T02:43:56.898+0000] {dagbag.py:588} INFO - Filling up the DagBag from /opt/airflow/dags/etl_movies_csv.py
[2025-03-07T02:43:57.313+0000] {processor.py:925} INFO - DAG(s) 'etl_movies_csv' retrieved from /opt/airflow/dags/etl_movies_csv.py
[2025-03-07T02:43:57.326+0000] {logging_mixin.py:190} INFO - [2025-03-07T02:43:57.326+0000] {dag.py:3239} INFO - Sync 1 DAGs
[2025-03-07T02:43:57.339+0000] {logging_mixin.py:190} INFO - [2025-03-07T02:43:57.339+0000] {dag.py:4180} INFO - Setting next_dagrun for etl_movies_csv to 2025-03-07 00:00:00+00:00, run_after=2025-03-08 00:00:00+00:00
[2025-03-07T02:43:57.350+0000] {processor.py:208} INFO - Processing /opt/airflow/dags/etl_movies_csv.py took 0.468 seconds
