[2025-02-04T02:38:32.134+0000] {local_task_job_runner.py:123} INFO - ::group::Pre task execution logs
[2025-02-04T02:38:32.140+0000] {taskinstance.py:2613} INFO - Dependencies all met for dep_context=non-requeueable deps ti=<TaskInstance: etl_movies_csv.transform_and_load scheduled__2025-02-03T00:00:00+00:00 [queued]>
[2025-02-04T02:38:32.143+0000] {taskinstance.py:2613} INFO - Dependencies all met for dep_context=requeueable deps ti=<TaskInstance: etl_movies_csv.transform_and_load scheduled__2025-02-03T00:00:00+00:00 [queued]>
[2025-02-04T02:38:32.143+0000] {taskinstance.py:2866} INFO - Starting attempt 1 of 2
[2025-02-04T02:38:32.238+0000] {taskinstance.py:2889} INFO - Executing <Task(PythonOperator): transform_and_load> on 2025-02-03 00:00:00+00:00
[2025-02-04T02:38:32.246+0000] {standard_task_runner.py:72} INFO - Started process 120 to run task
[2025-02-04T02:38:32.249+0000] {standard_task_runner.py:104} INFO - Running: ['airflow', 'tasks', 'run', 'etl_movies_csv', 'transform_and_load', 'scheduled__2025-02-03T00:00:00+00:00', '--job-id', '108', '--raw', '--subdir', 'DAGS_FOLDER/etl_movies_csv.py', '--cfg-path', '/tmp/tmpob1snkmg']
[2025-02-04T02:38:32.251+0000] {standard_task_runner.py:105} INFO - Job 108: Subtask transform_and_load
[2025-02-04T02:38:32.281+0000] {task_command.py:467} INFO - Running <TaskInstance: etl_movies_csv.transform_and_load scheduled__2025-02-03T00:00:00+00:00 [running]> on host 76fb3969a3aa
[2025-02-04T02:38:32.315+0000] {taskinstance.py:3132} INFO - Exporting env vars: AIRFLOW_CTX_DAG_OWNER='airflow' AIRFLOW_CTX_DAG_ID='etl_movies_csv' AIRFLOW_CTX_TASK_ID='transform_and_load' AIRFLOW_CTX_EXECUTION_DATE='2025-02-03T00:00:00+00:00' AIRFLOW_CTX_TRY_NUMBER='1' AIRFLOW_CTX_DAG_RUN_ID='scheduled__2025-02-03T00:00:00+00:00'
[2025-02-04T02:38:32.316+0000] {taskinstance.py:731} INFO - ::endgroup::
[2025-02-04T02:38:32.327+0000] {etl_movies_csv.py:66} INFO - Memulai proses transformasi data...
[2025-02-04T02:38:32.592+0000] {logging_mixin.py:190} WARNING - /opt/airflow/dags/etl_movies_csv.py:69 UserWarning: pandas only supports SQLAlchemy connectable (engine/connection) or database string URI or sqlite3 DBAPI2 connection. Other DBAPI2 objects are not tested. Please consider using SQLAlchemy.
[2025-02-04T02:38:38.383+0000] {etl_movies_csv.py:88} INFO - Transformasi dan load data selesai.
[2025-02-04T02:38:38.393+0000] {python.py:240} INFO - Done. Returned value was: None
[2025-02-04T02:38:38.411+0000] {taskinstance.py:340} INFO - ::group::Post task execution logs
[2025-02-04T02:38:38.412+0000] {taskinstance.py:352} INFO - Marking task as SUCCESS. dag_id=etl_movies_csv, task_id=transform_and_load, run_id=scheduled__2025-02-03T00:00:00+00:00, execution_date=20250203T000000, start_date=20250204T023832, end_date=20250204T023838
[2025-02-04T02:38:38.454+0000] {local_task_job_runner.py:266} INFO - Task exited with return code 0
[2025-02-04T02:38:38.461+0000] {taskinstance.py:3895} INFO - 0 downstream tasks scheduled from follow-on schedule check
[2025-02-04T02:38:38.462+0000] {local_task_job_runner.py:245} INFO - ::endgroup::
