[2025-02-10T03:11:35.929+0000] {processor.py:186} INFO - Started process (PID=121) to work on /opt/airflow/dags/welcome_dag.py
[2025-02-10T03:11:35.930+0000] {processor.py:914} INFO - Processing file /opt/airflow/dags/welcome_dag.py for tasks to queue
[2025-02-10T03:11:35.931+0000] {logging_mixin.py:190} INFO - [2025-02-10T03:11:35.931+0000] {dagbag.py:588} INFO - Filling up the DagBag from /opt/airflow/dags/welcome_dag.py
[2025-02-10T03:11:36.217+0000] {processor.py:925} INFO - DAG(s) 'welcome_dag' retrieved from /opt/airflow/dags/welcome_dag.py
[2025-02-10T03:11:36.255+0000] {logging_mixin.py:190} INFO - [2025-02-10T03:11:36.255+0000] {dag.py:3239} INFO - Sync 1 DAGs
[2025-02-10T03:11:36.261+0000] {logging_mixin.py:190} INFO - [2025-02-10T03:11:36.261+0000] {dag.py:4180} INFO - Setting next_dagrun for welcome_dag to 2025-02-09 23:00:00+00:00, run_after=2025-02-10 23:00:00+00:00
[2025-02-10T03:11:36.271+0000] {processor.py:208} INFO - Processing /opt/airflow/dags/welcome_dag.py took 0.348 seconds
[2025-02-10T03:12:06.689+0000] {processor.py:186} INFO - Started process (PID=135) to work on /opt/airflow/dags/welcome_dag.py
[2025-02-10T03:12:06.690+0000] {processor.py:914} INFO - Processing file /opt/airflow/dags/welcome_dag.py for tasks to queue
[2025-02-10T03:12:06.694+0000] {logging_mixin.py:190} INFO - [2025-02-10T03:12:06.693+0000] {dagbag.py:588} INFO - Filling up the DagBag from /opt/airflow/dags/welcome_dag.py
[2025-02-10T03:12:07.040+0000] {processor.py:925} INFO - DAG(s) 'welcome_dag' retrieved from /opt/airflow/dags/welcome_dag.py
[2025-02-10T03:12:07.049+0000] {logging_mixin.py:190} INFO - [2025-02-10T03:12:07.049+0000] {dag.py:3239} INFO - Sync 1 DAGs
[2025-02-10T03:12:07.057+0000] {logging_mixin.py:190} INFO - [2025-02-10T03:12:07.057+0000] {dag.py:4180} INFO - Setting next_dagrun for welcome_dag to 2025-02-09 23:00:00+00:00, run_after=2025-02-10 23:00:00+00:00
[2025-02-10T03:12:07.067+0000] {processor.py:208} INFO - Processing /opt/airflow/dags/welcome_dag.py took 0.384 seconds
[2025-02-10T03:12:38.127+0000] {processor.py:186} INFO - Started process (PID=138) to work on /opt/airflow/dags/welcome_dag.py
[2025-02-10T03:12:38.147+0000] {processor.py:914} INFO - Processing file /opt/airflow/dags/welcome_dag.py for tasks to queue
[2025-02-10T03:12:38.168+0000] {logging_mixin.py:190} INFO - [2025-02-10T03:12:38.167+0000] {dagbag.py:588} INFO - Filling up the DagBag from /opt/airflow/dags/welcome_dag.py
[2025-02-10T03:12:38.571+0000] {processor.py:925} INFO - DAG(s) 'welcome_dag' retrieved from /opt/airflow/dags/welcome_dag.py
[2025-02-10T03:12:38.581+0000] {logging_mixin.py:190} INFO - [2025-02-10T03:12:38.581+0000] {dag.py:3239} INFO - Sync 1 DAGs
[2025-02-10T03:12:38.590+0000] {logging_mixin.py:190} INFO - [2025-02-10T03:12:38.590+0000] {dag.py:4180} INFO - Setting next_dagrun for welcome_dag to 2025-02-09 23:00:00+00:00, run_after=2025-02-10 23:00:00+00:00
[2025-02-10T03:12:38.599+0000] {processor.py:208} INFO - Processing /opt/airflow/dags/welcome_dag.py took 0.482 seconds
[2025-02-10T03:13:09.539+0000] {processor.py:186} INFO - Started process (PID=141) to work on /opt/airflow/dags/welcome_dag.py
[2025-02-10T03:13:09.541+0000] {processor.py:914} INFO - Processing file /opt/airflow/dags/welcome_dag.py for tasks to queue
[2025-02-10T03:13:09.546+0000] {logging_mixin.py:190} INFO - [2025-02-10T03:13:09.545+0000] {dagbag.py:588} INFO - Filling up the DagBag from /opt/airflow/dags/welcome_dag.py
[2025-02-10T03:13:09.806+0000] {processor.py:925} INFO - DAG(s) 'welcome_dag' retrieved from /opt/airflow/dags/welcome_dag.py
[2025-02-10T03:13:09.814+0000] {logging_mixin.py:190} INFO - [2025-02-10T03:13:09.814+0000] {dag.py:3239} INFO - Sync 1 DAGs
[2025-02-10T03:13:09.822+0000] {logging_mixin.py:190} INFO - [2025-02-10T03:13:09.822+0000] {dag.py:4180} INFO - Setting next_dagrun for welcome_dag to 2025-02-09 23:00:00+00:00, run_after=2025-02-10 23:00:00+00:00
[2025-02-10T03:13:09.831+0000] {processor.py:208} INFO - Processing /opt/airflow/dags/welcome_dag.py took 0.302 seconds
[2025-02-10T03:13:40.007+0000] {processor.py:186} INFO - Started process (PID=144) to work on /opt/airflow/dags/welcome_dag.py
[2025-02-10T03:13:40.008+0000] {processor.py:914} INFO - Processing file /opt/airflow/dags/welcome_dag.py for tasks to queue
[2025-02-10T03:13:40.011+0000] {logging_mixin.py:190} INFO - [2025-02-10T03:13:40.010+0000] {dagbag.py:588} INFO - Filling up the DagBag from /opt/airflow/dags/welcome_dag.py
[2025-02-10T03:13:40.365+0000] {processor.py:925} INFO - DAG(s) 'welcome_dag' retrieved from /opt/airflow/dags/welcome_dag.py
[2025-02-10T03:13:40.374+0000] {logging_mixin.py:190} INFO - [2025-02-10T03:13:40.374+0000] {dag.py:3239} INFO - Sync 1 DAGs
[2025-02-10T03:13:40.382+0000] {logging_mixin.py:190} INFO - [2025-02-10T03:13:40.382+0000] {dag.py:4180} INFO - Setting next_dagrun for welcome_dag to 2025-02-09 23:00:00+00:00, run_after=2025-02-10 23:00:00+00:00
[2025-02-10T03:13:40.391+0000] {processor.py:208} INFO - Processing /opt/airflow/dags/welcome_dag.py took 0.393 seconds
[2025-02-10T03:14:10.611+0000] {processor.py:186} INFO - Started process (PID=147) to work on /opt/airflow/dags/welcome_dag.py
[2025-02-10T03:14:10.612+0000] {processor.py:914} INFO - Processing file /opt/airflow/dags/welcome_dag.py for tasks to queue
[2025-02-10T03:14:10.613+0000] {logging_mixin.py:190} INFO - [2025-02-10T03:14:10.613+0000] {dagbag.py:588} INFO - Filling up the DagBag from /opt/airflow/dags/welcome_dag.py
[2025-02-10T03:14:10.841+0000] {processor.py:925} INFO - DAG(s) 'welcome_dag' retrieved from /opt/airflow/dags/welcome_dag.py
[2025-02-10T03:14:10.849+0000] {logging_mixin.py:190} INFO - [2025-02-10T03:14:10.849+0000] {dag.py:3239} INFO - Sync 1 DAGs
[2025-02-10T03:14:10.856+0000] {logging_mixin.py:190} INFO - [2025-02-10T03:14:10.856+0000] {dag.py:4180} INFO - Setting next_dagrun for welcome_dag to 2025-02-09 23:00:00+00:00, run_after=2025-02-10 23:00:00+00:00
[2025-02-10T03:14:10.865+0000] {processor.py:208} INFO - Processing /opt/airflow/dags/welcome_dag.py took 0.257 seconds
[2025-02-10T03:14:41.141+0000] {processor.py:186} INFO - Started process (PID=150) to work on /opt/airflow/dags/welcome_dag.py
[2025-02-10T03:14:41.142+0000] {processor.py:914} INFO - Processing file /opt/airflow/dags/welcome_dag.py for tasks to queue
[2025-02-10T03:14:41.146+0000] {logging_mixin.py:190} INFO - [2025-02-10T03:14:41.145+0000] {dagbag.py:588} INFO - Filling up the DagBag from /opt/airflow/dags/welcome_dag.py
[2025-02-10T03:14:41.494+0000] {processor.py:925} INFO - DAG(s) 'welcome_dag' retrieved from /opt/airflow/dags/welcome_dag.py
[2025-02-10T03:14:41.504+0000] {logging_mixin.py:190} INFO - [2025-02-10T03:14:41.503+0000] {dag.py:3239} INFO - Sync 1 DAGs
[2025-02-10T03:14:41.512+0000] {logging_mixin.py:190} INFO - [2025-02-10T03:14:41.512+0000] {dag.py:4180} INFO - Setting next_dagrun for welcome_dag to 2025-02-09 23:00:00+00:00, run_after=2025-02-10 23:00:00+00:00
[2025-02-10T03:14:41.522+0000] {processor.py:208} INFO - Processing /opt/airflow/dags/welcome_dag.py took 0.390 seconds
[2025-02-10T03:15:11.746+0000] {processor.py:186} INFO - Started process (PID=153) to work on /opt/airflow/dags/welcome_dag.py
[2025-02-10T03:15:11.747+0000] {processor.py:914} INFO - Processing file /opt/airflow/dags/welcome_dag.py for tasks to queue
[2025-02-10T03:15:11.755+0000] {logging_mixin.py:190} INFO - [2025-02-10T03:15:11.754+0000] {dagbag.py:588} INFO - Filling up the DagBag from /opt/airflow/dags/welcome_dag.py
[2025-02-10T03:15:12.030+0000] {processor.py:925} INFO - DAG(s) 'welcome_dag' retrieved from /opt/airflow/dags/welcome_dag.py
[2025-02-10T03:15:12.037+0000] {logging_mixin.py:190} INFO - [2025-02-10T03:15:12.037+0000] {dag.py:3239} INFO - Sync 1 DAGs
[2025-02-10T03:15:12.045+0000] {logging_mixin.py:190} INFO - [2025-02-10T03:15:12.045+0000] {dag.py:4180} INFO - Setting next_dagrun for welcome_dag to 2025-02-09 23:00:00+00:00, run_after=2025-02-10 23:00:00+00:00
[2025-02-10T03:15:12.055+0000] {processor.py:208} INFO - Processing /opt/airflow/dags/welcome_dag.py took 0.320 seconds
[2025-02-10T03:15:42.365+0000] {processor.py:186} INFO - Started process (PID=156) to work on /opt/airflow/dags/welcome_dag.py
[2025-02-10T03:15:42.366+0000] {processor.py:914} INFO - Processing file /opt/airflow/dags/welcome_dag.py for tasks to queue
[2025-02-10T03:15:42.370+0000] {logging_mixin.py:190} INFO - [2025-02-10T03:15:42.369+0000] {dagbag.py:588} INFO - Filling up the DagBag from /opt/airflow/dags/welcome_dag.py
[2025-02-10T03:15:42.767+0000] {processor.py:925} INFO - DAG(s) 'welcome_dag' retrieved from /opt/airflow/dags/welcome_dag.py
[2025-02-10T03:15:42.776+0000] {logging_mixin.py:190} INFO - [2025-02-10T03:15:42.775+0000] {dag.py:3239} INFO - Sync 1 DAGs
[2025-02-10T03:15:42.784+0000] {logging_mixin.py:190} INFO - [2025-02-10T03:15:42.783+0000] {dag.py:4180} INFO - Setting next_dagrun for welcome_dag to 2025-02-09 23:00:00+00:00, run_after=2025-02-10 23:00:00+00:00
[2025-02-10T03:15:42.794+0000] {processor.py:208} INFO - Processing /opt/airflow/dags/welcome_dag.py took 0.442 seconds
[2025-02-10T03:16:13.018+0000] {processor.py:186} INFO - Started process (PID=170) to work on /opt/airflow/dags/welcome_dag.py
[2025-02-10T03:16:13.019+0000] {processor.py:914} INFO - Processing file /opt/airflow/dags/welcome_dag.py for tasks to queue
[2025-02-10T03:16:13.022+0000] {logging_mixin.py:190} INFO - [2025-02-10T03:16:13.021+0000] {dagbag.py:588} INFO - Filling up the DagBag from /opt/airflow/dags/welcome_dag.py
[2025-02-10T03:16:13.240+0000] {processor.py:925} INFO - DAG(s) 'welcome_dag' retrieved from /opt/airflow/dags/welcome_dag.py
[2025-02-10T03:16:13.246+0000] {logging_mixin.py:190} INFO - [2025-02-10T03:16:13.246+0000] {dag.py:3239} INFO - Sync 1 DAGs
[2025-02-10T03:16:13.253+0000] {logging_mixin.py:190} INFO - [2025-02-10T03:16:13.253+0000] {dag.py:4180} INFO - Setting next_dagrun for welcome_dag to 2025-02-09 23:00:00+00:00, run_after=2025-02-10 23:00:00+00:00
[2025-02-10T03:16:13.262+0000] {processor.py:208} INFO - Processing /opt/airflow/dags/welcome_dag.py took 0.250 seconds
[2025-02-10T03:16:43.446+0000] {processor.py:186} INFO - Started process (PID=173) to work on /opt/airflow/dags/welcome_dag.py
[2025-02-10T03:16:43.448+0000] {processor.py:914} INFO - Processing file /opt/airflow/dags/welcome_dag.py for tasks to queue
[2025-02-10T03:16:43.451+0000] {logging_mixin.py:190} INFO - [2025-02-10T03:16:43.450+0000] {dagbag.py:588} INFO - Filling up the DagBag from /opt/airflow/dags/welcome_dag.py
[2025-02-10T03:16:43.667+0000] {processor.py:925} INFO - DAG(s) 'welcome_dag' retrieved from /opt/airflow/dags/welcome_dag.py
[2025-02-10T03:16:43.675+0000] {logging_mixin.py:190} INFO - [2025-02-10T03:16:43.675+0000] {dag.py:3239} INFO - Sync 1 DAGs
[2025-02-10T03:16:43.683+0000] {logging_mixin.py:190} INFO - [2025-02-10T03:16:43.683+0000] {dag.py:4180} INFO - Setting next_dagrun for welcome_dag to 2025-02-09 23:00:00+00:00, run_after=2025-02-10 23:00:00+00:00
[2025-02-10T03:16:43.692+0000] {processor.py:208} INFO - Processing /opt/airflow/dags/welcome_dag.py took 0.251 seconds
[2025-02-10T03:17:15.189+0000] {processor.py:186} INFO - Started process (PID=176) to work on /opt/airflow/dags/welcome_dag.py
[2025-02-10T03:17:15.190+0000] {processor.py:914} INFO - Processing file /opt/airflow/dags/welcome_dag.py for tasks to queue
[2025-02-10T03:17:15.192+0000] {logging_mixin.py:190} INFO - [2025-02-10T03:17:15.192+0000] {dagbag.py:588} INFO - Filling up the DagBag from /opt/airflow/dags/welcome_dag.py
[2025-02-10T03:17:15.406+0000] {processor.py:925} INFO - DAG(s) 'welcome_dag' retrieved from /opt/airflow/dags/welcome_dag.py
[2025-02-10T03:17:15.413+0000] {logging_mixin.py:190} INFO - [2025-02-10T03:17:15.413+0000] {dag.py:3239} INFO - Sync 1 DAGs
[2025-02-10T03:17:15.420+0000] {logging_mixin.py:190} INFO - [2025-02-10T03:17:15.420+0000] {dag.py:4180} INFO - Setting next_dagrun for welcome_dag to 2025-02-09 23:00:00+00:00, run_after=2025-02-10 23:00:00+00:00
[2025-02-10T03:17:15.429+0000] {processor.py:208} INFO - Processing /opt/airflow/dags/welcome_dag.py took 0.244 seconds
[2025-02-10T03:17:45.696+0000] {processor.py:186} INFO - Started process (PID=179) to work on /opt/airflow/dags/welcome_dag.py
[2025-02-10T03:17:45.697+0000] {processor.py:914} INFO - Processing file /opt/airflow/dags/welcome_dag.py for tasks to queue
[2025-02-10T03:17:45.700+0000] {logging_mixin.py:190} INFO - [2025-02-10T03:17:45.699+0000] {dagbag.py:588} INFO - Filling up the DagBag from /opt/airflow/dags/welcome_dag.py
[2025-02-10T03:17:45.918+0000] {processor.py:925} INFO - DAG(s) 'welcome_dag' retrieved from /opt/airflow/dags/welcome_dag.py
[2025-02-10T03:17:45.925+0000] {logging_mixin.py:190} INFO - [2025-02-10T03:17:45.925+0000] {dag.py:3239} INFO - Sync 1 DAGs
[2025-02-10T03:17:45.932+0000] {logging_mixin.py:190} INFO - [2025-02-10T03:17:45.932+0000] {dag.py:4180} INFO - Setting next_dagrun for welcome_dag to 2025-02-09 23:00:00+00:00, run_after=2025-02-10 23:00:00+00:00
[2025-02-10T03:17:45.941+0000] {processor.py:208} INFO - Processing /opt/airflow/dags/welcome_dag.py took 0.251 seconds
[2025-02-10T03:18:16.124+0000] {processor.py:186} INFO - Started process (PID=182) to work on /opt/airflow/dags/welcome_dag.py
[2025-02-10T03:18:16.125+0000] {processor.py:914} INFO - Processing file /opt/airflow/dags/welcome_dag.py for tasks to queue
[2025-02-10T03:18:16.128+0000] {logging_mixin.py:190} INFO - [2025-02-10T03:18:16.127+0000] {dagbag.py:588} INFO - Filling up the DagBag from /opt/airflow/dags/welcome_dag.py
[2025-02-10T03:18:16.467+0000] {processor.py:925} INFO - DAG(s) 'welcome_dag' retrieved from /opt/airflow/dags/welcome_dag.py
[2025-02-10T03:18:16.475+0000] {logging_mixin.py:190} INFO - [2025-02-10T03:18:16.475+0000] {dag.py:3239} INFO - Sync 1 DAGs
[2025-02-10T03:18:16.484+0000] {logging_mixin.py:190} INFO - [2025-02-10T03:18:16.484+0000] {dag.py:4180} INFO - Setting next_dagrun for welcome_dag to 2025-02-09 23:00:00+00:00, run_after=2025-02-10 23:00:00+00:00
[2025-02-10T03:18:16.499+0000] {processor.py:208} INFO - Processing /opt/airflow/dags/welcome_dag.py took 0.382 seconds
[2025-02-10T03:18:46.628+0000] {processor.py:186} INFO - Started process (PID=185) to work on /opt/airflow/dags/welcome_dag.py
[2025-02-10T03:18:46.629+0000] {processor.py:914} INFO - Processing file /opt/airflow/dags/welcome_dag.py for tasks to queue
[2025-02-10T03:18:46.631+0000] {logging_mixin.py:190} INFO - [2025-02-10T03:18:46.630+0000] {dagbag.py:588} INFO - Filling up the DagBag from /opt/airflow/dags/welcome_dag.py
[2025-02-10T03:18:46.840+0000] {processor.py:925} INFO - DAG(s) 'welcome_dag' retrieved from /opt/airflow/dags/welcome_dag.py
[2025-02-10T03:18:46.848+0000] {logging_mixin.py:190} INFO - [2025-02-10T03:18:46.848+0000] {dag.py:3239} INFO - Sync 1 DAGs
[2025-02-10T03:18:46.855+0000] {logging_mixin.py:190} INFO - [2025-02-10T03:18:46.855+0000] {dag.py:4180} INFO - Setting next_dagrun for welcome_dag to 2025-02-09 23:00:00+00:00, run_after=2025-02-10 23:00:00+00:00
[2025-02-10T03:18:46.863+0000] {processor.py:208} INFO - Processing /opt/airflow/dags/welcome_dag.py took 0.241 seconds
[2025-02-10T03:19:17.027+0000] {processor.py:186} INFO - Started process (PID=188) to work on /opt/airflow/dags/welcome_dag.py
[2025-02-10T03:19:17.027+0000] {processor.py:914} INFO - Processing file /opt/airflow/dags/welcome_dag.py for tasks to queue
[2025-02-10T03:19:17.029+0000] {logging_mixin.py:190} INFO - [2025-02-10T03:19:17.028+0000] {dagbag.py:588} INFO - Filling up the DagBag from /opt/airflow/dags/welcome_dag.py
[2025-02-10T03:19:17.247+0000] {processor.py:925} INFO - DAG(s) 'welcome_dag' retrieved from /opt/airflow/dags/welcome_dag.py
[2025-02-10T03:19:17.254+0000] {logging_mixin.py:190} INFO - [2025-02-10T03:19:17.254+0000] {dag.py:3239} INFO - Sync 1 DAGs
[2025-02-10T03:19:17.262+0000] {logging_mixin.py:190} INFO - [2025-02-10T03:19:17.262+0000] {dag.py:4180} INFO - Setting next_dagrun for welcome_dag to 2025-02-09 23:00:00+00:00, run_after=2025-02-10 23:00:00+00:00
[2025-02-10T03:19:17.271+0000] {processor.py:208} INFO - Processing /opt/airflow/dags/welcome_dag.py took 0.248 seconds
[2025-02-10T03:19:47.439+0000] {processor.py:186} INFO - Started process (PID=191) to work on /opt/airflow/dags/welcome_dag.py
[2025-02-10T03:19:47.440+0000] {processor.py:914} INFO - Processing file /opt/airflow/dags/welcome_dag.py for tasks to queue
[2025-02-10T03:19:47.442+0000] {logging_mixin.py:190} INFO - [2025-02-10T03:19:47.441+0000] {dagbag.py:588} INFO - Filling up the DagBag from /opt/airflow/dags/welcome_dag.py
[2025-02-10T03:19:47.690+0000] {processor.py:925} INFO - DAG(s) 'welcome_dag' retrieved from /opt/airflow/dags/welcome_dag.py
[2025-02-10T03:19:47.697+0000] {logging_mixin.py:190} INFO - [2025-02-10T03:19:47.697+0000] {dag.py:3239} INFO - Sync 1 DAGs
[2025-02-10T03:19:47.704+0000] {logging_mixin.py:190} INFO - [2025-02-10T03:19:47.704+0000] {dag.py:4180} INFO - Setting next_dagrun for welcome_dag to 2025-02-09 23:00:00+00:00, run_after=2025-02-10 23:00:00+00:00
[2025-02-10T03:19:47.713+0000] {processor.py:208} INFO - Processing /opt/airflow/dags/welcome_dag.py took 0.282 seconds
[2025-02-10T03:20:17.850+0000] {processor.py:186} INFO - Started process (PID=194) to work on /opt/airflow/dags/welcome_dag.py
[2025-02-10T03:20:17.851+0000] {processor.py:914} INFO - Processing file /opt/airflow/dags/welcome_dag.py for tasks to queue
[2025-02-10T03:20:17.852+0000] {logging_mixin.py:190} INFO - [2025-02-10T03:20:17.852+0000] {dagbag.py:588} INFO - Filling up the DagBag from /opt/airflow/dags/welcome_dag.py
[2025-02-10T03:20:18.094+0000] {processor.py:925} INFO - DAG(s) 'welcome_dag' retrieved from /opt/airflow/dags/welcome_dag.py
[2025-02-10T03:20:18.102+0000] {logging_mixin.py:190} INFO - [2025-02-10T03:20:18.102+0000] {dag.py:3239} INFO - Sync 1 DAGs
[2025-02-10T03:20:18.109+0000] {logging_mixin.py:190} INFO - [2025-02-10T03:20:18.109+0000] {dag.py:4180} INFO - Setting next_dagrun for welcome_dag to 2025-02-09 23:00:00+00:00, run_after=2025-02-10 23:00:00+00:00
[2025-02-10T03:20:18.118+0000] {processor.py:208} INFO - Processing /opt/airflow/dags/welcome_dag.py took 0.273 seconds
[2025-02-10T03:20:49.644+0000] {processor.py:186} INFO - Started process (PID=197) to work on /opt/airflow/dags/welcome_dag.py
[2025-02-10T03:20:49.645+0000] {processor.py:914} INFO - Processing file /opt/airflow/dags/welcome_dag.py for tasks to queue
[2025-02-10T03:20:49.647+0000] {logging_mixin.py:190} INFO - [2025-02-10T03:20:49.647+0000] {dagbag.py:588} INFO - Filling up the DagBag from /opt/airflow/dags/welcome_dag.py
[2025-02-10T03:20:49.863+0000] {processor.py:925} INFO - DAG(s) 'welcome_dag' retrieved from /opt/airflow/dags/welcome_dag.py
[2025-02-10T03:20:49.870+0000] {logging_mixin.py:190} INFO - [2025-02-10T03:20:49.870+0000] {dag.py:3239} INFO - Sync 1 DAGs
[2025-02-10T03:20:49.878+0000] {logging_mixin.py:190} INFO - [2025-02-10T03:20:49.878+0000] {dag.py:4180} INFO - Setting next_dagrun for welcome_dag to 2025-02-09 23:00:00+00:00, run_after=2025-02-10 23:00:00+00:00
[2025-02-10T03:20:49.886+0000] {processor.py:208} INFO - Processing /opt/airflow/dags/welcome_dag.py took 0.247 seconds
[2025-02-10T03:21:20.047+0000] {processor.py:186} INFO - Started process (PID=200) to work on /opt/airflow/dags/welcome_dag.py
[2025-02-10T03:21:20.048+0000] {processor.py:914} INFO - Processing file /opt/airflow/dags/welcome_dag.py for tasks to queue
[2025-02-10T03:21:20.050+0000] {logging_mixin.py:190} INFO - [2025-02-10T03:21:20.049+0000] {dagbag.py:588} INFO - Filling up the DagBag from /opt/airflow/dags/welcome_dag.py
[2025-02-10T03:21:20.254+0000] {processor.py:925} INFO - DAG(s) 'welcome_dag' retrieved from /opt/airflow/dags/welcome_dag.py
[2025-02-10T03:21:20.261+0000] {logging_mixin.py:190} INFO - [2025-02-10T03:21:20.261+0000] {dag.py:3239} INFO - Sync 1 DAGs
[2025-02-10T03:21:20.268+0000] {logging_mixin.py:190} INFO - [2025-02-10T03:21:20.268+0000] {dag.py:4180} INFO - Setting next_dagrun for welcome_dag to 2025-02-09 23:00:00+00:00, run_after=2025-02-10 23:00:00+00:00
[2025-02-10T03:21:20.277+0000] {processor.py:208} INFO - Processing /opt/airflow/dags/welcome_dag.py took 0.234 seconds
[2025-02-10T03:21:51.775+0000] {processor.py:186} INFO - Started process (PID=203) to work on /opt/airflow/dags/welcome_dag.py
[2025-02-10T03:21:51.776+0000] {processor.py:914} INFO - Processing file /opt/airflow/dags/welcome_dag.py for tasks to queue
[2025-02-10T03:21:51.778+0000] {logging_mixin.py:190} INFO - [2025-02-10T03:21:51.778+0000] {dagbag.py:588} INFO - Filling up the DagBag from /opt/airflow/dags/welcome_dag.py
[2025-02-10T03:21:51.981+0000] {processor.py:925} INFO - DAG(s) 'welcome_dag' retrieved from /opt/airflow/dags/welcome_dag.py
[2025-02-10T03:21:51.988+0000] {logging_mixin.py:190} INFO - [2025-02-10T03:21:51.988+0000] {dag.py:3239} INFO - Sync 1 DAGs
[2025-02-10T03:21:51.996+0000] {logging_mixin.py:190} INFO - [2025-02-10T03:21:51.996+0000] {dag.py:4180} INFO - Setting next_dagrun for welcome_dag to 2025-02-09 23:00:00+00:00, run_after=2025-02-10 23:00:00+00:00
[2025-02-10T03:21:52.004+0000] {processor.py:208} INFO - Processing /opt/airflow/dags/welcome_dag.py took 0.234 seconds
[2025-02-10T03:22:22.350+0000] {processor.py:186} INFO - Started process (PID=206) to work on /opt/airflow/dags/welcome_dag.py
[2025-02-10T03:22:22.350+0000] {processor.py:914} INFO - Processing file /opt/airflow/dags/welcome_dag.py for tasks to queue
[2025-02-10T03:22:22.352+0000] {logging_mixin.py:190} INFO - [2025-02-10T03:22:22.352+0000] {dagbag.py:588} INFO - Filling up the DagBag from /opt/airflow/dags/welcome_dag.py
[2025-02-10T03:22:22.570+0000] {processor.py:925} INFO - DAG(s) 'welcome_dag' retrieved from /opt/airflow/dags/welcome_dag.py
[2025-02-10T03:22:22.577+0000] {logging_mixin.py:190} INFO - [2025-02-10T03:22:22.577+0000] {dag.py:3239} INFO - Sync 1 DAGs
[2025-02-10T03:22:22.585+0000] {logging_mixin.py:190} INFO - [2025-02-10T03:22:22.585+0000] {dag.py:4180} INFO - Setting next_dagrun for welcome_dag to 2025-02-09 23:00:00+00:00, run_after=2025-02-10 23:00:00+00:00
[2025-02-10T03:22:22.593+0000] {processor.py:208} INFO - Processing /opt/airflow/dags/welcome_dag.py took 0.250 seconds
[2025-02-10T03:22:53.016+0000] {processor.py:186} INFO - Started process (PID=209) to work on /opt/airflow/dags/welcome_dag.py
[2025-02-10T03:22:53.018+0000] {processor.py:914} INFO - Processing file /opt/airflow/dags/welcome_dag.py for tasks to queue
[2025-02-10T03:22:53.021+0000] {logging_mixin.py:190} INFO - [2025-02-10T03:22:53.020+0000] {dagbag.py:588} INFO - Filling up the DagBag from /opt/airflow/dags/welcome_dag.py
[2025-02-10T03:22:53.241+0000] {processor.py:925} INFO - DAG(s) 'welcome_dag' retrieved from /opt/airflow/dags/welcome_dag.py
[2025-02-10T03:22:53.249+0000] {logging_mixin.py:190} INFO - [2025-02-10T03:22:53.249+0000] {dag.py:3239} INFO - Sync 1 DAGs
[2025-02-10T03:22:53.256+0000] {logging_mixin.py:190} INFO - [2025-02-10T03:22:53.256+0000] {dag.py:4180} INFO - Setting next_dagrun for welcome_dag to 2025-02-09 23:00:00+00:00, run_after=2025-02-10 23:00:00+00:00
[2025-02-10T03:22:53.264+0000] {processor.py:208} INFO - Processing /opt/airflow/dags/welcome_dag.py took 0.256 seconds
[2025-02-10T03:23:23.555+0000] {processor.py:186} INFO - Started process (PID=212) to work on /opt/airflow/dags/welcome_dag.py
[2025-02-10T03:23:23.556+0000] {processor.py:914} INFO - Processing file /opt/airflow/dags/welcome_dag.py for tasks to queue
[2025-02-10T03:23:23.558+0000] {logging_mixin.py:190} INFO - [2025-02-10T03:23:23.558+0000] {dagbag.py:588} INFO - Filling up the DagBag from /opt/airflow/dags/welcome_dag.py
[2025-02-10T03:23:23.772+0000] {processor.py:925} INFO - DAG(s) 'welcome_dag' retrieved from /opt/airflow/dags/welcome_dag.py
[2025-02-10T03:23:23.779+0000] {logging_mixin.py:190} INFO - [2025-02-10T03:23:23.779+0000] {dag.py:3239} INFO - Sync 1 DAGs
[2025-02-10T03:23:23.786+0000] {logging_mixin.py:190} INFO - [2025-02-10T03:23:23.786+0000] {dag.py:4180} INFO - Setting next_dagrun for welcome_dag to 2025-02-09 23:00:00+00:00, run_after=2025-02-10 23:00:00+00:00
[2025-02-10T03:23:23.794+0000] {processor.py:208} INFO - Processing /opt/airflow/dags/welcome_dag.py took 0.247 seconds
