[2025-02-10T03:11:14.797+0000] {local_task_job_runner.py:123} INFO - ::group::Pre task execution logs
[2025-02-10T03:11:14.850+0000] {taskinstance.py:2613} INFO - Dependencies all met for dep_context=non-requeueable deps ti=<TaskInstance: etl_movies_csv.transform_and_load scheduled__2025-02-06T00:00:00+00:00 [queued]>
[2025-02-10T03:11:14.856+0000] {taskinstance.py:2613} INFO - Dependencies all met for dep_context=requeueable deps ti=<TaskInstance: etl_movies_csv.transform_and_load scheduled__2025-02-06T00:00:00+00:00 [queued]>
[2025-02-10T03:11:14.856+0000] {taskinstance.py:2866} INFO - Starting attempt 1 of 2
[2025-02-10T03:11:14.865+0000] {taskinstance.py:2889} INFO - Executing <Task(PythonOperator): transform_and_load> on 2025-02-06 00:00:00+00:00
[2025-02-10T03:11:14.867+0000] {standard_task_runner.py:72} INFO - Started process 119 to run task
[2025-02-10T03:11:14.868+0000] {standard_task_runner.py:104} INFO - Running: ['airflow', 'tasks', 'run', 'etl_movies_csv', 'transform_and_load', 'scheduled__2025-02-06T00:00:00+00:00', '--job-id', '126', '--raw', '--subdir', 'DAGS_FOLDER/etl_movies_csv.py', '--cfg-path', '/tmp/tmpvefyrc_5']
[2025-02-10T03:11:14.869+0000] {standard_task_runner.py:105} INFO - Job 126: Subtask transform_and_load
[2025-02-10T03:11:14.888+0000] {task_command.py:467} INFO - Running <TaskInstance: etl_movies_csv.transform_and_load scheduled__2025-02-06T00:00:00+00:00 [running]> on host 76fb3969a3aa
[2025-02-10T03:11:14.914+0000] {taskinstance.py:3132} INFO - Exporting env vars: AIRFLOW_CTX_DAG_OWNER='airflow' AIRFLOW_CTX_DAG_ID='etl_movies_csv' AIRFLOW_CTX_TASK_ID='transform_and_load' AIRFLOW_CTX_EXECUTION_DATE='2025-02-06T00:00:00+00:00' AIRFLOW_CTX_TRY_NUMBER='1' AIRFLOW_CTX_DAG_RUN_ID='scheduled__2025-02-06T00:00:00+00:00'
[2025-02-10T03:11:14.914+0000] {taskinstance.py:731} INFO - ::endgroup::
[2025-02-10T03:11:14.919+0000] {etl_movies_csv.py:66} INFO - Memulai proses transformasi data...
[2025-02-10T03:11:15.253+0000] {logging_mixin.py:190} WARNING - /opt/airflow/dags/etl_movies_csv.py:69 UserWarning: pandas only supports SQLAlchemy connectable (engine/connection) or database string URI or sqlite3 DBAPI2 connection. Other DBAPI2 objects are not tested. Please consider using SQLAlchemy.
[2025-02-10T03:11:35.346+0000] {etl_movies_csv.py:88} INFO - Transformasi dan load data selesai.
[2025-02-10T03:11:35.372+0000] {python.py:240} INFO - Done. Returned value was: None
[2025-02-10T03:11:35.388+0000] {taskinstance.py:340} INFO - ::group::Post task execution logs
[2025-02-10T03:11:35.389+0000] {taskinstance.py:352} INFO - Marking task as SUCCESS. dag_id=etl_movies_csv, task_id=transform_and_load, run_id=scheduled__2025-02-06T00:00:00+00:00, execution_date=20250206T000000, start_date=20250210T031114, end_date=20250210T031135
[2025-02-10T03:11:35.454+0000] {local_task_job_runner.py:266} INFO - Task exited with return code 0
[2025-02-10T03:11:35.469+0000] {taskinstance.py:3895} INFO - 0 downstream tasks scheduled from follow-on schedule check
[2025-02-10T03:11:35.470+0000] {local_task_job_runner.py:245} INFO - ::endgroup::
