[2025-02-03T07:38:44.027+0000] {local_task_job_runner.py:123} INFO - ::group::Pre task execution logs
[2025-02-03T07:38:44.032+0000] {taskinstance.py:2613} INFO - Dependencies all met for dep_context=non-requeueable deps ti=<TaskInstance: etl_movies_sp.load_to_staging manual__2025-02-03T07:07:42.330313+00:00 [queued]>
[2025-02-03T07:38:44.035+0000] {taskinstance.py:2613} INFO - Dependencies all met for dep_context=requeueable deps ti=<TaskInstance: etl_movies_sp.load_to_staging manual__2025-02-03T07:07:42.330313+00:00 [queued]>
[2025-02-03T07:38:44.035+0000] {taskinstance.py:2866} INFO - Starting attempt 1 of 2
[2025-02-03T07:38:44.043+0000] {taskinstance.py:2889} INFO - Executing <Task(PythonOperator): load_to_staging> on 2025-02-03 07:07:42.330313+00:00
[2025-02-03T07:38:44.056+0000] {standard_task_runner.py:72} INFO - Started process 735 to run task
[2025-02-03T07:38:44.064+0000] {standard_task_runner.py:104} INFO - Running: ['airflow', 'tasks', 'run', 'etl_movies_sp', 'load_to_staging', 'manual__2025-02-03T07:07:42.330313+00:00', '--job-id', '94', '--raw', '--subdir', 'DAGS_FOLDER/etl_movies_sp.py', '--cfg-path', '/tmp/tmp97kcw8qq']
[2025-02-03T07:38:44.067+0000] {standard_task_runner.py:105} INFO - Job 94: Subtask load_to_staging
[2025-02-03T07:38:44.096+0000] {task_command.py:467} INFO - Running <TaskInstance: etl_movies_sp.load_to_staging manual__2025-02-03T07:07:42.330313+00:00 [running]> on host 76fb3969a3aa
[2025-02-03T07:38:44.137+0000] {taskinstance.py:3132} INFO - Exporting env vars: AIRFLOW_CTX_DAG_OWNER='airflow' AIRFLOW_CTX_DAG_ID='etl_movies_sp' AIRFLOW_CTX_TASK_ID='load_to_staging' AIRFLOW_CTX_EXECUTION_DATE='2025-02-03T07:07:42.330313+00:00' AIRFLOW_CTX_TRY_NUMBER='1' AIRFLOW_CTX_DAG_RUN_ID='manual__2025-02-03T07:07:42.330313+00:00'
[2025-02-03T07:38:44.138+0000] {taskinstance.py:731} INFO - ::endgroup::
[2025-02-03T07:38:44.154+0000] {etl_movies_sp.py:41} INFO - Loading data ke staging...
[2025-02-03T07:39:01.910+0000] {etl_movies_sp.py:58} INFO - Jumlah NaN per kolom sebelum insert:
order_id        0
product_code    0
product_name    0
quantity        0
order_date      0
price           0
customer_id     0
dtype: int64
[2025-02-03T07:56:36.870+0000] {etl_movies_sp.py:81} INFO - Data berhasil dimuat ke staging.
[2025-02-03T07:56:37.983+0000] {python.py:240} INFO - Done. Returned value was: None
[2025-02-03T07:56:38.075+0000] {taskinstance.py:340} INFO - ::group::Post task execution logs
[2025-02-03T07:56:38.077+0000] {taskinstance.py:352} INFO - Marking task as SUCCESS. dag_id=etl_movies_sp, task_id=load_to_staging, run_id=manual__2025-02-03T07:07:42.330313+00:00, execution_date=20250203T070742, start_date=20250203T073844, end_date=20250203T075638
[2025-02-03T07:56:38.162+0000] {local_task_job_runner.py:266} INFO - Task exited with return code 0
[2025-02-03T07:56:38.273+0000] {taskinstance.py:3895} INFO - 1 downstream tasks scheduled from follow-on schedule check
[2025-02-03T07:56:38.275+0000] {local_task_job_runner.py:245} INFO - ::endgroup::
