[2025-03-08T03:28:07.235+0000] {local_task_job_runner.py:123} INFO - ::group::Pre task execution logs
[2025-03-08T03:28:07.242+0000] {taskinstance.py:2614} INFO - Dependencies all met for dep_context=non-requeueable deps ti=<TaskInstance: etl_lead_histories.etl_process manual__2025-03-08T03:28:03.051839+00:00 [queued]>
[2025-03-08T03:28:07.246+0000] {taskinstance.py:2614} INFO - Dependencies all met for dep_context=requeueable deps ti=<TaskInstance: etl_lead_histories.etl_process manual__2025-03-08T03:28:03.051839+00:00 [queued]>
[2025-03-08T03:28:07.246+0000] {taskinstance.py:2867} INFO - Starting attempt 1 of 1
[2025-03-08T03:28:07.265+0000] {taskinstance.py:2890} INFO - Executing <Task(PythonOperator): etl_process> on 2025-03-08 03:28:03.051839+00:00
[2025-03-08T03:28:07.297+0000] {standard_task_runner.py:72} INFO - Started process 93 to run task
[2025-03-08T03:28:07.310+0000] {standard_task_runner.py:104} INFO - Running: ['airflow', 'tasks', 'run', 'etl_lead_histories', 'etl_process', 'manual__2025-03-08T03:28:03.051839+00:00', '--job-id', '220', '--raw', '--subdir', 'DAGS_FOLDER/etl-lead-histories.py', '--cfg-path', '/tmp/tmph06s9fah']
[2025-03-08T03:28:07.315+0000] {standard_task_runner.py:105} INFO - Job 220: Subtask etl_process
[2025-03-08T03:28:07.397+0000] {task_command.py:467} INFO - Running <TaskInstance: etl_lead_histories.etl_process manual__2025-03-08T03:28:03.051839+00:00 [running]> on host f646a5b2e9dc
[2025-03-08T03:28:07.440+0000] {taskinstance.py:3134} INFO - Exporting env vars: AIRFLOW_CTX_DAG_OWNER='airflow' AIRFLOW_CTX_DAG_ID='etl_lead_histories' AIRFLOW_CTX_TASK_ID='etl_process' AIRFLOW_CTX_EXECUTION_DATE='2025-03-08T03:28:03.051839+00:00' AIRFLOW_CTX_TRY_NUMBER='1' AIRFLOW_CTX_DAG_RUN_ID='manual__2025-03-08T03:28:03.051839+00:00'
[2025-03-08T03:28:07.442+0000] {taskinstance.py:732} INFO - ::endgroup::
[2025-03-08T03:28:07.472+0000] {etl-lead-histories.py:88} INFO - 🔹 Memastikan tabel tujuan tersedia...
[2025-03-08T03:28:07.472+0000] {etl-lead-histories.py:39} INFO - 🔹 Mengecek apakah tabel lead_histories_cleaned sudah ada di MySQL...
[2025-03-08T03:28:08.733+0000] {etl-lead-histories.py:84} INFO - ✅ Tabel lead_histories_cleaned sudah tersedia atau berhasil dibuat!
[2025-03-08T03:28:08.735+0000] {etl-lead-histories.py:91} INFO - 🔹 Mengambil data dari PostgreSQL...
[2025-03-08T03:29:06.330+0000] {etl-lead-histories.py:102} INFO - ✅ Data berhasil diambil!
[2025-03-08T03:29:06.333+0000] {etl-lead-histories.py:105} INFO - 🔹 Memproses data...
[2025-03-08T03:29:06.763+0000] {etl-lead-histories.py:146} INFO - 🔹 Memeriksa data yang sudah ada di MySQL...
[2025-03-08T03:29:07.281+0000] {etl-lead-histories.py:156} INFO - 🔍 Data baru yang ditemukan: 268342 record(s)
[2025-03-08T03:32:39.783+0000] {etl-lead-histories.py:174} INFO - ✅ 268342 data baru berhasil dimasukkan ke database MySQL!
[2025-03-08T03:32:39.797+0000] {etl-lead-histories.py:180} INFO - ✅ Proses ETL selesai!
[2025-03-08T03:32:40.223+0000] {python.py:240} INFO - Done. Returned value was: None
[2025-03-08T03:32:40.249+0000] {taskinstance.py:341} INFO - ::group::Post task execution logs
[2025-03-08T03:32:40.250+0000] {taskinstance.py:353} INFO - Marking task as SUCCESS. dag_id=etl_lead_histories, task_id=etl_process, run_id=manual__2025-03-08T03:28:03.051839+00:00, execution_date=20250308T032803, start_date=20250308T032807, end_date=20250308T033240
[2025-03-08T03:32:40.339+0000] {local_task_job_runner.py:266} INFO - Task exited with return code 0
[2025-03-08T03:32:40.367+0000] {taskinstance.py:3901} INFO - 0 downstream tasks scheduled from follow-on schedule check
[2025-03-08T03:32:40.368+0000] {local_task_job_runner.py:245} INFO - ::endgroup::
