[2025-02-01T00:04:51.237+0000] {processor.py:186} INFO - Started process (PID=6361) to work on /opt/airflow/dags/etl_movies_sp.py
[2025-02-01T00:04:51.246+0000] {processor.py:914} INFO - Processing file /opt/airflow/dags/etl_movies_sp.py for tasks to queue
[2025-02-01T00:04:51.266+0000] {logging_mixin.py:190} INFO - [2025-02-01T00:04:51.260+0000] {dagbag.py:588} INFO - Filling up the DagBag from /opt/airflow/dags/etl_movies_sp.py
[2025-02-01T00:04:52.598+0000] {processor.py:925} INFO - DAG(s) 'etl_orders' retrieved from /opt/airflow/dags/etl_movies_sp.py
[2025-02-01T00:04:52.619+0000] {logging_mixin.py:190} INFO - [2025-02-01T00:04:52.617+0000] {dag.py:3239} INFO - Sync 1 DAGs
[2025-02-01T00:04:52.632+0000] {logging_mixin.py:190} INFO - [2025-02-01T00:04:52.632+0000] {dag.py:4180} INFO - Setting next_dagrun for etl_orders to 2025-01-31 00:00:00+00:00, run_after=2025-02-01 00:00:00+00:00
[2025-02-01T00:04:52.654+0000] {processor.py:208} INFO - Processing /opt/airflow/dags/etl_movies_sp.py took 1.530 seconds
[2025-02-01T00:06:34.021+0000] {processor.py:186} INFO - Started process (PID=6385) to work on /opt/airflow/dags/etl_movies_sp.py
[2025-02-01T00:06:34.026+0000] {processor.py:914} INFO - Processing file /opt/airflow/dags/etl_movies_sp.py for tasks to queue
[2025-02-01T00:06:34.029+0000] {logging_mixin.py:190} INFO - [2025-02-01T00:06:34.028+0000] {dagbag.py:588} INFO - Filling up the DagBag from /opt/airflow/dags/etl_movies_sp.py
[2025-02-01T00:06:35.256+0000] {processor.py:925} INFO - DAG(s) 'etl_orders' retrieved from /opt/airflow/dags/etl_movies_sp.py
[2025-02-01T00:06:35.269+0000] {logging_mixin.py:190} INFO - [2025-02-01T00:06:35.269+0000] {dag.py:3239} INFO - Sync 1 DAGs
[2025-02-01T00:06:35.277+0000] {logging_mixin.py:190} INFO - [2025-02-01T00:06:35.277+0000] {dag.py:4180} INFO - Setting next_dagrun for etl_orders to 2025-02-01 00:00:00+00:00, run_after=2025-02-02 00:00:00+00:00
[2025-02-01T00:06:35.287+0000] {processor.py:208} INFO - Processing /opt/airflow/dags/etl_movies_sp.py took 1.293 seconds
[2025-02-01T00:07:05.960+0000] {processor.py:186} INFO - Started process (PID=6388) to work on /opt/airflow/dags/etl_movies_sp.py
[2025-02-01T00:07:05.964+0000] {processor.py:914} INFO - Processing file /opt/airflow/dags/etl_movies_sp.py for tasks to queue
[2025-02-01T00:07:05.971+0000] {logging_mixin.py:190} INFO - [2025-02-01T00:07:05.968+0000] {dagbag.py:588} INFO - Filling up the DagBag from /opt/airflow/dags/etl_movies_sp.py
[2025-02-01T00:07:06.699+0000] {processor.py:925} INFO - DAG(s) 'etl_orders' retrieved from /opt/airflow/dags/etl_movies_sp.py
[2025-02-01T00:07:06.733+0000] {logging_mixin.py:190} INFO - [2025-02-01T00:07:06.732+0000] {dag.py:3239} INFO - Sync 1 DAGs
[2025-02-01T00:07:06.760+0000] {logging_mixin.py:190} INFO - [2025-02-01T00:07:06.760+0000] {dag.py:4180} INFO - Setting next_dagrun for etl_orders to 2025-02-01 00:00:00+00:00, run_after=2025-02-02 00:00:00+00:00
[2025-02-01T00:07:06.790+0000] {processor.py:208} INFO - Processing /opt/airflow/dags/etl_movies_sp.py took 0.850 seconds
[2025-02-01T00:07:37.046+0000] {processor.py:186} INFO - Started process (PID=6391) to work on /opt/airflow/dags/etl_movies_sp.py
[2025-02-01T00:07:37.048+0000] {processor.py:914} INFO - Processing file /opt/airflow/dags/etl_movies_sp.py for tasks to queue
[2025-02-01T00:07:37.050+0000] {logging_mixin.py:190} INFO - [2025-02-01T00:07:37.049+0000] {dagbag.py:588} INFO - Filling up the DagBag from /opt/airflow/dags/etl_movies_sp.py
[2025-02-01T00:07:37.672+0000] {processor.py:925} INFO - DAG(s) 'etl_orders' retrieved from /opt/airflow/dags/etl_movies_sp.py
[2025-02-01T00:07:37.682+0000] {logging_mixin.py:190} INFO - [2025-02-01T00:07:37.682+0000] {dag.py:3239} INFO - Sync 1 DAGs
[2025-02-01T00:07:37.690+0000] {logging_mixin.py:190} INFO - [2025-02-01T00:07:37.690+0000] {dag.py:4180} INFO - Setting next_dagrun for etl_orders to 2025-02-01 00:00:00+00:00, run_after=2025-02-02 00:00:00+00:00
[2025-02-01T00:07:37.700+0000] {processor.py:208} INFO - Processing /opt/airflow/dags/etl_movies_sp.py took 0.669 seconds
[2025-02-01T00:08:07.893+0000] {processor.py:186} INFO - Started process (PID=6394) to work on /opt/airflow/dags/etl_movies_sp.py
[2025-02-01T00:08:07.898+0000] {processor.py:914} INFO - Processing file /opt/airflow/dags/etl_movies_sp.py for tasks to queue
[2025-02-01T00:08:07.901+0000] {logging_mixin.py:190} INFO - [2025-02-01T00:08:07.900+0000] {dagbag.py:588} INFO - Filling up the DagBag from /opt/airflow/dags/etl_movies_sp.py
[2025-02-01T00:08:08.565+0000] {processor.py:925} INFO - DAG(s) 'etl_orders' retrieved from /opt/airflow/dags/etl_movies_sp.py
[2025-02-01T00:08:08.578+0000] {logging_mixin.py:190} INFO - [2025-02-01T00:08:08.577+0000] {dag.py:3239} INFO - Sync 1 DAGs
[2025-02-01T00:08:08.588+0000] {logging_mixin.py:190} INFO - [2025-02-01T00:08:08.588+0000] {dag.py:4180} INFO - Setting next_dagrun for etl_orders to 2025-02-01 00:00:00+00:00, run_after=2025-02-02 00:00:00+00:00
[2025-02-01T00:08:08.609+0000] {processor.py:208} INFO - Processing /opt/airflow/dags/etl_movies_sp.py took 0.730 seconds
[2025-02-01T00:08:39.603+0000] {processor.py:186} INFO - Started process (PID=6397) to work on /opt/airflow/dags/etl_movies_sp.py
[2025-02-01T00:08:39.605+0000] {processor.py:914} INFO - Processing file /opt/airflow/dags/etl_movies_sp.py for tasks to queue
[2025-02-01T00:08:39.607+0000] {logging_mixin.py:190} INFO - [2025-02-01T00:08:39.606+0000] {dagbag.py:588} INFO - Filling up the DagBag from /opt/airflow/dags/etl_movies_sp.py
[2025-02-01T00:08:40.313+0000] {processor.py:925} INFO - DAG(s) 'etl_orders' retrieved from /opt/airflow/dags/etl_movies_sp.py
[2025-02-01T00:08:40.326+0000] {logging_mixin.py:190} INFO - [2025-02-01T00:08:40.326+0000] {dag.py:3239} INFO - Sync 1 DAGs
[2025-02-01T00:08:40.337+0000] {logging_mixin.py:190} INFO - [2025-02-01T00:08:40.337+0000] {dag.py:4180} INFO - Setting next_dagrun for etl_orders to 2025-02-01 00:00:00+00:00, run_after=2025-02-02 00:00:00+00:00
[2025-02-01T00:08:40.346+0000] {processor.py:208} INFO - Processing /opt/airflow/dags/etl_movies_sp.py took 0.767 seconds
[2025-02-01T00:09:11.464+0000] {processor.py:186} INFO - Started process (PID=6400) to work on /opt/airflow/dags/etl_movies_sp.py
[2025-02-01T00:09:11.466+0000] {processor.py:914} INFO - Processing file /opt/airflow/dags/etl_movies_sp.py for tasks to queue
[2025-02-01T00:09:11.468+0000] {logging_mixin.py:190} INFO - [2025-02-01T00:09:11.467+0000] {dagbag.py:588} INFO - Filling up the DagBag from /opt/airflow/dags/etl_movies_sp.py
[2025-02-01T00:09:12.058+0000] {processor.py:925} INFO - DAG(s) 'etl_orders' retrieved from /opt/airflow/dags/etl_movies_sp.py
[2025-02-01T00:09:12.076+0000] {logging_mixin.py:190} INFO - [2025-02-01T00:09:12.076+0000] {dag.py:3239} INFO - Sync 1 DAGs
[2025-02-01T00:09:12.084+0000] {logging_mixin.py:190} INFO - [2025-02-01T00:09:12.084+0000] {dag.py:4180} INFO - Setting next_dagrun for etl_orders to 2025-02-01 00:00:00+00:00, run_after=2025-02-02 00:00:00+00:00
[2025-02-01T00:09:12.095+0000] {processor.py:208} INFO - Processing /opt/airflow/dags/etl_movies_sp.py took 0.645 seconds
[2025-02-01T00:09:42.646+0000] {processor.py:186} INFO - Started process (PID=6403) to work on /opt/airflow/dags/etl_movies_sp.py
[2025-02-01T00:09:42.650+0000] {processor.py:914} INFO - Processing file /opt/airflow/dags/etl_movies_sp.py for tasks to queue
[2025-02-01T00:09:42.652+0000] {logging_mixin.py:190} INFO - [2025-02-01T00:09:42.652+0000] {dagbag.py:588} INFO - Filling up the DagBag from /opt/airflow/dags/etl_movies_sp.py
[2025-02-01T00:09:43.234+0000] {processor.py:925} INFO - DAG(s) 'etl_orders' retrieved from /opt/airflow/dags/etl_movies_sp.py
[2025-02-01T00:09:43.245+0000] {logging_mixin.py:190} INFO - [2025-02-01T00:09:43.245+0000] {dag.py:3239} INFO - Sync 1 DAGs
[2025-02-01T00:09:43.252+0000] {logging_mixin.py:190} INFO - [2025-02-01T00:09:43.252+0000] {dag.py:4180} INFO - Setting next_dagrun for etl_orders to 2025-02-01 00:00:00+00:00, run_after=2025-02-02 00:00:00+00:00
[2025-02-01T00:09:43.261+0000] {processor.py:208} INFO - Processing /opt/airflow/dags/etl_movies_sp.py took 0.629 seconds
[2025-02-01T00:10:13.762+0000] {processor.py:186} INFO - Started process (PID=6406) to work on /opt/airflow/dags/etl_movies_sp.py
[2025-02-01T00:10:13.764+0000] {processor.py:914} INFO - Processing file /opt/airflow/dags/etl_movies_sp.py for tasks to queue
[2025-02-01T00:10:13.784+0000] {logging_mixin.py:190} INFO - [2025-02-01T00:10:13.779+0000] {dagbag.py:588} INFO - Filling up the DagBag from /opt/airflow/dags/etl_movies_sp.py
[2025-02-01T00:10:14.520+0000] {processor.py:925} INFO - DAG(s) 'etl_orders' retrieved from /opt/airflow/dags/etl_movies_sp.py
[2025-02-01T00:10:14.599+0000] {logging_mixin.py:190} INFO - [2025-02-01T00:10:14.599+0000] {dag.py:3239} INFO - Sync 1 DAGs
[2025-02-01T00:10:14.613+0000] {logging_mixin.py:190} INFO - [2025-02-01T00:10:14.613+0000] {dag.py:4180} INFO - Setting next_dagrun for etl_orders to 2025-02-01 00:00:00+00:00, run_after=2025-02-02 00:00:00+00:00
[2025-02-01T00:10:14.627+0000] {processor.py:208} INFO - Processing /opt/airflow/dags/etl_movies_sp.py took 0.879 seconds
[2025-02-01T00:10:45.576+0000] {processor.py:186} INFO - Started process (PID=6409) to work on /opt/airflow/dags/etl_movies_sp.py
[2025-02-01T00:10:45.578+0000] {processor.py:914} INFO - Processing file /opt/airflow/dags/etl_movies_sp.py for tasks to queue
[2025-02-01T00:10:45.579+0000] {logging_mixin.py:190} INFO - [2025-02-01T00:10:45.579+0000] {dagbag.py:588} INFO - Filling up the DagBag from /opt/airflow/dags/etl_movies_sp.py
[2025-02-01T00:10:46.103+0000] {processor.py:925} INFO - DAG(s) 'etl_orders' retrieved from /opt/airflow/dags/etl_movies_sp.py
[2025-02-01T00:10:46.111+0000] {logging_mixin.py:190} INFO - [2025-02-01T00:10:46.111+0000] {dag.py:3239} INFO - Sync 1 DAGs
[2025-02-01T00:10:46.119+0000] {logging_mixin.py:190} INFO - [2025-02-01T00:10:46.119+0000] {dag.py:4180} INFO - Setting next_dagrun for etl_orders to 2025-02-01 00:00:00+00:00, run_after=2025-02-02 00:00:00+00:00
[2025-02-01T00:10:46.130+0000] {processor.py:208} INFO - Processing /opt/airflow/dags/etl_movies_sp.py took 0.562 seconds
[2025-02-01T00:11:17.260+0000] {processor.py:186} INFO - Started process (PID=6412) to work on /opt/airflow/dags/etl_movies_sp.py
[2025-02-01T00:11:17.262+0000] {processor.py:914} INFO - Processing file /opt/airflow/dags/etl_movies_sp.py for tasks to queue
[2025-02-01T00:11:17.264+0000] {logging_mixin.py:190} INFO - [2025-02-01T00:11:17.263+0000] {dagbag.py:588} INFO - Filling up the DagBag from /opt/airflow/dags/etl_movies_sp.py
[2025-02-01T00:11:17.815+0000] {processor.py:925} INFO - DAG(s) 'etl_orders' retrieved from /opt/airflow/dags/etl_movies_sp.py
[2025-02-01T00:11:17.823+0000] {logging_mixin.py:190} INFO - [2025-02-01T00:11:17.823+0000] {dag.py:3239} INFO - Sync 1 DAGs
[2025-02-01T00:11:17.830+0000] {logging_mixin.py:190} INFO - [2025-02-01T00:11:17.830+0000] {dag.py:4180} INFO - Setting next_dagrun for etl_orders to 2025-02-01 00:00:00+00:00, run_after=2025-02-02 00:00:00+00:00
[2025-02-01T00:11:17.840+0000] {processor.py:208} INFO - Processing /opt/airflow/dags/etl_movies_sp.py took 0.591 seconds
[2025-02-01T00:12:15.398+0000] {processor.py:186} INFO - Started process (PID=6427) to work on /opt/airflow/dags/etl_movies_sp.py
[2025-02-01T00:12:15.400+0000] {processor.py:914} INFO - Processing file /opt/airflow/dags/etl_movies_sp.py for tasks to queue
[2025-02-01T00:12:15.401+0000] {logging_mixin.py:190} INFO - [2025-02-01T00:12:15.401+0000] {dagbag.py:588} INFO - Filling up the DagBag from /opt/airflow/dags/etl_movies_sp.py
[2025-02-01T00:12:15.783+0000] {processor.py:925} INFO - DAG(s) 'etl_orders' retrieved from /opt/airflow/dags/etl_movies_sp.py
[2025-02-01T00:12:15.804+0000] {logging_mixin.py:190} INFO - [2025-02-01T00:12:15.804+0000] {dag.py:3239} INFO - Sync 1 DAGs
[2025-02-01T00:12:15.819+0000] {logging_mixin.py:190} INFO - [2025-02-01T00:12:15.818+0000] {dag.py:4180} INFO - Setting next_dagrun for etl_orders to 2025-02-01 00:00:00+00:00, run_after=2025-02-02 00:00:00+00:00
[2025-02-01T00:12:15.829+0000] {processor.py:208} INFO - Processing /opt/airflow/dags/etl_movies_sp.py took 0.438 seconds
[2025-02-01T00:12:46.143+0000] {processor.py:186} INFO - Started process (PID=6441) to work on /opt/airflow/dags/etl_movies_sp.py
[2025-02-01T00:12:46.145+0000] {processor.py:914} INFO - Processing file /opt/airflow/dags/etl_movies_sp.py for tasks to queue
[2025-02-01T00:12:46.146+0000] {logging_mixin.py:190} INFO - [2025-02-01T00:12:46.146+0000] {dagbag.py:588} INFO - Filling up the DagBag from /opt/airflow/dags/etl_movies_sp.py
[2025-02-01T00:12:46.500+0000] {processor.py:925} INFO - DAG(s) 'etl_orders' retrieved from /opt/airflow/dags/etl_movies_sp.py
[2025-02-01T00:12:46.517+0000] {logging_mixin.py:190} INFO - [2025-02-01T00:12:46.517+0000] {dag.py:3239} INFO - Sync 1 DAGs
[2025-02-01T00:12:46.536+0000] {logging_mixin.py:190} INFO - [2025-02-01T00:12:46.536+0000] {dag.py:4180} INFO - Setting next_dagrun for etl_orders to 2025-02-01 00:00:00+00:00, run_after=2025-02-02 00:00:00+00:00
[2025-02-01T00:12:46.549+0000] {processor.py:208} INFO - Processing /opt/airflow/dags/etl_movies_sp.py took 0.420 seconds
[2025-02-01T00:13:16.756+0000] {processor.py:186} INFO - Started process (PID=6444) to work on /opt/airflow/dags/etl_movies_sp.py
[2025-02-01T00:13:16.758+0000] {processor.py:914} INFO - Processing file /opt/airflow/dags/etl_movies_sp.py for tasks to queue
[2025-02-01T00:13:16.760+0000] {logging_mixin.py:190} INFO - [2025-02-01T00:13:16.759+0000] {dagbag.py:588} INFO - Filling up the DagBag from /opt/airflow/dags/etl_movies_sp.py
[2025-02-01T00:13:17.095+0000] {processor.py:925} INFO - DAG(s) 'etl_orders' retrieved from /opt/airflow/dags/etl_movies_sp.py
[2025-02-01T00:13:17.111+0000] {logging_mixin.py:190} INFO - [2025-02-01T00:13:17.111+0000] {dag.py:3239} INFO - Sync 1 DAGs
[2025-02-01T00:13:17.121+0000] {logging_mixin.py:190} INFO - [2025-02-01T00:13:17.121+0000] {dag.py:4180} INFO - Setting next_dagrun for etl_orders to 2025-02-01 00:00:00+00:00, run_after=2025-02-02 00:00:00+00:00
[2025-02-01T00:13:17.135+0000] {processor.py:208} INFO - Processing /opt/airflow/dags/etl_movies_sp.py took 0.391 seconds
[2025-02-01T00:13:47.227+0000] {processor.py:186} INFO - Started process (PID=6447) to work on /opt/airflow/dags/etl_movies_sp.py
[2025-02-01T00:13:47.229+0000] {processor.py:914} INFO - Processing file /opt/airflow/dags/etl_movies_sp.py for tasks to queue
[2025-02-01T00:13:47.231+0000] {logging_mixin.py:190} INFO - [2025-02-01T00:13:47.230+0000] {dagbag.py:588} INFO - Filling up the DagBag from /opt/airflow/dags/etl_movies_sp.py
[2025-02-01T00:13:47.585+0000] {processor.py:925} INFO - DAG(s) 'etl_orders' retrieved from /opt/airflow/dags/etl_movies_sp.py
[2025-02-01T00:13:47.606+0000] {logging_mixin.py:190} INFO - [2025-02-01T00:13:47.605+0000] {dag.py:3239} INFO - Sync 1 DAGs
[2025-02-01T00:13:47.620+0000] {logging_mixin.py:190} INFO - [2025-02-01T00:13:47.620+0000] {dag.py:4180} INFO - Setting next_dagrun for etl_orders to 2025-02-01 00:00:00+00:00, run_after=2025-02-02 00:00:00+00:00
[2025-02-01T00:13:47.631+0000] {processor.py:208} INFO - Processing /opt/airflow/dags/etl_movies_sp.py took 0.419 seconds
[2025-02-01T00:14:18.538+0000] {processor.py:186} INFO - Started process (PID=6450) to work on /opt/airflow/dags/etl_movies_sp.py
[2025-02-01T00:14:18.540+0000] {processor.py:914} INFO - Processing file /opt/airflow/dags/etl_movies_sp.py for tasks to queue
[2025-02-01T00:14:18.542+0000] {logging_mixin.py:190} INFO - [2025-02-01T00:14:18.541+0000] {dagbag.py:588} INFO - Filling up the DagBag from /opt/airflow/dags/etl_movies_sp.py
[2025-02-01T00:14:18.915+0000] {processor.py:925} INFO - DAG(s) 'etl_orders' retrieved from /opt/airflow/dags/etl_movies_sp.py
[2025-02-01T00:14:18.931+0000] {logging_mixin.py:190} INFO - [2025-02-01T00:14:18.931+0000] {dag.py:3239} INFO - Sync 1 DAGs
[2025-02-01T00:14:18.945+0000] {logging_mixin.py:190} INFO - [2025-02-01T00:14:18.944+0000] {dag.py:4180} INFO - Setting next_dagrun for etl_orders to 2025-02-01 00:00:00+00:00, run_after=2025-02-02 00:00:00+00:00
[2025-02-01T00:14:18.955+0000] {processor.py:208} INFO - Processing /opt/airflow/dags/etl_movies_sp.py took 0.426 seconds
[2025-02-01T00:14:49.161+0000] {processor.py:186} INFO - Started process (PID=6453) to work on /opt/airflow/dags/etl_movies_sp.py
[2025-02-01T00:14:49.163+0000] {processor.py:914} INFO - Processing file /opt/airflow/dags/etl_movies_sp.py for tasks to queue
[2025-02-01T00:14:49.165+0000] {logging_mixin.py:190} INFO - [2025-02-01T00:14:49.164+0000] {dagbag.py:588} INFO - Filling up the DagBag from /opt/airflow/dags/etl_movies_sp.py
[2025-02-01T00:14:49.519+0000] {processor.py:925} INFO - DAG(s) 'etl_orders' retrieved from /opt/airflow/dags/etl_movies_sp.py
[2025-02-01T00:14:49.535+0000] {logging_mixin.py:190} INFO - [2025-02-01T00:14:49.535+0000] {dag.py:3239} INFO - Sync 1 DAGs
[2025-02-01T00:14:49.547+0000] {logging_mixin.py:190} INFO - [2025-02-01T00:14:49.546+0000] {dag.py:4180} INFO - Setting next_dagrun for etl_orders to 2025-02-01 00:00:00+00:00, run_after=2025-02-02 00:00:00+00:00
[2025-02-01T00:14:49.558+0000] {processor.py:208} INFO - Processing /opt/airflow/dags/etl_movies_sp.py took 0.409 seconds
[2025-02-01T00:15:20.135+0000] {processor.py:186} INFO - Started process (PID=6456) to work on /opt/airflow/dags/etl_movies_sp.py
[2025-02-01T00:15:20.138+0000] {processor.py:914} INFO - Processing file /opt/airflow/dags/etl_movies_sp.py for tasks to queue
[2025-02-01T00:15:20.139+0000] {logging_mixin.py:190} INFO - [2025-02-01T00:15:20.139+0000] {dagbag.py:588} INFO - Filling up the DagBag from /opt/airflow/dags/etl_movies_sp.py
[2025-02-01T00:15:20.522+0000] {processor.py:925} INFO - DAG(s) 'etl_orders' retrieved from /opt/airflow/dags/etl_movies_sp.py
[2025-02-01T00:15:20.543+0000] {logging_mixin.py:190} INFO - [2025-02-01T00:15:20.543+0000] {dag.py:3239} INFO - Sync 1 DAGs
[2025-02-01T00:15:20.554+0000] {logging_mixin.py:190} INFO - [2025-02-01T00:15:20.554+0000] {dag.py:4180} INFO - Setting next_dagrun for etl_orders to 2025-02-01 00:00:00+00:00, run_after=2025-02-02 00:00:00+00:00
[2025-02-01T00:15:20.566+0000] {processor.py:208} INFO - Processing /opt/airflow/dags/etl_movies_sp.py took 0.446 seconds
[2025-02-01T00:15:51.038+0000] {processor.py:186} INFO - Started process (PID=6459) to work on /opt/airflow/dags/etl_movies_sp.py
[2025-02-01T00:15:51.042+0000] {processor.py:914} INFO - Processing file /opt/airflow/dags/etl_movies_sp.py for tasks to queue
[2025-02-01T00:15:51.050+0000] {logging_mixin.py:190} INFO - [2025-02-01T00:15:51.046+0000] {dagbag.py:588} INFO - Filling up the DagBag from /opt/airflow/dags/etl_movies_sp.py
[2025-02-01T00:15:51.459+0000] {processor.py:925} INFO - DAG(s) 'etl_orders' retrieved from /opt/airflow/dags/etl_movies_sp.py
[2025-02-01T00:15:51.479+0000] {logging_mixin.py:190} INFO - [2025-02-01T00:15:51.479+0000] {dag.py:3239} INFO - Sync 1 DAGs
[2025-02-01T00:15:51.490+0000] {logging_mixin.py:190} INFO - [2025-02-01T00:15:51.490+0000] {dag.py:4180} INFO - Setting next_dagrun for etl_orders to 2025-02-01 00:00:00+00:00, run_after=2025-02-02 00:00:00+00:00
[2025-02-01T00:15:51.501+0000] {processor.py:208} INFO - Processing /opt/airflow/dags/etl_movies_sp.py took 0.476 seconds
[2025-02-01T00:16:22.031+0000] {processor.py:186} INFO - Started process (PID=6462) to work on /opt/airflow/dags/etl_movies_sp.py
[2025-02-01T00:16:22.033+0000] {processor.py:914} INFO - Processing file /opt/airflow/dags/etl_movies_sp.py for tasks to queue
[2025-02-01T00:16:22.034+0000] {logging_mixin.py:190} INFO - [2025-02-01T00:16:22.034+0000] {dagbag.py:588} INFO - Filling up the DagBag from /opt/airflow/dags/etl_movies_sp.py
[2025-02-01T00:16:22.376+0000] {processor.py:925} INFO - DAG(s) 'etl_orders' retrieved from /opt/airflow/dags/etl_movies_sp.py
[2025-02-01T00:16:22.393+0000] {logging_mixin.py:190} INFO - [2025-02-01T00:16:22.393+0000] {dag.py:3239} INFO - Sync 1 DAGs
[2025-02-01T00:16:22.405+0000] {logging_mixin.py:190} INFO - [2025-02-01T00:16:22.404+0000] {dag.py:4180} INFO - Setting next_dagrun for etl_orders to 2025-02-01 00:00:00+00:00, run_after=2025-02-02 00:00:00+00:00
[2025-02-01T00:16:22.415+0000] {processor.py:208} INFO - Processing /opt/airflow/dags/etl_movies_sp.py took 0.404 seconds
[2025-02-01T00:16:53.006+0000] {processor.py:186} INFO - Started process (PID=6465) to work on /opt/airflow/dags/etl_movies_sp.py
[2025-02-01T00:16:53.008+0000] {processor.py:914} INFO - Processing file /opt/airflow/dags/etl_movies_sp.py for tasks to queue
[2025-02-01T00:16:53.010+0000] {logging_mixin.py:190} INFO - [2025-02-01T00:16:53.009+0000] {dagbag.py:588} INFO - Filling up the DagBag from /opt/airflow/dags/etl_movies_sp.py
[2025-02-01T00:16:53.343+0000] {processor.py:925} INFO - DAG(s) 'etl_orders' retrieved from /opt/airflow/dags/etl_movies_sp.py
[2025-02-01T00:16:53.360+0000] {logging_mixin.py:190} INFO - [2025-02-01T00:16:53.359+0000] {dag.py:3239} INFO - Sync 1 DAGs
[2025-02-01T00:16:53.370+0000] {logging_mixin.py:190} INFO - [2025-02-01T00:16:53.370+0000] {dag.py:4180} INFO - Setting next_dagrun for etl_orders to 2025-02-01 00:00:00+00:00, run_after=2025-02-02 00:00:00+00:00
[2025-02-01T00:16:53.381+0000] {processor.py:208} INFO - Processing /opt/airflow/dags/etl_movies_sp.py took 0.387 seconds
[2025-02-01T00:17:23.842+0000] {processor.py:186} INFO - Started process (PID=6468) to work on /opt/airflow/dags/etl_movies_sp.py
[2025-02-01T00:17:23.844+0000] {processor.py:914} INFO - Processing file /opt/airflow/dags/etl_movies_sp.py for tasks to queue
[2025-02-01T00:17:23.846+0000] {logging_mixin.py:190} INFO - [2025-02-01T00:17:23.845+0000] {dagbag.py:588} INFO - Filling up the DagBag from /opt/airflow/dags/etl_movies_sp.py
[2025-02-01T00:17:24.197+0000] {processor.py:925} INFO - DAG(s) 'etl_orders' retrieved from /opt/airflow/dags/etl_movies_sp.py
[2025-02-01T00:17:24.219+0000] {logging_mixin.py:190} INFO - [2025-02-01T00:17:24.219+0000] {dag.py:3239} INFO - Sync 1 DAGs
[2025-02-01T00:17:24.231+0000] {logging_mixin.py:190} INFO - [2025-02-01T00:17:24.231+0000] {dag.py:4180} INFO - Setting next_dagrun for etl_orders to 2025-02-01 00:00:00+00:00, run_after=2025-02-02 00:00:00+00:00
[2025-02-01T00:17:24.244+0000] {processor.py:208} INFO - Processing /opt/airflow/dags/etl_movies_sp.py took 0.420 seconds
[2025-02-01T00:17:54.939+0000] {processor.py:186} INFO - Started process (PID=6471) to work on /opt/airflow/dags/etl_movies_sp.py
[2025-02-01T00:17:54.954+0000] {processor.py:914} INFO - Processing file /opt/airflow/dags/etl_movies_sp.py for tasks to queue
[2025-02-01T00:17:54.963+0000] {logging_mixin.py:190} INFO - [2025-02-01T00:17:54.960+0000] {dagbag.py:588} INFO - Filling up the DagBag from /opt/airflow/dags/etl_movies_sp.py
[2025-02-01T00:17:55.584+0000] {processor.py:925} INFO - DAG(s) 'etl_orders' retrieved from /opt/airflow/dags/etl_movies_sp.py
[2025-02-01T00:17:55.608+0000] {logging_mixin.py:190} INFO - [2025-02-01T00:17:55.607+0000] {dag.py:3239} INFO - Sync 1 DAGs
[2025-02-01T00:17:55.626+0000] {logging_mixin.py:190} INFO - [2025-02-01T00:17:55.626+0000] {dag.py:4180} INFO - Setting next_dagrun for etl_orders to 2025-02-01 00:00:00+00:00, run_after=2025-02-02 00:00:00+00:00
[2025-02-01T00:17:55.641+0000] {processor.py:208} INFO - Processing /opt/airflow/dags/etl_movies_sp.py took 0.732 seconds
[2025-02-01T00:18:26.243+0000] {processor.py:186} INFO - Started process (PID=6474) to work on /opt/airflow/dags/etl_movies_sp.py
[2025-02-01T00:18:26.248+0000] {processor.py:914} INFO - Processing file /opt/airflow/dags/etl_movies_sp.py for tasks to queue
[2025-02-01T00:18:26.259+0000] {logging_mixin.py:190} INFO - [2025-02-01T00:18:26.257+0000] {dagbag.py:588} INFO - Filling up the DagBag from /opt/airflow/dags/etl_movies_sp.py
[2025-02-01T00:18:26.806+0000] {processor.py:925} INFO - DAG(s) 'etl_orders' retrieved from /opt/airflow/dags/etl_movies_sp.py
[2025-02-01T00:18:26.828+0000] {logging_mixin.py:190} INFO - [2025-02-01T00:18:26.827+0000] {dag.py:3239} INFO - Sync 1 DAGs
[2025-02-01T00:18:27.007+0000] {logging_mixin.py:190} INFO - [2025-02-01T00:18:27.006+0000] {dag.py:4180} INFO - Setting next_dagrun for etl_orders to 2025-02-01 00:00:00+00:00, run_after=2025-02-02 00:00:00+00:00
[2025-02-01T00:18:27.048+0000] {processor.py:208} INFO - Processing /opt/airflow/dags/etl_movies_sp.py took 0.835 seconds
[2025-02-01T00:51:24.271+0000] {processor.py:186} INFO - Started process (PID=6477) to work on /opt/airflow/dags/etl_movies_sp.py
[2025-02-01T00:51:24.280+0000] {processor.py:914} INFO - Processing file /opt/airflow/dags/etl_movies_sp.py for tasks to queue
[2025-02-01T00:51:24.296+0000] {logging_mixin.py:190} INFO - [2025-02-01T00:51:24.287+0000] {dagbag.py:588} INFO - Filling up the DagBag from /opt/airflow/dags/etl_movies_sp.py
[2025-02-01T00:51:25.556+0000] {processor.py:925} INFO - DAG(s) 'etl_orders' retrieved from /opt/airflow/dags/etl_movies_sp.py
[2025-02-01T00:51:25.608+0000] {logging_mixin.py:190} INFO - [2025-02-01T00:51:25.607+0000] {dag.py:3239} INFO - Sync 1 DAGs
[2025-02-01T00:51:25.657+0000] {logging_mixin.py:190} INFO - [2025-02-01T00:51:25.657+0000] {dag.py:4180} INFO - Setting next_dagrun for etl_orders to 2025-02-01 00:00:00+00:00, run_after=2025-02-02 00:00:00+00:00
[2025-02-01T00:51:25.742+0000] {processor.py:208} INFO - Processing /opt/airflow/dags/etl_movies_sp.py took 1.547 seconds
[2025-02-01T01:25:11.140+0000] {processor.py:186} INFO - Started process (PID=6480) to work on /opt/airflow/dags/etl_movies_sp.py
[2025-02-01T01:25:11.152+0000] {processor.py:914} INFO - Processing file /opt/airflow/dags/etl_movies_sp.py for tasks to queue
[2025-02-01T01:25:11.160+0000] {logging_mixin.py:190} INFO - [2025-02-01T01:25:11.157+0000] {dagbag.py:588} INFO - Filling up the DagBag from /opt/airflow/dags/etl_movies_sp.py
[2025-02-01T01:25:12.554+0000] {processor.py:925} INFO - DAG(s) 'etl_orders' retrieved from /opt/airflow/dags/etl_movies_sp.py
[2025-02-01T01:25:12.608+0000] {logging_mixin.py:190} INFO - [2025-02-01T01:25:12.607+0000] {dag.py:3239} INFO - Sync 1 DAGs
[2025-02-01T01:25:12.647+0000] {logging_mixin.py:190} INFO - [2025-02-01T01:25:12.646+0000] {dag.py:4180} INFO - Setting next_dagrun for etl_orders to 2025-02-01 00:00:00+00:00, run_after=2025-02-02 00:00:00+00:00
[2025-02-01T01:25:12.723+0000] {processor.py:208} INFO - Processing /opt/airflow/dags/etl_movies_sp.py took 1.739 seconds
[2025-02-01T01:25:43.050+0000] {processor.py:186} INFO - Started process (PID=6483) to work on /opt/airflow/dags/etl_movies_sp.py
[2025-02-01T01:25:43.057+0000] {processor.py:914} INFO - Processing file /opt/airflow/dags/etl_movies_sp.py for tasks to queue
[2025-02-01T01:25:43.065+0000] {logging_mixin.py:190} INFO - [2025-02-01T01:25:43.062+0000] {dagbag.py:588} INFO - Filling up the DagBag from /opt/airflow/dags/etl_movies_sp.py
[2025-02-01T01:25:43.813+0000] {processor.py:925} INFO - DAG(s) 'etl_orders' retrieved from /opt/airflow/dags/etl_movies_sp.py
[2025-02-01T01:25:43.996+0000] {logging_mixin.py:190} INFO - [2025-02-01T01:25:43.995+0000] {dag.py:3239} INFO - Sync 1 DAGs
[2025-02-01T01:25:44.200+0000] {logging_mixin.py:190} INFO - [2025-02-01T01:25:44.196+0000] {dag.py:4180} INFO - Setting next_dagrun for etl_orders to 2025-02-01 00:00:00+00:00, run_after=2025-02-02 00:00:00+00:00
[2025-02-01T01:25:44.297+0000] {processor.py:208} INFO - Processing /opt/airflow/dags/etl_movies_sp.py took 1.292 seconds
[2025-02-01T01:26:14.988+0000] {processor.py:186} INFO - Started process (PID=6486) to work on /opt/airflow/dags/etl_movies_sp.py
[2025-02-01T01:26:14.991+0000] {processor.py:914} INFO - Processing file /opt/airflow/dags/etl_movies_sp.py for tasks to queue
[2025-02-01T01:26:14.993+0000] {logging_mixin.py:190} INFO - [2025-02-01T01:26:14.992+0000] {dagbag.py:588} INFO - Filling up the DagBag from /opt/airflow/dags/etl_movies_sp.py
[2025-02-01T01:26:15.471+0000] {processor.py:925} INFO - DAG(s) 'etl_orders' retrieved from /opt/airflow/dags/etl_movies_sp.py
[2025-02-01T01:26:15.490+0000] {logging_mixin.py:190} INFO - [2025-02-01T01:26:15.490+0000] {dag.py:3239} INFO - Sync 1 DAGs
[2025-02-01T01:26:15.503+0000] {logging_mixin.py:190} INFO - [2025-02-01T01:26:15.503+0000] {dag.py:4180} INFO - Setting next_dagrun for etl_orders to 2025-02-01 00:00:00+00:00, run_after=2025-02-02 00:00:00+00:00
[2025-02-01T01:26:15.518+0000] {processor.py:208} INFO - Processing /opt/airflow/dags/etl_movies_sp.py took 0.553 seconds
[2025-02-01T01:26:46.013+0000] {processor.py:186} INFO - Started process (PID=6489) to work on /opt/airflow/dags/etl_movies_sp.py
[2025-02-01T01:26:46.018+0000] {processor.py:914} INFO - Processing file /opt/airflow/dags/etl_movies_sp.py for tasks to queue
[2025-02-01T01:26:46.038+0000] {logging_mixin.py:190} INFO - [2025-02-01T01:26:46.025+0000] {dagbag.py:588} INFO - Filling up the DagBag from /opt/airflow/dags/etl_movies_sp.py
[2025-02-01T01:26:46.580+0000] {processor.py:925} INFO - DAG(s) 'etl_orders' retrieved from /opt/airflow/dags/etl_movies_sp.py
[2025-02-01T01:26:46.632+0000] {logging_mixin.py:190} INFO - [2025-02-01T01:26:46.632+0000] {dag.py:3239} INFO - Sync 1 DAGs
[2025-02-01T01:26:46.652+0000] {logging_mixin.py:190} INFO - [2025-02-01T01:26:46.652+0000] {dag.py:4180} INFO - Setting next_dagrun for etl_orders to 2025-02-01 00:00:00+00:00, run_after=2025-02-02 00:00:00+00:00
[2025-02-01T01:26:46.672+0000] {processor.py:208} INFO - Processing /opt/airflow/dags/etl_movies_sp.py took 0.719 seconds
[2025-02-01T01:52:22.730+0000] {processor.py:186} INFO - Started process (PID=6492) to work on /opt/airflow/dags/etl_movies_sp.py
[2025-02-01T01:52:22.983+0000] {processor.py:914} INFO - Processing file /opt/airflow/dags/etl_movies_sp.py for tasks to queue
[2025-02-01T01:52:23.082+0000] {logging_mixin.py:190} INFO - [2025-02-01T01:52:23.045+0000] {dagbag.py:588} INFO - Filling up the DagBag from /opt/airflow/dags/etl_movies_sp.py
[2025-02-01T01:52:27.329+0000] {processor.py:925} INFO - DAG(s) 'etl_orders' retrieved from /opt/airflow/dags/etl_movies_sp.py
[2025-02-01T01:52:27.492+0000] {logging_mixin.py:190} INFO - [2025-02-01T01:52:27.487+0000] {dag.py:3239} INFO - Sync 1 DAGs
[2025-02-01T01:52:27.592+0000] {logging_mixin.py:190} INFO - [2025-02-01T01:52:27.592+0000] {dag.py:4180} INFO - Setting next_dagrun for etl_orders to 2025-02-01 00:00:00+00:00, run_after=2025-02-02 00:00:00+00:00
[2025-02-01T01:52:27.656+0000] {processor.py:208} INFO - Processing /opt/airflow/dags/etl_movies_sp.py took 5.090 seconds
[2025-02-01T02:08:12.291+0000] {processor.py:186} INFO - Started process (PID=6495) to work on /opt/airflow/dags/etl_movies_sp.py
[2025-02-01T02:08:12.294+0000] {processor.py:914} INFO - Processing file /opt/airflow/dags/etl_movies_sp.py for tasks to queue
[2025-02-01T02:08:12.300+0000] {logging_mixin.py:190} INFO - [2025-02-01T02:08:12.296+0000] {dagbag.py:588} INFO - Filling up the DagBag from /opt/airflow/dags/etl_movies_sp.py
[2025-02-01T02:08:12.996+0000] {processor.py:925} INFO - DAG(s) 'etl_orders' retrieved from /opt/airflow/dags/etl_movies_sp.py
[2025-02-01T02:08:13.041+0000] {logging_mixin.py:190} INFO - [2025-02-01T02:08:13.041+0000] {dag.py:3239} INFO - Sync 1 DAGs
[2025-02-01T02:08:13.061+0000] {logging_mixin.py:190} INFO - [2025-02-01T02:08:13.061+0000] {dag.py:4180} INFO - Setting next_dagrun for etl_orders to 2025-02-01 00:00:00+00:00, run_after=2025-02-02 00:00:00+00:00
[2025-02-01T02:08:13.083+0000] {processor.py:208} INFO - Processing /opt/airflow/dags/etl_movies_sp.py took 0.853 seconds
[2025-02-01T02:43:43.217+0000] {processor.py:186} INFO - Started process (PID=6498) to work on /opt/airflow/dags/etl_movies_sp.py
[2025-02-01T02:43:43.228+0000] {processor.py:914} INFO - Processing file /opt/airflow/dags/etl_movies_sp.py for tasks to queue
[2025-02-01T02:43:43.242+0000] {logging_mixin.py:190} INFO - [2025-02-01T02:43:43.235+0000] {dagbag.py:588} INFO - Filling up the DagBag from /opt/airflow/dags/etl_movies_sp.py
[2025-02-01T02:43:49.113+0000] {processor.py:925} INFO - DAG(s) 'etl_orders' retrieved from /opt/airflow/dags/etl_movies_sp.py
[2025-02-01T02:43:49.412+0000] {logging_mixin.py:190} INFO - [2025-02-01T02:43:49.410+0000] {dag.py:3239} INFO - Sync 1 DAGs
[2025-02-01T02:43:49.692+0000] {logging_mixin.py:190} INFO - [2025-02-01T02:43:49.691+0000] {dag.py:4180} INFO - Setting next_dagrun for etl_orders to 2025-02-01 00:00:00+00:00, run_after=2025-02-02 00:00:00+00:00
[2025-02-01T02:43:50.189+0000] {processor.py:208} INFO - Processing /opt/airflow/dags/etl_movies_sp.py took 7.135 seconds
[2025-02-01T03:01:28.920+0000] {processor.py:186} INFO - Started process (PID=6501) to work on /opt/airflow/dags/etl_movies_sp.py
[2025-02-01T03:01:28.923+0000] {processor.py:914} INFO - Processing file /opt/airflow/dags/etl_movies_sp.py for tasks to queue
[2025-02-01T03:01:28.938+0000] {logging_mixin.py:190} INFO - [2025-02-01T03:01:28.936+0000] {dagbag.py:588} INFO - Filling up the DagBag from /opt/airflow/dags/etl_movies_sp.py
[2025-02-01T03:01:29.940+0000] {processor.py:925} INFO - DAG(s) 'etl_orders' retrieved from /opt/airflow/dags/etl_movies_sp.py
[2025-02-01T03:01:30.018+0000] {logging_mixin.py:190} INFO - [2025-02-01T03:01:30.017+0000] {dag.py:3239} INFO - Sync 1 DAGs
[2025-02-01T03:01:30.070+0000] {logging_mixin.py:190} INFO - [2025-02-01T03:01:30.070+0000] {dag.py:4180} INFO - Setting next_dagrun for etl_orders to 2025-02-01 00:00:00+00:00, run_after=2025-02-02 00:00:00+00:00
[2025-02-01T03:01:30.124+0000] {processor.py:208} INFO - Processing /opt/airflow/dags/etl_movies_sp.py took 1.240 seconds
[2025-02-01T03:35:00.436+0000] {processor.py:186} INFO - Started process (PID=6504) to work on /opt/airflow/dags/etl_movies_sp.py
[2025-02-01T03:35:00.438+0000] {processor.py:914} INFO - Processing file /opt/airflow/dags/etl_movies_sp.py for tasks to queue
[2025-02-01T03:35:00.443+0000] {logging_mixin.py:190} INFO - [2025-02-01T03:35:00.440+0000] {dagbag.py:588} INFO - Filling up the DagBag from /opt/airflow/dags/etl_movies_sp.py
[2025-02-01T03:35:01.309+0000] {processor.py:925} INFO - DAG(s) 'etl_orders' retrieved from /opt/airflow/dags/etl_movies_sp.py
[2025-02-01T03:35:01.371+0000] {logging_mixin.py:190} INFO - [2025-02-01T03:35:01.371+0000] {dag.py:3239} INFO - Sync 1 DAGs
[2025-02-01T03:35:01.404+0000] {logging_mixin.py:190} INFO - [2025-02-01T03:35:01.404+0000] {dag.py:4180} INFO - Setting next_dagrun for etl_orders to 2025-02-01 00:00:00+00:00, run_after=2025-02-02 00:00:00+00:00
[2025-02-01T03:35:01.422+0000] {processor.py:208} INFO - Processing /opt/airflow/dags/etl_movies_sp.py took 1.031 seconds
[2025-02-01T03:51:30.456+0000] {processor.py:186} INFO - Started process (PID=6507) to work on /opt/airflow/dags/etl_movies_sp.py
[2025-02-01T03:51:30.458+0000] {processor.py:914} INFO - Processing file /opt/airflow/dags/etl_movies_sp.py for tasks to queue
[2025-02-01T03:51:30.461+0000] {logging_mixin.py:190} INFO - [2025-02-01T03:51:30.459+0000] {dagbag.py:588} INFO - Filling up the DagBag from /opt/airflow/dags/etl_movies_sp.py
[2025-02-01T03:51:30.964+0000] {processor.py:925} INFO - DAG(s) 'etl_orders' retrieved from /opt/airflow/dags/etl_movies_sp.py
[2025-02-01T03:51:30.985+0000] {logging_mixin.py:190} INFO - [2025-02-01T03:51:30.985+0000] {dag.py:3239} INFO - Sync 1 DAGs
[2025-02-01T03:51:31.002+0000] {logging_mixin.py:190} INFO - [2025-02-01T03:51:31.002+0000] {dag.py:4180} INFO - Setting next_dagrun for etl_orders to 2025-02-01 00:00:00+00:00, run_after=2025-02-02 00:00:00+00:00
[2025-02-01T03:51:31.019+0000] {processor.py:208} INFO - Processing /opt/airflow/dags/etl_movies_sp.py took 0.578 seconds
[2025-02-01T03:59:45.940+0000] {processor.py:186} INFO - Started process (PID=6510) to work on /opt/airflow/dags/etl_movies_sp.py
[2025-02-01T03:59:45.943+0000] {processor.py:914} INFO - Processing file /opt/airflow/dags/etl_movies_sp.py for tasks to queue
[2025-02-01T03:59:45.947+0000] {logging_mixin.py:190} INFO - [2025-02-01T03:59:45.946+0000] {dagbag.py:588} INFO - Filling up the DagBag from /opt/airflow/dags/etl_movies_sp.py
[2025-02-01T03:59:46.941+0000] {processor.py:925} INFO - DAG(s) 'etl_orders' retrieved from /opt/airflow/dags/etl_movies_sp.py
[2025-02-01T03:59:47.000+0000] {logging_mixin.py:190} INFO - [2025-02-01T03:59:46.999+0000] {dag.py:3239} INFO - Sync 1 DAGs
[2025-02-01T03:59:47.039+0000] {logging_mixin.py:190} INFO - [2025-02-01T03:59:47.037+0000] {dag.py:4180} INFO - Setting next_dagrun for etl_orders to 2025-02-01 00:00:00+00:00, run_after=2025-02-02 00:00:00+00:00
[2025-02-01T03:59:47.074+0000] {processor.py:208} INFO - Processing /opt/airflow/dags/etl_movies_sp.py took 1.177 seconds
[2025-02-01T04:23:47.848+0000] {processor.py:186} INFO - Started process (PID=6513) to work on /opt/airflow/dags/etl_movies_sp.py
[2025-02-01T04:23:47.852+0000] {processor.py:914} INFO - Processing file /opt/airflow/dags/etl_movies_sp.py for tasks to queue
[2025-02-01T04:23:47.887+0000] {logging_mixin.py:190} INFO - [2025-02-01T04:23:47.863+0000] {dagbag.py:588} INFO - Filling up the DagBag from /opt/airflow/dags/etl_movies_sp.py
[2025-02-01T04:23:49.472+0000] {processor.py:925} INFO - DAG(s) 'etl_orders' retrieved from /opt/airflow/dags/etl_movies_sp.py
[2025-02-01T04:23:49.524+0000] {logging_mixin.py:190} INFO - [2025-02-01T04:23:49.524+0000] {dag.py:3239} INFO - Sync 1 DAGs
[2025-02-01T04:23:49.558+0000] {logging_mixin.py:190} INFO - [2025-02-01T04:23:49.557+0000] {dag.py:4180} INFO - Setting next_dagrun for etl_orders to 2025-02-01 00:00:00+00:00, run_after=2025-02-02 00:00:00+00:00
[2025-02-01T04:23:49.582+0000] {processor.py:208} INFO - Processing /opt/airflow/dags/etl_movies_sp.py took 1.822 seconds
[2025-02-01T04:49:48.119+0000] {processor.py:186} INFO - Started process (PID=6516) to work on /opt/airflow/dags/etl_movies_sp.py
[2025-02-01T04:49:48.123+0000] {processor.py:914} INFO - Processing file /opt/airflow/dags/etl_movies_sp.py for tasks to queue
[2025-02-01T04:49:48.124+0000] {logging_mixin.py:190} INFO - [2025-02-01T04:49:48.124+0000] {dagbag.py:588} INFO - Filling up the DagBag from /opt/airflow/dags/etl_movies_sp.py
[2025-02-01T04:49:48.619+0000] {processor.py:925} INFO - DAG(s) 'etl_orders' retrieved from /opt/airflow/dags/etl_movies_sp.py
[2025-02-01T04:49:48.648+0000] {logging_mixin.py:190} INFO - [2025-02-01T04:49:48.648+0000] {dag.py:3239} INFO - Sync 1 DAGs
[2025-02-01T04:49:48.676+0000] {logging_mixin.py:190} INFO - [2025-02-01T04:49:48.676+0000] {dag.py:4180} INFO - Setting next_dagrun for etl_orders to 2025-02-01 00:00:00+00:00, run_after=2025-02-02 00:00:00+00:00
[2025-02-01T04:49:48.696+0000] {processor.py:208} INFO - Processing /opt/airflow/dags/etl_movies_sp.py took 0.596 seconds
[2025-02-01T05:38:20.479+0000] {processor.py:186} INFO - Started process (PID=6519) to work on /opt/airflow/dags/etl_movies_sp.py
[2025-02-01T05:38:20.566+0000] {processor.py:914} INFO - Processing file /opt/airflow/dags/etl_movies_sp.py for tasks to queue
[2025-02-01T05:38:20.625+0000] {logging_mixin.py:190} INFO - [2025-02-01T05:38:20.604+0000] {dagbag.py:588} INFO - Filling up the DagBag from /opt/airflow/dags/etl_movies_sp.py
[2025-02-01T05:38:26.871+0000] {processor.py:925} INFO - DAG(s) 'etl_orders' retrieved from /opt/airflow/dags/etl_movies_sp.py
[2025-02-01T05:38:27.614+0000] {logging_mixin.py:190} INFO - [2025-02-01T05:38:27.595+0000] {dag.py:3239} INFO - Sync 1 DAGs
[2025-02-01T05:38:28.175+0000] {logging_mixin.py:190} INFO - [2025-02-01T05:38:28.172+0000] {dag.py:4180} INFO - Setting next_dagrun for etl_orders to 2025-02-01 00:00:00+00:00, run_after=2025-02-02 00:00:00+00:00
[2025-02-01T05:38:28.942+0000] {processor.py:208} INFO - Processing /opt/airflow/dags/etl_movies_sp.py took 9.264 seconds
[2025-02-01T06:00:56.137+0000] {processor.py:186} INFO - Started process (PID=6522) to work on /opt/airflow/dags/etl_movies_sp.py
[2025-02-01T06:00:56.145+0000] {processor.py:914} INFO - Processing file /opt/airflow/dags/etl_movies_sp.py for tasks to queue
[2025-02-01T06:00:56.148+0000] {logging_mixin.py:190} INFO - [2025-02-01T06:00:56.147+0000] {dagbag.py:588} INFO - Filling up the DagBag from /opt/airflow/dags/etl_movies_sp.py
[2025-02-01T06:00:58.779+0000] {processor.py:925} INFO - DAG(s) 'etl_orders' retrieved from /opt/airflow/dags/etl_movies_sp.py
[2025-02-01T06:00:59.094+0000] {logging_mixin.py:190} INFO - [2025-02-01T06:00:59.086+0000] {dag.py:3239} INFO - Sync 1 DAGs
[2025-02-01T06:00:59.191+0000] {logging_mixin.py:190} INFO - [2025-02-01T06:00:59.191+0000] {dag.py:4180} INFO - Setting next_dagrun for etl_orders to 2025-02-01 00:00:00+00:00, run_after=2025-02-02 00:00:00+00:00
[2025-02-01T06:00:59.269+0000] {processor.py:208} INFO - Processing /opt/airflow/dags/etl_movies_sp.py took 3.174 seconds
[2025-02-01T06:33:46.155+0000] {processor.py:186} INFO - Started process (PID=6525) to work on /opt/airflow/dags/etl_movies_sp.py
[2025-02-01T06:33:46.161+0000] {processor.py:914} INFO - Processing file /opt/airflow/dags/etl_movies_sp.py for tasks to queue
[2025-02-01T06:33:46.170+0000] {logging_mixin.py:190} INFO - [2025-02-01T06:33:46.165+0000] {dagbag.py:588} INFO - Filling up the DagBag from /opt/airflow/dags/etl_movies_sp.py
[2025-02-01T06:33:47.126+0000] {processor.py:925} INFO - DAG(s) 'etl_orders' retrieved from /opt/airflow/dags/etl_movies_sp.py
[2025-02-01T06:33:47.165+0000] {logging_mixin.py:190} INFO - [2025-02-01T06:33:47.164+0000] {dag.py:3239} INFO - Sync 1 DAGs
[2025-02-01T06:33:47.203+0000] {logging_mixin.py:190} INFO - [2025-02-01T06:33:47.203+0000] {dag.py:4180} INFO - Setting next_dagrun for etl_orders to 2025-02-01 00:00:00+00:00, run_after=2025-02-02 00:00:00+00:00
[2025-02-01T06:33:47.278+0000] {processor.py:208} INFO - Processing /opt/airflow/dags/etl_movies_sp.py took 1.163 seconds
[2025-02-01T07:01:54.882+0000] {processor.py:186} INFO - Started process (PID=6528) to work on /opt/airflow/dags/etl_movies_sp.py
[2025-02-01T07:01:54.889+0000] {processor.py:914} INFO - Processing file /opt/airflow/dags/etl_movies_sp.py for tasks to queue
[2025-02-01T07:01:54.893+0000] {logging_mixin.py:190} INFO - [2025-02-01T07:01:54.892+0000] {dagbag.py:588} INFO - Filling up the DagBag from /opt/airflow/dags/etl_movies_sp.py
[2025-02-01T07:01:55.757+0000] {processor.py:925} INFO - DAG(s) 'etl_orders' retrieved from /opt/airflow/dags/etl_movies_sp.py
[2025-02-01T07:01:55.830+0000] {logging_mixin.py:190} INFO - [2025-02-01T07:01:55.829+0000] {dag.py:3239} INFO - Sync 1 DAGs
[2025-02-01T07:01:55.884+0000] {logging_mixin.py:190} INFO - [2025-02-01T07:01:55.883+0000] {dag.py:4180} INFO - Setting next_dagrun for etl_orders to 2025-02-01 00:00:00+00:00, run_after=2025-02-02 00:00:00+00:00
[2025-02-01T07:01:55.916+0000] {processor.py:208} INFO - Processing /opt/airflow/dags/etl_movies_sp.py took 1.072 seconds
[2025-02-01T07:02:27.054+0000] {processor.py:186} INFO - Started process (PID=6531) to work on /opt/airflow/dags/etl_movies_sp.py
[2025-02-01T07:02:27.059+0000] {processor.py:914} INFO - Processing file /opt/airflow/dags/etl_movies_sp.py for tasks to queue
[2025-02-01T07:02:27.064+0000] {logging_mixin.py:190} INFO - [2025-02-01T07:02:27.063+0000] {dagbag.py:588} INFO - Filling up the DagBag from /opt/airflow/dags/etl_movies_sp.py
[2025-02-01T07:02:27.586+0000] {processor.py:925} INFO - DAG(s) 'etl_orders' retrieved from /opt/airflow/dags/etl_movies_sp.py
[2025-02-01T07:02:27.604+0000] {logging_mixin.py:190} INFO - [2025-02-01T07:02:27.604+0000] {dag.py:3239} INFO - Sync 1 DAGs
[2025-02-01T07:02:27.619+0000] {logging_mixin.py:190} INFO - [2025-02-01T07:02:27.619+0000] {dag.py:4180} INFO - Setting next_dagrun for etl_orders to 2025-02-01 00:00:00+00:00, run_after=2025-02-02 00:00:00+00:00
[2025-02-01T07:02:27.631+0000] {processor.py:208} INFO - Processing /opt/airflow/dags/etl_movies_sp.py took 0.630 seconds
[2025-02-01T07:06:07.387+0000] {processor.py:186} INFO - Started process (PID=6534) to work on /opt/airflow/dags/etl_movies_sp.py
[2025-02-01T07:06:07.401+0000] {processor.py:914} INFO - Processing file /opt/airflow/dags/etl_movies_sp.py for tasks to queue
[2025-02-01T07:06:07.422+0000] {logging_mixin.py:190} INFO - [2025-02-01T07:06:07.414+0000] {dagbag.py:588} INFO - Filling up the DagBag from /opt/airflow/dags/etl_movies_sp.py
[2025-02-01T07:06:09.455+0000] {processor.py:925} INFO - DAG(s) 'etl_orders' retrieved from /opt/airflow/dags/etl_movies_sp.py
[2025-02-01T07:06:09.592+0000] {logging_mixin.py:190} INFO - [2025-02-01T07:06:09.588+0000] {dag.py:3239} INFO - Sync 1 DAGs
[2025-02-01T07:06:09.682+0000] {logging_mixin.py:190} INFO - [2025-02-01T07:06:09.681+0000] {dag.py:4180} INFO - Setting next_dagrun for etl_orders to 2025-02-01 00:00:00+00:00, run_after=2025-02-02 00:00:00+00:00
[2025-02-01T07:06:09.782+0000] {processor.py:208} INFO - Processing /opt/airflow/dags/etl_movies_sp.py took 2.516 seconds
[2025-02-01T07:06:40.772+0000] {processor.py:186} INFO - Started process (PID=6537) to work on /opt/airflow/dags/etl_movies_sp.py
[2025-02-01T07:06:40.778+0000] {processor.py:914} INFO - Processing file /opt/airflow/dags/etl_movies_sp.py for tasks to queue
[2025-02-01T07:06:40.781+0000] {logging_mixin.py:190} INFO - [2025-02-01T07:06:40.779+0000] {dagbag.py:588} INFO - Filling up the DagBag from /opt/airflow/dags/etl_movies_sp.py
[2025-02-01T07:06:41.523+0000] {processor.py:925} INFO - DAG(s) 'etl_orders' retrieved from /opt/airflow/dags/etl_movies_sp.py
[2025-02-01T07:06:41.564+0000] {logging_mixin.py:190} INFO - [2025-02-01T07:06:41.563+0000] {dag.py:3239} INFO - Sync 1 DAGs
[2025-02-01T07:06:41.590+0000] {logging_mixin.py:190} INFO - [2025-02-01T07:06:41.590+0000] {dag.py:4180} INFO - Setting next_dagrun for etl_orders to 2025-02-01 00:00:00+00:00, run_after=2025-02-02 00:00:00+00:00
[2025-02-01T07:06:41.625+0000] {processor.py:208} INFO - Processing /opt/airflow/dags/etl_movies_sp.py took 0.899 seconds
[2025-02-01T07:07:11.789+0000] {processor.py:186} INFO - Started process (PID=6540) to work on /opt/airflow/dags/etl_movies_sp.py
[2025-02-01T07:07:11.792+0000] {processor.py:914} INFO - Processing file /opt/airflow/dags/etl_movies_sp.py for tasks to queue
[2025-02-01T07:07:11.795+0000] {logging_mixin.py:190} INFO - [2025-02-01T07:07:11.794+0000] {dagbag.py:588} INFO - Filling up the DagBag from /opt/airflow/dags/etl_movies_sp.py
[2025-02-01T07:07:12.302+0000] {processor.py:925} INFO - DAG(s) 'etl_orders' retrieved from /opt/airflow/dags/etl_movies_sp.py
[2025-02-01T07:07:12.325+0000] {logging_mixin.py:190} INFO - [2025-02-01T07:07:12.325+0000] {dag.py:3239} INFO - Sync 1 DAGs
[2025-02-01T07:07:12.343+0000] {logging_mixin.py:190} INFO - [2025-02-01T07:07:12.343+0000] {dag.py:4180} INFO - Setting next_dagrun for etl_orders to 2025-02-01 00:00:00+00:00, run_after=2025-02-02 00:00:00+00:00
[2025-02-01T07:07:12.356+0000] {processor.py:208} INFO - Processing /opt/airflow/dags/etl_movies_sp.py took 0.584 seconds
[2025-02-01T07:07:43.140+0000] {processor.py:186} INFO - Started process (PID=6543) to work on /opt/airflow/dags/etl_movies_sp.py
[2025-02-01T07:07:43.142+0000] {processor.py:914} INFO - Processing file /opt/airflow/dags/etl_movies_sp.py for tasks to queue
[2025-02-01T07:07:43.143+0000] {logging_mixin.py:190} INFO - [2025-02-01T07:07:43.143+0000] {dagbag.py:588} INFO - Filling up the DagBag from /opt/airflow/dags/etl_movies_sp.py
[2025-02-01T07:07:43.643+0000] {processor.py:925} INFO - DAG(s) 'etl_orders' retrieved from /opt/airflow/dags/etl_movies_sp.py
[2025-02-01T07:07:43.665+0000] {logging_mixin.py:190} INFO - [2025-02-01T07:07:43.665+0000] {dag.py:3239} INFO - Sync 1 DAGs
[2025-02-01T07:07:43.678+0000] {logging_mixin.py:190} INFO - [2025-02-01T07:07:43.678+0000] {dag.py:4180} INFO - Setting next_dagrun for etl_orders to 2025-02-01 00:00:00+00:00, run_after=2025-02-02 00:00:00+00:00
[2025-02-01T07:07:43.697+0000] {processor.py:208} INFO - Processing /opt/airflow/dags/etl_movies_sp.py took 0.575 seconds
[2025-02-01T07:09:42.093+0000] {processor.py:186} INFO - Started process (PID=6546) to work on /opt/airflow/dags/etl_movies_sp.py
[2025-02-01T07:09:42.098+0000] {processor.py:914} INFO - Processing file /opt/airflow/dags/etl_movies_sp.py for tasks to queue
[2025-02-01T07:09:42.100+0000] {logging_mixin.py:190} INFO - [2025-02-01T07:09:42.099+0000] {dagbag.py:588} INFO - Filling up the DagBag from /opt/airflow/dags/etl_movies_sp.py
[2025-02-01T07:09:42.510+0000] {processor.py:925} INFO - DAG(s) 'etl_orders' retrieved from /opt/airflow/dags/etl_movies_sp.py
[2025-02-01T07:09:42.533+0000] {logging_mixin.py:190} INFO - [2025-02-01T07:09:42.533+0000] {dag.py:3239} INFO - Sync 1 DAGs
[2025-02-01T07:09:42.549+0000] {logging_mixin.py:190} INFO - [2025-02-01T07:09:42.549+0000] {dag.py:4180} INFO - Setting next_dagrun for etl_orders to 2025-02-01 00:00:00+00:00, run_after=2025-02-02 00:00:00+00:00
[2025-02-01T07:09:42.564+0000] {processor.py:208} INFO - Processing /opt/airflow/dags/etl_movies_sp.py took 0.508 seconds
[2025-02-01T07:33:28.657+0000] {processor.py:186} INFO - Started process (PID=6550) to work on /opt/airflow/dags/etl_movies_sp.py
[2025-02-01T07:33:28.727+0000] {processor.py:914} INFO - Processing file /opt/airflow/dags/etl_movies_sp.py for tasks to queue
[2025-02-01T07:33:28.766+0000] {logging_mixin.py:190} INFO - [2025-02-01T07:33:28.755+0000] {dagbag.py:588} INFO - Filling up the DagBag from /opt/airflow/dags/etl_movies_sp.py
[2025-02-01T07:33:32.337+0000] {processor.py:925} INFO - DAG(s) 'etl_orders' retrieved from /opt/airflow/dags/etl_movies_sp.py
[2025-02-01T07:33:32.642+0000] {logging_mixin.py:190} INFO - [2025-02-01T07:33:32.640+0000] {dag.py:3239} INFO - Sync 1 DAGs
[2025-02-01T07:33:32.769+0000] {logging_mixin.py:190} INFO - [2025-02-01T07:33:32.769+0000] {dag.py:4180} INFO - Setting next_dagrun for etl_orders to 2025-02-01 00:00:00+00:00, run_after=2025-02-02 00:00:00+00:00
[2025-02-01T07:33:32.846+0000] {processor.py:208} INFO - Processing /opt/airflow/dags/etl_movies_sp.py took 4.390 seconds
[2025-02-01T07:34:03.467+0000] {processor.py:186} INFO - Started process (PID=6553) to work on /opt/airflow/dags/etl_movies_sp.py
[2025-02-01T07:34:03.476+0000] {processor.py:914} INFO - Processing file /opt/airflow/dags/etl_movies_sp.py for tasks to queue
[2025-02-01T07:34:03.485+0000] {logging_mixin.py:190} INFO - [2025-02-01T07:34:03.482+0000] {dagbag.py:588} INFO - Filling up the DagBag from /opt/airflow/dags/etl_movies_sp.py
[2025-02-01T07:34:04.487+0000] {processor.py:925} INFO - DAG(s) 'etl_orders' retrieved from /opt/airflow/dags/etl_movies_sp.py
[2025-02-01T07:34:04.539+0000] {logging_mixin.py:190} INFO - [2025-02-01T07:34:04.538+0000] {dag.py:3239} INFO - Sync 1 DAGs
[2025-02-01T07:34:04.573+0000] {logging_mixin.py:190} INFO - [2025-02-01T07:34:04.573+0000] {dag.py:4180} INFO - Setting next_dagrun for etl_orders to 2025-02-01 00:00:00+00:00, run_after=2025-02-02 00:00:00+00:00
[2025-02-01T07:34:04.600+0000] {processor.py:208} INFO - Processing /opt/airflow/dags/etl_movies_sp.py took 1.270 seconds
[2025-02-01T08:04:50.000+0000] {processor.py:186} INFO - Started process (PID=6556) to work on /opt/airflow/dags/etl_movies_sp.py
[2025-02-01T08:04:50.094+0000] {processor.py:914} INFO - Processing file /opt/airflow/dags/etl_movies_sp.py for tasks to queue
[2025-02-01T08:04:50.583+0000] {logging_mixin.py:190} INFO - [2025-02-01T08:04:50.576+0000] {dagbag.py:588} INFO - Filling up the DagBag from /opt/airflow/dags/etl_movies_sp.py
[2025-02-01T08:04:53.765+0000] {processor.py:925} INFO - DAG(s) 'etl_orders' retrieved from /opt/airflow/dags/etl_movies_sp.py
[2025-02-01T08:04:54.575+0000] {logging_mixin.py:190} INFO - [2025-02-01T08:04:54.564+0000] {dag.py:3239} INFO - Sync 1 DAGs
[2025-02-01T08:04:55.142+0000] {logging_mixin.py:190} INFO - [2025-02-01T08:04:55.140+0000] {dag.py:4180} INFO - Setting next_dagrun for etl_orders to 2025-02-01 00:00:00+00:00, run_after=2025-02-02 00:00:00+00:00
[2025-02-01T08:04:56.409+0000] {processor.py:208} INFO - Processing /opt/airflow/dags/etl_movies_sp.py took 6.456 seconds
[2025-02-01T08:25:21.940+0000] {processor.py:186} INFO - Started process (PID=6559) to work on /opt/airflow/dags/etl_movies_sp.py
[2025-02-01T08:25:21.942+0000] {processor.py:914} INFO - Processing file /opt/airflow/dags/etl_movies_sp.py for tasks to queue
[2025-02-01T08:25:21.953+0000] {logging_mixin.py:190} INFO - [2025-02-01T08:25:21.948+0000] {dagbag.py:588} INFO - Filling up the DagBag from /opt/airflow/dags/etl_movies_sp.py
[2025-02-01T08:25:22.730+0000] {processor.py:925} INFO - DAG(s) 'etl_orders' retrieved from /opt/airflow/dags/etl_movies_sp.py
[2025-02-01T08:25:22.909+0000] {logging_mixin.py:190} INFO - [2025-02-01T08:25:22.908+0000] {dag.py:3239} INFO - Sync 1 DAGs
[2025-02-01T08:25:22.957+0000] {logging_mixin.py:190} INFO - [2025-02-01T08:25:22.957+0000] {dag.py:4180} INFO - Setting next_dagrun for etl_orders to 2025-02-01 00:00:00+00:00, run_after=2025-02-02 00:00:00+00:00
[2025-02-01T08:25:22.981+0000] {processor.py:208} INFO - Processing /opt/airflow/dags/etl_movies_sp.py took 1.066 seconds
[2025-02-01T08:45:32.503+0000] {processor.py:186} INFO - Started process (PID=6562) to work on /opt/airflow/dags/etl_movies_sp.py
[2025-02-01T08:45:32.508+0000] {processor.py:914} INFO - Processing file /opt/airflow/dags/etl_movies_sp.py for tasks to queue
[2025-02-01T08:45:32.514+0000] {logging_mixin.py:190} INFO - [2025-02-01T08:45:32.512+0000] {dagbag.py:588} INFO - Filling up the DagBag from /opt/airflow/dags/etl_movies_sp.py
[2025-02-01T08:45:33.209+0000] {processor.py:925} INFO - DAG(s) 'etl_orders' retrieved from /opt/airflow/dags/etl_movies_sp.py
[2025-02-01T08:45:33.246+0000] {logging_mixin.py:190} INFO - [2025-02-01T08:45:33.246+0000] {dag.py:3239} INFO - Sync 1 DAGs
[2025-02-01T08:45:33.265+0000] {logging_mixin.py:190} INFO - [2025-02-01T08:45:33.264+0000] {dag.py:4180} INFO - Setting next_dagrun for etl_orders to 2025-02-01 00:00:00+00:00, run_after=2025-02-02 00:00:00+00:00
[2025-02-01T08:45:33.280+0000] {processor.py:208} INFO - Processing /opt/airflow/dags/etl_movies_sp.py took 0.836 seconds
[2025-02-01T09:34:47.978+0000] {processor.py:186} INFO - Started process (PID=6565) to work on /opt/airflow/dags/etl_movies_sp.py
[2025-02-01T09:34:47.983+0000] {processor.py:914} INFO - Processing file /opt/airflow/dags/etl_movies_sp.py for tasks to queue
[2025-02-01T09:34:47.994+0000] {logging_mixin.py:190} INFO - [2025-02-01T09:34:47.990+0000] {dagbag.py:588} INFO - Filling up the DagBag from /opt/airflow/dags/etl_movies_sp.py
[2025-02-01T09:34:49.373+0000] {processor.py:925} INFO - DAG(s) 'etl_orders' retrieved from /opt/airflow/dags/etl_movies_sp.py
[2025-02-01T09:34:49.441+0000] {logging_mixin.py:190} INFO - [2025-02-01T09:34:49.441+0000] {dag.py:3239} INFO - Sync 1 DAGs
[2025-02-01T09:34:49.481+0000] {logging_mixin.py:190} INFO - [2025-02-01T09:34:49.481+0000] {dag.py:4180} INFO - Setting next_dagrun for etl_orders to 2025-02-01 00:00:00+00:00, run_after=2025-02-02 00:00:00+00:00
[2025-02-01T09:34:49.503+0000] {processor.py:208} INFO - Processing /opt/airflow/dags/etl_movies_sp.py took 1.583 seconds
[2025-02-01T10:06:43.464+0000] {processor.py:186} INFO - Started process (PID=6568) to work on /opt/airflow/dags/etl_movies_sp.py
[2025-02-01T10:06:43.468+0000] {processor.py:914} INFO - Processing file /opt/airflow/dags/etl_movies_sp.py for tasks to queue
[2025-02-01T10:06:43.475+0000] {logging_mixin.py:190} INFO - [2025-02-01T10:06:43.471+0000] {dagbag.py:588} INFO - Filling up the DagBag from /opt/airflow/dags/etl_movies_sp.py
[2025-02-01T10:06:44.349+0000] {processor.py:925} INFO - DAG(s) 'etl_orders' retrieved from /opt/airflow/dags/etl_movies_sp.py
[2025-02-01T10:06:44.516+0000] {logging_mixin.py:190} INFO - [2025-02-01T10:06:44.515+0000] {dag.py:3239} INFO - Sync 1 DAGs
[2025-02-01T10:06:44.635+0000] {logging_mixin.py:190} INFO - [2025-02-01T10:06:44.631+0000] {dag.py:4180} INFO - Setting next_dagrun for etl_orders to 2025-02-01 00:00:00+00:00, run_after=2025-02-02 00:00:00+00:00
[2025-02-01T10:06:44.694+0000] {processor.py:208} INFO - Processing /opt/airflow/dags/etl_movies_sp.py took 1.294 seconds
[2025-02-01T10:36:41.418+0000] {processor.py:186} INFO - Started process (PID=6571) to work on /opt/airflow/dags/etl_movies_sp.py
[2025-02-01T10:36:41.420+0000] {processor.py:914} INFO - Processing file /opt/airflow/dags/etl_movies_sp.py for tasks to queue
[2025-02-01T10:36:41.424+0000] {logging_mixin.py:190} INFO - [2025-02-01T10:36:41.423+0000] {dagbag.py:588} INFO - Filling up the DagBag from /opt/airflow/dags/etl_movies_sp.py
[2025-02-01T10:36:42.005+0000] {processor.py:925} INFO - DAG(s) 'etl_orders' retrieved from /opt/airflow/dags/etl_movies_sp.py
[2025-02-01T10:36:42.032+0000] {logging_mixin.py:190} INFO - [2025-02-01T10:36:42.032+0000] {dag.py:3239} INFO - Sync 1 DAGs
[2025-02-01T10:36:42.051+0000] {logging_mixin.py:190} INFO - [2025-02-01T10:36:42.051+0000] {dag.py:4180} INFO - Setting next_dagrun for etl_orders to 2025-02-01 00:00:00+00:00, run_after=2025-02-02 00:00:00+00:00
[2025-02-01T10:36:42.070+0000] {processor.py:208} INFO - Processing /opt/airflow/dags/etl_movies_sp.py took 0.677 seconds
[2025-02-01T10:37:54.273+0000] {processor.py:186} INFO - Started process (PID=6574) to work on /opt/airflow/dags/etl_movies_sp.py
[2025-02-01T10:37:54.321+0000] {processor.py:914} INFO - Processing file /opt/airflow/dags/etl_movies_sp.py for tasks to queue
[2025-02-01T10:37:54.410+0000] {logging_mixin.py:190} INFO - [2025-02-01T10:37:54.368+0000] {dagbag.py:588} INFO - Filling up the DagBag from /opt/airflow/dags/etl_movies_sp.py
[2025-02-01T10:37:59.474+0000] {processor.py:925} INFO - DAG(s) 'etl_orders' retrieved from /opt/airflow/dags/etl_movies_sp.py
[2025-02-01T10:37:59.695+0000] {logging_mixin.py:190} INFO - [2025-02-01T10:37:59.692+0000] {dag.py:3239} INFO - Sync 1 DAGs
[2025-02-01T10:37:59.990+0000] {logging_mixin.py:190} INFO - [2025-02-01T10:37:59.989+0000] {dag.py:4180} INFO - Setting next_dagrun for etl_orders to 2025-02-01 00:00:00+00:00, run_after=2025-02-02 00:00:00+00:00
[2025-02-01T10:38:00.128+0000] {processor.py:208} INFO - Processing /opt/airflow/dags/etl_movies_sp.py took 6.458 seconds
[2025-02-01T10:44:29.116+0000] {processor.py:186} INFO - Started process (PID=6577) to work on /opt/airflow/dags/etl_movies_sp.py
[2025-02-01T10:44:29.119+0000] {processor.py:914} INFO - Processing file /opt/airflow/dags/etl_movies_sp.py for tasks to queue
[2025-02-01T10:44:29.124+0000] {logging_mixin.py:190} INFO - [2025-02-01T10:44:29.122+0000] {dagbag.py:588} INFO - Filling up the DagBag from /opt/airflow/dags/etl_movies_sp.py
[2025-02-01T10:44:30.204+0000] {processor.py:925} INFO - DAG(s) 'etl_orders' retrieved from /opt/airflow/dags/etl_movies_sp.py
[2025-02-01T10:44:30.302+0000] {logging_mixin.py:190} INFO - [2025-02-01T10:44:30.301+0000] {dag.py:3239} INFO - Sync 1 DAGs
[2025-02-01T10:44:30.366+0000] {logging_mixin.py:190} INFO - [2025-02-01T10:44:30.365+0000] {dag.py:4180} INFO - Setting next_dagrun for etl_orders to 2025-02-01 00:00:00+00:00, run_after=2025-02-02 00:00:00+00:00
[2025-02-01T10:44:30.407+0000] {processor.py:208} INFO - Processing /opt/airflow/dags/etl_movies_sp.py took 1.349 seconds
[2025-02-01T10:45:00.674+0000] {processor.py:186} INFO - Started process (PID=6580) to work on /opt/airflow/dags/etl_movies_sp.py
[2025-02-01T10:45:00.679+0000] {processor.py:914} INFO - Processing file /opt/airflow/dags/etl_movies_sp.py for tasks to queue
[2025-02-01T10:45:00.686+0000] {logging_mixin.py:190} INFO - [2025-02-01T10:45:00.683+0000] {dagbag.py:588} INFO - Filling up the DagBag from /opt/airflow/dags/etl_movies_sp.py
[2025-02-01T10:45:01.647+0000] {processor.py:925} INFO - DAG(s) 'etl_orders' retrieved from /opt/airflow/dags/etl_movies_sp.py
[2025-02-01T10:45:01.702+0000] {logging_mixin.py:190} INFO - [2025-02-01T10:45:01.701+0000] {dag.py:3239} INFO - Sync 1 DAGs
[2025-02-01T10:45:01.730+0000] {logging_mixin.py:190} INFO - [2025-02-01T10:45:01.730+0000] {dag.py:4180} INFO - Setting next_dagrun for etl_orders to 2025-02-01 00:00:00+00:00, run_after=2025-02-02 00:00:00+00:00
[2025-02-01T10:45:01.774+0000] {processor.py:208} INFO - Processing /opt/airflow/dags/etl_movies_sp.py took 1.138 seconds
[2025-02-01T10:45:32.763+0000] {processor.py:186} INFO - Started process (PID=6583) to work on /opt/airflow/dags/etl_movies_sp.py
[2025-02-01T10:45:32.766+0000] {processor.py:914} INFO - Processing file /opt/airflow/dags/etl_movies_sp.py for tasks to queue
[2025-02-01T10:45:32.773+0000] {logging_mixin.py:190} INFO - [2025-02-01T10:45:32.770+0000] {dagbag.py:588} INFO - Filling up the DagBag from /opt/airflow/dags/etl_movies_sp.py
[2025-02-01T10:45:33.344+0000] {processor.py:925} INFO - DAG(s) 'etl_orders' retrieved from /opt/airflow/dags/etl_movies_sp.py
[2025-02-01T10:45:33.370+0000] {logging_mixin.py:190} INFO - [2025-02-01T10:45:33.370+0000] {dag.py:3239} INFO - Sync 1 DAGs
[2025-02-01T10:45:33.385+0000] {logging_mixin.py:190} INFO - [2025-02-01T10:45:33.385+0000] {dag.py:4180} INFO - Setting next_dagrun for etl_orders to 2025-02-01 00:00:00+00:00, run_after=2025-02-02 00:00:00+00:00
[2025-02-01T10:45:33.405+0000] {processor.py:208} INFO - Processing /opt/airflow/dags/etl_movies_sp.py took 0.678 seconds
[2025-02-01T10:46:03.992+0000] {processor.py:186} INFO - Started process (PID=6586) to work on /opt/airflow/dags/etl_movies_sp.py
[2025-02-01T10:46:03.996+0000] {processor.py:914} INFO - Processing file /opt/airflow/dags/etl_movies_sp.py for tasks to queue
[2025-02-01T10:46:03.999+0000] {logging_mixin.py:190} INFO - [2025-02-01T10:46:03.998+0000] {dagbag.py:588} INFO - Filling up the DagBag from /opt/airflow/dags/etl_movies_sp.py
[2025-02-01T10:46:04.482+0000] {processor.py:925} INFO - DAG(s) 'etl_orders' retrieved from /opt/airflow/dags/etl_movies_sp.py
[2025-02-01T10:46:04.517+0000] {logging_mixin.py:190} INFO - [2025-02-01T10:46:04.517+0000] {dag.py:3239} INFO - Sync 1 DAGs
[2025-02-01T10:46:04.578+0000] {logging_mixin.py:190} INFO - [2025-02-01T10:46:04.578+0000] {dag.py:4180} INFO - Setting next_dagrun for etl_orders to 2025-02-01 00:00:00+00:00, run_after=2025-02-02 00:00:00+00:00
[2025-02-01T10:46:04.615+0000] {processor.py:208} INFO - Processing /opt/airflow/dags/etl_movies_sp.py took 0.644 seconds
[2025-02-01T10:46:35.167+0000] {processor.py:186} INFO - Started process (PID=6589) to work on /opt/airflow/dags/etl_movies_sp.py
[2025-02-01T10:46:35.169+0000] {processor.py:914} INFO - Processing file /opt/airflow/dags/etl_movies_sp.py for tasks to queue
[2025-02-01T10:46:35.171+0000] {logging_mixin.py:190} INFO - [2025-02-01T10:46:35.170+0000] {dagbag.py:588} INFO - Filling up the DagBag from /opt/airflow/dags/etl_movies_sp.py
[2025-02-01T10:46:35.563+0000] {processor.py:925} INFO - DAG(s) 'etl_orders' retrieved from /opt/airflow/dags/etl_movies_sp.py
[2025-02-01T10:46:35.582+0000] {logging_mixin.py:190} INFO - [2025-02-01T10:46:35.582+0000] {dag.py:3239} INFO - Sync 1 DAGs
[2025-02-01T10:46:35.601+0000] {logging_mixin.py:190} INFO - [2025-02-01T10:46:35.601+0000] {dag.py:4180} INFO - Setting next_dagrun for etl_orders to 2025-02-01 00:00:00+00:00, run_after=2025-02-02 00:00:00+00:00
[2025-02-01T10:46:35.618+0000] {processor.py:208} INFO - Processing /opt/airflow/dags/etl_movies_sp.py took 0.461 seconds
[2025-02-01T10:47:05.938+0000] {processor.py:186} INFO - Started process (PID=6592) to work on /opt/airflow/dags/etl_movies_sp.py
[2025-02-01T10:47:05.940+0000] {processor.py:914} INFO - Processing file /opt/airflow/dags/etl_movies_sp.py for tasks to queue
[2025-02-01T10:47:05.944+0000] {logging_mixin.py:190} INFO - [2025-02-01T10:47:05.943+0000] {dagbag.py:588} INFO - Filling up the DagBag from /opt/airflow/dags/etl_movies_sp.py
[2025-02-01T10:47:06.347+0000] {processor.py:925} INFO - DAG(s) 'etl_orders' retrieved from /opt/airflow/dags/etl_movies_sp.py
[2025-02-01T10:47:06.371+0000] {logging_mixin.py:190} INFO - [2025-02-01T10:47:06.371+0000] {dag.py:3239} INFO - Sync 1 DAGs
[2025-02-01T10:47:06.390+0000] {logging_mixin.py:190} INFO - [2025-02-01T10:47:06.390+0000] {dag.py:4180} INFO - Setting next_dagrun for etl_orders to 2025-02-01 00:00:00+00:00, run_after=2025-02-02 00:00:00+00:00
[2025-02-01T10:47:06.427+0000] {processor.py:208} INFO - Processing /opt/airflow/dags/etl_movies_sp.py took 0.507 seconds
[2025-02-01T11:01:08.836+0000] {processor.py:186} INFO - Started process (PID=6595) to work on /opt/airflow/dags/etl_movies_sp.py
[2025-02-01T11:01:08.888+0000] {processor.py:914} INFO - Processing file /opt/airflow/dags/etl_movies_sp.py for tasks to queue
[2025-02-01T11:01:08.963+0000] {logging_mixin.py:190} INFO - [2025-02-01T11:01:08.940+0000] {dagbag.py:588} INFO - Filling up the DagBag from /opt/airflow/dags/etl_movies_sp.py
[2025-02-01T11:01:12.405+0000] {processor.py:925} INFO - DAG(s) 'etl_orders' retrieved from /opt/airflow/dags/etl_movies_sp.py
[2025-02-01T11:01:12.852+0000] {logging_mixin.py:190} INFO - [2025-02-01T11:01:12.850+0000] {dag.py:3239} INFO - Sync 1 DAGs
[2025-02-01T11:01:13.168+0000] {logging_mixin.py:190} INFO - [2025-02-01T11:01:13.168+0000] {dag.py:4180} INFO - Setting next_dagrun for etl_orders to 2025-02-01 00:00:00+00:00, run_after=2025-02-02 00:00:00+00:00
[2025-02-01T11:01:13.407+0000] {processor.py:208} INFO - Processing /opt/airflow/dags/etl_movies_sp.py took 5.085 seconds
[2025-02-01T11:34:56.912+0000] {processor.py:186} INFO - Started process (PID=6598) to work on /opt/airflow/dags/etl_movies_sp.py
[2025-02-01T11:34:56.915+0000] {processor.py:914} INFO - Processing file /opt/airflow/dags/etl_movies_sp.py for tasks to queue
[2025-02-01T11:34:56.922+0000] {logging_mixin.py:190} INFO - [2025-02-01T11:34:56.918+0000] {dagbag.py:588} INFO - Filling up the DagBag from /opt/airflow/dags/etl_movies_sp.py
[2025-02-01T11:34:58.171+0000] {processor.py:925} INFO - DAG(s) 'etl_orders' retrieved from /opt/airflow/dags/etl_movies_sp.py
[2025-02-01T11:34:58.262+0000] {logging_mixin.py:190} INFO - [2025-02-01T11:34:58.261+0000] {dag.py:3239} INFO - Sync 1 DAGs
[2025-02-01T11:34:58.312+0000] {logging_mixin.py:190} INFO - [2025-02-01T11:34:58.311+0000] {dag.py:4180} INFO - Setting next_dagrun for etl_orders to 2025-02-01 00:00:00+00:00, run_after=2025-02-02 00:00:00+00:00
[2025-02-01T11:34:58.354+0000] {processor.py:208} INFO - Processing /opt/airflow/dags/etl_movies_sp.py took 1.486 seconds
[2025-02-01T11:53:15.692+0000] {processor.py:186} INFO - Started process (PID=6601) to work on /opt/airflow/dags/etl_movies_sp.py
[2025-02-01T11:53:15.695+0000] {processor.py:914} INFO - Processing file /opt/airflow/dags/etl_movies_sp.py for tasks to queue
[2025-02-01T11:53:15.699+0000] {logging_mixin.py:190} INFO - [2025-02-01T11:53:15.697+0000] {dagbag.py:588} INFO - Filling up the DagBag from /opt/airflow/dags/etl_movies_sp.py
[2025-02-01T11:53:16.268+0000] {processor.py:925} INFO - DAG(s) 'etl_orders' retrieved from /opt/airflow/dags/etl_movies_sp.py
[2025-02-01T11:53:16.296+0000] {logging_mixin.py:190} INFO - [2025-02-01T11:53:16.296+0000] {dag.py:3239} INFO - Sync 1 DAGs
[2025-02-01T11:53:16.338+0000] {logging_mixin.py:190} INFO - [2025-02-01T11:53:16.338+0000] {dag.py:4180} INFO - Setting next_dagrun for etl_orders to 2025-02-01 00:00:00+00:00, run_after=2025-02-02 00:00:00+00:00
[2025-02-01T11:53:16.364+0000] {processor.py:208} INFO - Processing /opt/airflow/dags/etl_movies_sp.py took 0.692 seconds
[2025-02-01T11:53:46.692+0000] {processor.py:186} INFO - Started process (PID=6604) to work on /opt/airflow/dags/etl_movies_sp.py
[2025-02-01T11:53:46.697+0000] {processor.py:914} INFO - Processing file /opt/airflow/dags/etl_movies_sp.py for tasks to queue
[2025-02-01T11:53:46.701+0000] {logging_mixin.py:190} INFO - [2025-02-01T11:53:46.700+0000] {dagbag.py:588} INFO - Filling up the DagBag from /opt/airflow/dags/etl_movies_sp.py
[2025-02-01T11:53:47.318+0000] {processor.py:925} INFO - DAG(s) 'etl_orders' retrieved from /opt/airflow/dags/etl_movies_sp.py
[2025-02-01T11:53:47.525+0000] {logging_mixin.py:190} INFO - [2025-02-01T11:53:47.513+0000] {dag.py:3239} INFO - Sync 1 DAGs
[2025-02-01T11:53:47.582+0000] {logging_mixin.py:190} INFO - [2025-02-01T11:53:47.582+0000] {dag.py:4180} INFO - Setting next_dagrun for etl_orders to 2025-02-01 00:00:00+00:00, run_after=2025-02-02 00:00:00+00:00
[2025-02-01T11:53:47.662+0000] {processor.py:208} INFO - Processing /opt/airflow/dags/etl_movies_sp.py took 1.012 seconds
[2025-02-01T11:54:25.354+0000] {processor.py:186} INFO - Started process (PID=6607) to work on /opt/airflow/dags/etl_movies_sp.py
[2025-02-01T11:54:25.371+0000] {processor.py:914} INFO - Processing file /opt/airflow/dags/etl_movies_sp.py for tasks to queue
[2025-02-01T11:54:25.414+0000] {logging_mixin.py:190} INFO - [2025-02-01T11:54:25.386+0000] {dagbag.py:588} INFO - Filling up the DagBag from /opt/airflow/dags/etl_movies_sp.py
[2025-02-01T11:54:27.771+0000] {processor.py:925} INFO - DAG(s) 'etl_orders' retrieved from /opt/airflow/dags/etl_movies_sp.py
[2025-02-01T11:54:27.912+0000] {logging_mixin.py:190} INFO - [2025-02-01T11:54:27.911+0000] {dag.py:3239} INFO - Sync 1 DAGs
[2025-02-01T11:54:27.992+0000] {logging_mixin.py:190} INFO - [2025-02-01T11:54:27.992+0000] {dag.py:4180} INFO - Setting next_dagrun for etl_orders to 2025-02-01 00:00:00+00:00, run_after=2025-02-02 00:00:00+00:00
[2025-02-01T11:54:28.025+0000] {processor.py:208} INFO - Processing /opt/airflow/dags/etl_movies_sp.py took 3.029 seconds
[2025-02-01T11:57:29.587+0000] {processor.py:186} INFO - Started process (PID=6610) to work on /opt/airflow/dags/etl_movies_sp.py
[2025-02-01T11:57:29.600+0000] {processor.py:914} INFO - Processing file /opt/airflow/dags/etl_movies_sp.py for tasks to queue
[2025-02-01T11:57:29.610+0000] {logging_mixin.py:190} INFO - [2025-02-01T11:57:29.604+0000] {dagbag.py:588} INFO - Filling up the DagBag from /opt/airflow/dags/etl_movies_sp.py
[2025-02-01T11:57:30.865+0000] {processor.py:925} INFO - DAG(s) 'etl_orders' retrieved from /opt/airflow/dags/etl_movies_sp.py
[2025-02-01T11:57:31.142+0000] {logging_mixin.py:190} INFO - [2025-02-01T11:57:31.137+0000] {dag.py:3239} INFO - Sync 1 DAGs
[2025-02-01T11:57:31.256+0000] {logging_mixin.py:190} INFO - [2025-02-01T11:57:31.255+0000] {dag.py:4180} INFO - Setting next_dagrun for etl_orders to 2025-02-01 00:00:00+00:00, run_after=2025-02-02 00:00:00+00:00
[2025-02-01T11:57:31.440+0000] {processor.py:208} INFO - Processing /opt/airflow/dags/etl_movies_sp.py took 1.956 seconds
[2025-02-01T12:29:45.696+0000] {processor.py:186} INFO - Started process (PID=6613) to work on /opt/airflow/dags/etl_movies_sp.py
[2025-02-01T12:29:45.708+0000] {processor.py:914} INFO - Processing file /opt/airflow/dags/etl_movies_sp.py for tasks to queue
[2025-02-01T12:29:45.723+0000] {logging_mixin.py:190} INFO - [2025-02-01T12:29:45.718+0000] {dagbag.py:588} INFO - Filling up the DagBag from /opt/airflow/dags/etl_movies_sp.py
[2025-02-01T12:29:46.532+0000] {processor.py:925} INFO - DAG(s) 'etl_orders' retrieved from /opt/airflow/dags/etl_movies_sp.py
[2025-02-01T12:29:46.647+0000] {logging_mixin.py:190} INFO - [2025-02-01T12:29:46.647+0000] {dag.py:3239} INFO - Sync 1 DAGs
[2025-02-01T12:29:46.679+0000] {logging_mixin.py:190} INFO - [2025-02-01T12:29:46.679+0000] {dag.py:4180} INFO - Setting next_dagrun for etl_orders to 2025-02-01 00:00:00+00:00, run_after=2025-02-02 00:00:00+00:00
[2025-02-01T12:29:46.715+0000] {processor.py:208} INFO - Processing /opt/airflow/dags/etl_movies_sp.py took 1.200 seconds
[2025-02-01T12:56:24.815+0000] {processor.py:186} INFO - Started process (PID=6616) to work on /opt/airflow/dags/etl_movies_sp.py
[2025-02-01T12:56:24.820+0000] {processor.py:914} INFO - Processing file /opt/airflow/dags/etl_movies_sp.py for tasks to queue
[2025-02-01T12:56:24.830+0000] {logging_mixin.py:190} INFO - [2025-02-01T12:56:24.825+0000] {dagbag.py:588} INFO - Filling up the DagBag from /opt/airflow/dags/etl_movies_sp.py
[2025-02-01T12:56:25.825+0000] {processor.py:925} INFO - DAG(s) 'etl_orders' retrieved from /opt/airflow/dags/etl_movies_sp.py
[2025-02-01T12:56:25.863+0000] {logging_mixin.py:190} INFO - [2025-02-01T12:56:25.863+0000] {dag.py:3239} INFO - Sync 1 DAGs
[2025-02-01T12:56:25.891+0000] {logging_mixin.py:190} INFO - [2025-02-01T12:56:25.891+0000] {dag.py:4180} INFO - Setting next_dagrun for etl_orders to 2025-02-01 00:00:00+00:00, run_after=2025-02-02 00:00:00+00:00
[2025-02-01T12:56:25.914+0000] {processor.py:208} INFO - Processing /opt/airflow/dags/etl_movies_sp.py took 1.161 seconds
[2025-02-01T12:56:56.665+0000] {processor.py:186} INFO - Started process (PID=6619) to work on /opt/airflow/dags/etl_movies_sp.py
[2025-02-01T12:56:56.676+0000] {processor.py:914} INFO - Processing file /opt/airflow/dags/etl_movies_sp.py for tasks to queue
[2025-02-01T12:56:56.698+0000] {logging_mixin.py:190} INFO - [2025-02-01T12:56:56.687+0000] {dagbag.py:588} INFO - Filling up the DagBag from /opt/airflow/dags/etl_movies_sp.py
[2025-02-01T12:56:57.901+0000] {processor.py:925} INFO - DAG(s) 'etl_orders' retrieved from /opt/airflow/dags/etl_movies_sp.py
[2025-02-01T12:56:58.082+0000] {logging_mixin.py:190} INFO - [2025-02-01T12:56:58.081+0000] {dag.py:3239} INFO - Sync 1 DAGs
[2025-02-01T12:56:58.125+0000] {logging_mixin.py:190} INFO - [2025-02-01T12:56:58.124+0000] {dag.py:4180} INFO - Setting next_dagrun for etl_orders to 2025-02-01 00:00:00+00:00, run_after=2025-02-02 00:00:00+00:00
[2025-02-01T12:56:58.183+0000] {processor.py:208} INFO - Processing /opt/airflow/dags/etl_movies_sp.py took 1.626 seconds
[2025-02-01T13:00:06.404+0000] {processor.py:186} INFO - Started process (PID=6622) to work on /opt/airflow/dags/etl_movies_sp.py
[2025-02-01T13:00:06.412+0000] {processor.py:914} INFO - Processing file /opt/airflow/dags/etl_movies_sp.py for tasks to queue
[2025-02-01T13:00:06.417+0000] {logging_mixin.py:190} INFO - [2025-02-01T13:00:06.415+0000] {dagbag.py:588} INFO - Filling up the DagBag from /opt/airflow/dags/etl_movies_sp.py
[2025-02-01T13:00:08.686+0000] {processor.py:925} INFO - DAG(s) 'etl_orders' retrieved from /opt/airflow/dags/etl_movies_sp.py
[2025-02-01T13:00:08.798+0000] {logging_mixin.py:190} INFO - [2025-02-01T13:00:08.797+0000] {dag.py:3239} INFO - Sync 1 DAGs
[2025-02-01T13:00:08.928+0000] {logging_mixin.py:190} INFO - [2025-02-01T13:00:08.927+0000] {dag.py:4180} INFO - Setting next_dagrun for etl_orders to 2025-02-01 00:00:00+00:00, run_after=2025-02-02 00:00:00+00:00
[2025-02-01T13:00:09.025+0000] {processor.py:208} INFO - Processing /opt/airflow/dags/etl_movies_sp.py took 2.685 seconds
[2025-02-01T14:40:31.236+0000] {processor.py:186} INFO - Started process (PID=6625) to work on /opt/airflow/dags/etl_movies_sp.py
[2025-02-01T14:40:31.242+0000] {processor.py:914} INFO - Processing file /opt/airflow/dags/etl_movies_sp.py for tasks to queue
[2025-02-01T14:40:31.246+0000] {logging_mixin.py:190} INFO - [2025-02-01T14:40:31.245+0000] {dagbag.py:588} INFO - Filling up the DagBag from /opt/airflow/dags/etl_movies_sp.py
[2025-02-01T14:40:32.152+0000] {processor.py:925} INFO - DAG(s) 'etl_orders' retrieved from /opt/airflow/dags/etl_movies_sp.py
[2025-02-01T14:40:32.215+0000] {logging_mixin.py:190} INFO - [2025-02-01T14:40:32.214+0000] {dag.py:3239} INFO - Sync 1 DAGs
[2025-02-01T14:40:32.247+0000] {logging_mixin.py:190} INFO - [2025-02-01T14:40:32.247+0000] {dag.py:4180} INFO - Setting next_dagrun for etl_orders to 2025-02-01 00:00:00+00:00, run_after=2025-02-02 00:00:00+00:00
[2025-02-01T14:40:32.344+0000] {processor.py:208} INFO - Processing /opt/airflow/dags/etl_movies_sp.py took 1.162 seconds
[2025-02-01T14:58:13.974+0000] {processor.py:186} INFO - Started process (PID=6628) to work on /opt/airflow/dags/etl_movies_sp.py
[2025-02-01T14:58:13.978+0000] {processor.py:914} INFO - Processing file /opt/airflow/dags/etl_movies_sp.py for tasks to queue
[2025-02-01T14:58:13.982+0000] {logging_mixin.py:190} INFO - [2025-02-01T14:58:13.980+0000] {dagbag.py:588} INFO - Filling up the DagBag from /opt/airflow/dags/etl_movies_sp.py
[2025-02-01T14:58:14.518+0000] {processor.py:925} INFO - DAG(s) 'etl_orders' retrieved from /opt/airflow/dags/etl_movies_sp.py
[2025-02-01T14:58:14.546+0000] {logging_mixin.py:190} INFO - [2025-02-01T14:58:14.546+0000] {dag.py:3239} INFO - Sync 1 DAGs
[2025-02-01T14:58:14.565+0000] {logging_mixin.py:190} INFO - [2025-02-01T14:58:14.565+0000] {dag.py:4180} INFO - Setting next_dagrun for etl_orders to 2025-02-01 00:00:00+00:00, run_after=2025-02-02 00:00:00+00:00
[2025-02-01T14:58:14.583+0000] {processor.py:208} INFO - Processing /opt/airflow/dags/etl_movies_sp.py took 0.644 seconds
[2025-02-01T15:28:28.750+0000] {processor.py:186} INFO - Started process (PID=6631) to work on /opt/airflow/dags/etl_movies_sp.py
[2025-02-01T15:28:28.779+0000] {processor.py:914} INFO - Processing file /opt/airflow/dags/etl_movies_sp.py for tasks to queue
[2025-02-01T15:28:28.786+0000] {logging_mixin.py:190} INFO - [2025-02-01T15:28:28.783+0000] {dagbag.py:588} INFO - Filling up the DagBag from /opt/airflow/dags/etl_movies_sp.py
[2025-02-01T15:28:29.800+0000] {processor.py:925} INFO - DAG(s) 'etl_orders' retrieved from /opt/airflow/dags/etl_movies_sp.py
[2025-02-01T15:28:29.843+0000] {logging_mixin.py:190} INFO - [2025-02-01T15:28:29.842+0000] {dag.py:3239} INFO - Sync 1 DAGs
[2025-02-01T15:28:29.876+0000] {logging_mixin.py:190} INFO - [2025-02-01T15:28:29.876+0000] {dag.py:4180} INFO - Setting next_dagrun for etl_orders to 2025-02-01 00:00:00+00:00, run_after=2025-02-02 00:00:00+00:00
[2025-02-01T15:28:29.900+0000] {processor.py:208} INFO - Processing /opt/airflow/dags/etl_movies_sp.py took 1.274 seconds
[2025-02-01T15:34:30.817+0000] {processor.py:186} INFO - Started process (PID=6634) to work on /opt/airflow/dags/etl_movies_sp.py
[2025-02-01T15:34:30.827+0000] {processor.py:914} INFO - Processing file /opt/airflow/dags/etl_movies_sp.py for tasks to queue
[2025-02-01T15:34:30.866+0000] {logging_mixin.py:190} INFO - [2025-02-01T15:34:30.844+0000] {dagbag.py:588} INFO - Filling up the DagBag from /opt/airflow/dags/etl_movies_sp.py
[2025-02-01T15:34:32.491+0000] {processor.py:925} INFO - DAG(s) 'etl_orders' retrieved from /opt/airflow/dags/etl_movies_sp.py
[2025-02-01T15:34:32.543+0000] {logging_mixin.py:190} INFO - [2025-02-01T15:34:32.542+0000] {dag.py:3239} INFO - Sync 1 DAGs
[2025-02-01T15:34:32.620+0000] {logging_mixin.py:190} INFO - [2025-02-01T15:34:32.619+0000] {dag.py:4180} INFO - Setting next_dagrun for etl_orders to 2025-02-01 00:00:00+00:00, run_after=2025-02-02 00:00:00+00:00
[2025-02-01T15:34:32.709+0000] {processor.py:208} INFO - Processing /opt/airflow/dags/etl_movies_sp.py took 2.058 seconds
[2025-02-01T15:35:12.431+0000] {processor.py:186} INFO - Started process (PID=6637) to work on /opt/airflow/dags/etl_movies_sp.py
[2025-02-01T15:35:12.433+0000] {processor.py:914} INFO - Processing file /opt/airflow/dags/etl_movies_sp.py for tasks to queue
[2025-02-01T15:35:12.434+0000] {logging_mixin.py:190} INFO - [2025-02-01T15:35:12.434+0000] {dagbag.py:588} INFO - Filling up the DagBag from /opt/airflow/dags/etl_movies_sp.py
[2025-02-01T15:35:12.789+0000] {processor.py:925} INFO - DAG(s) 'etl_orders' retrieved from /opt/airflow/dags/etl_movies_sp.py
[2025-02-01T15:35:12.810+0000] {logging_mixin.py:190} INFO - [2025-02-01T15:35:12.810+0000] {dag.py:3239} INFO - Sync 1 DAGs
[2025-02-01T15:35:12.826+0000] {logging_mixin.py:190} INFO - [2025-02-01T15:35:12.826+0000] {dag.py:4180} INFO - Setting next_dagrun for etl_orders to 2025-02-01 00:00:00+00:00, run_after=2025-02-02 00:00:00+00:00
[2025-02-01T15:35:12.838+0000] {processor.py:208} INFO - Processing /opt/airflow/dags/etl_movies_sp.py took 0.428 seconds
[2025-02-01T15:35:43.390+0000] {processor.py:186} INFO - Started process (PID=6640) to work on /opt/airflow/dags/etl_movies_sp.py
[2025-02-01T15:35:43.407+0000] {processor.py:914} INFO - Processing file /opt/airflow/dags/etl_movies_sp.py for tasks to queue
[2025-02-01T15:35:43.423+0000] {logging_mixin.py:190} INFO - [2025-02-01T15:35:43.417+0000] {dagbag.py:588} INFO - Filling up the DagBag from /opt/airflow/dags/etl_movies_sp.py
[2025-02-01T15:35:44.754+0000] {processor.py:925} INFO - DAG(s) 'etl_orders' retrieved from /opt/airflow/dags/etl_movies_sp.py
[2025-02-01T15:35:44.813+0000] {logging_mixin.py:190} INFO - [2025-02-01T15:35:44.813+0000] {dag.py:3239} INFO - Sync 1 DAGs
[2025-02-01T15:35:44.853+0000] {logging_mixin.py:190} INFO - [2025-02-01T15:35:44.853+0000] {dag.py:4180} INFO - Setting next_dagrun for etl_orders to 2025-02-01 00:00:00+00:00, run_after=2025-02-02 00:00:00+00:00
[2025-02-01T15:35:44.891+0000] {processor.py:208} INFO - Processing /opt/airflow/dags/etl_movies_sp.py took 1.563 seconds
[2025-02-01T16:30:21.993+0000] {processor.py:186} INFO - Started process (PID=6643) to work on /opt/airflow/dags/etl_movies_sp.py
[2025-02-01T16:30:22.077+0000] {processor.py:914} INFO - Processing file /opt/airflow/dags/etl_movies_sp.py for tasks to queue
[2025-02-01T16:30:22.169+0000] {logging_mixin.py:190} INFO - [2025-02-01T16:30:22.153+0000] {dagbag.py:588} INFO - Filling up the DagBag from /opt/airflow/dags/etl_movies_sp.py
[2025-02-01T16:30:23.260+0000] {processor.py:925} INFO - DAG(s) 'etl_orders' retrieved from /opt/airflow/dags/etl_movies_sp.py
[2025-02-01T16:30:23.301+0000] {logging_mixin.py:190} INFO - [2025-02-01T16:30:23.301+0000] {dag.py:3239} INFO - Sync 1 DAGs
[2025-02-01T16:30:23.327+0000] {logging_mixin.py:190} INFO - [2025-02-01T16:30:23.327+0000] {dag.py:4180} INFO - Setting next_dagrun for etl_orders to 2025-02-01 00:00:00+00:00, run_after=2025-02-02 00:00:00+00:00
[2025-02-01T16:30:23.354+0000] {processor.py:208} INFO - Processing /opt/airflow/dags/etl_movies_sp.py took 1.560 seconds
[2025-02-01T16:47:20.194+0000] {processor.py:186} INFO - Started process (PID=6646) to work on /opt/airflow/dags/etl_movies_sp.py
[2025-02-01T16:47:20.211+0000] {processor.py:914} INFO - Processing file /opt/airflow/dags/etl_movies_sp.py for tasks to queue
[2025-02-01T16:47:20.220+0000] {logging_mixin.py:190} INFO - [2025-02-01T16:47:20.217+0000] {dagbag.py:588} INFO - Filling up the DagBag from /opt/airflow/dags/etl_movies_sp.py
[2025-02-01T16:47:21.183+0000] {processor.py:925} INFO - DAG(s) 'etl_orders' retrieved from /opt/airflow/dags/etl_movies_sp.py
[2025-02-01T16:47:21.263+0000] {logging_mixin.py:190} INFO - [2025-02-01T16:47:21.262+0000] {dag.py:3239} INFO - Sync 1 DAGs
[2025-02-01T16:47:21.318+0000] {logging_mixin.py:190} INFO - [2025-02-01T16:47:21.317+0000] {dag.py:4180} INFO - Setting next_dagrun for etl_orders to 2025-02-01 00:00:00+00:00, run_after=2025-02-02 00:00:00+00:00
[2025-02-01T16:47:21.374+0000] {processor.py:208} INFO - Processing /opt/airflow/dags/etl_movies_sp.py took 1.214 seconds
[2025-02-01T17:03:35.237+0000] {processor.py:186} INFO - Started process (PID=6649) to work on /opt/airflow/dags/etl_movies_sp.py
[2025-02-01T17:03:35.240+0000] {processor.py:914} INFO - Processing file /opt/airflow/dags/etl_movies_sp.py for tasks to queue
[2025-02-01T17:03:35.242+0000] {logging_mixin.py:190} INFO - [2025-02-01T17:03:35.241+0000] {dagbag.py:588} INFO - Filling up the DagBag from /opt/airflow/dags/etl_movies_sp.py
[2025-02-01T17:03:35.699+0000] {processor.py:925} INFO - DAG(s) 'etl_orders' retrieved from /opt/airflow/dags/etl_movies_sp.py
[2025-02-01T17:03:35.722+0000] {logging_mixin.py:190} INFO - [2025-02-01T17:03:35.722+0000] {dag.py:3239} INFO - Sync 1 DAGs
[2025-02-01T17:03:35.761+0000] {logging_mixin.py:190} INFO - [2025-02-01T17:03:35.760+0000] {dag.py:4180} INFO - Setting next_dagrun for etl_orders to 2025-02-01 00:00:00+00:00, run_after=2025-02-02 00:00:00+00:00
[2025-02-01T17:03:35.783+0000] {processor.py:208} INFO - Processing /opt/airflow/dags/etl_movies_sp.py took 0.560 seconds
[2025-02-01T17:19:50.368+0000] {processor.py:186} INFO - Started process (PID=6652) to work on /opt/airflow/dags/etl_movies_sp.py
[2025-02-01T17:19:50.373+0000] {processor.py:914} INFO - Processing file /opt/airflow/dags/etl_movies_sp.py for tasks to queue
[2025-02-01T17:19:50.377+0000] {logging_mixin.py:190} INFO - [2025-02-01T17:19:50.377+0000] {dagbag.py:588} INFO - Filling up the DagBag from /opt/airflow/dags/etl_movies_sp.py
[2025-02-01T17:19:50.845+0000] {processor.py:925} INFO - DAG(s) 'etl_orders' retrieved from /opt/airflow/dags/etl_movies_sp.py
[2025-02-01T17:19:50.881+0000] {logging_mixin.py:190} INFO - [2025-02-01T17:19:50.880+0000] {dag.py:3239} INFO - Sync 1 DAGs
[2025-02-01T17:19:50.898+0000] {logging_mixin.py:190} INFO - [2025-02-01T17:19:50.897+0000] {dag.py:4180} INFO - Setting next_dagrun for etl_orders to 2025-02-01 00:00:00+00:00, run_after=2025-02-02 00:00:00+00:00
[2025-02-01T17:19:50.911+0000] {processor.py:208} INFO - Processing /opt/airflow/dags/etl_movies_sp.py took 0.558 seconds
[2025-02-01T18:09:30.260+0000] {processor.py:186} INFO - Started process (PID=6655) to work on /opt/airflow/dags/etl_movies_sp.py
[2025-02-01T18:09:30.272+0000] {processor.py:914} INFO - Processing file /opt/airflow/dags/etl_movies_sp.py for tasks to queue
[2025-02-01T18:09:30.279+0000] {logging_mixin.py:190} INFO - [2025-02-01T18:09:30.275+0000] {dagbag.py:588} INFO - Filling up the DagBag from /opt/airflow/dags/etl_movies_sp.py
[2025-02-01T18:09:31.991+0000] {processor.py:925} INFO - DAG(s) 'etl_orders' retrieved from /opt/airflow/dags/etl_movies_sp.py
[2025-02-01T18:09:32.043+0000] {logging_mixin.py:190} INFO - [2025-02-01T18:09:32.042+0000] {dag.py:3239} INFO - Sync 1 DAGs
[2025-02-01T18:09:32.108+0000] {logging_mixin.py:190} INFO - [2025-02-01T18:09:32.108+0000] {dag.py:4180} INFO - Setting next_dagrun for etl_orders to 2025-02-01 00:00:00+00:00, run_after=2025-02-02 00:00:00+00:00
[2025-02-01T18:09:32.132+0000] {processor.py:208} INFO - Processing /opt/airflow/dags/etl_movies_sp.py took 1.932 seconds
[2025-02-01T18:25:56.957+0000] {processor.py:186} INFO - Started process (PID=6658) to work on /opt/airflow/dags/etl_movies_sp.py
[2025-02-01T18:25:56.986+0000] {processor.py:914} INFO - Processing file /opt/airflow/dags/etl_movies_sp.py for tasks to queue
[2025-02-01T18:25:57.002+0000] {logging_mixin.py:190} INFO - [2025-02-01T18:25:56.988+0000] {dagbag.py:588} INFO - Filling up the DagBag from /opt/airflow/dags/etl_movies_sp.py
[2025-02-01T18:25:57.797+0000] {processor.py:925} INFO - DAG(s) 'etl_orders' retrieved from /opt/airflow/dags/etl_movies_sp.py
[2025-02-01T18:25:57.828+0000] {logging_mixin.py:190} INFO - [2025-02-01T18:25:57.827+0000] {dag.py:3239} INFO - Sync 1 DAGs
[2025-02-01T18:25:57.854+0000] {logging_mixin.py:190} INFO - [2025-02-01T18:25:57.854+0000] {dag.py:4180} INFO - Setting next_dagrun for etl_orders to 2025-02-01 00:00:00+00:00, run_after=2025-02-02 00:00:00+00:00
[2025-02-01T18:25:57.877+0000] {processor.py:208} INFO - Processing /opt/airflow/dags/etl_movies_sp.py took 0.978 seconds
[2025-02-01T18:44:18.691+0000] {processor.py:186} INFO - Started process (PID=6661) to work on /opt/airflow/dags/etl_movies_sp.py
[2025-02-01T18:44:18.693+0000] {processor.py:914} INFO - Processing file /opt/airflow/dags/etl_movies_sp.py for tasks to queue
[2025-02-01T18:44:18.695+0000] {logging_mixin.py:190} INFO - [2025-02-01T18:44:18.694+0000] {dagbag.py:588} INFO - Filling up the DagBag from /opt/airflow/dags/etl_movies_sp.py
[2025-02-01T18:44:19.325+0000] {processor.py:925} INFO - DAG(s) 'etl_orders' retrieved from /opt/airflow/dags/etl_movies_sp.py
[2025-02-01T18:44:19.358+0000] {logging_mixin.py:190} INFO - [2025-02-01T18:44:19.358+0000] {dag.py:3239} INFO - Sync 1 DAGs
[2025-02-01T18:44:19.381+0000] {logging_mixin.py:190} INFO - [2025-02-01T18:44:19.380+0000] {dag.py:4180} INFO - Setting next_dagrun for etl_orders to 2025-02-01 00:00:00+00:00, run_after=2025-02-02 00:00:00+00:00
[2025-02-01T18:44:19.396+0000] {processor.py:208} INFO - Processing /opt/airflow/dags/etl_movies_sp.py took 0.723 seconds
[2025-02-01T18:44:50.005+0000] {processor.py:186} INFO - Started process (PID=6664) to work on /opt/airflow/dags/etl_movies_sp.py
[2025-02-01T18:44:50.007+0000] {processor.py:914} INFO - Processing file /opt/airflow/dags/etl_movies_sp.py for tasks to queue
[2025-02-01T18:44:50.009+0000] {logging_mixin.py:190} INFO - [2025-02-01T18:44:50.008+0000] {dagbag.py:588} INFO - Filling up the DagBag from /opt/airflow/dags/etl_movies_sp.py
[2025-02-01T18:44:50.433+0000] {processor.py:925} INFO - DAG(s) 'etl_orders' retrieved from /opt/airflow/dags/etl_movies_sp.py
[2025-02-01T18:44:50.459+0000] {logging_mixin.py:190} INFO - [2025-02-01T18:44:50.458+0000] {dag.py:3239} INFO - Sync 1 DAGs
[2025-02-01T18:44:50.474+0000] {logging_mixin.py:190} INFO - [2025-02-01T18:44:50.474+0000] {dag.py:4180} INFO - Setting next_dagrun for etl_orders to 2025-02-01 00:00:00+00:00, run_after=2025-02-02 00:00:00+00:00
[2025-02-01T18:44:50.492+0000] {processor.py:208} INFO - Processing /opt/airflow/dags/etl_movies_sp.py took 0.501 seconds
[2025-02-01T19:01:22.790+0000] {processor.py:186} INFO - Started process (PID=6667) to work on /opt/airflow/dags/etl_movies_sp.py
[2025-02-01T19:01:22.792+0000] {processor.py:914} INFO - Processing file /opt/airflow/dags/etl_movies_sp.py for tasks to queue
[2025-02-01T19:01:22.795+0000] {logging_mixin.py:190} INFO - [2025-02-01T19:01:22.793+0000] {dagbag.py:588} INFO - Filling up the DagBag from /opt/airflow/dags/etl_movies_sp.py
[2025-02-01T19:01:23.275+0000] {processor.py:925} INFO - DAG(s) 'etl_orders' retrieved from /opt/airflow/dags/etl_movies_sp.py
[2025-02-01T19:01:23.309+0000] {logging_mixin.py:190} INFO - [2025-02-01T19:01:23.308+0000] {dag.py:3239} INFO - Sync 1 DAGs
[2025-02-01T19:01:23.329+0000] {logging_mixin.py:190} INFO - [2025-02-01T19:01:23.329+0000] {dag.py:4180} INFO - Setting next_dagrun for etl_orders to 2025-02-01 00:00:00+00:00, run_after=2025-02-02 00:00:00+00:00
[2025-02-01T19:01:23.361+0000] {processor.py:208} INFO - Processing /opt/airflow/dags/etl_movies_sp.py took 0.583 seconds
[2025-02-01T19:48:04.942+0000] {processor.py:186} INFO - Started process (PID=6670) to work on /opt/airflow/dags/etl_movies_sp.py
[2025-02-01T19:48:04.947+0000] {processor.py:914} INFO - Processing file /opt/airflow/dags/etl_movies_sp.py for tasks to queue
[2025-02-01T19:48:04.950+0000] {logging_mixin.py:190} INFO - [2025-02-01T19:48:04.948+0000] {dagbag.py:588} INFO - Filling up the DagBag from /opt/airflow/dags/etl_movies_sp.py
[2025-02-01T19:48:05.733+0000] {processor.py:925} INFO - DAG(s) 'etl_orders' retrieved from /opt/airflow/dags/etl_movies_sp.py
[2025-02-01T19:48:05.803+0000] {logging_mixin.py:190} INFO - [2025-02-01T19:48:05.803+0000] {dag.py:3239} INFO - Sync 1 DAGs
[2025-02-01T19:48:05.840+0000] {logging_mixin.py:190} INFO - [2025-02-01T19:48:05.840+0000] {dag.py:4180} INFO - Setting next_dagrun for etl_orders to 2025-02-01 00:00:00+00:00, run_after=2025-02-02 00:00:00+00:00
[2025-02-01T19:48:05.904+0000] {processor.py:208} INFO - Processing /opt/airflow/dags/etl_movies_sp.py took 1.010 seconds
[2025-02-01T20:04:28.222+0000] {processor.py:186} INFO - Started process (PID=6673) to work on /opt/airflow/dags/etl_movies_sp.py
[2025-02-01T20:04:28.226+0000] {processor.py:914} INFO - Processing file /opt/airflow/dags/etl_movies_sp.py for tasks to queue
[2025-02-01T20:04:28.229+0000] {logging_mixin.py:190} INFO - [2025-02-01T20:04:28.228+0000] {dagbag.py:588} INFO - Filling up the DagBag from /opt/airflow/dags/etl_movies_sp.py
[2025-02-01T20:04:28.698+0000] {processor.py:925} INFO - DAG(s) 'etl_orders' retrieved from /opt/airflow/dags/etl_movies_sp.py
[2025-02-01T20:04:28.724+0000] {logging_mixin.py:190} INFO - [2025-02-01T20:04:28.723+0000] {dag.py:3239} INFO - Sync 1 DAGs
[2025-02-01T20:04:28.743+0000] {logging_mixin.py:190} INFO - [2025-02-01T20:04:28.743+0000] {dag.py:4180} INFO - Setting next_dagrun for etl_orders to 2025-02-01 00:00:00+00:00, run_after=2025-02-02 00:00:00+00:00
[2025-02-01T20:04:28.759+0000] {processor.py:208} INFO - Processing /opt/airflow/dags/etl_movies_sp.py took 0.558 seconds
[2025-02-01T20:55:45.826+0000] {processor.py:186} INFO - Started process (PID=6676) to work on /opt/airflow/dags/etl_movies_sp.py
[2025-02-01T20:55:45.833+0000] {processor.py:914} INFO - Processing file /opt/airflow/dags/etl_movies_sp.py for tasks to queue
[2025-02-01T20:55:45.835+0000] {logging_mixin.py:190} INFO - [2025-02-01T20:55:45.834+0000] {dagbag.py:588} INFO - Filling up the DagBag from /opt/airflow/dags/etl_movies_sp.py
[2025-02-01T20:55:46.607+0000] {processor.py:925} INFO - DAG(s) 'etl_orders' retrieved from /opt/airflow/dags/etl_movies_sp.py
[2025-02-01T20:55:46.672+0000] {logging_mixin.py:190} INFO - [2025-02-01T20:55:46.671+0000] {dag.py:3239} INFO - Sync 1 DAGs
[2025-02-01T20:55:46.703+0000] {logging_mixin.py:190} INFO - [2025-02-01T20:55:46.703+0000] {dag.py:4180} INFO - Setting next_dagrun for etl_orders to 2025-02-01 00:00:00+00:00, run_after=2025-02-02 00:00:00+00:00
[2025-02-01T20:55:46.725+0000] {processor.py:208} INFO - Processing /opt/airflow/dags/etl_movies_sp.py took 0.936 seconds
[2025-02-01T21:29:18.548+0000] {processor.py:186} INFO - Started process (PID=6679) to work on /opt/airflow/dags/etl_movies_sp.py
[2025-02-01T21:29:18.555+0000] {processor.py:914} INFO - Processing file /opt/airflow/dags/etl_movies_sp.py for tasks to queue
[2025-02-01T21:29:18.561+0000] {logging_mixin.py:190} INFO - [2025-02-01T21:29:18.559+0000] {dagbag.py:588} INFO - Filling up the DagBag from /opt/airflow/dags/etl_movies_sp.py
[2025-02-01T21:29:19.733+0000] {processor.py:925} INFO - DAG(s) 'etl_orders' retrieved from /opt/airflow/dags/etl_movies_sp.py
[2025-02-01T21:29:19.841+0000] {logging_mixin.py:190} INFO - [2025-02-01T21:29:19.840+0000] {dag.py:3239} INFO - Sync 1 DAGs
[2025-02-01T21:29:19.896+0000] {logging_mixin.py:190} INFO - [2025-02-01T21:29:19.896+0000] {dag.py:4180} INFO - Setting next_dagrun for etl_orders to 2025-02-01 00:00:00+00:00, run_after=2025-02-02 00:00:00+00:00
[2025-02-01T21:29:19.967+0000] {processor.py:208} INFO - Processing /opt/airflow/dags/etl_movies_sp.py took 1.462 seconds
[2025-02-01T22:06:52.558+0000] {processor.py:186} INFO - Started process (PID=6682) to work on /opt/airflow/dags/etl_movies_sp.py
[2025-02-01T22:06:52.573+0000] {processor.py:914} INFO - Processing file /opt/airflow/dags/etl_movies_sp.py for tasks to queue
[2025-02-01T22:06:52.583+0000] {logging_mixin.py:190} INFO - [2025-02-01T22:06:52.581+0000] {dagbag.py:588} INFO - Filling up the DagBag from /opt/airflow/dags/etl_movies_sp.py
[2025-02-01T22:06:53.398+0000] {processor.py:925} INFO - DAG(s) 'etl_orders' retrieved from /opt/airflow/dags/etl_movies_sp.py
[2025-02-01T22:06:53.443+0000] {logging_mixin.py:190} INFO - [2025-02-01T22:06:53.443+0000] {dag.py:3239} INFO - Sync 1 DAGs
[2025-02-01T22:06:53.483+0000] {logging_mixin.py:190} INFO - [2025-02-01T22:06:53.483+0000] {dag.py:4180} INFO - Setting next_dagrun for etl_orders to 2025-02-01 00:00:00+00:00, run_after=2025-02-02 00:00:00+00:00
[2025-02-01T22:06:53.523+0000] {processor.py:208} INFO - Processing /opt/airflow/dags/etl_movies_sp.py took 1.020 seconds
[2025-02-01T22:38:52.871+0000] {processor.py:186} INFO - Started process (PID=6685) to work on /opt/airflow/dags/etl_movies_sp.py
[2025-02-01T22:38:52.873+0000] {processor.py:914} INFO - Processing file /opt/airflow/dags/etl_movies_sp.py for tasks to queue
[2025-02-01T22:38:52.878+0000] {logging_mixin.py:190} INFO - [2025-02-01T22:38:52.877+0000] {dagbag.py:588} INFO - Filling up the DagBag from /opt/airflow/dags/etl_movies_sp.py
[2025-02-01T22:38:53.427+0000] {processor.py:925} INFO - DAG(s) 'etl_orders' retrieved from /opt/airflow/dags/etl_movies_sp.py
[2025-02-01T22:38:53.495+0000] {logging_mixin.py:190} INFO - [2025-02-01T22:38:53.494+0000] {dag.py:3239} INFO - Sync 1 DAGs
[2025-02-01T22:38:53.529+0000] {logging_mixin.py:190} INFO - [2025-02-01T22:38:53.529+0000] {dag.py:4180} INFO - Setting next_dagrun for etl_orders to 2025-02-01 00:00:00+00:00, run_after=2025-02-02 00:00:00+00:00
[2025-02-01T22:38:53.558+0000] {processor.py:208} INFO - Processing /opt/airflow/dags/etl_movies_sp.py took 0.725 seconds
[2025-02-01T23:23:30.444+0000] {processor.py:186} INFO - Started process (PID=6688) to work on /opt/airflow/dags/etl_movies_sp.py
[2025-02-01T23:23:30.447+0000] {processor.py:914} INFO - Processing file /opt/airflow/dags/etl_movies_sp.py for tasks to queue
[2025-02-01T23:23:30.449+0000] {logging_mixin.py:190} INFO - [2025-02-01T23:23:30.448+0000] {dagbag.py:588} INFO - Filling up the DagBag from /opt/airflow/dags/etl_movies_sp.py
[2025-02-01T23:23:31.299+0000] {processor.py:925} INFO - DAG(s) 'etl_orders' retrieved from /opt/airflow/dags/etl_movies_sp.py
[2025-02-01T23:23:31.337+0000] {logging_mixin.py:190} INFO - [2025-02-01T23:23:31.336+0000] {dag.py:3239} INFO - Sync 1 DAGs
[2025-02-01T23:23:31.357+0000] {logging_mixin.py:190} INFO - [2025-02-01T23:23:31.357+0000] {dag.py:4180} INFO - Setting next_dagrun for etl_orders to 2025-02-01 00:00:00+00:00, run_after=2025-02-02 00:00:00+00:00
[2025-02-01T23:23:31.375+0000] {processor.py:208} INFO - Processing /opt/airflow/dags/etl_movies_sp.py took 0.954 seconds
[2025-02-01T23:43:19.417+0000] {processor.py:186} INFO - Started process (PID=6724) to work on /opt/airflow/dags/etl_movies_sp.py
[2025-02-01T23:43:19.419+0000] {processor.py:914} INFO - Processing file /opt/airflow/dags/etl_movies_sp.py for tasks to queue
[2025-02-01T23:43:19.421+0000] {logging_mixin.py:190} INFO - [2025-02-01T23:43:19.421+0000] {dagbag.py:588} INFO - Filling up the DagBag from /opt/airflow/dags/etl_movies_sp.py
[2025-02-01T23:43:20.143+0000] {processor.py:925} INFO - DAG(s) 'etl_orders' retrieved from /opt/airflow/dags/etl_movies_sp.py
[2025-02-01T23:43:20.186+0000] {logging_mixin.py:190} INFO - [2025-02-01T23:43:20.183+0000] {dag.py:3239} INFO - Sync 1 DAGs
[2025-02-01T23:43:20.236+0000] {logging_mixin.py:190} INFO - [2025-02-01T23:43:20.236+0000] {dag.py:4180} INFO - Setting next_dagrun for etl_orders to 2025-02-01 00:00:00+00:00, run_after=2025-02-02 00:00:00+00:00
[2025-02-01T23:43:20.254+0000] {processor.py:208} INFO - Processing /opt/airflow/dags/etl_movies_sp.py took 0.868 seconds
[2025-02-01T23:51:05.779+0000] {processor.py:186} INFO - Started process (PID=6727) to work on /opt/airflow/dags/etl_movies_sp.py
[2025-02-01T23:51:05.782+0000] {processor.py:914} INFO - Processing file /opt/airflow/dags/etl_movies_sp.py for tasks to queue
[2025-02-01T23:51:05.788+0000] {logging_mixin.py:190} INFO - [2025-02-01T23:51:05.786+0000] {dagbag.py:588} INFO - Filling up the DagBag from /opt/airflow/dags/etl_movies_sp.py
[2025-02-01T23:51:06.328+0000] {processor.py:925} INFO - DAG(s) 'etl_orders' retrieved from /opt/airflow/dags/etl_movies_sp.py
[2025-02-01T23:51:06.354+0000] {logging_mixin.py:190} INFO - [2025-02-01T23:51:06.354+0000] {dag.py:3239} INFO - Sync 1 DAGs
[2025-02-01T23:51:06.398+0000] {logging_mixin.py:190} INFO - [2025-02-01T23:51:06.397+0000] {dag.py:4180} INFO - Setting next_dagrun for etl_orders to 2025-02-01 00:00:00+00:00, run_after=2025-02-02 00:00:00+00:00
[2025-02-01T23:51:06.425+0000] {processor.py:208} INFO - Processing /opt/airflow/dags/etl_movies_sp.py took 0.699 seconds
