[2025-02-01T00:06:36.480+0000] {processor.py:186} INFO - Started process (PID=6386) to work on /opt/airflow/dags/etl_movies_csv.py
[2025-02-01T00:06:36.485+0000] {processor.py:914} INFO - Processing file /opt/airflow/dags/etl_movies_csv.py for tasks to queue
[2025-02-01T00:06:36.487+0000] {logging_mixin.py:190} INFO - [2025-02-01T00:06:36.486+0000] {dagbag.py:588} INFO - Filling up the DagBag from /opt/airflow/dags/etl_movies_csv.py
[2025-02-01T00:06:37.189+0000] {processor.py:925} INFO - DAG(s) 'etl_movies_csv' retrieved from /opt/airflow/dags/etl_movies_csv.py
[2025-02-01T00:06:37.206+0000] {logging_mixin.py:190} INFO - [2025-02-01T00:06:37.205+0000] {dag.py:3239} INFO - Sync 1 DAGs
[2025-02-01T00:06:37.214+0000] {logging_mixin.py:190} INFO - [2025-02-01T00:06:37.214+0000] {dag.py:4180} INFO - Setting next_dagrun for etl_movies_csv to 2025-02-01 00:00:00+00:00, run_after=2025-02-02 00:00:00+00:00
[2025-02-01T00:06:37.224+0000] {processor.py:208} INFO - Processing /opt/airflow/dags/etl_movies_csv.py took 0.754 seconds
[2025-02-01T00:07:07.997+0000] {processor.py:186} INFO - Started process (PID=6389) to work on /opt/airflow/dags/etl_movies_csv.py
[2025-02-01T00:07:07.999+0000] {processor.py:914} INFO - Processing file /opt/airflow/dags/etl_movies_csv.py for tasks to queue
[2025-02-01T00:07:08.001+0000] {logging_mixin.py:190} INFO - [2025-02-01T00:07:08.000+0000] {dagbag.py:588} INFO - Filling up the DagBag from /opt/airflow/dags/etl_movies_csv.py
[2025-02-01T00:07:08.611+0000] {processor.py:925} INFO - DAG(s) 'etl_movies_csv' retrieved from /opt/airflow/dags/etl_movies_csv.py
[2025-02-01T00:07:08.653+0000] {logging_mixin.py:190} INFO - [2025-02-01T00:07:08.652+0000] {dag.py:3239} INFO - Sync 1 DAGs
[2025-02-01T00:07:08.662+0000] {logging_mixin.py:190} INFO - [2025-02-01T00:07:08.661+0000] {dag.py:4180} INFO - Setting next_dagrun for etl_movies_csv to 2025-02-01 00:00:00+00:00, run_after=2025-02-02 00:00:00+00:00
[2025-02-01T00:07:08.675+0000] {processor.py:208} INFO - Processing /opt/airflow/dags/etl_movies_csv.py took 0.688 seconds
[2025-02-01T00:07:38.862+0000] {processor.py:186} INFO - Started process (PID=6392) to work on /opt/airflow/dags/etl_movies_csv.py
[2025-02-01T00:07:38.863+0000] {processor.py:914} INFO - Processing file /opt/airflow/dags/etl_movies_csv.py for tasks to queue
[2025-02-01T00:07:38.867+0000] {logging_mixin.py:190} INFO - [2025-02-01T00:07:38.866+0000] {dagbag.py:588} INFO - Filling up the DagBag from /opt/airflow/dags/etl_movies_csv.py
[2025-02-01T00:07:39.489+0000] {processor.py:925} INFO - DAG(s) 'etl_movies_csv' retrieved from /opt/airflow/dags/etl_movies_csv.py
[2025-02-01T00:07:39.500+0000] {logging_mixin.py:190} INFO - [2025-02-01T00:07:39.499+0000] {dag.py:3239} INFO - Sync 1 DAGs
[2025-02-01T00:07:39.507+0000] {logging_mixin.py:190} INFO - [2025-02-01T00:07:39.507+0000] {dag.py:4180} INFO - Setting next_dagrun for etl_movies_csv to 2025-02-01 00:00:00+00:00, run_after=2025-02-02 00:00:00+00:00
[2025-02-01T00:07:39.516+0000] {processor.py:208} INFO - Processing /opt/airflow/dags/etl_movies_csv.py took 0.666 seconds
[2025-02-01T00:08:09.793+0000] {processor.py:186} INFO - Started process (PID=6395) to work on /opt/airflow/dags/etl_movies_csv.py
[2025-02-01T00:08:09.798+0000] {processor.py:914} INFO - Processing file /opt/airflow/dags/etl_movies_csv.py for tasks to queue
[2025-02-01T00:08:09.802+0000] {logging_mixin.py:190} INFO - [2025-02-01T00:08:09.801+0000] {dagbag.py:588} INFO - Filling up the DagBag from /opt/airflow/dags/etl_movies_csv.py
[2025-02-01T00:08:10.445+0000] {processor.py:925} INFO - DAG(s) 'etl_movies_csv' retrieved from /opt/airflow/dags/etl_movies_csv.py
[2025-02-01T00:08:10.457+0000] {logging_mixin.py:190} INFO - [2025-02-01T00:08:10.457+0000] {dag.py:3239} INFO - Sync 1 DAGs
[2025-02-01T00:08:10.466+0000] {logging_mixin.py:190} INFO - [2025-02-01T00:08:10.466+0000] {dag.py:4180} INFO - Setting next_dagrun for etl_movies_csv to 2025-02-01 00:00:00+00:00, run_after=2025-02-02 00:00:00+00:00
[2025-02-01T00:08:10.476+0000] {processor.py:208} INFO - Processing /opt/airflow/dags/etl_movies_csv.py took 0.696 seconds
[2025-02-01T00:08:41.509+0000] {processor.py:186} INFO - Started process (PID=6398) to work on /opt/airflow/dags/etl_movies_csv.py
[2025-02-01T00:08:41.510+0000] {processor.py:914} INFO - Processing file /opt/airflow/dags/etl_movies_csv.py for tasks to queue
[2025-02-01T00:08:41.511+0000] {logging_mixin.py:190} INFO - [2025-02-01T00:08:41.511+0000] {dagbag.py:588} INFO - Filling up the DagBag from /opt/airflow/dags/etl_movies_csv.py
[2025-02-01T00:08:41.935+0000] {processor.py:925} INFO - DAG(s) 'etl_movies_csv' retrieved from /opt/airflow/dags/etl_movies_csv.py
[2025-02-01T00:08:41.943+0000] {logging_mixin.py:190} INFO - [2025-02-01T00:08:41.943+0000] {dag.py:3239} INFO - Sync 1 DAGs
[2025-02-01T00:08:41.952+0000] {logging_mixin.py:190} INFO - [2025-02-01T00:08:41.952+0000] {dag.py:4180} INFO - Setting next_dagrun for etl_movies_csv to 2025-02-01 00:00:00+00:00, run_after=2025-02-02 00:00:00+00:00
[2025-02-01T00:08:41.960+0000] {processor.py:208} INFO - Processing /opt/airflow/dags/etl_movies_csv.py took 0.463 seconds
[2025-02-01T00:09:13.253+0000] {processor.py:186} INFO - Started process (PID=6401) to work on /opt/airflow/dags/etl_movies_csv.py
[2025-02-01T00:09:13.254+0000] {processor.py:914} INFO - Processing file /opt/airflow/dags/etl_movies_csv.py for tasks to queue
[2025-02-01T00:09:13.256+0000] {logging_mixin.py:190} INFO - [2025-02-01T00:09:13.255+0000] {dagbag.py:588} INFO - Filling up the DagBag from /opt/airflow/dags/etl_movies_csv.py
[2025-02-01T00:09:13.833+0000] {processor.py:925} INFO - DAG(s) 'etl_movies_csv' retrieved from /opt/airflow/dags/etl_movies_csv.py
[2025-02-01T00:09:13.845+0000] {logging_mixin.py:190} INFO - [2025-02-01T00:09:13.845+0000] {dag.py:3239} INFO - Sync 1 DAGs
[2025-02-01T00:09:13.856+0000] {logging_mixin.py:190} INFO - [2025-02-01T00:09:13.855+0000] {dag.py:4180} INFO - Setting next_dagrun for etl_movies_csv to 2025-02-01 00:00:00+00:00, run_after=2025-02-02 00:00:00+00:00
[2025-02-01T00:09:13.866+0000] {processor.py:208} INFO - Processing /opt/airflow/dags/etl_movies_csv.py took 0.623 seconds
[2025-02-01T00:09:44.467+0000] {processor.py:186} INFO - Started process (PID=6404) to work on /opt/airflow/dags/etl_movies_csv.py
[2025-02-01T00:09:44.469+0000] {processor.py:914} INFO - Processing file /opt/airflow/dags/etl_movies_csv.py for tasks to queue
[2025-02-01T00:09:44.475+0000] {logging_mixin.py:190} INFO - [2025-02-01T00:09:44.473+0000] {dagbag.py:588} INFO - Filling up the DagBag from /opt/airflow/dags/etl_movies_csv.py
[2025-02-01T00:09:45.012+0000] {processor.py:925} INFO - DAG(s) 'etl_movies_csv' retrieved from /opt/airflow/dags/etl_movies_csv.py
[2025-02-01T00:09:45.025+0000] {logging_mixin.py:190} INFO - [2025-02-01T00:09:45.024+0000] {dag.py:3239} INFO - Sync 1 DAGs
[2025-02-01T00:09:45.032+0000] {logging_mixin.py:190} INFO - [2025-02-01T00:09:45.031+0000] {dag.py:4180} INFO - Setting next_dagrun for etl_movies_csv to 2025-02-01 00:00:00+00:00, run_after=2025-02-02 00:00:00+00:00
[2025-02-01T00:09:45.043+0000] {processor.py:208} INFO - Processing /opt/airflow/dags/etl_movies_csv.py took 0.587 seconds
[2025-02-01T00:10:15.591+0000] {processor.py:186} INFO - Started process (PID=6407) to work on /opt/airflow/dags/etl_movies_csv.py
[2025-02-01T00:10:15.593+0000] {processor.py:914} INFO - Processing file /opt/airflow/dags/etl_movies_csv.py for tasks to queue
[2025-02-01T00:10:15.598+0000] {logging_mixin.py:190} INFO - [2025-02-01T00:10:15.597+0000] {dagbag.py:588} INFO - Filling up the DagBag from /opt/airflow/dags/etl_movies_csv.py
[2025-02-01T00:10:16.786+0000] {processor.py:925} INFO - DAG(s) 'etl_movies_csv' retrieved from /opt/airflow/dags/etl_movies_csv.py
[2025-02-01T00:10:16.814+0000] {logging_mixin.py:190} INFO - [2025-02-01T00:10:16.814+0000] {dag.py:3239} INFO - Sync 1 DAGs
[2025-02-01T00:10:16.834+0000] {logging_mixin.py:190} INFO - [2025-02-01T00:10:16.834+0000] {dag.py:4180} INFO - Setting next_dagrun for etl_movies_csv to 2025-02-01 00:00:00+00:00, run_after=2025-02-02 00:00:00+00:00
[2025-02-01T00:10:16.861+0000] {processor.py:208} INFO - Processing /opt/airflow/dags/etl_movies_csv.py took 1.286 seconds
[2025-02-01T00:10:47.193+0000] {processor.py:186} INFO - Started process (PID=6410) to work on /opt/airflow/dags/etl_movies_csv.py
[2025-02-01T00:10:47.195+0000] {processor.py:914} INFO - Processing file /opt/airflow/dags/etl_movies_csv.py for tasks to queue
[2025-02-01T00:10:47.197+0000] {logging_mixin.py:190} INFO - [2025-02-01T00:10:47.197+0000] {dagbag.py:588} INFO - Filling up the DagBag from /opt/airflow/dags/etl_movies_csv.py
[2025-02-01T00:10:47.541+0000] {processor.py:925} INFO - DAG(s) 'etl_movies_csv' retrieved from /opt/airflow/dags/etl_movies_csv.py
[2025-02-01T00:10:47.554+0000] {logging_mixin.py:190} INFO - [2025-02-01T00:10:47.553+0000] {dag.py:3239} INFO - Sync 1 DAGs
[2025-02-01T00:10:47.563+0000] {logging_mixin.py:190} INFO - [2025-02-01T00:10:47.563+0000] {dag.py:4180} INFO - Setting next_dagrun for etl_movies_csv to 2025-02-01 00:00:00+00:00, run_after=2025-02-02 00:00:00+00:00
[2025-02-01T00:10:47.574+0000] {processor.py:208} INFO - Processing /opt/airflow/dags/etl_movies_csv.py took 0.389 seconds
[2025-02-01T00:11:19.011+0000] {processor.py:186} INFO - Started process (PID=6413) to work on /opt/airflow/dags/etl_movies_csv.py
[2025-02-01T00:11:19.013+0000] {processor.py:914} INFO - Processing file /opt/airflow/dags/etl_movies_csv.py for tasks to queue
[2025-02-01T00:11:19.014+0000] {logging_mixin.py:190} INFO - [2025-02-01T00:11:19.014+0000] {dagbag.py:588} INFO - Filling up the DagBag from /opt/airflow/dags/etl_movies_csv.py
[2025-02-01T00:11:19.575+0000] {processor.py:925} INFO - DAG(s) 'etl_movies_csv' retrieved from /opt/airflow/dags/etl_movies_csv.py
[2025-02-01T00:11:19.585+0000] {logging_mixin.py:190} INFO - [2025-02-01T00:11:19.585+0000] {dag.py:3239} INFO - Sync 1 DAGs
[2025-02-01T00:11:19.594+0000] {logging_mixin.py:190} INFO - [2025-02-01T00:11:19.594+0000] {dag.py:4180} INFO - Setting next_dagrun for etl_movies_csv to 2025-02-01 00:00:00+00:00, run_after=2025-02-02 00:00:00+00:00
[2025-02-01T00:11:19.603+0000] {processor.py:208} INFO - Processing /opt/airflow/dags/etl_movies_csv.py took 0.602 seconds
[2025-02-01T00:12:21.942+0000] {processor.py:186} INFO - Started process (PID=6439) to work on /opt/airflow/dags/etl_movies_csv.py
[2025-02-01T00:12:21.943+0000] {processor.py:914} INFO - Processing file /opt/airflow/dags/etl_movies_csv.py for tasks to queue
[2025-02-01T00:12:21.944+0000] {logging_mixin.py:190} INFO - [2025-02-01T00:12:21.944+0000] {dagbag.py:588} INFO - Filling up the DagBag from /opt/airflow/dags/etl_movies_csv.py
[2025-02-01T00:12:22.224+0000] {processor.py:925} INFO - DAG(s) 'etl_movies_csv' retrieved from /opt/airflow/dags/etl_movies_csv.py
[2025-02-01T00:12:22.240+0000] {logging_mixin.py:190} INFO - [2025-02-01T00:12:22.239+0000] {dag.py:3239} INFO - Sync 1 DAGs
[2025-02-01T00:12:22.250+0000] {logging_mixin.py:190} INFO - [2025-02-01T00:12:22.250+0000] {dag.py:4180} INFO - Setting next_dagrun for etl_movies_csv to 2025-02-01 00:00:00+00:00, run_after=2025-02-02 00:00:00+00:00
[2025-02-01T00:12:22.263+0000] {processor.py:208} INFO - Processing /opt/airflow/dags/etl_movies_csv.py took 0.326 seconds
[2025-02-01T00:12:53.422+0000] {processor.py:186} INFO - Started process (PID=6442) to work on /opt/airflow/dags/etl_movies_csv.py
[2025-02-01T00:12:53.425+0000] {processor.py:914} INFO - Processing file /opt/airflow/dags/etl_movies_csv.py for tasks to queue
[2025-02-01T00:12:53.427+0000] {logging_mixin.py:190} INFO - [2025-02-01T00:12:53.426+0000] {dagbag.py:588} INFO - Filling up the DagBag from /opt/airflow/dags/etl_movies_csv.py
[2025-02-01T00:12:53.769+0000] {processor.py:925} INFO - DAG(s) 'etl_movies_csv' retrieved from /opt/airflow/dags/etl_movies_csv.py
[2025-02-01T00:12:53.787+0000] {logging_mixin.py:190} INFO - [2025-02-01T00:12:53.787+0000] {dag.py:3239} INFO - Sync 1 DAGs
[2025-02-01T00:12:53.799+0000] {logging_mixin.py:190} INFO - [2025-02-01T00:12:53.799+0000] {dag.py:4180} INFO - Setting next_dagrun for etl_movies_csv to 2025-02-01 00:00:00+00:00, run_after=2025-02-02 00:00:00+00:00
[2025-02-01T00:12:53.812+0000] {processor.py:208} INFO - Processing /opt/airflow/dags/etl_movies_csv.py took 0.407 seconds
[2025-02-01T00:13:24.881+0000] {processor.py:186} INFO - Started process (PID=6445) to work on /opt/airflow/dags/etl_movies_csv.py
[2025-02-01T00:13:24.886+0000] {processor.py:914} INFO - Processing file /opt/airflow/dags/etl_movies_csv.py for tasks to queue
[2025-02-01T00:13:24.887+0000] {logging_mixin.py:190} INFO - [2025-02-01T00:13:24.887+0000] {dagbag.py:588} INFO - Filling up the DagBag from /opt/airflow/dags/etl_movies_csv.py
[2025-02-01T00:13:25.213+0000] {processor.py:925} INFO - DAG(s) 'etl_movies_csv' retrieved from /opt/airflow/dags/etl_movies_csv.py
[2025-02-01T00:13:25.236+0000] {logging_mixin.py:190} INFO - [2025-02-01T00:13:25.235+0000] {dag.py:3239} INFO - Sync 1 DAGs
[2025-02-01T00:13:25.247+0000] {logging_mixin.py:190} INFO - [2025-02-01T00:13:25.246+0000] {dag.py:4180} INFO - Setting next_dagrun for etl_movies_csv to 2025-02-01 00:00:00+00:00, run_after=2025-02-02 00:00:00+00:00
[2025-02-01T00:13:25.257+0000] {processor.py:208} INFO - Processing /opt/airflow/dags/etl_movies_csv.py took 0.386 seconds
[2025-02-01T00:13:55.377+0000] {processor.py:186} INFO - Started process (PID=6448) to work on /opt/airflow/dags/etl_movies_csv.py
[2025-02-01T00:13:55.378+0000] {processor.py:914} INFO - Processing file /opt/airflow/dags/etl_movies_csv.py for tasks to queue
[2025-02-01T00:13:55.380+0000] {logging_mixin.py:190} INFO - [2025-02-01T00:13:55.379+0000] {dagbag.py:588} INFO - Filling up the DagBag from /opt/airflow/dags/etl_movies_csv.py
[2025-02-01T00:13:55.710+0000] {processor.py:925} INFO - DAG(s) 'etl_movies_csv' retrieved from /opt/airflow/dags/etl_movies_csv.py
[2025-02-01T00:13:55.727+0000] {logging_mixin.py:190} INFO - [2025-02-01T00:13:55.727+0000] {dag.py:3239} INFO - Sync 1 DAGs
[2025-02-01T00:13:55.738+0000] {logging_mixin.py:190} INFO - [2025-02-01T00:13:55.738+0000] {dag.py:4180} INFO - Setting next_dagrun for etl_movies_csv to 2025-02-01 00:00:00+00:00, run_after=2025-02-02 00:00:00+00:00
[2025-02-01T00:13:55.748+0000] {processor.py:208} INFO - Processing /opt/airflow/dags/etl_movies_csv.py took 0.394 seconds
[2025-02-01T00:14:26.315+0000] {processor.py:186} INFO - Started process (PID=6451) to work on /opt/airflow/dags/etl_movies_csv.py
[2025-02-01T00:14:26.321+0000] {processor.py:914} INFO - Processing file /opt/airflow/dags/etl_movies_csv.py for tasks to queue
[2025-02-01T00:14:26.323+0000] {logging_mixin.py:190} INFO - [2025-02-01T00:14:26.322+0000] {dagbag.py:588} INFO - Filling up the DagBag from /opt/airflow/dags/etl_movies_csv.py
[2025-02-01T00:14:26.647+0000] {processor.py:925} INFO - DAG(s) 'etl_movies_csv' retrieved from /opt/airflow/dags/etl_movies_csv.py
[2025-02-01T00:14:26.664+0000] {logging_mixin.py:190} INFO - [2025-02-01T00:14:26.664+0000] {dag.py:3239} INFO - Sync 1 DAGs
[2025-02-01T00:14:26.675+0000] {logging_mixin.py:190} INFO - [2025-02-01T00:14:26.675+0000] {dag.py:4180} INFO - Setting next_dagrun for etl_movies_csv to 2025-02-01 00:00:00+00:00, run_after=2025-02-02 00:00:00+00:00
[2025-02-01T00:14:26.691+0000] {processor.py:208} INFO - Processing /opt/airflow/dags/etl_movies_csv.py took 0.400 seconds
[2025-02-01T00:14:56.949+0000] {processor.py:186} INFO - Started process (PID=6454) to work on /opt/airflow/dags/etl_movies_csv.py
[2025-02-01T00:14:56.951+0000] {processor.py:914} INFO - Processing file /opt/airflow/dags/etl_movies_csv.py for tasks to queue
[2025-02-01T00:14:56.954+0000] {logging_mixin.py:190} INFO - [2025-02-01T00:14:56.953+0000] {dagbag.py:588} INFO - Filling up the DagBag from /opt/airflow/dags/etl_movies_csv.py
[2025-02-01T00:14:57.251+0000] {processor.py:925} INFO - DAG(s) 'etl_movies_csv' retrieved from /opt/airflow/dags/etl_movies_csv.py
[2025-02-01T00:14:57.271+0000] {logging_mixin.py:190} INFO - [2025-02-01T00:14:57.271+0000] {dag.py:3239} INFO - Sync 1 DAGs
[2025-02-01T00:14:57.282+0000] {logging_mixin.py:190} INFO - [2025-02-01T00:14:57.282+0000] {dag.py:4180} INFO - Setting next_dagrun for etl_movies_csv to 2025-02-01 00:00:00+00:00, run_after=2025-02-02 00:00:00+00:00
[2025-02-01T00:14:57.297+0000] {processor.py:208} INFO - Processing /opt/airflow/dags/etl_movies_csv.py took 0.362 seconds
[2025-02-01T00:15:27.556+0000] {processor.py:186} INFO - Started process (PID=6457) to work on /opt/airflow/dags/etl_movies_csv.py
[2025-02-01T00:15:27.557+0000] {processor.py:914} INFO - Processing file /opt/airflow/dags/etl_movies_csv.py for tasks to queue
[2025-02-01T00:15:27.559+0000] {logging_mixin.py:190} INFO - [2025-02-01T00:15:27.558+0000] {dagbag.py:588} INFO - Filling up the DagBag from /opt/airflow/dags/etl_movies_csv.py
[2025-02-01T00:15:27.897+0000] {processor.py:925} INFO - DAG(s) 'etl_movies_csv' retrieved from /opt/airflow/dags/etl_movies_csv.py
[2025-02-01T00:15:27.915+0000] {logging_mixin.py:190} INFO - [2025-02-01T00:15:27.915+0000] {dag.py:3239} INFO - Sync 1 DAGs
[2025-02-01T00:15:27.927+0000] {logging_mixin.py:190} INFO - [2025-02-01T00:15:27.926+0000] {dag.py:4180} INFO - Setting next_dagrun for etl_movies_csv to 2025-02-01 00:00:00+00:00, run_after=2025-02-02 00:00:00+00:00
[2025-02-01T00:15:27.940+0000] {processor.py:208} INFO - Processing /opt/airflow/dags/etl_movies_csv.py took 0.400 seconds
[2025-02-01T00:15:58.272+0000] {processor.py:186} INFO - Started process (PID=6460) to work on /opt/airflow/dags/etl_movies_csv.py
[2025-02-01T00:15:58.274+0000] {processor.py:914} INFO - Processing file /opt/airflow/dags/etl_movies_csv.py for tasks to queue
[2025-02-01T00:15:58.276+0000] {logging_mixin.py:190} INFO - [2025-02-01T00:15:58.275+0000] {dagbag.py:588} INFO - Filling up the DagBag from /opt/airflow/dags/etl_movies_csv.py
[2025-02-01T00:15:58.563+0000] {processor.py:925} INFO - DAG(s) 'etl_movies_csv' retrieved from /opt/airflow/dags/etl_movies_csv.py
[2025-02-01T00:15:58.583+0000] {logging_mixin.py:190} INFO - [2025-02-01T00:15:58.582+0000] {dag.py:3239} INFO - Sync 1 DAGs
[2025-02-01T00:15:58.593+0000] {logging_mixin.py:190} INFO - [2025-02-01T00:15:58.593+0000] {dag.py:4180} INFO - Setting next_dagrun for etl_movies_csv to 2025-02-01 00:00:00+00:00, run_after=2025-02-02 00:00:00+00:00
[2025-02-01T00:15:58.603+0000] {processor.py:208} INFO - Processing /opt/airflow/dags/etl_movies_csv.py took 0.344 seconds
[2025-02-01T00:16:28.771+0000] {processor.py:186} INFO - Started process (PID=6463) to work on /opt/airflow/dags/etl_movies_csv.py
[2025-02-01T00:16:28.774+0000] {processor.py:914} INFO - Processing file /opt/airflow/dags/etl_movies_csv.py for tasks to queue
[2025-02-01T00:16:28.776+0000] {logging_mixin.py:190} INFO - [2025-02-01T00:16:28.775+0000] {dagbag.py:588} INFO - Filling up the DagBag from /opt/airflow/dags/etl_movies_csv.py
[2025-02-01T00:16:29.078+0000] {processor.py:925} INFO - DAG(s) 'etl_movies_csv' retrieved from /opt/airflow/dags/etl_movies_csv.py
[2025-02-01T00:16:29.094+0000] {logging_mixin.py:190} INFO - [2025-02-01T00:16:29.094+0000] {dag.py:3239} INFO - Sync 1 DAGs
[2025-02-01T00:16:29.104+0000] {logging_mixin.py:190} INFO - [2025-02-01T00:16:29.104+0000] {dag.py:4180} INFO - Setting next_dagrun for etl_movies_csv to 2025-02-01 00:00:00+00:00, run_after=2025-02-02 00:00:00+00:00
[2025-02-01T00:16:29.114+0000] {processor.py:208} INFO - Processing /opt/airflow/dags/etl_movies_csv.py took 0.352 seconds
[2025-02-01T00:16:59.402+0000] {processor.py:186} INFO - Started process (PID=6466) to work on /opt/airflow/dags/etl_movies_csv.py
[2025-02-01T00:16:59.404+0000] {processor.py:914} INFO - Processing file /opt/airflow/dags/etl_movies_csv.py for tasks to queue
[2025-02-01T00:16:59.406+0000] {logging_mixin.py:190} INFO - [2025-02-01T00:16:59.405+0000] {dagbag.py:588} INFO - Filling up the DagBag from /opt/airflow/dags/etl_movies_csv.py
[2025-02-01T00:16:59.760+0000] {processor.py:925} INFO - DAG(s) 'etl_movies_csv' retrieved from /opt/airflow/dags/etl_movies_csv.py
[2025-02-01T00:16:59.779+0000] {logging_mixin.py:190} INFO - [2025-02-01T00:16:59.779+0000] {dag.py:3239} INFO - Sync 1 DAGs
[2025-02-01T00:16:59.793+0000] {logging_mixin.py:190} INFO - [2025-02-01T00:16:59.793+0000] {dag.py:4180} INFO - Setting next_dagrun for etl_movies_csv to 2025-02-01 00:00:00+00:00, run_after=2025-02-02 00:00:00+00:00
[2025-02-01T00:16:59.810+0000] {processor.py:208} INFO - Processing /opt/airflow/dags/etl_movies_csv.py took 0.420 seconds
[2025-02-01T00:17:30.186+0000] {processor.py:186} INFO - Started process (PID=6469) to work on /opt/airflow/dags/etl_movies_csv.py
[2025-02-01T00:17:30.188+0000] {processor.py:914} INFO - Processing file /opt/airflow/dags/etl_movies_csv.py for tasks to queue
[2025-02-01T00:17:30.190+0000] {logging_mixin.py:190} INFO - [2025-02-01T00:17:30.189+0000] {dagbag.py:588} INFO - Filling up the DagBag from /opt/airflow/dags/etl_movies_csv.py
[2025-02-01T00:17:30.533+0000] {processor.py:925} INFO - DAG(s) 'etl_movies_csv' retrieved from /opt/airflow/dags/etl_movies_csv.py
[2025-02-01T00:17:30.550+0000] {logging_mixin.py:190} INFO - [2025-02-01T00:17:30.550+0000] {dag.py:3239} INFO - Sync 1 DAGs
[2025-02-01T00:17:30.561+0000] {logging_mixin.py:190} INFO - [2025-02-01T00:17:30.561+0000] {dag.py:4180} INFO - Setting next_dagrun for etl_movies_csv to 2025-02-01 00:00:00+00:00, run_after=2025-02-02 00:00:00+00:00
[2025-02-01T00:17:30.571+0000] {processor.py:208} INFO - Processing /opt/airflow/dags/etl_movies_csv.py took 0.399 seconds
[2025-02-01T00:18:00.850+0000] {processor.py:186} INFO - Started process (PID=6472) to work on /opt/airflow/dags/etl_movies_csv.py
[2025-02-01T00:18:00.854+0000] {processor.py:914} INFO - Processing file /opt/airflow/dags/etl_movies_csv.py for tasks to queue
[2025-02-01T00:18:00.857+0000] {logging_mixin.py:190} INFO - [2025-02-01T00:18:00.856+0000] {dagbag.py:588} INFO - Filling up the DagBag from /opt/airflow/dags/etl_movies_csv.py
[2025-02-01T00:18:01.198+0000] {processor.py:925} INFO - DAG(s) 'etl_movies_csv' retrieved from /opt/airflow/dags/etl_movies_csv.py
[2025-02-01T00:18:01.219+0000] {logging_mixin.py:190} INFO - [2025-02-01T00:18:01.219+0000] {dag.py:3239} INFO - Sync 1 DAGs
[2025-02-01T00:18:01.234+0000] {logging_mixin.py:190} INFO - [2025-02-01T00:18:01.234+0000] {dag.py:4180} INFO - Setting next_dagrun for etl_movies_csv to 2025-02-01 00:00:00+00:00, run_after=2025-02-02 00:00:00+00:00
[2025-02-01T00:18:01.246+0000] {processor.py:208} INFO - Processing /opt/airflow/dags/etl_movies_csv.py took 0.409 seconds
[2025-02-01T00:18:32.049+0000] {processor.py:186} INFO - Started process (PID=6475) to work on /opt/airflow/dags/etl_movies_csv.py
[2025-02-01T00:18:32.140+0000] {processor.py:914} INFO - Processing file /opt/airflow/dags/etl_movies_csv.py for tasks to queue
[2025-02-01T00:18:32.231+0000] {logging_mixin.py:190} INFO - [2025-02-01T00:18:32.228+0000] {dagbag.py:588} INFO - Filling up the DagBag from /opt/airflow/dags/etl_movies_csv.py
[2025-02-01T00:18:34.114+0000] {processor.py:925} INFO - DAG(s) 'etl_movies_csv' retrieved from /opt/airflow/dags/etl_movies_csv.py
[2025-02-01T00:18:34.354+0000] {logging_mixin.py:190} INFO - [2025-02-01T00:18:34.352+0000] {dag.py:3239} INFO - Sync 1 DAGs
[2025-02-01T00:18:34.442+0000] {logging_mixin.py:190} INFO - [2025-02-01T00:18:34.442+0000] {dag.py:4180} INFO - Setting next_dagrun for etl_movies_csv to 2025-02-01 00:00:00+00:00, run_after=2025-02-02 00:00:00+00:00
[2025-02-01T00:18:34.490+0000] {processor.py:208} INFO - Processing /opt/airflow/dags/etl_movies_csv.py took 2.550 seconds
[2025-02-01T00:51:27.044+0000] {processor.py:186} INFO - Started process (PID=6478) to work on /opt/airflow/dags/etl_movies_csv.py
[2025-02-01T00:51:27.051+0000] {processor.py:914} INFO - Processing file /opt/airflow/dags/etl_movies_csv.py for tasks to queue
[2025-02-01T00:51:27.070+0000] {logging_mixin.py:190} INFO - [2025-02-01T00:51:27.066+0000] {dagbag.py:588} INFO - Filling up the DagBag from /opt/airflow/dags/etl_movies_csv.py
[2025-02-01T00:51:28.574+0000] {processor.py:925} INFO - DAG(s) 'etl_movies_csv' retrieved from /opt/airflow/dags/etl_movies_csv.py
[2025-02-01T00:51:28.620+0000] {logging_mixin.py:190} INFO - [2025-02-01T00:51:28.620+0000] {dag.py:3239} INFO - Sync 1 DAGs
[2025-02-01T00:51:28.651+0000] {logging_mixin.py:190} INFO - [2025-02-01T00:51:28.651+0000] {dag.py:4180} INFO - Setting next_dagrun for etl_movies_csv to 2025-02-01 00:00:00+00:00, run_after=2025-02-02 00:00:00+00:00
[2025-02-01T00:51:28.679+0000] {processor.py:208} INFO - Processing /opt/airflow/dags/etl_movies_csv.py took 1.679 seconds
[2025-02-01T01:25:14.396+0000] {processor.py:186} INFO - Started process (PID=6481) to work on /opt/airflow/dags/etl_movies_csv.py
[2025-02-01T01:25:14.400+0000] {processor.py:914} INFO - Processing file /opt/airflow/dags/etl_movies_csv.py for tasks to queue
[2025-02-01T01:25:14.405+0000] {logging_mixin.py:190} INFO - [2025-02-01T01:25:14.404+0000] {dagbag.py:588} INFO - Filling up the DagBag from /opt/airflow/dags/etl_movies_csv.py
[2025-02-01T01:25:15.145+0000] {processor.py:925} INFO - DAG(s) 'etl_movies_csv' retrieved from /opt/airflow/dags/etl_movies_csv.py
[2025-02-01T01:25:15.229+0000] {logging_mixin.py:190} INFO - [2025-02-01T01:25:15.228+0000] {dag.py:3239} INFO - Sync 1 DAGs
[2025-02-01T01:25:15.280+0000] {logging_mixin.py:190} INFO - [2025-02-01T01:25:15.280+0000] {dag.py:4180} INFO - Setting next_dagrun for etl_movies_csv to 2025-02-01 00:00:00+00:00, run_after=2025-02-02 00:00:00+00:00
[2025-02-01T01:25:15.304+0000] {processor.py:208} INFO - Processing /opt/airflow/dags/etl_movies_csv.py took 0.931 seconds
[2025-02-01T01:25:45.646+0000] {processor.py:186} INFO - Started process (PID=6484) to work on /opt/airflow/dags/etl_movies_csv.py
[2025-02-01T01:25:45.650+0000] {processor.py:914} INFO - Processing file /opt/airflow/dags/etl_movies_csv.py for tasks to queue
[2025-02-01T01:25:45.651+0000] {logging_mixin.py:190} INFO - [2025-02-01T01:25:45.651+0000] {dagbag.py:588} INFO - Filling up the DagBag from /opt/airflow/dags/etl_movies_csv.py
[2025-02-01T01:25:46.164+0000] {processor.py:925} INFO - DAG(s) 'etl_movies_csv' retrieved from /opt/airflow/dags/etl_movies_csv.py
[2025-02-01T01:25:46.196+0000] {logging_mixin.py:190} INFO - [2025-02-01T01:25:46.196+0000] {dag.py:3239} INFO - Sync 1 DAGs
[2025-02-01T01:25:46.224+0000] {logging_mixin.py:190} INFO - [2025-02-01T01:25:46.224+0000] {dag.py:4180} INFO - Setting next_dagrun for etl_movies_csv to 2025-02-01 00:00:00+00:00, run_after=2025-02-02 00:00:00+00:00
[2025-02-01T01:25:46.250+0000] {processor.py:208} INFO - Processing /opt/airflow/dags/etl_movies_csv.py took 0.653 seconds
[2025-02-01T01:26:16.768+0000] {processor.py:186} INFO - Started process (PID=6487) to work on /opt/airflow/dags/etl_movies_csv.py
[2025-02-01T01:26:16.770+0000] {processor.py:914} INFO - Processing file /opt/airflow/dags/etl_movies_csv.py for tasks to queue
[2025-02-01T01:26:16.772+0000] {logging_mixin.py:190} INFO - [2025-02-01T01:26:16.771+0000] {dagbag.py:588} INFO - Filling up the DagBag from /opt/airflow/dags/etl_movies_csv.py
[2025-02-01T01:26:17.106+0000] {processor.py:925} INFO - DAG(s) 'etl_movies_csv' retrieved from /opt/airflow/dags/etl_movies_csv.py
[2025-02-01T01:26:17.122+0000] {logging_mixin.py:190} INFO - [2025-02-01T01:26:17.122+0000] {dag.py:3239} INFO - Sync 1 DAGs
[2025-02-01T01:26:17.136+0000] {logging_mixin.py:190} INFO - [2025-02-01T01:26:17.136+0000] {dag.py:4180} INFO - Setting next_dagrun for etl_movies_csv to 2025-02-01 00:00:00+00:00, run_after=2025-02-02 00:00:00+00:00
[2025-02-01T01:26:17.148+0000] {processor.py:208} INFO - Processing /opt/airflow/dags/etl_movies_csv.py took 0.395 seconds
[2025-02-01T01:26:47.935+0000] {processor.py:186} INFO - Started process (PID=6490) to work on /opt/airflow/dags/etl_movies_csv.py
[2025-02-01T01:26:47.939+0000] {processor.py:914} INFO - Processing file /opt/airflow/dags/etl_movies_csv.py for tasks to queue
[2025-02-01T01:26:47.943+0000] {logging_mixin.py:190} INFO - [2025-02-01T01:26:47.941+0000] {dagbag.py:588} INFO - Filling up the DagBag from /opt/airflow/dags/etl_movies_csv.py
[2025-02-01T01:26:49.022+0000] {processor.py:925} INFO - DAG(s) 'etl_movies_csv' retrieved from /opt/airflow/dags/etl_movies_csv.py
[2025-02-01T01:26:49.156+0000] {logging_mixin.py:190} INFO - [2025-02-01T01:26:49.154+0000] {dag.py:3239} INFO - Sync 1 DAGs
[2025-02-01T01:26:49.273+0000] {logging_mixin.py:190} INFO - [2025-02-01T01:26:49.271+0000] {dag.py:4180} INFO - Setting next_dagrun for etl_movies_csv to 2025-02-01 00:00:00+00:00, run_after=2025-02-02 00:00:00+00:00
[2025-02-01T01:26:49.350+0000] {processor.py:208} INFO - Processing /opt/airflow/dags/etl_movies_csv.py took 1.431 seconds
[2025-02-01T01:52:29.253+0000] {processor.py:186} INFO - Started process (PID=6493) to work on /opt/airflow/dags/etl_movies_csv.py
[2025-02-01T01:52:29.265+0000] {processor.py:914} INFO - Processing file /opt/airflow/dags/etl_movies_csv.py for tasks to queue
[2025-02-01T01:52:29.268+0000] {logging_mixin.py:190} INFO - [2025-02-01T01:52:29.267+0000] {dagbag.py:588} INFO - Filling up the DagBag from /opt/airflow/dags/etl_movies_csv.py
[2025-02-01T01:52:29.838+0000] {processor.py:925} INFO - DAG(s) 'etl_movies_csv' retrieved from /opt/airflow/dags/etl_movies_csv.py
[2025-02-01T01:52:29.870+0000] {logging_mixin.py:190} INFO - [2025-02-01T01:52:29.870+0000] {dag.py:3239} INFO - Sync 1 DAGs
[2025-02-01T01:52:29.892+0000] {logging_mixin.py:190} INFO - [2025-02-01T01:52:29.892+0000] {dag.py:4180} INFO - Setting next_dagrun for etl_movies_csv to 2025-02-01 00:00:00+00:00, run_after=2025-02-02 00:00:00+00:00
[2025-02-01T01:52:29.954+0000] {processor.py:208} INFO - Processing /opt/airflow/dags/etl_movies_csv.py took 0.735 seconds
[2025-02-01T02:08:16.728+0000] {processor.py:186} INFO - Started process (PID=6496) to work on /opt/airflow/dags/etl_movies_csv.py
[2025-02-01T02:08:16.866+0000] {processor.py:914} INFO - Processing file /opt/airflow/dags/etl_movies_csv.py for tasks to queue
[2025-02-01T02:08:16.912+0000] {logging_mixin.py:190} INFO - [2025-02-01T02:08:16.899+0000] {dagbag.py:588} INFO - Filling up the DagBag from /opt/airflow/dags/etl_movies_csv.py
[2025-02-01T02:08:18.914+0000] {processor.py:925} INFO - DAG(s) 'etl_movies_csv' retrieved from /opt/airflow/dags/etl_movies_csv.py
[2025-02-01T02:08:19.830+0000] {logging_mixin.py:190} INFO - [2025-02-01T02:08:19.795+0000] {dag.py:3239} INFO - Sync 1 DAGs
[2025-02-01T02:08:23.299+0000] {logging_mixin.py:190} INFO - [2025-02-01T02:08:23.278+0000] {dag.py:4180} INFO - Setting next_dagrun for etl_movies_csv to 2025-02-01 00:00:00+00:00, run_after=2025-02-02 00:00:00+00:00
[2025-02-01T02:08:23.718+0000] {processor.py:208} INFO - Processing /opt/airflow/dags/etl_movies_csv.py took 7.199 seconds
[2025-02-01T02:43:52.832+0000] {processor.py:186} INFO - Started process (PID=6499) to work on /opt/airflow/dags/etl_movies_csv.py
[2025-02-01T02:43:52.842+0000] {processor.py:914} INFO - Processing file /opt/airflow/dags/etl_movies_csv.py for tasks to queue
[2025-02-01T02:43:52.862+0000] {logging_mixin.py:190} INFO - [2025-02-01T02:43:52.853+0000] {dagbag.py:588} INFO - Filling up the DagBag from /opt/airflow/dags/etl_movies_csv.py
[2025-02-01T02:43:54.756+0000] {processor.py:925} INFO - DAG(s) 'etl_movies_csv' retrieved from /opt/airflow/dags/etl_movies_csv.py
[2025-02-01T02:43:54.818+0000] {logging_mixin.py:190} INFO - [2025-02-01T02:43:54.817+0000] {dag.py:3239} INFO - Sync 1 DAGs
[2025-02-01T02:43:54.892+0000] {logging_mixin.py:190} INFO - [2025-02-01T02:43:54.891+0000] {dag.py:4180} INFO - Setting next_dagrun for etl_movies_csv to 2025-02-01 00:00:00+00:00, run_after=2025-02-02 00:00:00+00:00
[2025-02-01T02:43:54.922+0000] {processor.py:208} INFO - Processing /opt/airflow/dags/etl_movies_csv.py took 2.194 seconds
[2025-02-01T03:01:32.403+0000] {processor.py:186} INFO - Started process (PID=6502) to work on /opt/airflow/dags/etl_movies_csv.py
[2025-02-01T03:01:32.411+0000] {processor.py:914} INFO - Processing file /opt/airflow/dags/etl_movies_csv.py for tasks to queue
[2025-02-01T03:01:32.414+0000] {logging_mixin.py:190} INFO - [2025-02-01T03:01:32.413+0000] {dagbag.py:588} INFO - Filling up the DagBag from /opt/airflow/dags/etl_movies_csv.py
[2025-02-01T03:01:33.724+0000] {processor.py:925} INFO - DAG(s) 'etl_movies_csv' retrieved from /opt/airflow/dags/etl_movies_csv.py
[2025-02-01T03:01:33.757+0000] {logging_mixin.py:190} INFO - [2025-02-01T03:01:33.756+0000] {dag.py:3239} INFO - Sync 1 DAGs
[2025-02-01T03:01:33.778+0000] {logging_mixin.py:190} INFO - [2025-02-01T03:01:33.778+0000] {dag.py:4180} INFO - Setting next_dagrun for etl_movies_csv to 2025-02-01 00:00:00+00:00, run_after=2025-02-02 00:00:00+00:00
[2025-02-01T03:01:33.812+0000] {processor.py:208} INFO - Processing /opt/airflow/dags/etl_movies_csv.py took 1.470 seconds
[2025-02-01T03:35:02.686+0000] {processor.py:186} INFO - Started process (PID=6505) to work on /opt/airflow/dags/etl_movies_csv.py
[2025-02-01T03:35:02.691+0000] {processor.py:914} INFO - Processing file /opt/airflow/dags/etl_movies_csv.py for tasks to queue
[2025-02-01T03:35:02.693+0000] {logging_mixin.py:190} INFO - [2025-02-01T03:35:02.693+0000] {dagbag.py:588} INFO - Filling up the DagBag from /opt/airflow/dags/etl_movies_csv.py
[2025-02-01T03:35:03.241+0000] {processor.py:925} INFO - DAG(s) 'etl_movies_csv' retrieved from /opt/airflow/dags/etl_movies_csv.py
[2025-02-01T03:35:03.285+0000] {logging_mixin.py:190} INFO - [2025-02-01T03:35:03.284+0000] {dag.py:3239} INFO - Sync 1 DAGs
[2025-02-01T03:35:03.311+0000] {logging_mixin.py:190} INFO - [2025-02-01T03:35:03.311+0000] {dag.py:4180} INFO - Setting next_dagrun for etl_movies_csv to 2025-02-01 00:00:00+00:00, run_after=2025-02-02 00:00:00+00:00
[2025-02-01T03:35:03.334+0000] {processor.py:208} INFO - Processing /opt/airflow/dags/etl_movies_csv.py took 0.661 seconds
[2025-02-01T03:51:31.907+0000] {processor.py:186} INFO - Started process (PID=6508) to work on /opt/airflow/dags/etl_movies_csv.py
[2025-02-01T03:51:31.913+0000] {processor.py:914} INFO - Processing file /opt/airflow/dags/etl_movies_csv.py for tasks to queue
[2025-02-01T03:51:31.915+0000] {logging_mixin.py:190} INFO - [2025-02-01T03:51:31.914+0000] {dagbag.py:588} INFO - Filling up the DagBag from /opt/airflow/dags/etl_movies_csv.py
[2025-02-01T03:51:32.780+0000] {processor.py:925} INFO - DAG(s) 'etl_movies_csv' retrieved from /opt/airflow/dags/etl_movies_csv.py
[2025-02-01T03:51:32.825+0000] {logging_mixin.py:190} INFO - [2025-02-01T03:51:32.824+0000] {dag.py:3239} INFO - Sync 1 DAGs
[2025-02-01T03:51:32.841+0000] {logging_mixin.py:190} INFO - [2025-02-01T03:51:32.841+0000] {dag.py:4180} INFO - Setting next_dagrun for etl_movies_csv to 2025-02-01 00:00:00+00:00, run_after=2025-02-02 00:00:00+00:00
[2025-02-01T03:51:32.895+0000] {processor.py:208} INFO - Processing /opt/airflow/dags/etl_movies_csv.py took 0.997 seconds
[2025-02-01T03:59:48.612+0000] {processor.py:186} INFO - Started process (PID=6511) to work on /opt/airflow/dags/etl_movies_csv.py
[2025-02-01T03:59:48.879+0000] {processor.py:914} INFO - Processing file /opt/airflow/dags/etl_movies_csv.py for tasks to queue
[2025-02-01T03:59:48.967+0000] {logging_mixin.py:190} INFO - [2025-02-01T03:59:48.962+0000] {dagbag.py:588} INFO - Filling up the DagBag from /opt/airflow/dags/etl_movies_csv.py
[2025-02-01T03:59:50.254+0000] {processor.py:925} INFO - DAG(s) 'etl_movies_csv' retrieved from /opt/airflow/dags/etl_movies_csv.py
[2025-02-01T03:59:50.639+0000] {logging_mixin.py:190} INFO - [2025-02-01T03:59:50.632+0000] {dag.py:3239} INFO - Sync 1 DAGs
[2025-02-01T03:59:51.063+0000] {logging_mixin.py:190} INFO - [2025-02-01T03:59:51.063+0000] {dag.py:4180} INFO - Setting next_dagrun for etl_movies_csv to 2025-02-01 00:00:00+00:00, run_after=2025-02-02 00:00:00+00:00
[2025-02-01T03:59:51.312+0000] {processor.py:208} INFO - Processing /opt/airflow/dags/etl_movies_csv.py took 2.768 seconds
[2025-02-01T04:23:50.830+0000] {processor.py:186} INFO - Started process (PID=6514) to work on /opt/airflow/dags/etl_movies_csv.py
[2025-02-01T04:23:51.028+0000] {processor.py:914} INFO - Processing file /opt/airflow/dags/etl_movies_csv.py for tasks to queue
[2025-02-01T04:23:51.046+0000] {logging_mixin.py:190} INFO - [2025-02-01T04:23:51.041+0000] {dagbag.py:588} INFO - Filling up the DagBag from /opt/airflow/dags/etl_movies_csv.py
[2025-02-01T04:23:51.434+0000] {processor.py:925} INFO - DAG(s) 'etl_movies_csv' retrieved from /opt/airflow/dags/etl_movies_csv.py
[2025-02-01T04:23:51.615+0000] {logging_mixin.py:190} INFO - [2025-02-01T04:23:51.614+0000] {dag.py:3239} INFO - Sync 1 DAGs
[2025-02-01T04:23:51.801+0000] {logging_mixin.py:190} INFO - [2025-02-01T04:23:51.798+0000] {dag.py:4180} INFO - Setting next_dagrun for etl_movies_csv to 2025-02-01 00:00:00+00:00, run_after=2025-02-02 00:00:00+00:00
[2025-02-01T04:23:51.964+0000] {processor.py:208} INFO - Processing /opt/airflow/dags/etl_movies_csv.py took 1.147 seconds
[2025-02-01T04:49:49.885+0000] {processor.py:186} INFO - Started process (PID=6517) to work on /opt/airflow/dags/etl_movies_csv.py
[2025-02-01T04:49:49.887+0000] {processor.py:914} INFO - Processing file /opt/airflow/dags/etl_movies_csv.py for tasks to queue
[2025-02-01T04:49:49.889+0000] {logging_mixin.py:190} INFO - [2025-02-01T04:49:49.888+0000] {dagbag.py:588} INFO - Filling up the DagBag from /opt/airflow/dags/etl_movies_csv.py
[2025-02-01T04:49:50.232+0000] {processor.py:925} INFO - DAG(s) 'etl_movies_csv' retrieved from /opt/airflow/dags/etl_movies_csv.py
[2025-02-01T04:49:50.251+0000] {logging_mixin.py:190} INFO - [2025-02-01T04:49:50.251+0000] {dag.py:3239} INFO - Sync 1 DAGs
[2025-02-01T04:49:50.262+0000] {logging_mixin.py:190} INFO - [2025-02-01T04:49:50.262+0000] {dag.py:4180} INFO - Setting next_dagrun for etl_movies_csv to 2025-02-01 00:00:00+00:00, run_after=2025-02-02 00:00:00+00:00
[2025-02-01T04:49:50.283+0000] {processor.py:208} INFO - Processing /opt/airflow/dags/etl_movies_csv.py took 0.409 seconds
[2025-02-01T05:38:33.941+0000] {processor.py:186} INFO - Started process (PID=6520) to work on /opt/airflow/dags/etl_movies_csv.py
[2025-02-01T05:38:34.165+0000] {processor.py:914} INFO - Processing file /opt/airflow/dags/etl_movies_csv.py for tasks to queue
[2025-02-01T05:38:34.768+0000] {logging_mixin.py:190} INFO - [2025-02-01T05:38:34.753+0000] {dagbag.py:588} INFO - Filling up the DagBag from /opt/airflow/dags/etl_movies_csv.py
[2025-02-01T05:38:39.858+0000] {processor.py:925} INFO - DAG(s) 'etl_movies_csv' retrieved from /opt/airflow/dags/etl_movies_csv.py
[2025-02-01T05:38:40.561+0000] {logging_mixin.py:190} INFO - [2025-02-01T05:38:40.552+0000] {dag.py:3239} INFO - Sync 1 DAGs
[2025-02-01T05:38:41.319+0000] {logging_mixin.py:190} INFO - [2025-02-01T05:38:41.318+0000] {dag.py:4180} INFO - Setting next_dagrun for etl_movies_csv to 2025-02-01 00:00:00+00:00, run_after=2025-02-02 00:00:00+00:00
[2025-02-01T05:38:41.977+0000] {processor.py:208} INFO - Processing /opt/airflow/dags/etl_movies_csv.py took 8.280 seconds
[2025-02-01T06:01:02.340+0000] {processor.py:186} INFO - Started process (PID=6523) to work on /opt/airflow/dags/etl_movies_csv.py
[2025-02-01T06:01:02.389+0000] {processor.py:914} INFO - Processing file /opt/airflow/dags/etl_movies_csv.py for tasks to queue
[2025-02-01T06:01:02.407+0000] {logging_mixin.py:190} INFO - [2025-02-01T06:01:02.403+0000] {dagbag.py:588} INFO - Filling up the DagBag from /opt/airflow/dags/etl_movies_csv.py
[2025-02-01T06:01:03.449+0000] {processor.py:925} INFO - DAG(s) 'etl_movies_csv' retrieved from /opt/airflow/dags/etl_movies_csv.py
[2025-02-01T06:01:03.496+0000] {logging_mixin.py:190} INFO - [2025-02-01T06:01:03.495+0000] {dag.py:3239} INFO - Sync 1 DAGs
[2025-02-01T06:01:03.516+0000] {logging_mixin.py:190} INFO - [2025-02-01T06:01:03.516+0000] {dag.py:4180} INFO - Setting next_dagrun for etl_movies_csv to 2025-02-01 00:00:00+00:00, run_after=2025-02-02 00:00:00+00:00
[2025-02-01T06:01:03.540+0000] {processor.py:208} INFO - Processing /opt/airflow/dags/etl_movies_csv.py took 1.363 seconds
[2025-02-01T06:33:48.641+0000] {processor.py:186} INFO - Started process (PID=6526) to work on /opt/airflow/dags/etl_movies_csv.py
[2025-02-01T06:33:48.646+0000] {processor.py:914} INFO - Processing file /opt/airflow/dags/etl_movies_csv.py for tasks to queue
[2025-02-01T06:33:48.651+0000] {logging_mixin.py:190} INFO - [2025-02-01T06:33:48.650+0000] {dagbag.py:588} INFO - Filling up the DagBag from /opt/airflow/dags/etl_movies_csv.py
[2025-02-01T06:33:49.622+0000] {processor.py:925} INFO - DAG(s) 'etl_movies_csv' retrieved from /opt/airflow/dags/etl_movies_csv.py
[2025-02-01T06:33:49.690+0000] {logging_mixin.py:190} INFO - [2025-02-01T06:33:49.690+0000] {dag.py:3239} INFO - Sync 1 DAGs
[2025-02-01T06:33:49.708+0000] {logging_mixin.py:190} INFO - [2025-02-01T06:33:49.708+0000] {dag.py:4180} INFO - Setting next_dagrun for etl_movies_csv to 2025-02-01 00:00:00+00:00, run_after=2025-02-02 00:00:00+00:00
[2025-02-01T06:33:49.725+0000] {processor.py:208} INFO - Processing /opt/airflow/dags/etl_movies_csv.py took 1.122 seconds
[2025-02-01T07:01:56.572+0000] {processor.py:186} INFO - Started process (PID=6529) to work on /opt/airflow/dags/etl_movies_csv.py
[2025-02-01T07:01:56.573+0000] {processor.py:914} INFO - Processing file /opt/airflow/dags/etl_movies_csv.py for tasks to queue
[2025-02-01T07:01:56.575+0000] {logging_mixin.py:190} INFO - [2025-02-01T07:01:56.574+0000] {dagbag.py:588} INFO - Filling up the DagBag from /opt/airflow/dags/etl_movies_csv.py
[2025-02-01T07:01:56.936+0000] {processor.py:925} INFO - DAG(s) 'etl_movies_csv' retrieved from /opt/airflow/dags/etl_movies_csv.py
[2025-02-01T07:01:56.957+0000] {logging_mixin.py:190} INFO - [2025-02-01T07:01:56.956+0000] {dag.py:3239} INFO - Sync 1 DAGs
[2025-02-01T07:01:56.970+0000] {logging_mixin.py:190} INFO - [2025-02-01T07:01:56.970+0000] {dag.py:4180} INFO - Setting next_dagrun for etl_movies_csv to 2025-02-01 00:00:00+00:00, run_after=2025-02-02 00:00:00+00:00
[2025-02-01T07:01:56.987+0000] {processor.py:208} INFO - Processing /opt/airflow/dags/etl_movies_csv.py took 0.430 seconds
[2025-02-01T07:02:28.849+0000] {processor.py:186} INFO - Started process (PID=6532) to work on /opt/airflow/dags/etl_movies_csv.py
[2025-02-01T07:02:28.851+0000] {processor.py:914} INFO - Processing file /opt/airflow/dags/etl_movies_csv.py for tasks to queue
[2025-02-01T07:02:28.854+0000] {logging_mixin.py:190} INFO - [2025-02-01T07:02:28.852+0000] {dagbag.py:588} INFO - Filling up the DagBag from /opt/airflow/dags/etl_movies_csv.py
[2025-02-01T07:02:29.363+0000] {processor.py:925} INFO - DAG(s) 'etl_movies_csv' retrieved from /opt/airflow/dags/etl_movies_csv.py
[2025-02-01T07:02:29.392+0000] {logging_mixin.py:190} INFO - [2025-02-01T07:02:29.392+0000] {dag.py:3239} INFO - Sync 1 DAGs
[2025-02-01T07:02:29.410+0000] {logging_mixin.py:190} INFO - [2025-02-01T07:02:29.410+0000] {dag.py:4180} INFO - Setting next_dagrun for etl_movies_csv to 2025-02-01 00:00:00+00:00, run_after=2025-02-02 00:00:00+00:00
[2025-02-01T07:02:29.444+0000] {processor.py:208} INFO - Processing /opt/airflow/dags/etl_movies_csv.py took 0.608 seconds
[2025-02-01T07:06:11.769+0000] {processor.py:186} INFO - Started process (PID=6535) to work on /opt/airflow/dags/etl_movies_csv.py
[2025-02-01T07:06:11.824+0000] {processor.py:914} INFO - Processing file /opt/airflow/dags/etl_movies_csv.py for tasks to queue
[2025-02-01T07:06:11.870+0000] {logging_mixin.py:190} INFO - [2025-02-01T07:06:11.867+0000] {dagbag.py:588} INFO - Filling up the DagBag from /opt/airflow/dags/etl_movies_csv.py
[2025-02-01T07:06:12.907+0000] {processor.py:925} INFO - DAG(s) 'etl_movies_csv' retrieved from /opt/airflow/dags/etl_movies_csv.py
[2025-02-01T07:06:12.947+0000] {logging_mixin.py:190} INFO - [2025-02-01T07:06:12.947+0000] {dag.py:3239} INFO - Sync 1 DAGs
[2025-02-01T07:06:12.977+0000] {logging_mixin.py:190} INFO - [2025-02-01T07:06:12.977+0000] {dag.py:4180} INFO - Setting next_dagrun for etl_movies_csv to 2025-02-01 00:00:00+00:00, run_after=2025-02-02 00:00:00+00:00
[2025-02-01T07:06:12.996+0000] {processor.py:208} INFO - Processing /opt/airflow/dags/etl_movies_csv.py took 1.360 seconds
[2025-02-01T07:06:43.446+0000] {processor.py:186} INFO - Started process (PID=6538) to work on /opt/airflow/dags/etl_movies_csv.py
[2025-02-01T07:06:43.448+0000] {processor.py:914} INFO - Processing file /opt/airflow/dags/etl_movies_csv.py for tasks to queue
[2025-02-01T07:06:43.452+0000] {logging_mixin.py:190} INFO - [2025-02-01T07:06:43.450+0000] {dagbag.py:588} INFO - Filling up the DagBag from /opt/airflow/dags/etl_movies_csv.py
[2025-02-01T07:06:43.932+0000] {processor.py:925} INFO - DAG(s) 'etl_movies_csv' retrieved from /opt/airflow/dags/etl_movies_csv.py
[2025-02-01T07:06:43.958+0000] {logging_mixin.py:190} INFO - [2025-02-01T07:06:43.958+0000] {dag.py:3239} INFO - Sync 1 DAGs
[2025-02-01T07:06:43.973+0000] {logging_mixin.py:190} INFO - [2025-02-01T07:06:43.973+0000] {dag.py:4180} INFO - Setting next_dagrun for etl_movies_csv to 2025-02-01 00:00:00+00:00, run_after=2025-02-02 00:00:00+00:00
[2025-02-01T07:06:43.989+0000] {processor.py:208} INFO - Processing /opt/airflow/dags/etl_movies_csv.py took 0.563 seconds
[2025-02-01T07:07:14.404+0000] {processor.py:186} INFO - Started process (PID=6541) to work on /opt/airflow/dags/etl_movies_csv.py
[2025-02-01T07:07:14.406+0000] {processor.py:914} INFO - Processing file /opt/airflow/dags/etl_movies_csv.py for tasks to queue
[2025-02-01T07:07:14.408+0000] {logging_mixin.py:190} INFO - [2025-02-01T07:07:14.407+0000] {dagbag.py:588} INFO - Filling up the DagBag from /opt/airflow/dags/etl_movies_csv.py
[2025-02-01T07:07:14.752+0000] {processor.py:925} INFO - DAG(s) 'etl_movies_csv' retrieved from /opt/airflow/dags/etl_movies_csv.py
[2025-02-01T07:07:14.772+0000] {logging_mixin.py:190} INFO - [2025-02-01T07:07:14.772+0000] {dag.py:3239} INFO - Sync 1 DAGs
[2025-02-01T07:07:14.784+0000] {logging_mixin.py:190} INFO - [2025-02-01T07:07:14.784+0000] {dag.py:4180} INFO - Setting next_dagrun for etl_movies_csv to 2025-02-01 00:00:00+00:00, run_after=2025-02-02 00:00:00+00:00
[2025-02-01T07:07:14.800+0000] {processor.py:208} INFO - Processing /opt/airflow/dags/etl_movies_csv.py took 0.409 seconds
[2025-02-01T07:07:45.191+0000] {processor.py:186} INFO - Started process (PID=6544) to work on /opt/airflow/dags/etl_movies_csv.py
[2025-02-01T07:07:45.193+0000] {processor.py:914} INFO - Processing file /opt/airflow/dags/etl_movies_csv.py for tasks to queue
[2025-02-01T07:07:45.195+0000] {logging_mixin.py:190} INFO - [2025-02-01T07:07:45.194+0000] {dagbag.py:588} INFO - Filling up the DagBag from /opt/airflow/dags/etl_movies_csv.py
[2025-02-01T07:07:45.587+0000] {processor.py:925} INFO - DAG(s) 'etl_movies_csv' retrieved from /opt/airflow/dags/etl_movies_csv.py
[2025-02-01T07:07:45.607+0000] {logging_mixin.py:190} INFO - [2025-02-01T07:07:45.606+0000] {dag.py:3239} INFO - Sync 1 DAGs
[2025-02-01T07:07:45.619+0000] {logging_mixin.py:190} INFO - [2025-02-01T07:07:45.618+0000] {dag.py:4180} INFO - Setting next_dagrun for etl_movies_csv to 2025-02-01 00:00:00+00:00, run_after=2025-02-02 00:00:00+00:00
[2025-02-01T07:07:45.642+0000] {processor.py:208} INFO - Processing /opt/airflow/dags/etl_movies_csv.py took 0.468 seconds
[2025-02-01T07:09:43.821+0000] {processor.py:186} INFO - Started process (PID=6547) to work on /opt/airflow/dags/etl_movies_csv.py
[2025-02-01T07:09:43.823+0000] {processor.py:914} INFO - Processing file /opt/airflow/dags/etl_movies_csv.py for tasks to queue
[2025-02-01T07:09:43.824+0000] {logging_mixin.py:190} INFO - [2025-02-01T07:09:43.823+0000] {dagbag.py:588} INFO - Filling up the DagBag from /opt/airflow/dags/etl_movies_csv.py
[2025-02-01T07:09:44.157+0000] {processor.py:925} INFO - DAG(s) 'etl_movies_csv' retrieved from /opt/airflow/dags/etl_movies_csv.py
[2025-02-01T07:09:44.175+0000] {logging_mixin.py:190} INFO - [2025-02-01T07:09:44.174+0000] {dag.py:3239} INFO - Sync 1 DAGs
[2025-02-01T07:09:44.186+0000] {logging_mixin.py:190} INFO - [2025-02-01T07:09:44.186+0000] {dag.py:4180} INFO - Setting next_dagrun for etl_movies_csv to 2025-02-01 00:00:00+00:00, run_after=2025-02-02 00:00:00+00:00
[2025-02-01T07:09:44.196+0000] {processor.py:208} INFO - Processing /opt/airflow/dags/etl_movies_csv.py took 0.391 seconds
[2025-02-01T07:33:34.529+0000] {processor.py:186} INFO - Started process (PID=6551) to work on /opt/airflow/dags/etl_movies_csv.py
[2025-02-01T07:33:34.542+0000] {processor.py:914} INFO - Processing file /opt/airflow/dags/etl_movies_csv.py for tasks to queue
[2025-02-01T07:33:34.553+0000] {logging_mixin.py:190} INFO - [2025-02-01T07:33:34.548+0000] {dagbag.py:588} INFO - Filling up the DagBag from /opt/airflow/dags/etl_movies_csv.py
[2025-02-01T07:33:35.474+0000] {processor.py:925} INFO - DAG(s) 'etl_movies_csv' retrieved from /opt/airflow/dags/etl_movies_csv.py
[2025-02-01T07:33:35.586+0000] {logging_mixin.py:190} INFO - [2025-02-01T07:33:35.586+0000] {dag.py:3239} INFO - Sync 1 DAGs
[2025-02-01T07:33:35.622+0000] {logging_mixin.py:190} INFO - [2025-02-01T07:33:35.622+0000] {dag.py:4180} INFO - Setting next_dagrun for etl_movies_csv to 2025-02-01 00:00:00+00:00, run_after=2025-02-02 00:00:00+00:00
[2025-02-01T07:33:35.651+0000] {processor.py:208} INFO - Processing /opt/airflow/dags/etl_movies_csv.py took 1.201 seconds
[2025-02-01T07:34:05.893+0000] {processor.py:186} INFO - Started process (PID=6554) to work on /opt/airflow/dags/etl_movies_csv.py
[2025-02-01T07:34:05.895+0000] {processor.py:914} INFO - Processing file /opt/airflow/dags/etl_movies_csv.py for tasks to queue
[2025-02-01T07:34:05.897+0000] {logging_mixin.py:190} INFO - [2025-02-01T07:34:05.897+0000] {dagbag.py:588} INFO - Filling up the DagBag from /opt/airflow/dags/etl_movies_csv.py
[2025-02-01T07:34:06.387+0000] {processor.py:925} INFO - DAG(s) 'etl_movies_csv' retrieved from /opt/airflow/dags/etl_movies_csv.py
[2025-02-01T07:34:06.415+0000] {logging_mixin.py:190} INFO - [2025-02-01T07:34:06.414+0000] {dag.py:3239} INFO - Sync 1 DAGs
[2025-02-01T07:34:06.430+0000] {logging_mixin.py:190} INFO - [2025-02-01T07:34:06.430+0000] {dag.py:4180} INFO - Setting next_dagrun for etl_movies_csv to 2025-02-01 00:00:00+00:00, run_after=2025-02-02 00:00:00+00:00
[2025-02-01T07:34:06.449+0000] {processor.py:208} INFO - Processing /opt/airflow/dags/etl_movies_csv.py took 0.566 seconds
[2025-02-01T08:04:59.342+0000] {processor.py:186} INFO - Started process (PID=6557) to work on /opt/airflow/dags/etl_movies_csv.py
[2025-02-01T08:04:59.368+0000] {processor.py:914} INFO - Processing file /opt/airflow/dags/etl_movies_csv.py for tasks to queue
[2025-02-01T08:04:59.389+0000] {logging_mixin.py:190} INFO - [2025-02-01T08:04:59.381+0000] {dagbag.py:588} INFO - Filling up the DagBag from /opt/airflow/dags/etl_movies_csv.py
[2025-02-01T08:05:04.228+0000] {processor.py:925} INFO - DAG(s) 'etl_movies_csv' retrieved from /opt/airflow/dags/etl_movies_csv.py
[2025-02-01T08:05:04.797+0000] {logging_mixin.py:190} INFO - [2025-02-01T08:05:04.786+0000] {dag.py:3239} INFO - Sync 1 DAGs
[2025-02-01T08:05:05.053+0000] {logging_mixin.py:190} INFO - [2025-02-01T08:05:05.047+0000] {dag.py:4180} INFO - Setting next_dagrun for etl_movies_csv to 2025-02-01 00:00:00+00:00, run_after=2025-02-02 00:00:00+00:00
[2025-02-01T08:05:05.190+0000] {processor.py:208} INFO - Processing /opt/airflow/dags/etl_movies_csv.py took 5.924 seconds
[2025-02-01T08:25:24.196+0000] {processor.py:186} INFO - Started process (PID=6560) to work on /opt/airflow/dags/etl_movies_csv.py
[2025-02-01T08:25:24.199+0000] {processor.py:914} INFO - Processing file /opt/airflow/dags/etl_movies_csv.py for tasks to queue
[2025-02-01T08:25:24.201+0000] {logging_mixin.py:190} INFO - [2025-02-01T08:25:24.200+0000] {dagbag.py:588} INFO - Filling up the DagBag from /opt/airflow/dags/etl_movies_csv.py
[2025-02-01T08:25:24.655+0000] {processor.py:925} INFO - DAG(s) 'etl_movies_csv' retrieved from /opt/airflow/dags/etl_movies_csv.py
[2025-02-01T08:25:24.681+0000] {logging_mixin.py:190} INFO - [2025-02-01T08:25:24.680+0000] {dag.py:3239} INFO - Sync 1 DAGs
[2025-02-01T08:25:24.699+0000] {logging_mixin.py:190} INFO - [2025-02-01T08:25:24.699+0000] {dag.py:4180} INFO - Setting next_dagrun for etl_movies_csv to 2025-02-01 00:00:00+00:00, run_after=2025-02-02 00:00:00+00:00
[2025-02-01T08:25:24.712+0000] {processor.py:208} INFO - Processing /opt/airflow/dags/etl_movies_csv.py took 0.534 seconds
[2025-02-01T08:45:34.167+0000] {processor.py:186} INFO - Started process (PID=6563) to work on /opt/airflow/dags/etl_movies_csv.py
[2025-02-01T08:45:34.172+0000] {processor.py:914} INFO - Processing file /opt/airflow/dags/etl_movies_csv.py for tasks to queue
[2025-02-01T08:45:34.182+0000] {logging_mixin.py:190} INFO - [2025-02-01T08:45:34.180+0000] {dagbag.py:588} INFO - Filling up the DagBag from /opt/airflow/dags/etl_movies_csv.py
[2025-02-01T08:45:35.331+0000] {processor.py:925} INFO - DAG(s) 'etl_movies_csv' retrieved from /opt/airflow/dags/etl_movies_csv.py
[2025-02-01T08:45:35.661+0000] {logging_mixin.py:190} INFO - [2025-02-01T08:45:35.660+0000] {dag.py:3239} INFO - Sync 1 DAGs
[2025-02-01T08:45:35.737+0000] {logging_mixin.py:190} INFO - [2025-02-01T08:45:35.737+0000] {dag.py:4180} INFO - Setting next_dagrun for etl_movies_csv to 2025-02-01 00:00:00+00:00, run_after=2025-02-02 00:00:00+00:00
[2025-02-01T08:45:35.779+0000] {processor.py:208} INFO - Processing /opt/airflow/dags/etl_movies_csv.py took 1.630 seconds
[2025-02-01T09:34:50.688+0000] {processor.py:186} INFO - Started process (PID=6566) to work on /opt/airflow/dags/etl_movies_csv.py
[2025-02-01T09:34:50.695+0000] {processor.py:914} INFO - Processing file /opt/airflow/dags/etl_movies_csv.py for tasks to queue
[2025-02-01T09:34:50.697+0000] {logging_mixin.py:190} INFO - [2025-02-01T09:34:50.696+0000] {dagbag.py:588} INFO - Filling up the DagBag from /opt/airflow/dags/etl_movies_csv.py
[2025-02-01T09:34:51.021+0000] {processor.py:925} INFO - DAG(s) 'etl_movies_csv' retrieved from /opt/airflow/dags/etl_movies_csv.py
[2025-02-01T09:34:51.046+0000] {logging_mixin.py:190} INFO - [2025-02-01T09:34:51.046+0000] {dag.py:3239} INFO - Sync 1 DAGs
[2025-02-01T09:34:51.060+0000] {logging_mixin.py:190} INFO - [2025-02-01T09:34:51.060+0000] {dag.py:4180} INFO - Setting next_dagrun for etl_movies_csv to 2025-02-01 00:00:00+00:00, run_after=2025-02-02 00:00:00+00:00
[2025-02-01T09:34:51.077+0000] {processor.py:208} INFO - Processing /opt/airflow/dags/etl_movies_csv.py took 0.406 seconds
[2025-02-01T10:06:46.001+0000] {processor.py:186} INFO - Started process (PID=6569) to work on /opt/airflow/dags/etl_movies_csv.py
[2025-02-01T10:06:46.003+0000] {processor.py:914} INFO - Processing file /opt/airflow/dags/etl_movies_csv.py for tasks to queue
[2025-02-01T10:06:46.005+0000] {logging_mixin.py:190} INFO - [2025-02-01T10:06:46.004+0000] {dagbag.py:588} INFO - Filling up the DagBag from /opt/airflow/dags/etl_movies_csv.py
[2025-02-01T10:06:46.485+0000] {processor.py:925} INFO - DAG(s) 'etl_movies_csv' retrieved from /opt/airflow/dags/etl_movies_csv.py
[2025-02-01T10:06:46.518+0000] {logging_mixin.py:190} INFO - [2025-02-01T10:06:46.517+0000] {dag.py:3239} INFO - Sync 1 DAGs
[2025-02-01T10:06:46.542+0000] {logging_mixin.py:190} INFO - [2025-02-01T10:06:46.541+0000] {dag.py:4180} INFO - Setting next_dagrun for etl_movies_csv to 2025-02-01 00:00:00+00:00, run_after=2025-02-02 00:00:00+00:00
[2025-02-01T10:06:46.560+0000] {processor.py:208} INFO - Processing /opt/airflow/dags/etl_movies_csv.py took 0.602 seconds
[2025-02-01T10:36:43.343+0000] {processor.py:186} INFO - Started process (PID=6572) to work on /opt/airflow/dags/etl_movies_csv.py
[2025-02-01T10:36:43.347+0000] {processor.py:914} INFO - Processing file /opt/airflow/dags/etl_movies_csv.py for tasks to queue
[2025-02-01T10:36:43.349+0000] {logging_mixin.py:190} INFO - [2025-02-01T10:36:43.348+0000] {dagbag.py:588} INFO - Filling up the DagBag from /opt/airflow/dags/etl_movies_csv.py
[2025-02-01T10:36:45.304+0000] {processor.py:925} INFO - DAG(s) 'etl_movies_csv' retrieved from /opt/airflow/dags/etl_movies_csv.py
[2025-02-01T10:36:45.465+0000] {logging_mixin.py:190} INFO - [2025-02-01T10:36:45.463+0000] {dag.py:3239} INFO - Sync 1 DAGs
[2025-02-01T10:36:45.584+0000] {logging_mixin.py:190} INFO - [2025-02-01T10:36:45.584+0000] {dag.py:4180} INFO - Setting next_dagrun for etl_movies_csv to 2025-02-01 00:00:00+00:00, run_after=2025-02-02 00:00:00+00:00
[2025-02-01T10:36:45.659+0000] {processor.py:208} INFO - Processing /opt/airflow/dags/etl_movies_csv.py took 2.342 seconds
[2025-02-01T10:38:01.599+0000] {processor.py:186} INFO - Started process (PID=6575) to work on /opt/airflow/dags/etl_movies_csv.py
[2025-02-01T10:38:01.609+0000] {processor.py:914} INFO - Processing file /opt/airflow/dags/etl_movies_csv.py for tasks to queue
[2025-02-01T10:38:01.614+0000] {logging_mixin.py:190} INFO - [2025-02-01T10:38:01.612+0000] {dagbag.py:588} INFO - Filling up the DagBag from /opt/airflow/dags/etl_movies_csv.py
[2025-02-01T10:38:02.318+0000] {processor.py:925} INFO - DAG(s) 'etl_movies_csv' retrieved from /opt/airflow/dags/etl_movies_csv.py
[2025-02-01T10:38:02.373+0000] {logging_mixin.py:190} INFO - [2025-02-01T10:38:02.373+0000] {dag.py:3239} INFO - Sync 1 DAGs
[2025-02-01T10:38:02.398+0000] {logging_mixin.py:190} INFO - [2025-02-01T10:38:02.398+0000] {dag.py:4180} INFO - Setting next_dagrun for etl_movies_csv to 2025-02-01 00:00:00+00:00, run_after=2025-02-02 00:00:00+00:00
[2025-02-01T10:38:02.427+0000] {processor.py:208} INFO - Processing /opt/airflow/dags/etl_movies_csv.py took 0.882 seconds
[2025-02-01T10:44:31.573+0000] {processor.py:186} INFO - Started process (PID=6578) to work on /opt/airflow/dags/etl_movies_csv.py
[2025-02-01T10:44:31.579+0000] {processor.py:914} INFO - Processing file /opt/airflow/dags/etl_movies_csv.py for tasks to queue
[2025-02-01T10:44:31.581+0000] {logging_mixin.py:190} INFO - [2025-02-01T10:44:31.580+0000] {dagbag.py:588} INFO - Filling up the DagBag from /opt/airflow/dags/etl_movies_csv.py
[2025-02-01T10:44:32.812+0000] {processor.py:925} INFO - DAG(s) 'etl_movies_csv' retrieved from /opt/airflow/dags/etl_movies_csv.py
[2025-02-01T10:44:32.847+0000] {logging_mixin.py:190} INFO - [2025-02-01T10:44:32.846+0000] {dag.py:3239} INFO - Sync 1 DAGs
[2025-02-01T10:44:32.874+0000] {logging_mixin.py:190} INFO - [2025-02-01T10:44:32.874+0000] {dag.py:4180} INFO - Setting next_dagrun for etl_movies_csv to 2025-02-01 00:00:00+00:00, run_after=2025-02-02 00:00:00+00:00
[2025-02-01T10:44:32.891+0000] {processor.py:208} INFO - Processing /opt/airflow/dags/etl_movies_csv.py took 1.347 seconds
[2025-02-01T10:45:03.029+0000] {processor.py:186} INFO - Started process (PID=6581) to work on /opt/airflow/dags/etl_movies_csv.py
[2025-02-01T10:45:03.031+0000] {processor.py:914} INFO - Processing file /opt/airflow/dags/etl_movies_csv.py for tasks to queue
[2025-02-01T10:45:03.033+0000] {logging_mixin.py:190} INFO - [2025-02-01T10:45:03.032+0000] {dagbag.py:588} INFO - Filling up the DagBag from /opt/airflow/dags/etl_movies_csv.py
[2025-02-01T10:45:03.518+0000] {processor.py:925} INFO - DAG(s) 'etl_movies_csv' retrieved from /opt/airflow/dags/etl_movies_csv.py
[2025-02-01T10:45:03.634+0000] {logging_mixin.py:190} INFO - [2025-02-01T10:45:03.633+0000] {dag.py:3239} INFO - Sync 1 DAGs
[2025-02-01T10:45:03.693+0000] {logging_mixin.py:190} INFO - [2025-02-01T10:45:03.693+0000] {dag.py:4180} INFO - Setting next_dagrun for etl_movies_csv to 2025-02-01 00:00:00+00:00, run_after=2025-02-02 00:00:00+00:00
[2025-02-01T10:45:03.751+0000] {processor.py:208} INFO - Processing /opt/airflow/dags/etl_movies_csv.py took 0.733 seconds
[2025-02-01T10:45:34.597+0000] {processor.py:186} INFO - Started process (PID=6584) to work on /opt/airflow/dags/etl_movies_csv.py
[2025-02-01T10:45:34.599+0000] {processor.py:914} INFO - Processing file /opt/airflow/dags/etl_movies_csv.py for tasks to queue
[2025-02-01T10:45:34.600+0000] {logging_mixin.py:190} INFO - [2025-02-01T10:45:34.600+0000] {dagbag.py:588} INFO - Filling up the DagBag from /opt/airflow/dags/etl_movies_csv.py
[2025-02-01T10:45:35.031+0000] {processor.py:925} INFO - DAG(s) 'etl_movies_csv' retrieved from /opt/airflow/dags/etl_movies_csv.py
[2025-02-01T10:45:35.052+0000] {logging_mixin.py:190} INFO - [2025-02-01T10:45:35.052+0000] {dag.py:3239} INFO - Sync 1 DAGs
[2025-02-01T10:45:35.073+0000] {logging_mixin.py:190} INFO - [2025-02-01T10:45:35.073+0000] {dag.py:4180} INFO - Setting next_dagrun for etl_movies_csv to 2025-02-01 00:00:00+00:00, run_after=2025-02-02 00:00:00+00:00
[2025-02-01T10:45:35.100+0000] {processor.py:208} INFO - Processing /opt/airflow/dags/etl_movies_csv.py took 0.516 seconds
[2025-02-01T10:46:05.864+0000] {processor.py:186} INFO - Started process (PID=6587) to work on /opt/airflow/dags/etl_movies_csv.py
[2025-02-01T10:46:05.867+0000] {processor.py:914} INFO - Processing file /opt/airflow/dags/etl_movies_csv.py for tasks to queue
[2025-02-01T10:46:05.869+0000] {logging_mixin.py:190} INFO - [2025-02-01T10:46:05.868+0000] {dagbag.py:588} INFO - Filling up the DagBag from /opt/airflow/dags/etl_movies_csv.py
[2025-02-01T10:46:06.281+0000] {processor.py:925} INFO - DAG(s) 'etl_movies_csv' retrieved from /opt/airflow/dags/etl_movies_csv.py
[2025-02-01T10:46:06.346+0000] {logging_mixin.py:190} INFO - [2025-02-01T10:46:06.345+0000] {dag.py:3239} INFO - Sync 1 DAGs
[2025-02-01T10:46:06.371+0000] {logging_mixin.py:190} INFO - [2025-02-01T10:46:06.371+0000] {dag.py:4180} INFO - Setting next_dagrun for etl_movies_csv to 2025-02-01 00:00:00+00:00, run_after=2025-02-02 00:00:00+00:00
[2025-02-01T10:46:06.407+0000] {processor.py:208} INFO - Processing /opt/airflow/dags/etl_movies_csv.py took 0.563 seconds
[2025-02-01T10:46:36.771+0000] {processor.py:186} INFO - Started process (PID=6590) to work on /opt/airflow/dags/etl_movies_csv.py
[2025-02-01T10:46:36.773+0000] {processor.py:914} INFO - Processing file /opt/airflow/dags/etl_movies_csv.py for tasks to queue
[2025-02-01T10:46:36.775+0000] {logging_mixin.py:190} INFO - [2025-02-01T10:46:36.774+0000] {dagbag.py:588} INFO - Filling up the DagBag from /opt/airflow/dags/etl_movies_csv.py
[2025-02-01T10:46:37.122+0000] {processor.py:925} INFO - DAG(s) 'etl_movies_csv' retrieved from /opt/airflow/dags/etl_movies_csv.py
[2025-02-01T10:46:37.142+0000] {logging_mixin.py:190} INFO - [2025-02-01T10:46:37.142+0000] {dag.py:3239} INFO - Sync 1 DAGs
[2025-02-01T10:46:37.158+0000] {logging_mixin.py:190} INFO - [2025-02-01T10:46:37.158+0000] {dag.py:4180} INFO - Setting next_dagrun for etl_movies_csv to 2025-02-01 00:00:00+00:00, run_after=2025-02-02 00:00:00+00:00
[2025-02-01T10:46:37.169+0000] {processor.py:208} INFO - Processing /opt/airflow/dags/etl_movies_csv.py took 0.407 seconds
[2025-02-01T10:47:07.717+0000] {processor.py:186} INFO - Started process (PID=6593) to work on /opt/airflow/dags/etl_movies_csv.py
[2025-02-01T10:47:07.719+0000] {processor.py:914} INFO - Processing file /opt/airflow/dags/etl_movies_csv.py for tasks to queue
[2025-02-01T10:47:07.723+0000] {logging_mixin.py:190} INFO - [2025-02-01T10:47:07.721+0000] {dagbag.py:588} INFO - Filling up the DagBag from /opt/airflow/dags/etl_movies_csv.py
[2025-02-01T10:47:09.222+0000] {processor.py:925} INFO - DAG(s) 'etl_movies_csv' retrieved from /opt/airflow/dags/etl_movies_csv.py
[2025-02-01T10:47:09.342+0000] {logging_mixin.py:190} INFO - [2025-02-01T10:47:09.340+0000] {dag.py:3239} INFO - Sync 1 DAGs
[2025-02-01T10:47:09.383+0000] {logging_mixin.py:190} INFO - [2025-02-01T10:47:09.382+0000] {dag.py:4180} INFO - Setting next_dagrun for etl_movies_csv to 2025-02-01 00:00:00+00:00, run_after=2025-02-02 00:00:00+00:00
[2025-02-01T10:47:10.069+0000] {processor.py:208} INFO - Processing /opt/airflow/dags/etl_movies_csv.py took 2.369 seconds
[2025-02-01T11:01:14.418+0000] {processor.py:186} INFO - Started process (PID=6596) to work on /opt/airflow/dags/etl_movies_csv.py
[2025-02-01T11:01:14.430+0000] {processor.py:914} INFO - Processing file /opt/airflow/dags/etl_movies_csv.py for tasks to queue
[2025-02-01T11:01:14.433+0000] {logging_mixin.py:190} INFO - [2025-02-01T11:01:14.432+0000] {dagbag.py:588} INFO - Filling up the DagBag from /opt/airflow/dags/etl_movies_csv.py
[2025-02-01T11:01:16.380+0000] {processor.py:925} INFO - DAG(s) 'etl_movies_csv' retrieved from /opt/airflow/dags/etl_movies_csv.py
[2025-02-01T11:01:16.440+0000] {logging_mixin.py:190} INFO - [2025-02-01T11:01:16.439+0000] {dag.py:3239} INFO - Sync 1 DAGs
[2025-02-01T11:01:16.468+0000] {logging_mixin.py:190} INFO - [2025-02-01T11:01:16.468+0000] {dag.py:4180} INFO - Setting next_dagrun for etl_movies_csv to 2025-02-01 00:00:00+00:00, run_after=2025-02-02 00:00:00+00:00
[2025-02-01T11:01:16.490+0000] {processor.py:208} INFO - Processing /opt/airflow/dags/etl_movies_csv.py took 2.160 seconds
[2025-02-01T11:34:59.558+0000] {processor.py:186} INFO - Started process (PID=6599) to work on /opt/airflow/dags/etl_movies_csv.py
[2025-02-01T11:34:59.560+0000] {processor.py:914} INFO - Processing file /opt/airflow/dags/etl_movies_csv.py for tasks to queue
[2025-02-01T11:34:59.561+0000] {logging_mixin.py:190} INFO - [2025-02-01T11:34:59.561+0000] {dagbag.py:588} INFO - Filling up the DagBag from /opt/airflow/dags/etl_movies_csv.py
[2025-02-01T11:35:01.596+0000] {processor.py:925} INFO - DAG(s) 'etl_movies_csv' retrieved from /opt/airflow/dags/etl_movies_csv.py
[2025-02-01T11:35:01.733+0000] {logging_mixin.py:190} INFO - [2025-02-01T11:35:01.731+0000] {dag.py:3239} INFO - Sync 1 DAGs
[2025-02-01T11:35:01.817+0000] {logging_mixin.py:190} INFO - [2025-02-01T11:35:01.815+0000] {dag.py:4180} INFO - Setting next_dagrun for etl_movies_csv to 2025-02-01 00:00:00+00:00, run_after=2025-02-02 00:00:00+00:00
[2025-02-01T11:35:01.887+0000] {processor.py:208} INFO - Processing /opt/airflow/dags/etl_movies_csv.py took 2.341 seconds
[2025-02-01T11:53:17.396+0000] {processor.py:186} INFO - Started process (PID=6602) to work on /opt/airflow/dags/etl_movies_csv.py
[2025-02-01T11:53:17.398+0000] {processor.py:914} INFO - Processing file /opt/airflow/dags/etl_movies_csv.py for tasks to queue
[2025-02-01T11:53:17.400+0000] {logging_mixin.py:190} INFO - [2025-02-01T11:53:17.399+0000] {dagbag.py:588} INFO - Filling up the DagBag from /opt/airflow/dags/etl_movies_csv.py
[2025-02-01T11:53:17.802+0000] {processor.py:925} INFO - DAG(s) 'etl_movies_csv' retrieved from /opt/airflow/dags/etl_movies_csv.py
[2025-02-01T11:53:17.828+0000] {logging_mixin.py:190} INFO - [2025-02-01T11:53:17.827+0000] {dag.py:3239} INFO - Sync 1 DAGs
[2025-02-01T11:53:17.842+0000] {logging_mixin.py:190} INFO - [2025-02-01T11:53:17.842+0000] {dag.py:4180} INFO - Setting next_dagrun for etl_movies_csv to 2025-02-01 00:00:00+00:00, run_after=2025-02-02 00:00:00+00:00
[2025-02-01T11:53:17.857+0000] {processor.py:208} INFO - Processing /opt/airflow/dags/etl_movies_csv.py took 0.487 seconds
[2025-02-01T11:53:48.298+0000] {processor.py:186} INFO - Started process (PID=6605) to work on /opt/airflow/dags/etl_movies_csv.py
[2025-02-01T11:53:48.300+0000] {processor.py:914} INFO - Processing file /opt/airflow/dags/etl_movies_csv.py for tasks to queue
[2025-02-01T11:53:48.301+0000] {logging_mixin.py:190} INFO - [2025-02-01T11:53:48.300+0000] {dagbag.py:588} INFO - Filling up the DagBag from /opt/airflow/dags/etl_movies_csv.py
[2025-02-01T11:53:48.653+0000] {processor.py:925} INFO - DAG(s) 'etl_movies_csv' retrieved from /opt/airflow/dags/etl_movies_csv.py
[2025-02-01T11:53:48.681+0000] {logging_mixin.py:190} INFO - [2025-02-01T11:53:48.680+0000] {dag.py:3239} INFO - Sync 1 DAGs
[2025-02-01T11:53:48.702+0000] {logging_mixin.py:190} INFO - [2025-02-01T11:53:48.702+0000] {dag.py:4180} INFO - Setting next_dagrun for etl_movies_csv to 2025-02-01 00:00:00+00:00, run_after=2025-02-02 00:00:00+00:00
[2025-02-01T11:53:48.716+0000] {processor.py:208} INFO - Processing /opt/airflow/dags/etl_movies_csv.py took 0.430 seconds
[2025-02-01T11:54:29.766+0000] {processor.py:186} INFO - Started process (PID=6608) to work on /opt/airflow/dags/etl_movies_csv.py
[2025-02-01T11:54:29.769+0000] {processor.py:914} INFO - Processing file /opt/airflow/dags/etl_movies_csv.py for tasks to queue
[2025-02-01T11:54:29.773+0000] {logging_mixin.py:190} INFO - [2025-02-01T11:54:29.772+0000] {dagbag.py:588} INFO - Filling up the DagBag from /opt/airflow/dags/etl_movies_csv.py
[2025-02-01T11:54:30.629+0000] {processor.py:925} INFO - DAG(s) 'etl_movies_csv' retrieved from /opt/airflow/dags/etl_movies_csv.py
[2025-02-01T11:54:30.676+0000] {logging_mixin.py:190} INFO - [2025-02-01T11:54:30.675+0000] {dag.py:3239} INFO - Sync 1 DAGs
[2025-02-01T11:54:30.706+0000] {logging_mixin.py:190} INFO - [2025-02-01T11:54:30.705+0000] {dag.py:4180} INFO - Setting next_dagrun for etl_movies_csv to 2025-02-01 00:00:00+00:00, run_after=2025-02-02 00:00:00+00:00
[2025-02-01T11:54:30.752+0000] {processor.py:208} INFO - Processing /opt/airflow/dags/etl_movies_csv.py took 1.060 seconds
[2025-02-01T11:57:32.762+0000] {processor.py:186} INFO - Started process (PID=6611) to work on /opt/airflow/dags/etl_movies_csv.py
[2025-02-01T11:57:32.767+0000] {processor.py:914} INFO - Processing file /opt/airflow/dags/etl_movies_csv.py for tasks to queue
[2025-02-01T11:57:32.772+0000] {logging_mixin.py:190} INFO - [2025-02-01T11:57:32.770+0000] {dagbag.py:588} INFO - Filling up the DagBag from /opt/airflow/dags/etl_movies_csv.py
[2025-02-01T11:57:33.259+0000] {processor.py:925} INFO - DAG(s) 'etl_movies_csv' retrieved from /opt/airflow/dags/etl_movies_csv.py
[2025-02-01T11:57:33.288+0000] {logging_mixin.py:190} INFO - [2025-02-01T11:57:33.287+0000] {dag.py:3239} INFO - Sync 1 DAGs
[2025-02-01T11:57:33.307+0000] {logging_mixin.py:190} INFO - [2025-02-01T11:57:33.307+0000] {dag.py:4180} INFO - Setting next_dagrun for etl_movies_csv to 2025-02-01 00:00:00+00:00, run_after=2025-02-02 00:00:00+00:00
[2025-02-01T11:57:33.334+0000] {processor.py:208} INFO - Processing /opt/airflow/dags/etl_movies_csv.py took 0.605 seconds
[2025-02-01T12:29:47.969+0000] {processor.py:186} INFO - Started process (PID=6614) to work on /opt/airflow/dags/etl_movies_csv.py
[2025-02-01T12:29:47.971+0000] {processor.py:914} INFO - Processing file /opt/airflow/dags/etl_movies_csv.py for tasks to queue
[2025-02-01T12:29:47.972+0000] {logging_mixin.py:190} INFO - [2025-02-01T12:29:47.972+0000] {dagbag.py:588} INFO - Filling up the DagBag from /opt/airflow/dags/etl_movies_csv.py
[2025-02-01T12:29:48.363+0000] {processor.py:925} INFO - DAG(s) 'etl_movies_csv' retrieved from /opt/airflow/dags/etl_movies_csv.py
[2025-02-01T12:29:48.387+0000] {logging_mixin.py:190} INFO - [2025-02-01T12:29:48.387+0000] {dag.py:3239} INFO - Sync 1 DAGs
[2025-02-01T12:29:48.404+0000] {logging_mixin.py:190} INFO - [2025-02-01T12:29:48.403+0000] {dag.py:4180} INFO - Setting next_dagrun for etl_movies_csv to 2025-02-01 00:00:00+00:00, run_after=2025-02-02 00:00:00+00:00
[2025-02-01T12:29:48.421+0000] {processor.py:208} INFO - Processing /opt/airflow/dags/etl_movies_csv.py took 0.465 seconds
[2025-02-01T12:56:27.108+0000] {processor.py:186} INFO - Started process (PID=6617) to work on /opt/airflow/dags/etl_movies_csv.py
[2025-02-01T12:56:27.110+0000] {processor.py:914} INFO - Processing file /opt/airflow/dags/etl_movies_csv.py for tasks to queue
[2025-02-01T12:56:27.111+0000] {logging_mixin.py:190} INFO - [2025-02-01T12:56:27.111+0000] {dagbag.py:588} INFO - Filling up the DagBag from /opt/airflow/dags/etl_movies_csv.py
[2025-02-01T12:56:27.478+0000] {processor.py:925} INFO - DAG(s) 'etl_movies_csv' retrieved from /opt/airflow/dags/etl_movies_csv.py
[2025-02-01T12:56:27.499+0000] {logging_mixin.py:190} INFO - [2025-02-01T12:56:27.499+0000] {dag.py:3239} INFO - Sync 1 DAGs
[2025-02-01T12:56:27.516+0000] {logging_mixin.py:190} INFO - [2025-02-01T12:56:27.515+0000] {dag.py:4180} INFO - Setting next_dagrun for etl_movies_csv to 2025-02-01 00:00:00+00:00, run_after=2025-02-02 00:00:00+00:00
[2025-02-01T12:56:27.531+0000] {processor.py:208} INFO - Processing /opt/airflow/dags/etl_movies_csv.py took 0.432 seconds
[2025-02-01T12:57:00.794+0000] {processor.py:186} INFO - Started process (PID=6620) to work on /opt/airflow/dags/etl_movies_csv.py
[2025-02-01T12:57:00.813+0000] {processor.py:914} INFO - Processing file /opt/airflow/dags/etl_movies_csv.py for tasks to queue
[2025-02-01T12:57:00.827+0000] {logging_mixin.py:190} INFO - [2025-02-01T12:57:00.821+0000] {dagbag.py:588} INFO - Filling up the DagBag from /opt/airflow/dags/etl_movies_csv.py
[2025-02-01T12:57:04.925+0000] {processor.py:925} INFO - DAG(s) 'etl_movies_csv' retrieved from /opt/airflow/dags/etl_movies_csv.py
[2025-02-01T12:57:05.047+0000] {logging_mixin.py:190} INFO - [2025-02-01T12:57:05.045+0000] {dag.py:3239} INFO - Sync 1 DAGs
[2025-02-01T12:57:05.105+0000] {logging_mixin.py:190} INFO - [2025-02-01T12:57:05.105+0000] {dag.py:4180} INFO - Setting next_dagrun for etl_movies_csv to 2025-02-01 00:00:00+00:00, run_after=2025-02-02 00:00:00+00:00
[2025-02-01T12:57:05.149+0000] {processor.py:208} INFO - Processing /opt/airflow/dags/etl_movies_csv.py took 4.601 seconds
[2025-02-01T13:00:10.498+0000] {processor.py:186} INFO - Started process (PID=6623) to work on /opt/airflow/dags/etl_movies_csv.py
[2025-02-01T13:00:10.502+0000] {processor.py:914} INFO - Processing file /opt/airflow/dags/etl_movies_csv.py for tasks to queue
[2025-02-01T13:00:10.512+0000] {logging_mixin.py:190} INFO - [2025-02-01T13:00:10.508+0000] {dagbag.py:588} INFO - Filling up the DagBag from /opt/airflow/dags/etl_movies_csv.py
[2025-02-01T13:00:11.112+0000] {processor.py:925} INFO - DAG(s) 'etl_movies_csv' retrieved from /opt/airflow/dags/etl_movies_csv.py
[2025-02-01T13:00:11.145+0000] {logging_mixin.py:190} INFO - [2025-02-01T13:00:11.145+0000] {dag.py:3239} INFO - Sync 1 DAGs
[2025-02-01T13:00:11.167+0000] {logging_mixin.py:190} INFO - [2025-02-01T13:00:11.167+0000] {dag.py:4180} INFO - Setting next_dagrun for etl_movies_csv to 2025-02-01 00:00:00+00:00, run_after=2025-02-02 00:00:00+00:00
[2025-02-01T13:00:11.201+0000] {processor.py:208} INFO - Processing /opt/airflow/dags/etl_movies_csv.py took 0.721 seconds
[2025-02-01T14:40:33.688+0000] {processor.py:186} INFO - Started process (PID=6626) to work on /opt/airflow/dags/etl_movies_csv.py
[2025-02-01T14:40:33.690+0000] {processor.py:914} INFO - Processing file /opt/airflow/dags/etl_movies_csv.py for tasks to queue
[2025-02-01T14:40:33.691+0000] {logging_mixin.py:190} INFO - [2025-02-01T14:40:33.691+0000] {dagbag.py:588} INFO - Filling up the DagBag from /opt/airflow/dags/etl_movies_csv.py
[2025-02-01T14:40:34.126+0000] {processor.py:925} INFO - DAG(s) 'etl_movies_csv' retrieved from /opt/airflow/dags/etl_movies_csv.py
[2025-02-01T14:40:34.155+0000] {logging_mixin.py:190} INFO - [2025-02-01T14:40:34.155+0000] {dag.py:3239} INFO - Sync 1 DAGs
[2025-02-01T14:40:34.169+0000] {logging_mixin.py:190} INFO - [2025-02-01T14:40:34.169+0000] {dag.py:4180} INFO - Setting next_dagrun for etl_movies_csv to 2025-02-01 00:00:00+00:00, run_after=2025-02-02 00:00:00+00:00
[2025-02-01T14:40:34.206+0000] {processor.py:208} INFO - Processing /opt/airflow/dags/etl_movies_csv.py took 0.529 seconds
[2025-02-01T14:58:16.220+0000] {processor.py:186} INFO - Started process (PID=6629) to work on /opt/airflow/dags/etl_movies_csv.py
[2025-02-01T14:58:16.224+0000] {processor.py:914} INFO - Processing file /opt/airflow/dags/etl_movies_csv.py for tasks to queue
[2025-02-01T14:58:16.228+0000] {logging_mixin.py:190} INFO - [2025-02-01T14:58:16.228+0000] {dagbag.py:588} INFO - Filling up the DagBag from /opt/airflow/dags/etl_movies_csv.py
[2025-02-01T14:58:16.810+0000] {processor.py:925} INFO - DAG(s) 'etl_movies_csv' retrieved from /opt/airflow/dags/etl_movies_csv.py
[2025-02-01T14:58:16.867+0000] {logging_mixin.py:190} INFO - [2025-02-01T14:58:16.867+0000] {dag.py:3239} INFO - Sync 1 DAGs
[2025-02-01T14:58:16.921+0000] {logging_mixin.py:190} INFO - [2025-02-01T14:58:16.921+0000] {dag.py:4180} INFO - Setting next_dagrun for etl_movies_csv to 2025-02-01 00:00:00+00:00, run_after=2025-02-02 00:00:00+00:00
[2025-02-01T14:58:16.962+0000] {processor.py:208} INFO - Processing /opt/airflow/dags/etl_movies_csv.py took 0.769 seconds
[2025-02-01T15:28:30.316+0000] {processor.py:186} INFO - Started process (PID=6632) to work on /opt/airflow/dags/etl_movies_csv.py
[2025-02-01T15:28:30.318+0000] {processor.py:914} INFO - Processing file /opt/airflow/dags/etl_movies_csv.py for tasks to queue
[2025-02-01T15:28:30.319+0000] {logging_mixin.py:190} INFO - [2025-02-01T15:28:30.319+0000] {dagbag.py:588} INFO - Filling up the DagBag from /opt/airflow/dags/etl_movies_csv.py
[2025-02-01T15:28:30.829+0000] {processor.py:925} INFO - DAG(s) 'etl_movies_csv' retrieved from /opt/airflow/dags/etl_movies_csv.py
[2025-02-01T15:28:30.871+0000] {logging_mixin.py:190} INFO - [2025-02-01T15:28:30.870+0000] {dag.py:3239} INFO - Sync 1 DAGs
[2025-02-01T15:28:30.891+0000] {logging_mixin.py:190} INFO - [2025-02-01T15:28:30.891+0000] {dag.py:4180} INFO - Setting next_dagrun for etl_movies_csv to 2025-02-01 00:00:00+00:00, run_after=2025-02-02 00:00:00+00:00
[2025-02-01T15:28:30.911+0000] {processor.py:208} INFO - Processing /opt/airflow/dags/etl_movies_csv.py took 0.602 seconds
[2025-02-01T15:34:33.901+0000] {processor.py:186} INFO - Started process (PID=6635) to work on /opt/airflow/dags/etl_movies_csv.py
[2025-02-01T15:34:33.903+0000] {processor.py:914} INFO - Processing file /opt/airflow/dags/etl_movies_csv.py for tasks to queue
[2025-02-01T15:34:33.904+0000] {logging_mixin.py:190} INFO - [2025-02-01T15:34:33.904+0000] {dagbag.py:588} INFO - Filling up the DagBag from /opt/airflow/dags/etl_movies_csv.py
[2025-02-01T15:34:34.250+0000] {processor.py:925} INFO - DAG(s) 'etl_movies_csv' retrieved from /opt/airflow/dags/etl_movies_csv.py
[2025-02-01T15:34:34.282+0000] {logging_mixin.py:190} INFO - [2025-02-01T15:34:34.281+0000] {dag.py:3239} INFO - Sync 1 DAGs
[2025-02-01T15:34:34.296+0000] {logging_mixin.py:190} INFO - [2025-02-01T15:34:34.296+0000] {dag.py:4180} INFO - Setting next_dagrun for etl_movies_csv to 2025-02-01 00:00:00+00:00, run_after=2025-02-02 00:00:00+00:00
[2025-02-01T15:34:34.333+0000] {processor.py:208} INFO - Processing /opt/airflow/dags/etl_movies_csv.py took 0.442 seconds
[2025-02-01T15:35:14.023+0000] {processor.py:186} INFO - Started process (PID=6638) to work on /opt/airflow/dags/etl_movies_csv.py
[2025-02-01T15:35:14.024+0000] {processor.py:914} INFO - Processing file /opt/airflow/dags/etl_movies_csv.py for tasks to queue
[2025-02-01T15:35:14.024+0000] {logging_mixin.py:190} INFO - [2025-02-01T15:35:14.024+0000] {dagbag.py:588} INFO - Filling up the DagBag from /opt/airflow/dags/etl_movies_csv.py
[2025-02-01T15:35:14.208+0000] {processor.py:925} INFO - DAG(s) 'etl_movies_csv' retrieved from /opt/airflow/dags/etl_movies_csv.py
[2025-02-01T15:35:14.218+0000] {logging_mixin.py:190} INFO - [2025-02-01T15:35:14.218+0000] {dag.py:3239} INFO - Sync 1 DAGs
[2025-02-01T15:35:14.226+0000] {logging_mixin.py:190} INFO - [2025-02-01T15:35:14.226+0000] {dag.py:4180} INFO - Setting next_dagrun for etl_movies_csv to 2025-02-01 00:00:00+00:00, run_after=2025-02-02 00:00:00+00:00
[2025-02-01T15:35:14.235+0000] {processor.py:208} INFO - Processing /opt/airflow/dags/etl_movies_csv.py took 0.228 seconds
[2025-02-01T15:35:46.028+0000] {processor.py:186} INFO - Started process (PID=6641) to work on /opt/airflow/dags/etl_movies_csv.py
[2025-02-01T15:35:46.030+0000] {processor.py:914} INFO - Processing file /opt/airflow/dags/etl_movies_csv.py for tasks to queue
[2025-02-01T15:35:46.031+0000] {logging_mixin.py:190} INFO - [2025-02-01T15:35:46.031+0000] {dagbag.py:588} INFO - Filling up the DagBag from /opt/airflow/dags/etl_movies_csv.py
[2025-02-01T15:35:46.399+0000] {processor.py:925} INFO - DAG(s) 'etl_movies_csv' retrieved from /opt/airflow/dags/etl_movies_csv.py
[2025-02-01T15:35:46.430+0000] {logging_mixin.py:190} INFO - [2025-02-01T15:35:46.430+0000] {dag.py:3239} INFO - Sync 1 DAGs
[2025-02-01T15:35:46.452+0000] {logging_mixin.py:190} INFO - [2025-02-01T15:35:46.452+0000] {dag.py:4180} INFO - Setting next_dagrun for etl_movies_csv to 2025-02-01 00:00:00+00:00, run_after=2025-02-02 00:00:00+00:00
[2025-02-01T15:35:46.469+0000] {processor.py:208} INFO - Processing /opt/airflow/dags/etl_movies_csv.py took 0.452 seconds
[2025-02-01T16:30:23.858+0000] {processor.py:186} INFO - Started process (PID=6644) to work on /opt/airflow/dags/etl_movies_csv.py
[2025-02-01T16:30:23.861+0000] {processor.py:914} INFO - Processing file /opt/airflow/dags/etl_movies_csv.py for tasks to queue
[2025-02-01T16:30:23.863+0000] {logging_mixin.py:190} INFO - [2025-02-01T16:30:23.862+0000] {dagbag.py:588} INFO - Filling up the DagBag from /opt/airflow/dags/etl_movies_csv.py
[2025-02-01T16:30:24.342+0000] {processor.py:925} INFO - DAG(s) 'etl_movies_csv' retrieved from /opt/airflow/dags/etl_movies_csv.py
[2025-02-01T16:30:24.374+0000] {logging_mixin.py:190} INFO - [2025-02-01T16:30:24.373+0000] {dag.py:3239} INFO - Sync 1 DAGs
[2025-02-01T16:30:24.395+0000] {logging_mixin.py:190} INFO - [2025-02-01T16:30:24.395+0000] {dag.py:4180} INFO - Setting next_dagrun for etl_movies_csv to 2025-02-01 00:00:00+00:00, run_after=2025-02-02 00:00:00+00:00
[2025-02-01T16:30:24.408+0000] {processor.py:208} INFO - Processing /opt/airflow/dags/etl_movies_csv.py took 0.563 seconds
[2025-02-01T16:47:22.589+0000] {processor.py:186} INFO - Started process (PID=6647) to work on /opt/airflow/dags/etl_movies_csv.py
[2025-02-01T16:47:22.591+0000] {processor.py:914} INFO - Processing file /opt/airflow/dags/etl_movies_csv.py for tasks to queue
[2025-02-01T16:47:22.598+0000] {logging_mixin.py:190} INFO - [2025-02-01T16:47:22.596+0000] {dagbag.py:588} INFO - Filling up the DagBag from /opt/airflow/dags/etl_movies_csv.py
[2025-02-01T16:47:22.982+0000] {processor.py:925} INFO - DAG(s) 'etl_movies_csv' retrieved from /opt/airflow/dags/etl_movies_csv.py
[2025-02-01T16:47:23.002+0000] {logging_mixin.py:190} INFO - [2025-02-01T16:47:23.002+0000] {dag.py:3239} INFO - Sync 1 DAGs
[2025-02-01T16:47:23.018+0000] {logging_mixin.py:190} INFO - [2025-02-01T16:47:23.018+0000] {dag.py:4180} INFO - Setting next_dagrun for etl_movies_csv to 2025-02-01 00:00:00+00:00, run_after=2025-02-02 00:00:00+00:00
[2025-02-01T16:47:23.057+0000] {processor.py:208} INFO - Processing /opt/airflow/dags/etl_movies_csv.py took 0.489 seconds
[2025-02-01T17:03:36.966+0000] {processor.py:186} INFO - Started process (PID=6650) to work on /opt/airflow/dags/etl_movies_csv.py
[2025-02-01T17:03:36.969+0000] {processor.py:914} INFO - Processing file /opt/airflow/dags/etl_movies_csv.py for tasks to queue
[2025-02-01T17:03:36.971+0000] {logging_mixin.py:190} INFO - [2025-02-01T17:03:36.970+0000] {dagbag.py:588} INFO - Filling up the DagBag from /opt/airflow/dags/etl_movies_csv.py
[2025-02-01T17:03:37.297+0000] {processor.py:925} INFO - DAG(s) 'etl_movies_csv' retrieved from /opt/airflow/dags/etl_movies_csv.py
[2025-02-01T17:03:37.320+0000] {logging_mixin.py:190} INFO - [2025-02-01T17:03:37.320+0000] {dag.py:3239} INFO - Sync 1 DAGs
[2025-02-01T17:03:37.355+0000] {logging_mixin.py:190} INFO - [2025-02-01T17:03:37.355+0000] {dag.py:4180} INFO - Setting next_dagrun for etl_movies_csv to 2025-02-01 00:00:00+00:00, run_after=2025-02-02 00:00:00+00:00
[2025-02-01T17:03:37.437+0000] {processor.py:208} INFO - Processing /opt/airflow/dags/etl_movies_csv.py took 0.481 seconds
[2025-02-01T17:19:52.388+0000] {processor.py:186} INFO - Started process (PID=6653) to work on /opt/airflow/dags/etl_movies_csv.py
[2025-02-01T17:19:52.394+0000] {processor.py:914} INFO - Processing file /opt/airflow/dags/etl_movies_csv.py for tasks to queue
[2025-02-01T17:19:52.404+0000] {logging_mixin.py:190} INFO - [2025-02-01T17:19:52.396+0000] {dagbag.py:588} INFO - Filling up the DagBag from /opt/airflow/dags/etl_movies_csv.py
[2025-02-01T17:19:52.922+0000] {processor.py:925} INFO - DAG(s) 'etl_movies_csv' retrieved from /opt/airflow/dags/etl_movies_csv.py
[2025-02-01T17:19:52.972+0000] {logging_mixin.py:190} INFO - [2025-02-01T17:19:52.971+0000] {dag.py:3239} INFO - Sync 1 DAGs
[2025-02-01T17:19:53.000+0000] {logging_mixin.py:190} INFO - [2025-02-01T17:19:53.000+0000] {dag.py:4180} INFO - Setting next_dagrun for etl_movies_csv to 2025-02-01 00:00:00+00:00, run_after=2025-02-02 00:00:00+00:00
[2025-02-01T17:19:53.017+0000] {processor.py:208} INFO - Processing /opt/airflow/dags/etl_movies_csv.py took 0.656 seconds
[2025-02-01T18:09:33.478+0000] {processor.py:186} INFO - Started process (PID=6656) to work on /opt/airflow/dags/etl_movies_csv.py
[2025-02-01T18:09:33.482+0000] {processor.py:914} INFO - Processing file /opt/airflow/dags/etl_movies_csv.py for tasks to queue
[2025-02-01T18:09:33.486+0000] {logging_mixin.py:190} INFO - [2025-02-01T18:09:33.483+0000] {dagbag.py:588} INFO - Filling up the DagBag from /opt/airflow/dags/etl_movies_csv.py
[2025-02-01T18:09:34.930+0000] {processor.py:925} INFO - DAG(s) 'etl_movies_csv' retrieved from /opt/airflow/dags/etl_movies_csv.py
[2025-02-01T18:09:35.111+0000] {logging_mixin.py:190} INFO - [2025-02-01T18:09:35.110+0000] {dag.py:3239} INFO - Sync 1 DAGs
[2025-02-01T18:09:35.147+0000] {logging_mixin.py:190} INFO - [2025-02-01T18:09:35.147+0000] {dag.py:4180} INFO - Setting next_dagrun for etl_movies_csv to 2025-02-01 00:00:00+00:00, run_after=2025-02-02 00:00:00+00:00
[2025-02-01T18:09:35.175+0000] {processor.py:208} INFO - Processing /opt/airflow/dags/etl_movies_csv.py took 1.725 seconds
[2025-02-01T18:25:59.070+0000] {processor.py:186} INFO - Started process (PID=6659) to work on /opt/airflow/dags/etl_movies_csv.py
[2025-02-01T18:25:59.071+0000] {processor.py:914} INFO - Processing file /opt/airflow/dags/etl_movies_csv.py for tasks to queue
[2025-02-01T18:25:59.073+0000] {logging_mixin.py:190} INFO - [2025-02-01T18:25:59.072+0000] {dagbag.py:588} INFO - Filling up the DagBag from /opt/airflow/dags/etl_movies_csv.py
[2025-02-01T18:25:59.455+0000] {processor.py:925} INFO - DAG(s) 'etl_movies_csv' retrieved from /opt/airflow/dags/etl_movies_csv.py
[2025-02-01T18:25:59.506+0000] {logging_mixin.py:190} INFO - [2025-02-01T18:25:59.505+0000] {dag.py:3239} INFO - Sync 1 DAGs
[2025-02-01T18:25:59.525+0000] {logging_mixin.py:190} INFO - [2025-02-01T18:25:59.525+0000] {dag.py:4180} INFO - Setting next_dagrun for etl_movies_csv to 2025-02-01 00:00:00+00:00, run_after=2025-02-02 00:00:00+00:00
[2025-02-01T18:25:59.556+0000] {processor.py:208} INFO - Processing /opt/airflow/dags/etl_movies_csv.py took 0.495 seconds
[2025-02-01T18:44:19.936+0000] {processor.py:186} INFO - Started process (PID=6662) to work on /opt/airflow/dags/etl_movies_csv.py
[2025-02-01T18:44:19.938+0000] {processor.py:914} INFO - Processing file /opt/airflow/dags/etl_movies_csv.py for tasks to queue
[2025-02-01T18:44:19.940+0000] {logging_mixin.py:190} INFO - [2025-02-01T18:44:19.939+0000] {dagbag.py:588} INFO - Filling up the DagBag from /opt/airflow/dags/etl_movies_csv.py
[2025-02-01T18:44:20.289+0000] {processor.py:925} INFO - DAG(s) 'etl_movies_csv' retrieved from /opt/airflow/dags/etl_movies_csv.py
[2025-02-01T18:44:20.324+0000] {logging_mixin.py:190} INFO - [2025-02-01T18:44:20.323+0000] {dag.py:3239} INFO - Sync 1 DAGs
[2025-02-01T18:44:20.356+0000] {logging_mixin.py:190} INFO - [2025-02-01T18:44:20.356+0000] {dag.py:4180} INFO - Setting next_dagrun for etl_movies_csv to 2025-02-01 00:00:00+00:00, run_after=2025-02-02 00:00:00+00:00
[2025-02-01T18:44:20.385+0000] {processor.py:208} INFO - Processing /opt/airflow/dags/etl_movies_csv.py took 0.539 seconds
[2025-02-01T18:44:51.729+0000] {processor.py:186} INFO - Started process (PID=6665) to work on /opt/airflow/dags/etl_movies_csv.py
[2025-02-01T18:44:51.730+0000] {processor.py:914} INFO - Processing file /opt/airflow/dags/etl_movies_csv.py for tasks to queue
[2025-02-01T18:44:51.732+0000] {logging_mixin.py:190} INFO - [2025-02-01T18:44:51.731+0000] {dagbag.py:588} INFO - Filling up the DagBag from /opt/airflow/dags/etl_movies_csv.py
[2025-02-01T18:44:51.938+0000] {processor.py:925} INFO - DAG(s) 'etl_movies_csv' retrieved from /opt/airflow/dags/etl_movies_csv.py
[2025-02-01T18:44:51.954+0000] {logging_mixin.py:190} INFO - [2025-02-01T18:44:51.954+0000] {dag.py:3239} INFO - Sync 1 DAGs
[2025-02-01T18:44:51.963+0000] {logging_mixin.py:190} INFO - [2025-02-01T18:44:51.963+0000] {dag.py:4180} INFO - Setting next_dagrun for etl_movies_csv to 2025-02-01 00:00:00+00:00, run_after=2025-02-02 00:00:00+00:00
[2025-02-01T18:44:51.977+0000] {processor.py:208} INFO - Processing /opt/airflow/dags/etl_movies_csv.py took 0.255 seconds
[2025-02-01T19:01:24.527+0000] {processor.py:186} INFO - Started process (PID=6668) to work on /opt/airflow/dags/etl_movies_csv.py
[2025-02-01T19:01:24.528+0000] {processor.py:914} INFO - Processing file /opt/airflow/dags/etl_movies_csv.py for tasks to queue
[2025-02-01T19:01:24.530+0000] {logging_mixin.py:190} INFO - [2025-02-01T19:01:24.529+0000] {dagbag.py:588} INFO - Filling up the DagBag from /opt/airflow/dags/etl_movies_csv.py
[2025-02-01T19:01:24.893+0000] {processor.py:925} INFO - DAG(s) 'etl_movies_csv' retrieved from /opt/airflow/dags/etl_movies_csv.py
[2025-02-01T19:01:24.927+0000] {logging_mixin.py:190} INFO - [2025-02-01T19:01:24.926+0000] {dag.py:3239} INFO - Sync 1 DAGs
[2025-02-01T19:01:24.948+0000] {logging_mixin.py:190} INFO - [2025-02-01T19:01:24.948+0000] {dag.py:4180} INFO - Setting next_dagrun for etl_movies_csv to 2025-02-01 00:00:00+00:00, run_after=2025-02-02 00:00:00+00:00
[2025-02-01T19:01:24.963+0000] {processor.py:208} INFO - Processing /opt/airflow/dags/etl_movies_csv.py took 0.449 seconds
[2025-02-01T19:48:07.211+0000] {processor.py:186} INFO - Started process (PID=6671) to work on /opt/airflow/dags/etl_movies_csv.py
[2025-02-01T19:48:07.213+0000] {processor.py:914} INFO - Processing file /opt/airflow/dags/etl_movies_csv.py for tasks to queue
[2025-02-01T19:48:07.215+0000] {logging_mixin.py:190} INFO - [2025-02-01T19:48:07.214+0000] {dagbag.py:588} INFO - Filling up the DagBag from /opt/airflow/dags/etl_movies_csv.py
[2025-02-01T19:48:07.724+0000] {processor.py:925} INFO - DAG(s) 'etl_movies_csv' retrieved from /opt/airflow/dags/etl_movies_csv.py
[2025-02-01T19:48:07.748+0000] {logging_mixin.py:190} INFO - [2025-02-01T19:48:07.748+0000] {dag.py:3239} INFO - Sync 1 DAGs
[2025-02-01T19:48:07.820+0000] {logging_mixin.py:190} INFO - [2025-02-01T19:48:07.819+0000] {dag.py:4180} INFO - Setting next_dagrun for etl_movies_csv to 2025-02-01 00:00:00+00:00, run_after=2025-02-02 00:00:00+00:00
[2025-02-01T19:48:07.871+0000] {processor.py:208} INFO - Processing /opt/airflow/dags/etl_movies_csv.py took 0.674 seconds
[2025-02-01T20:04:30.018+0000] {processor.py:186} INFO - Started process (PID=6674) to work on /opt/airflow/dags/etl_movies_csv.py
[2025-02-01T20:04:30.020+0000] {processor.py:914} INFO - Processing file /opt/airflow/dags/etl_movies_csv.py for tasks to queue
[2025-02-01T20:04:30.022+0000] {logging_mixin.py:190} INFO - [2025-02-01T20:04:30.021+0000] {dagbag.py:588} INFO - Filling up the DagBag from /opt/airflow/dags/etl_movies_csv.py
[2025-02-01T20:04:30.441+0000] {processor.py:925} INFO - DAG(s) 'etl_movies_csv' retrieved from /opt/airflow/dags/etl_movies_csv.py
[2025-02-01T20:04:30.463+0000] {logging_mixin.py:190} INFO - [2025-02-01T20:04:30.462+0000] {dag.py:3239} INFO - Sync 1 DAGs
[2025-02-01T20:04:30.475+0000] {logging_mixin.py:190} INFO - [2025-02-01T20:04:30.475+0000] {dag.py:4180} INFO - Setting next_dagrun for etl_movies_csv to 2025-02-01 00:00:00+00:00, run_after=2025-02-02 00:00:00+00:00
[2025-02-01T20:04:30.498+0000] {processor.py:208} INFO - Processing /opt/airflow/dags/etl_movies_csv.py took 0.492 seconds
[2025-02-01T20:55:48.006+0000] {processor.py:186} INFO - Started process (PID=6677) to work on /opt/airflow/dags/etl_movies_csv.py
[2025-02-01T20:55:48.009+0000] {processor.py:914} INFO - Processing file /opt/airflow/dags/etl_movies_csv.py for tasks to queue
[2025-02-01T20:55:48.011+0000] {logging_mixin.py:190} INFO - [2025-02-01T20:55:48.010+0000] {dagbag.py:588} INFO - Filling up the DagBag from /opt/airflow/dags/etl_movies_csv.py
[2025-02-01T20:55:48.426+0000] {processor.py:925} INFO - DAG(s) 'etl_movies_csv' retrieved from /opt/airflow/dags/etl_movies_csv.py
[2025-02-01T20:55:48.451+0000] {logging_mixin.py:190} INFO - [2025-02-01T20:55:48.451+0000] {dag.py:3239} INFO - Sync 1 DAGs
[2025-02-01T20:55:48.469+0000] {logging_mixin.py:190} INFO - [2025-02-01T20:55:48.469+0000] {dag.py:4180} INFO - Setting next_dagrun for etl_movies_csv to 2025-02-01 00:00:00+00:00, run_after=2025-02-02 00:00:00+00:00
[2025-02-01T20:55:48.485+0000] {processor.py:208} INFO - Processing /opt/airflow/dags/etl_movies_csv.py took 0.495 seconds
[2025-02-01T21:29:21.047+0000] {processor.py:186} INFO - Started process (PID=6680) to work on /opt/airflow/dags/etl_movies_csv.py
[2025-02-01T21:29:21.049+0000] {processor.py:914} INFO - Processing file /opt/airflow/dags/etl_movies_csv.py for tasks to queue
[2025-02-01T21:29:21.051+0000] {logging_mixin.py:190} INFO - [2025-02-01T21:29:21.050+0000] {dagbag.py:588} INFO - Filling up the DagBag from /opt/airflow/dags/etl_movies_csv.py
[2025-02-01T21:29:21.586+0000] {processor.py:925} INFO - DAG(s) 'etl_movies_csv' retrieved from /opt/airflow/dags/etl_movies_csv.py
[2025-02-01T21:29:21.617+0000] {logging_mixin.py:190} INFO - [2025-02-01T21:29:21.616+0000] {dag.py:3239} INFO - Sync 1 DAGs
[2025-02-01T21:29:21.638+0000] {logging_mixin.py:190} INFO - [2025-02-01T21:29:21.638+0000] {dag.py:4180} INFO - Setting next_dagrun for etl_movies_csv to 2025-02-01 00:00:00+00:00, run_after=2025-02-02 00:00:00+00:00
[2025-02-01T21:29:21.657+0000] {processor.py:208} INFO - Processing /opt/airflow/dags/etl_movies_csv.py took 0.627 seconds
[2025-02-01T22:06:54.773+0000] {processor.py:186} INFO - Started process (PID=6683) to work on /opt/airflow/dags/etl_movies_csv.py
[2025-02-01T22:06:54.774+0000] {processor.py:914} INFO - Processing file /opt/airflow/dags/etl_movies_csv.py for tasks to queue
[2025-02-01T22:06:54.778+0000] {logging_mixin.py:190} INFO - [2025-02-01T22:06:54.776+0000] {dagbag.py:588} INFO - Filling up the DagBag from /opt/airflow/dags/etl_movies_csv.py
[2025-02-01T22:06:55.145+0000] {processor.py:925} INFO - DAG(s) 'etl_movies_csv' retrieved from /opt/airflow/dags/etl_movies_csv.py
[2025-02-01T22:06:55.181+0000] {logging_mixin.py:190} INFO - [2025-02-01T22:06:55.181+0000] {dag.py:3239} INFO - Sync 1 DAGs
[2025-02-01T22:06:55.195+0000] {logging_mixin.py:190} INFO - [2025-02-01T22:06:55.195+0000] {dag.py:4180} INFO - Setting next_dagrun for etl_movies_csv to 2025-02-01 00:00:00+00:00, run_after=2025-02-02 00:00:00+00:00
[2025-02-01T22:06:55.207+0000] {processor.py:208} INFO - Processing /opt/airflow/dags/etl_movies_csv.py took 0.467 seconds
[2025-02-01T22:38:54.938+0000] {processor.py:186} INFO - Started process (PID=6686) to work on /opt/airflow/dags/etl_movies_csv.py
[2025-02-01T22:38:54.944+0000] {processor.py:914} INFO - Processing file /opt/airflow/dags/etl_movies_csv.py for tasks to queue
[2025-02-01T22:38:54.947+0000] {logging_mixin.py:190} INFO - [2025-02-01T22:38:54.946+0000] {dagbag.py:588} INFO - Filling up the DagBag from /opt/airflow/dags/etl_movies_csv.py
[2025-02-01T22:38:55.458+0000] {processor.py:925} INFO - DAG(s) 'etl_movies_csv' retrieved from /opt/airflow/dags/etl_movies_csv.py
[2025-02-01T22:38:55.512+0000] {logging_mixin.py:190} INFO - [2025-02-01T22:38:55.511+0000] {dag.py:3239} INFO - Sync 1 DAGs
[2025-02-01T22:38:55.532+0000] {logging_mixin.py:190} INFO - [2025-02-01T22:38:55.532+0000] {dag.py:4180} INFO - Setting next_dagrun for etl_movies_csv to 2025-02-01 00:00:00+00:00, run_after=2025-02-02 00:00:00+00:00
[2025-02-01T22:38:55.551+0000] {processor.py:208} INFO - Processing /opt/airflow/dags/etl_movies_csv.py took 0.626 seconds
[2025-02-01T23:23:43.853+0000] {processor.py:186} INFO - Started process (PID=6700) to work on /opt/airflow/dags/etl_movies_csv.py
[2025-02-01T23:23:43.857+0000] {processor.py:914} INFO - Processing file /opt/airflow/dags/etl_movies_csv.py for tasks to queue
[2025-02-01T23:23:43.864+0000] {logging_mixin.py:190} INFO - [2025-02-01T23:23:43.861+0000] {dagbag.py:588} INFO - Filling up the DagBag from /opt/airflow/dags/etl_movies_csv.py
[2025-02-01T23:23:44.390+0000] {processor.py:925} INFO - DAG(s) 'etl_movies_csv' retrieved from /opt/airflow/dags/etl_movies_csv.py
[2025-02-01T23:23:44.418+0000] {logging_mixin.py:190} INFO - [2025-02-01T23:23:44.417+0000] {dag.py:3239} INFO - Sync 1 DAGs
[2025-02-01T23:23:44.437+0000] {logging_mixin.py:190} INFO - [2025-02-01T23:23:44.437+0000] {dag.py:4180} INFO - Setting next_dagrun for etl_movies_csv to 2025-02-01 00:00:00+00:00, run_after=2025-02-02 00:00:00+00:00
[2025-02-01T23:23:44.452+0000] {processor.py:208} INFO - Processing /opt/airflow/dags/etl_movies_csv.py took 0.615 seconds
[2025-02-01T23:43:21.469+0000] {processor.py:186} INFO - Started process (PID=6725) to work on /opt/airflow/dags/etl_movies_csv.py
[2025-02-01T23:43:21.474+0000] {processor.py:914} INFO - Processing file /opt/airflow/dags/etl_movies_csv.py for tasks to queue
[2025-02-01T23:43:21.476+0000] {logging_mixin.py:190} INFO - [2025-02-01T23:43:21.475+0000] {dagbag.py:588} INFO - Filling up the DagBag from /opt/airflow/dags/etl_movies_csv.py
[2025-02-01T23:43:21.847+0000] {processor.py:925} INFO - DAG(s) 'etl_movies_csv' retrieved from /opt/airflow/dags/etl_movies_csv.py
[2025-02-01T23:43:21.870+0000] {logging_mixin.py:190} INFO - [2025-02-01T23:43:21.870+0000] {dag.py:3239} INFO - Sync 1 DAGs
[2025-02-01T23:43:21.887+0000] {logging_mixin.py:190} INFO - [2025-02-01T23:43:21.887+0000] {dag.py:4180} INFO - Setting next_dagrun for etl_movies_csv to 2025-02-01 00:00:00+00:00, run_after=2025-02-02 00:00:00+00:00
[2025-02-01T23:43:21.899+0000] {processor.py:208} INFO - Processing /opt/airflow/dags/etl_movies_csv.py took 0.439 seconds
[2025-02-01T23:51:06.849+0000] {processor.py:186} INFO - Started process (PID=6728) to work on /opt/airflow/dags/etl_movies_csv.py
[2025-02-01T23:51:06.850+0000] {processor.py:914} INFO - Processing file /opt/airflow/dags/etl_movies_csv.py for tasks to queue
[2025-02-01T23:51:06.852+0000] {logging_mixin.py:190} INFO - [2025-02-01T23:51:06.851+0000] {dagbag.py:588} INFO - Filling up the DagBag from /opt/airflow/dags/etl_movies_csv.py
[2025-02-01T23:51:07.083+0000] {processor.py:925} INFO - DAG(s) 'etl_movies_csv' retrieved from /opt/airflow/dags/etl_movies_csv.py
[2025-02-01T23:51:07.098+0000] {logging_mixin.py:190} INFO - [2025-02-01T23:51:07.097+0000] {dag.py:3239} INFO - Sync 1 DAGs
[2025-02-01T23:51:07.109+0000] {logging_mixin.py:190} INFO - [2025-02-01T23:51:07.108+0000] {dag.py:4180} INFO - Setting next_dagrun for etl_movies_csv to 2025-02-01 00:00:00+00:00, run_after=2025-02-02 00:00:00+00:00
[2025-02-01T23:51:07.120+0000] {processor.py:208} INFO - Processing /opt/airflow/dags/etl_movies_csv.py took 0.276 seconds
