[2025-02-01T00:06:38.477+0000] {processor.py:186} INFO - Started process (PID=6387) to work on /opt/airflow/dags/welcome_dag.py
[2025-02-01T00:06:38.479+0000] {processor.py:914} INFO - Processing file /opt/airflow/dags/welcome_dag.py for tasks to queue
[2025-02-01T00:06:38.493+0000] {logging_mixin.py:190} INFO - [2025-02-01T00:06:38.486+0000] {dagbag.py:588} INFO - Filling up the DagBag from /opt/airflow/dags/welcome_dag.py
[2025-02-01T00:06:39.108+0000] {processor.py:925} INFO - DAG(s) 'welcome_dag' retrieved from /opt/airflow/dags/welcome_dag.py
[2025-02-01T00:06:39.185+0000] {logging_mixin.py:190} INFO - [2025-02-01T00:06:39.185+0000] {dag.py:3239} INFO - Sync 1 DAGs
[2025-02-01T00:06:39.192+0000] {logging_mixin.py:190} INFO - [2025-02-01T00:06:39.192+0000] {dag.py:4180} INFO - Setting next_dagrun for welcome_dag to 2025-01-31 23:00:00+00:00, run_after=2025-02-01 23:00:00+00:00
[2025-02-01T00:06:39.202+0000] {processor.py:208} INFO - Processing /opt/airflow/dags/welcome_dag.py took 0.756 seconds
[2025-02-01T00:07:09.863+0000] {processor.py:186} INFO - Started process (PID=6390) to work on /opt/airflow/dags/welcome_dag.py
[2025-02-01T00:07:09.864+0000] {processor.py:914} INFO - Processing file /opt/airflow/dags/welcome_dag.py for tasks to queue
[2025-02-01T00:07:09.866+0000] {logging_mixin.py:190} INFO - [2025-02-01T00:07:09.865+0000] {dagbag.py:588} INFO - Filling up the DagBag from /opt/airflow/dags/welcome_dag.py
[2025-02-01T00:07:10.387+0000] {processor.py:925} INFO - DAG(s) 'welcome_dag' retrieved from /opt/airflow/dags/welcome_dag.py
[2025-02-01T00:07:10.400+0000] {logging_mixin.py:190} INFO - [2025-02-01T00:07:10.400+0000] {dag.py:3239} INFO - Sync 1 DAGs
[2025-02-01T00:07:10.410+0000] {logging_mixin.py:190} INFO - [2025-02-01T00:07:10.410+0000] {dag.py:4180} INFO - Setting next_dagrun for welcome_dag to 2025-01-31 23:00:00+00:00, run_after=2025-02-01 23:00:00+00:00
[2025-02-01T00:07:10.421+0000] {processor.py:208} INFO - Processing /opt/airflow/dags/welcome_dag.py took 0.568 seconds
[2025-02-01T00:07:40.733+0000] {processor.py:186} INFO - Started process (PID=6393) to work on /opt/airflow/dags/welcome_dag.py
[2025-02-01T00:07:40.734+0000] {processor.py:914} INFO - Processing file /opt/airflow/dags/welcome_dag.py for tasks to queue
[2025-02-01T00:07:40.736+0000] {logging_mixin.py:190} INFO - [2025-02-01T00:07:40.735+0000] {dagbag.py:588} INFO - Filling up the DagBag from /opt/airflow/dags/welcome_dag.py
[2025-02-01T00:07:41.244+0000] {processor.py:925} INFO - DAG(s) 'welcome_dag' retrieved from /opt/airflow/dags/welcome_dag.py
[2025-02-01T00:07:41.254+0000] {logging_mixin.py:190} INFO - [2025-02-01T00:07:41.254+0000] {dag.py:3239} INFO - Sync 1 DAGs
[2025-02-01T00:07:41.265+0000] {logging_mixin.py:190} INFO - [2025-02-01T00:07:41.265+0000] {dag.py:4180} INFO - Setting next_dagrun for welcome_dag to 2025-01-31 23:00:00+00:00, run_after=2025-02-01 23:00:00+00:00
[2025-02-01T00:07:41.275+0000] {processor.py:208} INFO - Processing /opt/airflow/dags/welcome_dag.py took 0.556 seconds
[2025-02-01T00:08:11.636+0000] {processor.py:186} INFO - Started process (PID=6396) to work on /opt/airflow/dags/welcome_dag.py
[2025-02-01T00:08:11.637+0000] {processor.py:914} INFO - Processing file /opt/airflow/dags/welcome_dag.py for tasks to queue
[2025-02-01T00:08:11.638+0000] {logging_mixin.py:190} INFO - [2025-02-01T00:08:11.637+0000] {dagbag.py:588} INFO - Filling up the DagBag from /opt/airflow/dags/welcome_dag.py
[2025-02-01T00:08:11.962+0000] {processor.py:925} INFO - DAG(s) 'welcome_dag' retrieved from /opt/airflow/dags/welcome_dag.py
[2025-02-01T00:08:11.973+0000] {logging_mixin.py:190} INFO - [2025-02-01T00:08:11.973+0000] {dag.py:3239} INFO - Sync 1 DAGs
[2025-02-01T00:08:11.982+0000] {logging_mixin.py:190} INFO - [2025-02-01T00:08:11.981+0000] {dag.py:4180} INFO - Setting next_dagrun for welcome_dag to 2025-01-31 23:00:00+00:00, run_after=2025-02-01 23:00:00+00:00
[2025-02-01T00:08:11.991+0000] {processor.py:208} INFO - Processing /opt/airflow/dags/welcome_dag.py took 0.363 seconds
[2025-02-01T00:08:42.498+0000] {processor.py:186} INFO - Started process (PID=6399) to work on /opt/airflow/dags/welcome_dag.py
[2025-02-01T00:08:42.500+0000] {processor.py:914} INFO - Processing file /opt/airflow/dags/welcome_dag.py for tasks to queue
[2025-02-01T00:08:42.501+0000] {logging_mixin.py:190} INFO - [2025-02-01T00:08:42.500+0000] {dagbag.py:588} INFO - Filling up the DagBag from /opt/airflow/dags/welcome_dag.py
[2025-02-01T00:08:42.752+0000] {processor.py:925} INFO - DAG(s) 'welcome_dag' retrieved from /opt/airflow/dags/welcome_dag.py
[2025-02-01T00:08:42.760+0000] {logging_mixin.py:190} INFO - [2025-02-01T00:08:42.760+0000] {dag.py:3239} INFO - Sync 1 DAGs
[2025-02-01T00:08:42.767+0000] {logging_mixin.py:190} INFO - [2025-02-01T00:08:42.767+0000] {dag.py:4180} INFO - Setting next_dagrun for welcome_dag to 2025-01-31 23:00:00+00:00, run_after=2025-02-01 23:00:00+00:00
[2025-02-01T00:08:42.775+0000] {processor.py:208} INFO - Processing /opt/airflow/dags/welcome_dag.py took 0.282 seconds
[2025-02-01T00:09:14.975+0000] {processor.py:186} INFO - Started process (PID=6402) to work on /opt/airflow/dags/welcome_dag.py
[2025-02-01T00:09:14.978+0000] {processor.py:914} INFO - Processing file /opt/airflow/dags/welcome_dag.py for tasks to queue
[2025-02-01T00:09:14.980+0000] {logging_mixin.py:190} INFO - [2025-02-01T00:09:14.980+0000] {dagbag.py:588} INFO - Filling up the DagBag from /opt/airflow/dags/welcome_dag.py
[2025-02-01T00:09:15.491+0000] {processor.py:925} INFO - DAG(s) 'welcome_dag' retrieved from /opt/airflow/dags/welcome_dag.py
[2025-02-01T00:09:15.503+0000] {logging_mixin.py:190} INFO - [2025-02-01T00:09:15.503+0000] {dag.py:3239} INFO - Sync 1 DAGs
[2025-02-01T00:09:15.511+0000] {logging_mixin.py:190} INFO - [2025-02-01T00:09:15.511+0000] {dag.py:4180} INFO - Setting next_dagrun for welcome_dag to 2025-01-31 23:00:00+00:00, run_after=2025-02-01 23:00:00+00:00
[2025-02-01T00:09:15.521+0000] {processor.py:208} INFO - Processing /opt/airflow/dags/welcome_dag.py took 0.562 seconds
[2025-02-01T00:09:45.812+0000] {processor.py:186} INFO - Started process (PID=6405) to work on /opt/airflow/dags/welcome_dag.py
[2025-02-01T00:09:45.814+0000] {processor.py:914} INFO - Processing file /opt/airflow/dags/welcome_dag.py for tasks to queue
[2025-02-01T00:09:45.815+0000] {logging_mixin.py:190} INFO - [2025-02-01T00:09:45.815+0000] {dagbag.py:588} INFO - Filling up the DagBag from /opt/airflow/dags/welcome_dag.py
[2025-02-01T00:09:46.087+0000] {processor.py:925} INFO - DAG(s) 'welcome_dag' retrieved from /opt/airflow/dags/welcome_dag.py
[2025-02-01T00:09:46.098+0000] {logging_mixin.py:190} INFO - [2025-02-01T00:09:46.098+0000] {dag.py:3239} INFO - Sync 1 DAGs
[2025-02-01T00:09:46.105+0000] {logging_mixin.py:190} INFO - [2025-02-01T00:09:46.105+0000] {dag.py:4180} INFO - Setting next_dagrun for welcome_dag to 2025-01-31 23:00:00+00:00, run_after=2025-02-01 23:00:00+00:00
[2025-02-01T00:09:46.114+0000] {processor.py:208} INFO - Processing /opt/airflow/dags/welcome_dag.py took 0.309 seconds
[2025-02-01T00:10:18.085+0000] {processor.py:186} INFO - Started process (PID=6408) to work on /opt/airflow/dags/welcome_dag.py
[2025-02-01T00:10:18.087+0000] {processor.py:914} INFO - Processing file /opt/airflow/dags/welcome_dag.py for tasks to queue
[2025-02-01T00:10:18.089+0000] {logging_mixin.py:190} INFO - [2025-02-01T00:10:18.088+0000] {dagbag.py:588} INFO - Filling up the DagBag from /opt/airflow/dags/welcome_dag.py
[2025-02-01T00:10:18.779+0000] {processor.py:925} INFO - DAG(s) 'welcome_dag' retrieved from /opt/airflow/dags/welcome_dag.py
[2025-02-01T00:10:18.800+0000] {logging_mixin.py:190} INFO - [2025-02-01T00:10:18.799+0000] {dag.py:3239} INFO - Sync 1 DAGs
[2025-02-01T00:10:18.811+0000] {logging_mixin.py:190} INFO - [2025-02-01T00:10:18.811+0000] {dag.py:4180} INFO - Setting next_dagrun for welcome_dag to 2025-01-31 23:00:00+00:00, run_after=2025-02-01 23:00:00+00:00
[2025-02-01T00:10:18.830+0000] {processor.py:208} INFO - Processing /opt/airflow/dags/welcome_dag.py took 0.759 seconds
[2025-02-01T00:10:49.803+0000] {processor.py:186} INFO - Started process (PID=6411) to work on /opt/airflow/dags/welcome_dag.py
[2025-02-01T00:10:49.805+0000] {processor.py:914} INFO - Processing file /opt/airflow/dags/welcome_dag.py for tasks to queue
[2025-02-01T00:10:49.807+0000] {logging_mixin.py:190} INFO - [2025-02-01T00:10:49.806+0000] {dagbag.py:588} INFO - Filling up the DagBag from /opt/airflow/dags/welcome_dag.py
[2025-02-01T00:10:50.257+0000] {processor.py:925} INFO - DAG(s) 'welcome_dag' retrieved from /opt/airflow/dags/welcome_dag.py
[2025-02-01T00:10:50.266+0000] {logging_mixin.py:190} INFO - [2025-02-01T00:10:50.266+0000] {dag.py:3239} INFO - Sync 1 DAGs
[2025-02-01T00:10:50.275+0000] {logging_mixin.py:190} INFO - [2025-02-01T00:10:50.275+0000] {dag.py:4180} INFO - Setting next_dagrun for welcome_dag to 2025-01-31 23:00:00+00:00, run_after=2025-02-01 23:00:00+00:00
[2025-02-01T00:10:50.285+0000] {processor.py:208} INFO - Processing /opt/airflow/dags/welcome_dag.py took 0.496 seconds
[2025-02-01T00:11:20.522+0000] {processor.py:186} INFO - Started process (PID=6414) to work on /opt/airflow/dags/welcome_dag.py
[2025-02-01T00:11:20.524+0000] {processor.py:914} INFO - Processing file /opt/airflow/dags/welcome_dag.py for tasks to queue
[2025-02-01T00:11:20.525+0000] {logging_mixin.py:190} INFO - [2025-02-01T00:11:20.525+0000] {dagbag.py:588} INFO - Filling up the DagBag from /opt/airflow/dags/welcome_dag.py
[2025-02-01T00:11:20.991+0000] {processor.py:925} INFO - DAG(s) 'welcome_dag' retrieved from /opt/airflow/dags/welcome_dag.py
[2025-02-01T00:11:21.002+0000] {logging_mixin.py:190} INFO - [2025-02-01T00:11:21.002+0000] {dag.py:3239} INFO - Sync 1 DAGs
[2025-02-01T00:11:21.009+0000] {logging_mixin.py:190} INFO - [2025-02-01T00:11:21.009+0000] {dag.py:4180} INFO - Setting next_dagrun for welcome_dag to 2025-01-31 23:00:00+00:00, run_after=2025-02-01 23:00:00+00:00
[2025-02-01T00:11:21.017+0000] {processor.py:208} INFO - Processing /opt/airflow/dags/welcome_dag.py took 0.509 seconds
[2025-02-01T00:12:23.511+0000] {processor.py:186} INFO - Started process (PID=6440) to work on /opt/airflow/dags/welcome_dag.py
[2025-02-01T00:12:23.512+0000] {processor.py:914} INFO - Processing file /opt/airflow/dags/welcome_dag.py for tasks to queue
[2025-02-01T00:12:23.514+0000] {logging_mixin.py:190} INFO - [2025-02-01T00:12:23.513+0000] {dagbag.py:588} INFO - Filling up the DagBag from /opt/airflow/dags/welcome_dag.py
[2025-02-01T00:12:23.786+0000] {processor.py:925} INFO - DAG(s) 'welcome_dag' retrieved from /opt/airflow/dags/welcome_dag.py
[2025-02-01T00:12:23.807+0000] {logging_mixin.py:190} INFO - [2025-02-01T00:12:23.807+0000] {dag.py:3239} INFO - Sync 1 DAGs
[2025-02-01T00:12:23.824+0000] {logging_mixin.py:190} INFO - [2025-02-01T00:12:23.824+0000] {dag.py:4180} INFO - Setting next_dagrun for welcome_dag to 2025-01-31 23:00:00+00:00, run_after=2025-02-01 23:00:00+00:00
[2025-02-01T00:12:23.844+0000] {processor.py:208} INFO - Processing /opt/airflow/dags/welcome_dag.py took 0.348 seconds
[2025-02-01T00:12:55.083+0000] {processor.py:186} INFO - Started process (PID=6443) to work on /opt/airflow/dags/welcome_dag.py
[2025-02-01T00:12:55.087+0000] {processor.py:914} INFO - Processing file /opt/airflow/dags/welcome_dag.py for tasks to queue
[2025-02-01T00:12:55.090+0000] {logging_mixin.py:190} INFO - [2025-02-01T00:12:55.088+0000] {dagbag.py:588} INFO - Filling up the DagBag from /opt/airflow/dags/welcome_dag.py
[2025-02-01T00:12:55.424+0000] {processor.py:925} INFO - DAG(s) 'welcome_dag' retrieved from /opt/airflow/dags/welcome_dag.py
[2025-02-01T00:12:55.443+0000] {logging_mixin.py:190} INFO - [2025-02-01T00:12:55.443+0000] {dag.py:3239} INFO - Sync 1 DAGs
[2025-02-01T00:12:55.457+0000] {logging_mixin.py:190} INFO - [2025-02-01T00:12:55.457+0000] {dag.py:4180} INFO - Setting next_dagrun for welcome_dag to 2025-01-31 23:00:00+00:00, run_after=2025-02-01 23:00:00+00:00
[2025-02-01T00:12:55.469+0000] {processor.py:208} INFO - Processing /opt/airflow/dags/welcome_dag.py took 0.396 seconds
[2025-02-01T00:13:25.716+0000] {processor.py:186} INFO - Started process (PID=6446) to work on /opt/airflow/dags/welcome_dag.py
[2025-02-01T00:13:25.717+0000] {processor.py:914} INFO - Processing file /opt/airflow/dags/welcome_dag.py for tasks to queue
[2025-02-01T00:13:25.718+0000] {logging_mixin.py:190} INFO - [2025-02-01T00:13:25.718+0000] {dagbag.py:588} INFO - Filling up the DagBag from /opt/airflow/dags/welcome_dag.py
[2025-02-01T00:13:25.880+0000] {processor.py:925} INFO - DAG(s) 'welcome_dag' retrieved from /opt/airflow/dags/welcome_dag.py
[2025-02-01T00:13:25.891+0000] {logging_mixin.py:190} INFO - [2025-02-01T00:13:25.891+0000] {dag.py:3239} INFO - Sync 1 DAGs
[2025-02-01T00:13:25.899+0000] {logging_mixin.py:190} INFO - [2025-02-01T00:13:25.899+0000] {dag.py:4180} INFO - Setting next_dagrun for welcome_dag to 2025-01-31 23:00:00+00:00, run_after=2025-02-01 23:00:00+00:00
[2025-02-01T00:13:25.914+0000] {processor.py:208} INFO - Processing /opt/airflow/dags/welcome_dag.py took 0.203 seconds
[2025-02-01T00:13:56.190+0000] {processor.py:186} INFO - Started process (PID=6449) to work on /opt/airflow/dags/welcome_dag.py
[2025-02-01T00:13:56.191+0000] {processor.py:914} INFO - Processing file /opt/airflow/dags/welcome_dag.py for tasks to queue
[2025-02-01T00:13:56.192+0000] {logging_mixin.py:190} INFO - [2025-02-01T00:13:56.192+0000] {dagbag.py:588} INFO - Filling up the DagBag from /opt/airflow/dags/welcome_dag.py
[2025-02-01T00:13:56.366+0000] {processor.py:925} INFO - DAG(s) 'welcome_dag' retrieved from /opt/airflow/dags/welcome_dag.py
[2025-02-01T00:13:56.377+0000] {logging_mixin.py:190} INFO - [2025-02-01T00:13:56.377+0000] {dag.py:3239} INFO - Sync 1 DAGs
[2025-02-01T00:13:56.385+0000] {logging_mixin.py:190} INFO - [2025-02-01T00:13:56.385+0000] {dag.py:4180} INFO - Setting next_dagrun for welcome_dag to 2025-01-31 23:00:00+00:00, run_after=2025-02-01 23:00:00+00:00
[2025-02-01T00:13:56.394+0000] {processor.py:208} INFO - Processing /opt/airflow/dags/welcome_dag.py took 0.215 seconds
[2025-02-01T00:14:27.921+0000] {processor.py:186} INFO - Started process (PID=6452) to work on /opt/airflow/dags/welcome_dag.py
[2025-02-01T00:14:27.922+0000] {processor.py:914} INFO - Processing file /opt/airflow/dags/welcome_dag.py for tasks to queue
[2025-02-01T00:14:27.923+0000] {logging_mixin.py:190} INFO - [2025-02-01T00:14:27.923+0000] {dagbag.py:588} INFO - Filling up the DagBag from /opt/airflow/dags/welcome_dag.py
[2025-02-01T00:14:28.074+0000] {processor.py:925} INFO - DAG(s) 'welcome_dag' retrieved from /opt/airflow/dags/welcome_dag.py
[2025-02-01T00:14:28.086+0000] {logging_mixin.py:190} INFO - [2025-02-01T00:14:28.086+0000] {dag.py:3239} INFO - Sync 1 DAGs
[2025-02-01T00:14:28.094+0000] {logging_mixin.py:190} INFO - [2025-02-01T00:14:28.094+0000] {dag.py:4180} INFO - Setting next_dagrun for welcome_dag to 2025-01-31 23:00:00+00:00, run_after=2025-02-01 23:00:00+00:00
[2025-02-01T00:14:28.104+0000] {processor.py:208} INFO - Processing /opt/airflow/dags/welcome_dag.py took 0.187 seconds
[2025-02-01T00:14:58.444+0000] {processor.py:186} INFO - Started process (PID=6455) to work on /opt/airflow/dags/welcome_dag.py
[2025-02-01T00:14:58.446+0000] {processor.py:914} INFO - Processing file /opt/airflow/dags/welcome_dag.py for tasks to queue
[2025-02-01T00:14:58.447+0000] {logging_mixin.py:190} INFO - [2025-02-01T00:14:58.446+0000] {dagbag.py:588} INFO - Filling up the DagBag from /opt/airflow/dags/welcome_dag.py
[2025-02-01T00:14:58.638+0000] {processor.py:925} INFO - DAG(s) 'welcome_dag' retrieved from /opt/airflow/dags/welcome_dag.py
[2025-02-01T00:14:58.647+0000] {logging_mixin.py:190} INFO - [2025-02-01T00:14:58.647+0000] {dag.py:3239} INFO - Sync 1 DAGs
[2025-02-01T00:14:58.657+0000] {logging_mixin.py:190} INFO - [2025-02-01T00:14:58.657+0000] {dag.py:4180} INFO - Setting next_dagrun for welcome_dag to 2025-01-31 23:00:00+00:00, run_after=2025-02-01 23:00:00+00:00
[2025-02-01T00:14:58.666+0000] {processor.py:208} INFO - Processing /opt/airflow/dags/welcome_dag.py took 0.230 seconds
[2025-02-01T00:15:29.144+0000] {processor.py:186} INFO - Started process (PID=6458) to work on /opt/airflow/dags/welcome_dag.py
[2025-02-01T00:15:29.145+0000] {processor.py:914} INFO - Processing file /opt/airflow/dags/welcome_dag.py for tasks to queue
[2025-02-01T00:15:29.147+0000] {logging_mixin.py:190} INFO - [2025-02-01T00:15:29.146+0000] {dagbag.py:588} INFO - Filling up the DagBag from /opt/airflow/dags/welcome_dag.py
[2025-02-01T00:15:29.329+0000] {processor.py:925} INFO - DAG(s) 'welcome_dag' retrieved from /opt/airflow/dags/welcome_dag.py
[2025-02-01T00:15:29.353+0000] {logging_mixin.py:190} INFO - [2025-02-01T00:15:29.353+0000] {dag.py:3239} INFO - Sync 1 DAGs
[2025-02-01T00:15:29.364+0000] {logging_mixin.py:190} INFO - [2025-02-01T00:15:29.364+0000] {dag.py:4180} INFO - Setting next_dagrun for welcome_dag to 2025-01-31 23:00:00+00:00, run_after=2025-02-01 23:00:00+00:00
[2025-02-01T00:15:29.375+0000] {processor.py:208} INFO - Processing /opt/airflow/dags/welcome_dag.py took 0.240 seconds
[2025-02-01T00:15:59.735+0000] {processor.py:186} INFO - Started process (PID=6461) to work on /opt/airflow/dags/welcome_dag.py
[2025-02-01T00:15:59.735+0000] {processor.py:914} INFO - Processing file /opt/airflow/dags/welcome_dag.py for tasks to queue
[2025-02-01T00:15:59.736+0000] {logging_mixin.py:190} INFO - [2025-02-01T00:15:59.736+0000] {dagbag.py:588} INFO - Filling up the DagBag from /opt/airflow/dags/welcome_dag.py
[2025-02-01T00:15:59.911+0000] {processor.py:925} INFO - DAG(s) 'welcome_dag' retrieved from /opt/airflow/dags/welcome_dag.py
[2025-02-01T00:15:59.922+0000] {logging_mixin.py:190} INFO - [2025-02-01T00:15:59.921+0000] {dag.py:3239} INFO - Sync 1 DAGs
[2025-02-01T00:15:59.929+0000] {logging_mixin.py:190} INFO - [2025-02-01T00:15:59.929+0000] {dag.py:4180} INFO - Setting next_dagrun for welcome_dag to 2025-01-31 23:00:00+00:00, run_after=2025-02-01 23:00:00+00:00
[2025-02-01T00:15:59.939+0000] {processor.py:208} INFO - Processing /opt/airflow/dags/welcome_dag.py took 0.211 seconds
[2025-02-01T00:16:30.247+0000] {processor.py:186} INFO - Started process (PID=6464) to work on /opt/airflow/dags/welcome_dag.py
[2025-02-01T00:16:30.248+0000] {processor.py:914} INFO - Processing file /opt/airflow/dags/welcome_dag.py for tasks to queue
[2025-02-01T00:16:30.249+0000] {logging_mixin.py:190} INFO - [2025-02-01T00:16:30.249+0000] {dagbag.py:588} INFO - Filling up the DagBag from /opt/airflow/dags/welcome_dag.py
[2025-02-01T00:16:30.409+0000] {processor.py:925} INFO - DAG(s) 'welcome_dag' retrieved from /opt/airflow/dags/welcome_dag.py
[2025-02-01T00:16:30.418+0000] {logging_mixin.py:190} INFO - [2025-02-01T00:16:30.418+0000] {dag.py:3239} INFO - Sync 1 DAGs
[2025-02-01T00:16:30.425+0000] {logging_mixin.py:190} INFO - [2025-02-01T00:16:30.425+0000] {dag.py:4180} INFO - Setting next_dagrun for welcome_dag to 2025-01-31 23:00:00+00:00, run_after=2025-02-01 23:00:00+00:00
[2025-02-01T00:16:30.435+0000] {processor.py:208} INFO - Processing /opt/airflow/dags/welcome_dag.py took 0.192 seconds
[2025-02-01T00:17:01.054+0000] {processor.py:186} INFO - Started process (PID=6467) to work on /opt/airflow/dags/welcome_dag.py
[2025-02-01T00:17:01.055+0000] {processor.py:914} INFO - Processing file /opt/airflow/dags/welcome_dag.py for tasks to queue
[2025-02-01T00:17:01.057+0000] {logging_mixin.py:190} INFO - [2025-02-01T00:17:01.056+0000] {dagbag.py:588} INFO - Filling up the DagBag from /opt/airflow/dags/welcome_dag.py
[2025-02-01T00:17:01.259+0000] {processor.py:925} INFO - DAG(s) 'welcome_dag' retrieved from /opt/airflow/dags/welcome_dag.py
[2025-02-01T00:17:01.273+0000] {logging_mixin.py:190} INFO - [2025-02-01T00:17:01.272+0000] {dag.py:3239} INFO - Sync 1 DAGs
[2025-02-01T00:17:01.283+0000] {logging_mixin.py:190} INFO - [2025-02-01T00:17:01.283+0000] {dag.py:4180} INFO - Setting next_dagrun for welcome_dag to 2025-01-31 23:00:00+00:00, run_after=2025-02-01 23:00:00+00:00
[2025-02-01T00:17:01.293+0000] {processor.py:208} INFO - Processing /opt/airflow/dags/welcome_dag.py took 0.246 seconds
[2025-02-01T00:17:31.520+0000] {processor.py:186} INFO - Started process (PID=6470) to work on /opt/airflow/dags/welcome_dag.py
[2025-02-01T00:17:31.521+0000] {processor.py:914} INFO - Processing file /opt/airflow/dags/welcome_dag.py for tasks to queue
[2025-02-01T00:17:31.522+0000] {logging_mixin.py:190} INFO - [2025-02-01T00:17:31.522+0000] {dagbag.py:588} INFO - Filling up the DagBag from /opt/airflow/dags/welcome_dag.py
[2025-02-01T00:17:31.679+0000] {processor.py:925} INFO - DAG(s) 'welcome_dag' retrieved from /opt/airflow/dags/welcome_dag.py
[2025-02-01T00:17:31.688+0000] {logging_mixin.py:190} INFO - [2025-02-01T00:17:31.688+0000] {dag.py:3239} INFO - Sync 1 DAGs
[2025-02-01T00:17:31.695+0000] {logging_mixin.py:190} INFO - [2025-02-01T00:17:31.695+0000] {dag.py:4180} INFO - Setting next_dagrun for welcome_dag to 2025-01-31 23:00:00+00:00, run_after=2025-02-01 23:00:00+00:00
[2025-02-01T00:17:31.705+0000] {processor.py:208} INFO - Processing /opt/airflow/dags/welcome_dag.py took 0.192 seconds
[2025-02-01T00:18:01.940+0000] {processor.py:186} INFO - Started process (PID=6473) to work on /opt/airflow/dags/welcome_dag.py
[2025-02-01T00:18:01.941+0000] {processor.py:914} INFO - Processing file /opt/airflow/dags/welcome_dag.py for tasks to queue
[2025-02-01T00:18:01.942+0000] {logging_mixin.py:190} INFO - [2025-02-01T00:18:01.942+0000] {dagbag.py:588} INFO - Filling up the DagBag from /opt/airflow/dags/welcome_dag.py
[2025-02-01T00:18:02.279+0000] {processor.py:925} INFO - DAG(s) 'welcome_dag' retrieved from /opt/airflow/dags/welcome_dag.py
[2025-02-01T00:18:02.386+0000] {logging_mixin.py:190} INFO - [2025-02-01T00:18:02.384+0000] {dag.py:3239} INFO - Sync 1 DAGs
[2025-02-01T00:18:02.455+0000] {logging_mixin.py:190} INFO - [2025-02-01T00:18:02.454+0000] {dag.py:4180} INFO - Setting next_dagrun for welcome_dag to 2025-01-31 23:00:00+00:00, run_after=2025-02-01 23:00:00+00:00
[2025-02-01T00:18:02.522+0000] {processor.py:208} INFO - Processing /opt/airflow/dags/welcome_dag.py took 0.589 seconds
[2025-02-01T00:18:36.115+0000] {processor.py:186} INFO - Started process (PID=6476) to work on /opt/airflow/dags/welcome_dag.py
[2025-02-01T00:18:36.130+0000] {processor.py:914} INFO - Processing file /opt/airflow/dags/welcome_dag.py for tasks to queue
[2025-02-01T00:18:36.138+0000] {logging_mixin.py:190} INFO - [2025-02-01T00:18:36.133+0000] {dagbag.py:588} INFO - Filling up the DagBag from /opt/airflow/dags/welcome_dag.py
[2025-02-01T00:18:36.917+0000] {processor.py:925} INFO - DAG(s) 'welcome_dag' retrieved from /opt/airflow/dags/welcome_dag.py
[2025-02-01T00:18:36.964+0000] {logging_mixin.py:190} INFO - [2025-02-01T00:18:36.963+0000] {dag.py:3239} INFO - Sync 1 DAGs
[2025-02-01T00:18:36.989+0000] {logging_mixin.py:190} INFO - [2025-02-01T00:18:36.989+0000] {dag.py:4180} INFO - Setting next_dagrun for welcome_dag to 2025-01-31 23:00:00+00:00, run_after=2025-02-01 23:00:00+00:00
[2025-02-01T00:18:37.009+0000] {processor.py:208} INFO - Processing /opt/airflow/dags/welcome_dag.py took 0.942 seconds
[2025-02-01T00:51:30.077+0000] {processor.py:186} INFO - Started process (PID=6479) to work on /opt/airflow/dags/welcome_dag.py
[2025-02-01T00:51:30.080+0000] {processor.py:914} INFO - Processing file /opt/airflow/dags/welcome_dag.py for tasks to queue
[2025-02-01T00:51:30.084+0000] {logging_mixin.py:190} INFO - [2025-02-01T00:51:30.082+0000] {dagbag.py:588} INFO - Filling up the DagBag from /opt/airflow/dags/welcome_dag.py
[2025-02-01T00:51:30.399+0000] {processor.py:925} INFO - DAG(s) 'welcome_dag' retrieved from /opt/airflow/dags/welcome_dag.py
[2025-02-01T00:51:30.419+0000] {logging_mixin.py:190} INFO - [2025-02-01T00:51:30.419+0000] {dag.py:3239} INFO - Sync 1 DAGs
[2025-02-01T00:51:30.435+0000] {logging_mixin.py:190} INFO - [2025-02-01T00:51:30.435+0000] {dag.py:4180} INFO - Setting next_dagrun for welcome_dag to 2025-01-31 23:00:00+00:00, run_after=2025-02-01 23:00:00+00:00
[2025-02-01T00:51:30.450+0000] {processor.py:208} INFO - Processing /opt/airflow/dags/welcome_dag.py took 0.392 seconds
[2025-02-01T01:25:16.015+0000] {processor.py:186} INFO - Started process (PID=6482) to work on /opt/airflow/dags/welcome_dag.py
[2025-02-01T01:25:16.017+0000] {processor.py:914} INFO - Processing file /opt/airflow/dags/welcome_dag.py for tasks to queue
[2025-02-01T01:25:16.018+0000] {logging_mixin.py:190} INFO - [2025-02-01T01:25:16.018+0000] {dagbag.py:588} INFO - Filling up the DagBag from /opt/airflow/dags/welcome_dag.py
[2025-02-01T01:25:16.349+0000] {processor.py:925} INFO - DAG(s) 'welcome_dag' retrieved from /opt/airflow/dags/welcome_dag.py
[2025-02-01T01:25:16.386+0000] {logging_mixin.py:190} INFO - [2025-02-01T01:25:16.385+0000] {dag.py:3239} INFO - Sync 1 DAGs
[2025-02-01T01:25:16.404+0000] {logging_mixin.py:190} INFO - [2025-02-01T01:25:16.404+0000] {dag.py:4180} INFO - Setting next_dagrun for welcome_dag to 2025-01-31 23:00:00+00:00, run_after=2025-02-01 23:00:00+00:00
[2025-02-01T01:25:16.438+0000] {processor.py:208} INFO - Processing /opt/airflow/dags/welcome_dag.py took 0.432 seconds
[2025-02-01T01:25:46.894+0000] {processor.py:186} INFO - Started process (PID=6485) to work on /opt/airflow/dags/welcome_dag.py
[2025-02-01T01:25:46.895+0000] {processor.py:914} INFO - Processing file /opt/airflow/dags/welcome_dag.py for tasks to queue
[2025-02-01T01:25:46.897+0000] {logging_mixin.py:190} INFO - [2025-02-01T01:25:46.896+0000] {dagbag.py:588} INFO - Filling up the DagBag from /opt/airflow/dags/welcome_dag.py
[2025-02-01T01:25:47.206+0000] {processor.py:925} INFO - DAG(s) 'welcome_dag' retrieved from /opt/airflow/dags/welcome_dag.py
[2025-02-01T01:25:47.227+0000] {logging_mixin.py:190} INFO - [2025-02-01T01:25:47.227+0000] {dag.py:3239} INFO - Sync 1 DAGs
[2025-02-01T01:25:47.242+0000] {logging_mixin.py:190} INFO - [2025-02-01T01:25:47.241+0000] {dag.py:4180} INFO - Setting next_dagrun for welcome_dag to 2025-01-31 23:00:00+00:00, run_after=2025-02-01 23:00:00+00:00
[2025-02-01T01:25:47.258+0000] {processor.py:208} INFO - Processing /opt/airflow/dags/welcome_dag.py took 0.377 seconds
[2025-02-01T01:26:17.532+0000] {processor.py:186} INFO - Started process (PID=6488) to work on /opt/airflow/dags/welcome_dag.py
[2025-02-01T01:26:17.533+0000] {processor.py:914} INFO - Processing file /opt/airflow/dags/welcome_dag.py for tasks to queue
[2025-02-01T01:26:17.534+0000] {logging_mixin.py:190} INFO - [2025-02-01T01:26:17.534+0000] {dagbag.py:588} INFO - Filling up the DagBag from /opt/airflow/dags/welcome_dag.py
[2025-02-01T01:26:17.707+0000] {processor.py:925} INFO - DAG(s) 'welcome_dag' retrieved from /opt/airflow/dags/welcome_dag.py
[2025-02-01T01:26:17.715+0000] {logging_mixin.py:190} INFO - [2025-02-01T01:26:17.715+0000] {dag.py:3239} INFO - Sync 1 DAGs
[2025-02-01T01:26:17.722+0000] {logging_mixin.py:190} INFO - [2025-02-01T01:26:17.722+0000] {dag.py:4180} INFO - Setting next_dagrun for welcome_dag to 2025-01-31 23:00:00+00:00, run_after=2025-02-01 23:00:00+00:00
[2025-02-01T01:26:17.730+0000] {processor.py:208} INFO - Processing /opt/airflow/dags/welcome_dag.py took 0.203 seconds
[2025-02-01T01:26:51.623+0000] {processor.py:186} INFO - Started process (PID=6491) to work on /opt/airflow/dags/welcome_dag.py
[2025-02-01T01:26:51.634+0000] {processor.py:914} INFO - Processing file /opt/airflow/dags/welcome_dag.py for tasks to queue
[2025-02-01T01:26:51.658+0000] {logging_mixin.py:190} INFO - [2025-02-01T01:26:51.650+0000] {dagbag.py:588} INFO - Filling up the DagBag from /opt/airflow/dags/welcome_dag.py
[2025-02-01T01:26:54.326+0000] {processor.py:925} INFO - DAG(s) 'welcome_dag' retrieved from /opt/airflow/dags/welcome_dag.py
[2025-02-01T01:26:55.373+0000] {logging_mixin.py:190} INFO - [2025-02-01T01:26:55.364+0000] {dag.py:3239} INFO - Sync 1 DAGs
[2025-02-01T01:26:55.758+0000] {logging_mixin.py:190} INFO - [2025-02-01T01:26:55.757+0000] {dag.py:4180} INFO - Setting next_dagrun for welcome_dag to 2025-01-31 23:00:00+00:00, run_after=2025-02-01 23:00:00+00:00
[2025-02-01T01:26:57.156+0000] {processor.py:208} INFO - Processing /opt/airflow/dags/welcome_dag.py took 5.597 seconds
[2025-02-01T01:52:30.679+0000] {processor.py:186} INFO - Started process (PID=6494) to work on /opt/airflow/dags/welcome_dag.py
[2025-02-01T01:52:30.681+0000] {processor.py:914} INFO - Processing file /opt/airflow/dags/welcome_dag.py for tasks to queue
[2025-02-01T01:52:30.686+0000] {logging_mixin.py:190} INFO - [2025-02-01T01:52:30.684+0000] {dagbag.py:588} INFO - Filling up the DagBag from /opt/airflow/dags/welcome_dag.py
[2025-02-01T01:52:31.123+0000] {processor.py:925} INFO - DAG(s) 'welcome_dag' retrieved from /opt/airflow/dags/welcome_dag.py
[2025-02-01T01:52:31.148+0000] {logging_mixin.py:190} INFO - [2025-02-01T01:52:31.148+0000] {dag.py:3239} INFO - Sync 1 DAGs
[2025-02-01T01:52:31.161+0000] {logging_mixin.py:190} INFO - [2025-02-01T01:52:31.161+0000] {dag.py:4180} INFO - Setting next_dagrun for welcome_dag to 2025-01-31 23:00:00+00:00, run_after=2025-02-01 23:00:00+00:00
[2025-02-01T01:52:31.174+0000] {processor.py:208} INFO - Processing /opt/airflow/dags/welcome_dag.py took 0.507 seconds
[2025-02-01T02:08:29.010+0000] {processor.py:186} INFO - Started process (PID=6497) to work on /opt/airflow/dags/welcome_dag.py
[2025-02-01T02:08:29.027+0000] {processor.py:914} INFO - Processing file /opt/airflow/dags/welcome_dag.py for tasks to queue
[2025-02-01T02:08:29.036+0000] {logging_mixin.py:190} INFO - [2025-02-01T02:08:29.032+0000] {dagbag.py:588} INFO - Filling up the DagBag from /opt/airflow/dags/welcome_dag.py
[2025-02-01T02:08:32.283+0000] {processor.py:925} INFO - DAG(s) 'welcome_dag' retrieved from /opt/airflow/dags/welcome_dag.py
[2025-02-01T02:08:32.426+0000] {logging_mixin.py:190} INFO - [2025-02-01T02:08:32.425+0000] {dag.py:3239} INFO - Sync 1 DAGs
[2025-02-01T02:08:32.522+0000] {logging_mixin.py:190} INFO - [2025-02-01T02:08:32.521+0000] {dag.py:4180} INFO - Setting next_dagrun for welcome_dag to 2025-01-31 23:00:00+00:00, run_after=2025-02-01 23:00:00+00:00
[2025-02-01T02:08:32.596+0000] {processor.py:208} INFO - Processing /opt/airflow/dags/welcome_dag.py took 3.726 seconds
[2025-02-01T02:43:55.843+0000] {processor.py:186} INFO - Started process (PID=6500) to work on /opt/airflow/dags/welcome_dag.py
[2025-02-01T02:43:55.846+0000] {processor.py:914} INFO - Processing file /opt/airflow/dags/welcome_dag.py for tasks to queue
[2025-02-01T02:43:55.851+0000] {logging_mixin.py:190} INFO - [2025-02-01T02:43:55.850+0000] {dagbag.py:588} INFO - Filling up the DagBag from /opt/airflow/dags/welcome_dag.py
[2025-02-01T02:43:58.840+0000] {processor.py:925} INFO - DAG(s) 'welcome_dag' retrieved from /opt/airflow/dags/welcome_dag.py
[2025-02-01T02:43:59.236+0000] {logging_mixin.py:190} INFO - [2025-02-01T02:43:59.234+0000] {dag.py:3239} INFO - Sync 1 DAGs
[2025-02-01T02:43:59.291+0000] {logging_mixin.py:190} INFO - [2025-02-01T02:43:59.291+0000] {dag.py:4180} INFO - Setting next_dagrun for welcome_dag to 2025-01-31 23:00:00+00:00, run_after=2025-02-01 23:00:00+00:00
[2025-02-01T02:43:59.382+0000] {processor.py:208} INFO - Processing /opt/airflow/dags/welcome_dag.py took 3.590 seconds
[2025-02-01T03:01:35.277+0000] {processor.py:186} INFO - Started process (PID=6503) to work on /opt/airflow/dags/welcome_dag.py
[2025-02-01T03:01:35.285+0000] {processor.py:914} INFO - Processing file /opt/airflow/dags/welcome_dag.py for tasks to queue
[2025-02-01T03:01:35.288+0000] {logging_mixin.py:190} INFO - [2025-02-01T03:01:35.287+0000] {dagbag.py:588} INFO - Filling up the DagBag from /opt/airflow/dags/welcome_dag.py
[2025-02-01T03:01:35.969+0000] {processor.py:925} INFO - DAG(s) 'welcome_dag' retrieved from /opt/airflow/dags/welcome_dag.py
[2025-02-01T03:01:36.042+0000] {logging_mixin.py:190} INFO - [2025-02-01T03:01:36.042+0000] {dag.py:3239} INFO - Sync 1 DAGs
[2025-02-01T03:01:36.082+0000] {logging_mixin.py:190} INFO - [2025-02-01T03:01:36.081+0000] {dag.py:4180} INFO - Setting next_dagrun for welcome_dag to 2025-01-31 23:00:00+00:00, run_after=2025-02-01 23:00:00+00:00
[2025-02-01T03:01:36.131+0000] {processor.py:208} INFO - Processing /opt/airflow/dags/welcome_dag.py took 0.925 seconds
[2025-02-01T03:35:04.620+0000] {processor.py:186} INFO - Started process (PID=6506) to work on /opt/airflow/dags/welcome_dag.py
[2025-02-01T03:35:04.622+0000] {processor.py:914} INFO - Processing file /opt/airflow/dags/welcome_dag.py for tasks to queue
[2025-02-01T03:35:04.624+0000] {logging_mixin.py:190} INFO - [2025-02-01T03:35:04.623+0000] {dagbag.py:588} INFO - Filling up the DagBag from /opt/airflow/dags/welcome_dag.py
[2025-02-01T03:35:04.955+0000] {processor.py:925} INFO - DAG(s) 'welcome_dag' retrieved from /opt/airflow/dags/welcome_dag.py
[2025-02-01T03:35:04.987+0000] {logging_mixin.py:190} INFO - [2025-02-01T03:35:04.986+0000] {dag.py:3239} INFO - Sync 1 DAGs
[2025-02-01T03:35:05.000+0000] {logging_mixin.py:190} INFO - [2025-02-01T03:35:05.000+0000] {dag.py:4180} INFO - Setting next_dagrun for welcome_dag to 2025-01-31 23:00:00+00:00, run_after=2025-02-01 23:00:00+00:00
[2025-02-01T03:35:05.011+0000] {processor.py:208} INFO - Processing /opt/airflow/dags/welcome_dag.py took 0.406 seconds
[2025-02-01T03:51:41.070+0000] {processor.py:186} INFO - Started process (PID=6509) to work on /opt/airflow/dags/welcome_dag.py
[2025-02-01T03:51:41.263+0000] {processor.py:914} INFO - Processing file /opt/airflow/dags/welcome_dag.py for tasks to queue
[2025-02-01T03:51:42.099+0000] {logging_mixin.py:190} INFO - [2025-02-01T03:51:42.071+0000] {dagbag.py:588} INFO - Filling up the DagBag from /opt/airflow/dags/welcome_dag.py
[2025-02-01T03:51:48.120+0000] {processor.py:925} INFO - DAG(s) 'welcome_dag' retrieved from /opt/airflow/dags/welcome_dag.py
[2025-02-01T03:51:48.422+0000] {logging_mixin.py:190} INFO - [2025-02-01T03:51:48.421+0000] {dag.py:3239} INFO - Sync 1 DAGs
[2025-02-01T03:51:48.506+0000] {logging_mixin.py:190} INFO - [2025-02-01T03:51:48.504+0000] {dag.py:4180} INFO - Setting next_dagrun for welcome_dag to 2025-01-31 23:00:00+00:00, run_after=2025-02-01 23:00:00+00:00
[2025-02-01T03:51:48.580+0000] {processor.py:208} INFO - Processing /opt/airflow/dags/welcome_dag.py took 7.989 seconds
[2025-02-01T03:59:53.251+0000] {processor.py:186} INFO - Started process (PID=6512) to work on /opt/airflow/dags/welcome_dag.py
[2025-02-01T03:59:53.268+0000] {processor.py:914} INFO - Processing file /opt/airflow/dags/welcome_dag.py for tasks to queue
[2025-02-01T03:59:53.297+0000] {logging_mixin.py:190} INFO - [2025-02-01T03:59:53.282+0000] {dagbag.py:588} INFO - Filling up the DagBag from /opt/airflow/dags/welcome_dag.py
[2025-02-01T03:59:57.328+0000] {processor.py:925} INFO - DAG(s) 'welcome_dag' retrieved from /opt/airflow/dags/welcome_dag.py
[2025-02-01T03:59:57.561+0000] {logging_mixin.py:190} INFO - [2025-02-01T03:59:57.555+0000] {dag.py:3239} INFO - Sync 1 DAGs
[2025-02-01T03:59:57.699+0000] {logging_mixin.py:190} INFO - [2025-02-01T03:59:57.698+0000] {dag.py:4180} INFO - Setting next_dagrun for welcome_dag to 2025-01-31 23:00:00+00:00, run_after=2025-02-01 23:00:00+00:00
[2025-02-01T03:59:57.779+0000] {processor.py:208} INFO - Processing /opt/airflow/dags/welcome_dag.py took 4.556 seconds
[2025-02-01T04:23:54.251+0000] {processor.py:186} INFO - Started process (PID=6515) to work on /opt/airflow/dags/welcome_dag.py
[2025-02-01T04:23:54.254+0000] {processor.py:914} INFO - Processing file /opt/airflow/dags/welcome_dag.py for tasks to queue
[2025-02-01T04:23:54.255+0000] {logging_mixin.py:190} INFO - [2025-02-01T04:23:54.255+0000] {dagbag.py:588} INFO - Filling up the DagBag from /opt/airflow/dags/welcome_dag.py
[2025-02-01T04:23:54.573+0000] {processor.py:925} INFO - DAG(s) 'welcome_dag' retrieved from /opt/airflow/dags/welcome_dag.py
[2025-02-01T04:23:54.597+0000] {logging_mixin.py:190} INFO - [2025-02-01T04:23:54.596+0000] {dag.py:3239} INFO - Sync 1 DAGs
[2025-02-01T04:23:54.626+0000] {logging_mixin.py:190} INFO - [2025-02-01T04:23:54.626+0000] {dag.py:4180} INFO - Setting next_dagrun for welcome_dag to 2025-01-31 23:00:00+00:00, run_after=2025-02-01 23:00:00+00:00
[2025-02-01T04:23:54.653+0000] {processor.py:208} INFO - Processing /opt/airflow/dags/welcome_dag.py took 0.442 seconds
[2025-02-01T04:49:51.533+0000] {processor.py:186} INFO - Started process (PID=6518) to work on /opt/airflow/dags/welcome_dag.py
[2025-02-01T04:49:51.534+0000] {processor.py:914} INFO - Processing file /opt/airflow/dags/welcome_dag.py for tasks to queue
[2025-02-01T04:49:51.536+0000] {logging_mixin.py:190} INFO - [2025-02-01T04:49:51.535+0000] {dagbag.py:588} INFO - Filling up the DagBag from /opt/airflow/dags/welcome_dag.py
[2025-02-01T04:49:51.773+0000] {processor.py:925} INFO - DAG(s) 'welcome_dag' retrieved from /opt/airflow/dags/welcome_dag.py
[2025-02-01T04:49:51.792+0000] {logging_mixin.py:190} INFO - [2025-02-01T04:49:51.792+0000] {dag.py:3239} INFO - Sync 1 DAGs
[2025-02-01T04:49:51.803+0000] {logging_mixin.py:190} INFO - [2025-02-01T04:49:51.803+0000] {dag.py:4180} INFO - Setting next_dagrun for welcome_dag to 2025-01-31 23:00:00+00:00, run_after=2025-02-01 23:00:00+00:00
[2025-02-01T04:49:51.812+0000] {processor.py:208} INFO - Processing /opt/airflow/dags/welcome_dag.py took 0.287 seconds
[2025-02-01T05:38:44.790+0000] {processor.py:186} INFO - Started process (PID=6521) to work on /opt/airflow/dags/welcome_dag.py
[2025-02-01T05:38:44.815+0000] {processor.py:914} INFO - Processing file /opt/airflow/dags/welcome_dag.py for tasks to queue
[2025-02-01T05:38:44.829+0000] {logging_mixin.py:190} INFO - [2025-02-01T05:38:44.818+0000] {dagbag.py:588} INFO - Filling up the DagBag from /opt/airflow/dags/welcome_dag.py
[2025-02-01T05:38:47.069+0000] {processor.py:925} INFO - DAG(s) 'welcome_dag' retrieved from /opt/airflow/dags/welcome_dag.py
[2025-02-01T05:38:47.140+0000] {logging_mixin.py:190} INFO - [2025-02-01T05:38:47.138+0000] {dag.py:3239} INFO - Sync 1 DAGs
[2025-02-01T05:38:47.165+0000] {logging_mixin.py:190} INFO - [2025-02-01T05:38:47.165+0000] {dag.py:4180} INFO - Setting next_dagrun for welcome_dag to 2025-01-31 23:00:00+00:00, run_after=2025-02-01 23:00:00+00:00
[2025-02-01T05:38:47.186+0000] {processor.py:208} INFO - Processing /opt/airflow/dags/welcome_dag.py took 2.546 seconds
[2025-02-01T06:01:04.962+0000] {processor.py:186} INFO - Started process (PID=6524) to work on /opt/airflow/dags/welcome_dag.py
[2025-02-01T06:01:04.977+0000] {processor.py:914} INFO - Processing file /opt/airflow/dags/welcome_dag.py for tasks to queue
[2025-02-01T06:01:05.007+0000] {logging_mixin.py:190} INFO - [2025-02-01T06:01:04.989+0000] {dagbag.py:588} INFO - Filling up the DagBag from /opt/airflow/dags/welcome_dag.py
[2025-02-01T06:01:05.746+0000] {processor.py:925} INFO - DAG(s) 'welcome_dag' retrieved from /opt/airflow/dags/welcome_dag.py
[2025-02-01T06:01:05.811+0000] {logging_mixin.py:190} INFO - [2025-02-01T06:01:05.811+0000] {dag.py:3239} INFO - Sync 1 DAGs
[2025-02-01T06:01:05.838+0000] {logging_mixin.py:190} INFO - [2025-02-01T06:01:05.838+0000] {dag.py:4180} INFO - Setting next_dagrun for welcome_dag to 2025-01-31 23:00:00+00:00, run_after=2025-02-01 23:00:00+00:00
[2025-02-01T06:01:05.871+0000] {processor.py:208} INFO - Processing /opt/airflow/dags/welcome_dag.py took 0.953 seconds
[2025-02-01T06:33:50.502+0000] {processor.py:186} INFO - Started process (PID=6527) to work on /opt/airflow/dags/welcome_dag.py
[2025-02-01T06:33:50.504+0000] {processor.py:914} INFO - Processing file /opt/airflow/dags/welcome_dag.py for tasks to queue
[2025-02-01T06:33:50.505+0000] {logging_mixin.py:190} INFO - [2025-02-01T06:33:50.505+0000] {dagbag.py:588} INFO - Filling up the DagBag from /opt/airflow/dags/welcome_dag.py
[2025-02-01T06:33:50.954+0000] {processor.py:925} INFO - DAG(s) 'welcome_dag' retrieved from /opt/airflow/dags/welcome_dag.py
[2025-02-01T06:33:51.006+0000] {logging_mixin.py:190} INFO - [2025-02-01T06:33:51.005+0000] {dag.py:3239} INFO - Sync 1 DAGs
[2025-02-01T06:33:51.032+0000] {logging_mixin.py:190} INFO - [2025-02-01T06:33:51.032+0000] {dag.py:4180} INFO - Setting next_dagrun for welcome_dag to 2025-01-31 23:00:00+00:00, run_after=2025-02-01 23:00:00+00:00
[2025-02-01T06:33:51.093+0000] {processor.py:208} INFO - Processing /opt/airflow/dags/welcome_dag.py took 0.599 seconds
[2025-02-01T07:01:58.257+0000] {processor.py:186} INFO - Started process (PID=6530) to work on /opt/airflow/dags/welcome_dag.py
[2025-02-01T07:01:58.263+0000] {processor.py:914} INFO - Processing file /opt/airflow/dags/welcome_dag.py for tasks to queue
[2025-02-01T07:01:58.268+0000] {logging_mixin.py:190} INFO - [2025-02-01T07:01:58.266+0000] {dagbag.py:588} INFO - Filling up the DagBag from /opt/airflow/dags/welcome_dag.py
[2025-02-01T07:01:58.666+0000] {processor.py:925} INFO - DAG(s) 'welcome_dag' retrieved from /opt/airflow/dags/welcome_dag.py
[2025-02-01T07:01:58.689+0000] {logging_mixin.py:190} INFO - [2025-02-01T07:01:58.689+0000] {dag.py:3239} INFO - Sync 1 DAGs
[2025-02-01T07:01:58.715+0000] {logging_mixin.py:190} INFO - [2025-02-01T07:01:58.715+0000] {dag.py:4180} INFO - Setting next_dagrun for welcome_dag to 2025-01-31 23:00:00+00:00, run_after=2025-02-01 23:00:00+00:00
[2025-02-01T07:01:58.731+0000] {processor.py:208} INFO - Processing /opt/airflow/dags/welcome_dag.py took 0.487 seconds
[2025-02-01T07:02:30.623+0000] {processor.py:186} INFO - Started process (PID=6533) to work on /opt/airflow/dags/welcome_dag.py
[2025-02-01T07:02:30.625+0000] {processor.py:914} INFO - Processing file /opt/airflow/dags/welcome_dag.py for tasks to queue
[2025-02-01T07:02:30.627+0000] {logging_mixin.py:190} INFO - [2025-02-01T07:02:30.626+0000] {dagbag.py:588} INFO - Filling up the DagBag from /opt/airflow/dags/welcome_dag.py
[2025-02-01T07:02:30.955+0000] {processor.py:925} INFO - DAG(s) 'welcome_dag' retrieved from /opt/airflow/dags/welcome_dag.py
[2025-02-01T07:02:30.977+0000] {logging_mixin.py:190} INFO - [2025-02-01T07:02:30.976+0000] {dag.py:3239} INFO - Sync 1 DAGs
[2025-02-01T07:02:30.990+0000] {logging_mixin.py:190} INFO - [2025-02-01T07:02:30.990+0000] {dag.py:4180} INFO - Setting next_dagrun for welcome_dag to 2025-01-31 23:00:00+00:00, run_after=2025-02-01 23:00:00+00:00
[2025-02-01T07:02:31.001+0000] {processor.py:208} INFO - Processing /opt/airflow/dags/welcome_dag.py took 0.389 seconds
[2025-02-01T07:06:14.394+0000] {processor.py:186} INFO - Started process (PID=6536) to work on /opt/airflow/dags/welcome_dag.py
[2025-02-01T07:06:14.396+0000] {processor.py:914} INFO - Processing file /opt/airflow/dags/welcome_dag.py for tasks to queue
[2025-02-01T07:06:14.399+0000] {logging_mixin.py:190} INFO - [2025-02-01T07:06:14.398+0000] {dagbag.py:588} INFO - Filling up the DagBag from /opt/airflow/dags/welcome_dag.py
[2025-02-01T07:06:14.933+0000] {processor.py:925} INFO - DAG(s) 'welcome_dag' retrieved from /opt/airflow/dags/welcome_dag.py
[2025-02-01T07:06:14.993+0000] {logging_mixin.py:190} INFO - [2025-02-01T07:06:14.992+0000] {dag.py:3239} INFO - Sync 1 DAGs
[2025-02-01T07:06:15.036+0000] {logging_mixin.py:190} INFO - [2025-02-01T07:06:15.036+0000] {dag.py:4180} INFO - Setting next_dagrun for welcome_dag to 2025-01-31 23:00:00+00:00, run_after=2025-02-01 23:00:00+00:00
[2025-02-01T07:06:15.062+0000] {processor.py:208} INFO - Processing /opt/airflow/dags/welcome_dag.py took 0.691 seconds
[2025-02-01T07:06:46.489+0000] {processor.py:186} INFO - Started process (PID=6539) to work on /opt/airflow/dags/welcome_dag.py
[2025-02-01T07:06:46.491+0000] {processor.py:914} INFO - Processing file /opt/airflow/dags/welcome_dag.py for tasks to queue
[2025-02-01T07:06:46.493+0000] {logging_mixin.py:190} INFO - [2025-02-01T07:06:46.492+0000] {dagbag.py:588} INFO - Filling up the DagBag from /opt/airflow/dags/welcome_dag.py
[2025-02-01T07:06:46.824+0000] {processor.py:925} INFO - DAG(s) 'welcome_dag' retrieved from /opt/airflow/dags/welcome_dag.py
[2025-02-01T07:06:46.845+0000] {logging_mixin.py:190} INFO - [2025-02-01T07:06:46.845+0000] {dag.py:3239} INFO - Sync 1 DAGs
[2025-02-01T07:06:46.855+0000] {logging_mixin.py:190} INFO - [2025-02-01T07:06:46.855+0000] {dag.py:4180} INFO - Setting next_dagrun for welcome_dag to 2025-01-31 23:00:00+00:00, run_after=2025-02-01 23:00:00+00:00
[2025-02-01T07:06:46.868+0000] {processor.py:208} INFO - Processing /opt/airflow/dags/welcome_dag.py took 0.394 seconds
[2025-02-01T07:07:17.178+0000] {processor.py:186} INFO - Started process (PID=6542) to work on /opt/airflow/dags/welcome_dag.py
[2025-02-01T07:07:17.181+0000] {processor.py:914} INFO - Processing file /opt/airflow/dags/welcome_dag.py for tasks to queue
[2025-02-01T07:07:17.189+0000] {logging_mixin.py:190} INFO - [2025-02-01T07:07:17.187+0000] {dagbag.py:588} INFO - Filling up the DagBag from /opt/airflow/dags/welcome_dag.py
[2025-02-01T07:07:17.518+0000] {processor.py:925} INFO - DAG(s) 'welcome_dag' retrieved from /opt/airflow/dags/welcome_dag.py
[2025-02-01T07:07:17.540+0000] {logging_mixin.py:190} INFO - [2025-02-01T07:07:17.540+0000] {dag.py:3239} INFO - Sync 1 DAGs
[2025-02-01T07:07:17.558+0000] {logging_mixin.py:190} INFO - [2025-02-01T07:07:17.557+0000] {dag.py:4180} INFO - Setting next_dagrun for welcome_dag to 2025-01-31 23:00:00+00:00, run_after=2025-02-01 23:00:00+00:00
[2025-02-01T07:07:17.570+0000] {processor.py:208} INFO - Processing /opt/airflow/dags/welcome_dag.py took 0.415 seconds
[2025-02-01T07:07:47.884+0000] {processor.py:186} INFO - Started process (PID=6545) to work on /opt/airflow/dags/welcome_dag.py
[2025-02-01T07:07:47.886+0000] {processor.py:914} INFO - Processing file /opt/airflow/dags/welcome_dag.py for tasks to queue
[2025-02-01T07:07:47.888+0000] {logging_mixin.py:190} INFO - [2025-02-01T07:07:47.887+0000] {dagbag.py:588} INFO - Filling up the DagBag from /opt/airflow/dags/welcome_dag.py
[2025-02-01T07:07:48.174+0000] {processor.py:925} INFO - DAG(s) 'welcome_dag' retrieved from /opt/airflow/dags/welcome_dag.py
[2025-02-01T07:07:48.194+0000] {logging_mixin.py:190} INFO - [2025-02-01T07:07:48.193+0000] {dag.py:3239} INFO - Sync 1 DAGs
[2025-02-01T07:07:48.209+0000] {logging_mixin.py:190} INFO - [2025-02-01T07:07:48.208+0000] {dag.py:4180} INFO - Setting next_dagrun for welcome_dag to 2025-01-31 23:00:00+00:00, run_after=2025-02-01 23:00:00+00:00
[2025-02-01T07:07:48.225+0000] {processor.py:208} INFO - Processing /opt/airflow/dags/welcome_dag.py took 0.354 seconds
[2025-02-01T07:09:45.364+0000] {processor.py:186} INFO - Started process (PID=6548) to work on /opt/airflow/dags/welcome_dag.py
[2025-02-01T07:09:45.367+0000] {processor.py:914} INFO - Processing file /opt/airflow/dags/welcome_dag.py for tasks to queue
[2025-02-01T07:09:45.368+0000] {logging_mixin.py:190} INFO - [2025-02-01T07:09:45.367+0000] {dagbag.py:588} INFO - Filling up the DagBag from /opt/airflow/dags/welcome_dag.py
[2025-02-01T07:09:45.592+0000] {processor.py:925} INFO - DAG(s) 'welcome_dag' retrieved from /opt/airflow/dags/welcome_dag.py
[2025-02-01T07:09:45.603+0000] {logging_mixin.py:190} INFO - [2025-02-01T07:09:45.603+0000] {dag.py:3239} INFO - Sync 1 DAGs
[2025-02-01T07:09:45.613+0000] {logging_mixin.py:190} INFO - [2025-02-01T07:09:45.613+0000] {dag.py:4180} INFO - Setting next_dagrun for welcome_dag to 2025-01-31 23:00:00+00:00, run_after=2025-02-01 23:00:00+00:00
[2025-02-01T07:09:45.623+0000] {processor.py:208} INFO - Processing /opt/airflow/dags/welcome_dag.py took 0.268 seconds
[2025-02-01T07:33:36.977+0000] {processor.py:186} INFO - Started process (PID=6552) to work on /opt/airflow/dags/welcome_dag.py
[2025-02-01T07:33:36.983+0000] {processor.py:914} INFO - Processing file /opt/airflow/dags/welcome_dag.py for tasks to queue
[2025-02-01T07:33:37.019+0000] {logging_mixin.py:190} INFO - [2025-02-01T07:33:36.985+0000] {dagbag.py:588} INFO - Filling up the DagBag from /opt/airflow/dags/welcome_dag.py
[2025-02-01T07:33:37.802+0000] {processor.py:925} INFO - DAG(s) 'welcome_dag' retrieved from /opt/airflow/dags/welcome_dag.py
[2025-02-01T07:33:37.854+0000] {logging_mixin.py:190} INFO - [2025-02-01T07:33:37.853+0000] {dag.py:3239} INFO - Sync 1 DAGs
[2025-02-01T07:33:37.884+0000] {logging_mixin.py:190} INFO - [2025-02-01T07:33:37.884+0000] {dag.py:4180} INFO - Setting next_dagrun for welcome_dag to 2025-01-31 23:00:00+00:00, run_after=2025-02-01 23:00:00+00:00
[2025-02-01T07:33:37.935+0000] {processor.py:208} INFO - Processing /opt/airflow/dags/welcome_dag.py took 1.000 seconds
[2025-02-01T07:34:08.952+0000] {processor.py:186} INFO - Started process (PID=6555) to work on /opt/airflow/dags/welcome_dag.py
[2025-02-01T07:34:08.955+0000] {processor.py:914} INFO - Processing file /opt/airflow/dags/welcome_dag.py for tasks to queue
[2025-02-01T07:34:08.957+0000] {logging_mixin.py:190} INFO - [2025-02-01T07:34:08.956+0000] {dagbag.py:588} INFO - Filling up the DagBag from /opt/airflow/dags/welcome_dag.py
[2025-02-01T07:34:09.344+0000] {processor.py:925} INFO - DAG(s) 'welcome_dag' retrieved from /opt/airflow/dags/welcome_dag.py
[2025-02-01T07:34:09.365+0000] {logging_mixin.py:190} INFO - [2025-02-01T07:34:09.364+0000] {dag.py:3239} INFO - Sync 1 DAGs
[2025-02-01T07:34:09.379+0000] {logging_mixin.py:190} INFO - [2025-02-01T07:34:09.379+0000] {dag.py:4180} INFO - Setting next_dagrun for welcome_dag to 2025-01-31 23:00:00+00:00, run_after=2025-02-01 23:00:00+00:00
[2025-02-01T07:34:09.391+0000] {processor.py:208} INFO - Processing /opt/airflow/dags/welcome_dag.py took 0.453 seconds
[2025-02-01T08:05:07.364+0000] {processor.py:186} INFO - Started process (PID=6558) to work on /opt/airflow/dags/welcome_dag.py
[2025-02-01T08:05:07.393+0000] {processor.py:914} INFO - Processing file /opt/airflow/dags/welcome_dag.py for tasks to queue
[2025-02-01T08:05:07.415+0000] {logging_mixin.py:190} INFO - [2025-02-01T08:05:07.410+0000] {dagbag.py:588} INFO - Filling up the DagBag from /opt/airflow/dags/welcome_dag.py
[2025-02-01T08:05:12.493+0000] {processor.py:925} INFO - DAG(s) 'welcome_dag' retrieved from /opt/airflow/dags/welcome_dag.py
[2025-02-01T08:05:12.800+0000] {logging_mixin.py:190} INFO - [2025-02-01T08:05:12.796+0000] {dag.py:3239} INFO - Sync 1 DAGs
[2025-02-01T08:05:13.047+0000] {logging_mixin.py:190} INFO - [2025-02-01T08:05:13.046+0000] {dag.py:4180} INFO - Setting next_dagrun for welcome_dag to 2025-01-31 23:00:00+00:00, run_after=2025-02-01 23:00:00+00:00
[2025-02-01T08:05:13.206+0000] {processor.py:208} INFO - Processing /opt/airflow/dags/welcome_dag.py took 5.952 seconds
[2025-02-01T08:25:25.959+0000] {processor.py:186} INFO - Started process (PID=6561) to work on /opt/airflow/dags/welcome_dag.py
[2025-02-01T08:25:25.961+0000] {processor.py:914} INFO - Processing file /opt/airflow/dags/welcome_dag.py for tasks to queue
[2025-02-01T08:25:25.963+0000] {logging_mixin.py:190} INFO - [2025-02-01T08:25:25.963+0000] {dagbag.py:588} INFO - Filling up the DagBag from /opt/airflow/dags/welcome_dag.py
[2025-02-01T08:25:27.323+0000] {processor.py:925} INFO - DAG(s) 'welcome_dag' retrieved from /opt/airflow/dags/welcome_dag.py
[2025-02-01T08:25:27.382+0000] {logging_mixin.py:190} INFO - [2025-02-01T08:25:27.381+0000] {dag.py:3239} INFO - Sync 1 DAGs
[2025-02-01T08:25:27.404+0000] {logging_mixin.py:190} INFO - [2025-02-01T08:25:27.404+0000] {dag.py:4180} INFO - Setting next_dagrun for welcome_dag to 2025-01-31 23:00:00+00:00, run_after=2025-02-01 23:00:00+00:00
[2025-02-01T08:25:27.421+0000] {processor.py:208} INFO - Processing /opt/airflow/dags/welcome_dag.py took 1.474 seconds
[2025-02-01T08:45:37.054+0000] {processor.py:186} INFO - Started process (PID=6564) to work on /opt/airflow/dags/welcome_dag.py
[2025-02-01T08:45:37.059+0000] {processor.py:914} INFO - Processing file /opt/airflow/dags/welcome_dag.py for tasks to queue
[2025-02-01T08:45:37.061+0000] {logging_mixin.py:190} INFO - [2025-02-01T08:45:37.060+0000] {dagbag.py:588} INFO - Filling up the DagBag from /opt/airflow/dags/welcome_dag.py
[2025-02-01T08:45:37.595+0000] {processor.py:925} INFO - DAG(s) 'welcome_dag' retrieved from /opt/airflow/dags/welcome_dag.py
[2025-02-01T08:45:37.719+0000] {logging_mixin.py:190} INFO - [2025-02-01T08:45:37.718+0000] {dag.py:3239} INFO - Sync 1 DAGs
[2025-02-01T08:45:37.748+0000] {logging_mixin.py:190} INFO - [2025-02-01T08:45:37.748+0000] {dag.py:4180} INFO - Setting next_dagrun for welcome_dag to 2025-01-31 23:00:00+00:00, run_after=2025-02-01 23:00:00+00:00
[2025-02-01T08:45:37.783+0000] {processor.py:208} INFO - Processing /opt/airflow/dags/welcome_dag.py took 0.743 seconds
[2025-02-01T09:34:52.232+0000] {processor.py:186} INFO - Started process (PID=6567) to work on /opt/airflow/dags/welcome_dag.py
[2025-02-01T09:34:52.236+0000] {processor.py:914} INFO - Processing file /opt/airflow/dags/welcome_dag.py for tasks to queue
[2025-02-01T09:34:52.240+0000] {logging_mixin.py:190} INFO - [2025-02-01T09:34:52.238+0000] {dagbag.py:588} INFO - Filling up the DagBag from /opt/airflow/dags/welcome_dag.py
[2025-02-01T09:34:52.572+0000] {processor.py:925} INFO - DAG(s) 'welcome_dag' retrieved from /opt/airflow/dags/welcome_dag.py
[2025-02-01T09:34:52.595+0000] {logging_mixin.py:190} INFO - [2025-02-01T09:34:52.595+0000] {dag.py:3239} INFO - Sync 1 DAGs
[2025-02-01T09:34:52.613+0000] {logging_mixin.py:190} INFO - [2025-02-01T09:34:52.612+0000] {dag.py:4180} INFO - Setting next_dagrun for welcome_dag to 2025-01-31 23:00:00+00:00, run_after=2025-02-01 23:00:00+00:00
[2025-02-01T09:34:52.624+0000] {processor.py:208} INFO - Processing /opt/airflow/dags/welcome_dag.py took 0.400 seconds
[2025-02-01T10:06:47.841+0000] {processor.py:186} INFO - Started process (PID=6570) to work on /opt/airflow/dags/welcome_dag.py
[2025-02-01T10:06:47.843+0000] {processor.py:914} INFO - Processing file /opt/airflow/dags/welcome_dag.py for tasks to queue
[2025-02-01T10:06:47.846+0000] {logging_mixin.py:190} INFO - [2025-02-01T10:06:47.844+0000] {dagbag.py:588} INFO - Filling up the DagBag from /opt/airflow/dags/welcome_dag.py
[2025-02-01T10:06:48.976+0000] {processor.py:925} INFO - DAG(s) 'welcome_dag' retrieved from /opt/airflow/dags/welcome_dag.py
[2025-02-01T10:06:49.042+0000] {logging_mixin.py:190} INFO - [2025-02-01T10:06:49.041+0000] {dag.py:3239} INFO - Sync 1 DAGs
[2025-02-01T10:06:49.073+0000] {logging_mixin.py:190} INFO - [2025-02-01T10:06:49.073+0000] {dag.py:4180} INFO - Setting next_dagrun for welcome_dag to 2025-01-31 23:00:00+00:00, run_after=2025-02-01 23:00:00+00:00
[2025-02-01T10:06:49.102+0000] {processor.py:208} INFO - Processing /opt/airflow/dags/welcome_dag.py took 1.285 seconds
[2025-02-01T10:36:47.994+0000] {processor.py:186} INFO - Started process (PID=6573) to work on /opt/airflow/dags/welcome_dag.py
[2025-02-01T10:36:48.040+0000] {processor.py:914} INFO - Processing file /opt/airflow/dags/welcome_dag.py for tasks to queue
[2025-02-01T10:36:48.360+0000] {logging_mixin.py:190} INFO - [2025-02-01T10:36:48.351+0000] {dagbag.py:588} INFO - Filling up the DagBag from /opt/airflow/dags/welcome_dag.py
[2025-02-01T10:36:50.761+0000] {processor.py:925} INFO - DAG(s) 'welcome_dag' retrieved from /opt/airflow/dags/welcome_dag.py
[2025-02-01T10:36:50.872+0000] {logging_mixin.py:190} INFO - [2025-02-01T10:36:50.871+0000] {dag.py:3239} INFO - Sync 1 DAGs
[2025-02-01T10:36:50.916+0000] {logging_mixin.py:190} INFO - [2025-02-01T10:36:50.916+0000] {dag.py:4180} INFO - Setting next_dagrun for welcome_dag to 2025-01-31 23:00:00+00:00, run_after=2025-02-01 23:00:00+00:00
[2025-02-01T10:36:50.972+0000] {processor.py:208} INFO - Processing /opt/airflow/dags/welcome_dag.py took 3.114 seconds
[2025-02-01T10:38:03.655+0000] {processor.py:186} INFO - Started process (PID=6576) to work on /opt/airflow/dags/welcome_dag.py
[2025-02-01T10:38:03.659+0000] {processor.py:914} INFO - Processing file /opt/airflow/dags/welcome_dag.py for tasks to queue
[2025-02-01T10:38:03.661+0000] {logging_mixin.py:190} INFO - [2025-02-01T10:38:03.660+0000] {dagbag.py:588} INFO - Filling up the DagBag from /opt/airflow/dags/welcome_dag.py
[2025-02-01T10:38:04.203+0000] {processor.py:925} INFO - DAG(s) 'welcome_dag' retrieved from /opt/airflow/dags/welcome_dag.py
[2025-02-01T10:38:04.268+0000] {logging_mixin.py:190} INFO - [2025-02-01T10:38:04.267+0000] {dag.py:3239} INFO - Sync 1 DAGs
[2025-02-01T10:38:04.297+0000] {logging_mixin.py:190} INFO - [2025-02-01T10:38:04.297+0000] {dag.py:4180} INFO - Setting next_dagrun for welcome_dag to 2025-01-31 23:00:00+00:00, run_after=2025-02-01 23:00:00+00:00
[2025-02-01T10:38:04.334+0000] {processor.py:208} INFO - Processing /opt/airflow/dags/welcome_dag.py took 0.694 seconds
[2025-02-01T10:44:34.138+0000] {processor.py:186} INFO - Started process (PID=6579) to work on /opt/airflow/dags/welcome_dag.py
[2025-02-01T10:44:34.140+0000] {processor.py:914} INFO - Processing file /opt/airflow/dags/welcome_dag.py for tasks to queue
[2025-02-01T10:44:34.141+0000] {logging_mixin.py:190} INFO - [2025-02-01T10:44:34.141+0000] {dagbag.py:588} INFO - Filling up the DagBag from /opt/airflow/dags/welcome_dag.py
[2025-02-01T10:44:34.459+0000] {processor.py:925} INFO - DAG(s) 'welcome_dag' retrieved from /opt/airflow/dags/welcome_dag.py
[2025-02-01T10:44:34.485+0000] {logging_mixin.py:190} INFO - [2025-02-01T10:44:34.484+0000] {dag.py:3239} INFO - Sync 1 DAGs
[2025-02-01T10:44:34.503+0000] {logging_mixin.py:190} INFO - [2025-02-01T10:44:34.503+0000] {dag.py:4180} INFO - Setting next_dagrun for welcome_dag to 2025-01-31 23:00:00+00:00, run_after=2025-02-01 23:00:00+00:00
[2025-02-01T10:44:34.515+0000] {processor.py:208} INFO - Processing /opt/airflow/dags/welcome_dag.py took 0.386 seconds
[2025-02-01T10:45:05.243+0000] {processor.py:186} INFO - Started process (PID=6582) to work on /opt/airflow/dags/welcome_dag.py
[2025-02-01T10:45:05.245+0000] {processor.py:914} INFO - Processing file /opt/airflow/dags/welcome_dag.py for tasks to queue
[2025-02-01T10:45:05.249+0000] {logging_mixin.py:190} INFO - [2025-02-01T10:45:05.248+0000] {dagbag.py:588} INFO - Filling up the DagBag from /opt/airflow/dags/welcome_dag.py
[2025-02-01T10:45:05.794+0000] {processor.py:925} INFO - DAG(s) 'welcome_dag' retrieved from /opt/airflow/dags/welcome_dag.py
[2025-02-01T10:45:05.841+0000] {logging_mixin.py:190} INFO - [2025-02-01T10:45:05.840+0000] {dag.py:3239} INFO - Sync 1 DAGs
[2025-02-01T10:45:05.878+0000] {logging_mixin.py:190} INFO - [2025-02-01T10:45:05.877+0000] {dag.py:4180} INFO - Setting next_dagrun for welcome_dag to 2025-01-31 23:00:00+00:00, run_after=2025-02-01 23:00:00+00:00
[2025-02-01T10:45:05.899+0000] {processor.py:208} INFO - Processing /opt/airflow/dags/welcome_dag.py took 0.675 seconds
[2025-02-01T10:45:36.360+0000] {processor.py:186} INFO - Started process (PID=6585) to work on /opt/airflow/dags/welcome_dag.py
[2025-02-01T10:45:36.361+0000] {processor.py:914} INFO - Processing file /opt/airflow/dags/welcome_dag.py for tasks to queue
[2025-02-01T10:45:36.363+0000] {logging_mixin.py:190} INFO - [2025-02-01T10:45:36.362+0000] {dagbag.py:588} INFO - Filling up the DagBag from /opt/airflow/dags/welcome_dag.py
[2025-02-01T10:45:36.657+0000] {processor.py:925} INFO - DAG(s) 'welcome_dag' retrieved from /opt/airflow/dags/welcome_dag.py
[2025-02-01T10:45:36.675+0000] {logging_mixin.py:190} INFO - [2025-02-01T10:45:36.675+0000] {dag.py:3239} INFO - Sync 1 DAGs
[2025-02-01T10:45:36.690+0000] {logging_mixin.py:190} INFO - [2025-02-01T10:45:36.690+0000] {dag.py:4180} INFO - Setting next_dagrun for welcome_dag to 2025-01-31 23:00:00+00:00, run_after=2025-02-01 23:00:00+00:00
[2025-02-01T10:45:36.710+0000] {processor.py:208} INFO - Processing /opt/airflow/dags/welcome_dag.py took 0.358 seconds
[2025-02-01T10:46:07.066+0000] {processor.py:186} INFO - Started process (PID=6588) to work on /opt/airflow/dags/welcome_dag.py
[2025-02-01T10:46:07.067+0000] {processor.py:914} INFO - Processing file /opt/airflow/dags/welcome_dag.py for tasks to queue
[2025-02-01T10:46:07.069+0000] {logging_mixin.py:190} INFO - [2025-02-01T10:46:07.068+0000] {dagbag.py:588} INFO - Filling up the DagBag from /opt/airflow/dags/welcome_dag.py
[2025-02-01T10:46:07.387+0000] {processor.py:925} INFO - DAG(s) 'welcome_dag' retrieved from /opt/airflow/dags/welcome_dag.py
[2025-02-01T10:46:07.412+0000] {logging_mixin.py:190} INFO - [2025-02-01T10:46:07.412+0000] {dag.py:3239} INFO - Sync 1 DAGs
[2025-02-01T10:46:07.427+0000] {logging_mixin.py:190} INFO - [2025-02-01T10:46:07.427+0000] {dag.py:4180} INFO - Setting next_dagrun for welcome_dag to 2025-01-31 23:00:00+00:00, run_after=2025-02-01 23:00:00+00:00
[2025-02-01T10:46:07.443+0000] {processor.py:208} INFO - Processing /opt/airflow/dags/welcome_dag.py took 0.392 seconds
[2025-02-01T10:46:37.693+0000] {processor.py:186} INFO - Started process (PID=6591) to work on /opt/airflow/dags/welcome_dag.py
[2025-02-01T10:46:37.695+0000] {processor.py:914} INFO - Processing file /opt/airflow/dags/welcome_dag.py for tasks to queue
[2025-02-01T10:46:37.695+0000] {logging_mixin.py:190} INFO - [2025-02-01T10:46:37.695+0000] {dagbag.py:588} INFO - Filling up the DagBag from /opt/airflow/dags/welcome_dag.py
[2025-02-01T10:46:37.855+0000] {processor.py:925} INFO - DAG(s) 'welcome_dag' retrieved from /opt/airflow/dags/welcome_dag.py
[2025-02-01T10:46:37.864+0000] {logging_mixin.py:190} INFO - [2025-02-01T10:46:37.864+0000] {dag.py:3239} INFO - Sync 1 DAGs
[2025-02-01T10:46:37.872+0000] {logging_mixin.py:190} INFO - [2025-02-01T10:46:37.872+0000] {dag.py:4180} INFO - Setting next_dagrun for welcome_dag to 2025-01-31 23:00:00+00:00, run_after=2025-02-01 23:00:00+00:00
[2025-02-01T10:46:37.881+0000] {processor.py:208} INFO - Processing /opt/airflow/dags/welcome_dag.py took 0.197 seconds
[2025-02-01T10:47:11.655+0000] {processor.py:186} INFO - Started process (PID=6594) to work on /opt/airflow/dags/welcome_dag.py
[2025-02-01T10:47:11.657+0000] {processor.py:914} INFO - Processing file /opt/airflow/dags/welcome_dag.py for tasks to queue
[2025-02-01T10:47:11.659+0000] {logging_mixin.py:190} INFO - [2025-02-01T10:47:11.658+0000] {dagbag.py:588} INFO - Filling up the DagBag from /opt/airflow/dags/welcome_dag.py
[2025-02-01T10:47:12.047+0000] {processor.py:925} INFO - DAG(s) 'welcome_dag' retrieved from /opt/airflow/dags/welcome_dag.py
[2025-02-01T10:47:12.076+0000] {logging_mixin.py:190} INFO - [2025-02-01T10:47:12.076+0000] {dag.py:3239} INFO - Sync 1 DAGs
[2025-02-01T10:47:12.107+0000] {logging_mixin.py:190} INFO - [2025-02-01T10:47:12.107+0000] {dag.py:4180} INFO - Setting next_dagrun for welcome_dag to 2025-01-31 23:00:00+00:00, run_after=2025-02-01 23:00:00+00:00
[2025-02-01T10:47:12.132+0000] {processor.py:208} INFO - Processing /opt/airflow/dags/welcome_dag.py took 0.493 seconds
[2025-02-01T11:01:17.923+0000] {processor.py:186} INFO - Started process (PID=6597) to work on /opt/airflow/dags/welcome_dag.py
[2025-02-01T11:01:17.930+0000] {processor.py:914} INFO - Processing file /opt/airflow/dags/welcome_dag.py for tasks to queue
[2025-02-01T11:01:17.933+0000] {logging_mixin.py:190} INFO - [2025-02-01T11:01:17.932+0000] {dagbag.py:588} INFO - Filling up the DagBag from /opt/airflow/dags/welcome_dag.py
[2025-02-01T11:01:18.304+0000] {processor.py:925} INFO - DAG(s) 'welcome_dag' retrieved from /opt/airflow/dags/welcome_dag.py
[2025-02-01T11:01:18.330+0000] {logging_mixin.py:190} INFO - [2025-02-01T11:01:18.330+0000] {dag.py:3239} INFO - Sync 1 DAGs
[2025-02-01T11:01:18.349+0000] {logging_mixin.py:190} INFO - [2025-02-01T11:01:18.349+0000] {dag.py:4180} INFO - Setting next_dagrun for welcome_dag to 2025-01-31 23:00:00+00:00, run_after=2025-02-01 23:00:00+00:00
[2025-02-01T11:01:18.369+0000] {processor.py:208} INFO - Processing /opt/airflow/dags/welcome_dag.py took 0.473 seconds
[2025-02-01T11:35:03.185+0000] {processor.py:186} INFO - Started process (PID=6600) to work on /opt/airflow/dags/welcome_dag.py
[2025-02-01T11:35:03.187+0000] {processor.py:914} INFO - Processing file /opt/airflow/dags/welcome_dag.py for tasks to queue
[2025-02-01T11:35:03.189+0000] {logging_mixin.py:190} INFO - [2025-02-01T11:35:03.188+0000] {dagbag.py:588} INFO - Filling up the DagBag from /opt/airflow/dags/welcome_dag.py
[2025-02-01T11:35:03.556+0000] {processor.py:925} INFO - DAG(s) 'welcome_dag' retrieved from /opt/airflow/dags/welcome_dag.py
[2025-02-01T11:35:03.586+0000] {logging_mixin.py:190} INFO - [2025-02-01T11:35:03.585+0000] {dag.py:3239} INFO - Sync 1 DAGs
[2025-02-01T11:35:03.605+0000] {logging_mixin.py:190} INFO - [2025-02-01T11:35:03.604+0000] {dag.py:4180} INFO - Setting next_dagrun for welcome_dag to 2025-01-31 23:00:00+00:00, run_after=2025-02-01 23:00:00+00:00
[2025-02-01T11:35:03.621+0000] {processor.py:208} INFO - Processing /opt/airflow/dags/welcome_dag.py took 0.453 seconds
[2025-02-01T11:53:19.017+0000] {processor.py:186} INFO - Started process (PID=6603) to work on /opt/airflow/dags/welcome_dag.py
[2025-02-01T11:53:19.021+0000] {processor.py:914} INFO - Processing file /opt/airflow/dags/welcome_dag.py for tasks to queue
[2025-02-01T11:53:19.023+0000] {logging_mixin.py:190} INFO - [2025-02-01T11:53:19.022+0000] {dagbag.py:588} INFO - Filling up the DagBag from /opt/airflow/dags/welcome_dag.py
[2025-02-01T11:53:19.379+0000] {processor.py:925} INFO - DAG(s) 'welcome_dag' retrieved from /opt/airflow/dags/welcome_dag.py
[2025-02-01T11:53:19.419+0000] {logging_mixin.py:190} INFO - [2025-02-01T11:53:19.418+0000] {dag.py:3239} INFO - Sync 1 DAGs
[2025-02-01T11:53:19.495+0000] {logging_mixin.py:190} INFO - [2025-02-01T11:53:19.494+0000] {dag.py:4180} INFO - Setting next_dagrun for welcome_dag to 2025-01-31 23:00:00+00:00, run_after=2025-02-01 23:00:00+00:00
[2025-02-01T11:53:19.542+0000] {processor.py:208} INFO - Processing /opt/airflow/dags/welcome_dag.py took 0.540 seconds
[2025-02-01T11:53:49.951+0000] {processor.py:186} INFO - Started process (PID=6606) to work on /opt/airflow/dags/welcome_dag.py
[2025-02-01T11:53:49.955+0000] {processor.py:914} INFO - Processing file /opt/airflow/dags/welcome_dag.py for tasks to queue
[2025-02-01T11:53:49.959+0000] {logging_mixin.py:190} INFO - [2025-02-01T11:53:49.958+0000] {dagbag.py:588} INFO - Filling up the DagBag from /opt/airflow/dags/welcome_dag.py
[2025-02-01T11:53:50.267+0000] {processor.py:925} INFO - DAG(s) 'welcome_dag' retrieved from /opt/airflow/dags/welcome_dag.py
[2025-02-01T11:53:50.301+0000] {logging_mixin.py:190} INFO - [2025-02-01T11:53:50.300+0000] {dag.py:3239} INFO - Sync 1 DAGs
[2025-02-01T11:53:50.317+0000] {logging_mixin.py:190} INFO - [2025-02-01T11:53:50.317+0000] {dag.py:4180} INFO - Setting next_dagrun for welcome_dag to 2025-01-31 23:00:00+00:00, run_after=2025-02-01 23:00:00+00:00
[2025-02-01T11:53:50.329+0000] {processor.py:208} INFO - Processing /opt/airflow/dags/welcome_dag.py took 0.403 seconds
[2025-02-01T11:54:31.953+0000] {processor.py:186} INFO - Started process (PID=6609) to work on /opt/airflow/dags/welcome_dag.py
[2025-02-01T11:54:31.955+0000] {processor.py:914} INFO - Processing file /opt/airflow/dags/welcome_dag.py for tasks to queue
[2025-02-01T11:54:31.959+0000] {logging_mixin.py:190} INFO - [2025-02-01T11:54:31.958+0000] {dagbag.py:588} INFO - Filling up the DagBag from /opt/airflow/dags/welcome_dag.py
[2025-02-01T11:54:32.512+0000] {processor.py:925} INFO - DAG(s) 'welcome_dag' retrieved from /opt/airflow/dags/welcome_dag.py
[2025-02-01T11:54:32.591+0000] {logging_mixin.py:190} INFO - [2025-02-01T11:54:32.589+0000] {dag.py:3239} INFO - Sync 1 DAGs
[2025-02-01T11:54:32.626+0000] {logging_mixin.py:190} INFO - [2025-02-01T11:54:32.626+0000] {dag.py:4180} INFO - Setting next_dagrun for welcome_dag to 2025-01-31 23:00:00+00:00, run_after=2025-02-01 23:00:00+00:00
[2025-02-01T11:54:32.643+0000] {processor.py:208} INFO - Processing /opt/airflow/dags/welcome_dag.py took 0.705 seconds
[2025-02-01T11:57:34.726+0000] {processor.py:186} INFO - Started process (PID=6612) to work on /opt/airflow/dags/welcome_dag.py
[2025-02-01T11:57:34.731+0000] {processor.py:914} INFO - Processing file /opt/airflow/dags/welcome_dag.py for tasks to queue
[2025-02-01T11:57:34.733+0000] {logging_mixin.py:190} INFO - [2025-02-01T11:57:34.732+0000] {dagbag.py:588} INFO - Filling up the DagBag from /opt/airflow/dags/welcome_dag.py
[2025-02-01T11:57:35.123+0000] {processor.py:925} INFO - DAG(s) 'welcome_dag' retrieved from /opt/airflow/dags/welcome_dag.py
[2025-02-01T11:57:35.168+0000] {logging_mixin.py:190} INFO - [2025-02-01T11:57:35.167+0000] {dag.py:3239} INFO - Sync 1 DAGs
[2025-02-01T11:57:35.194+0000] {logging_mixin.py:190} INFO - [2025-02-01T11:57:35.194+0000] {dag.py:4180} INFO - Setting next_dagrun for welcome_dag to 2025-01-31 23:00:00+00:00, run_after=2025-02-01 23:00:00+00:00
[2025-02-01T11:57:35.213+0000] {processor.py:208} INFO - Processing /opt/airflow/dags/welcome_dag.py took 0.537 seconds
[2025-02-01T12:29:49.287+0000] {processor.py:186} INFO - Started process (PID=6615) to work on /opt/airflow/dags/welcome_dag.py
[2025-02-01T12:29:49.289+0000] {processor.py:914} INFO - Processing file /opt/airflow/dags/welcome_dag.py for tasks to queue
[2025-02-01T12:29:49.293+0000] {logging_mixin.py:190} INFO - [2025-02-01T12:29:49.291+0000] {dagbag.py:588} INFO - Filling up the DagBag from /opt/airflow/dags/welcome_dag.py
[2025-02-01T12:29:51.475+0000] {processor.py:925} INFO - DAG(s) 'welcome_dag' retrieved from /opt/airflow/dags/welcome_dag.py
[2025-02-01T12:29:51.702+0000] {logging_mixin.py:190} INFO - [2025-02-01T12:29:51.699+0000] {dag.py:3239} INFO - Sync 1 DAGs
[2025-02-01T12:29:51.760+0000] {logging_mixin.py:190} INFO - [2025-02-01T12:29:51.760+0000] {dag.py:4180} INFO - Setting next_dagrun for welcome_dag to 2025-01-31 23:00:00+00:00, run_after=2025-02-01 23:00:00+00:00
[2025-02-01T12:29:51.797+0000] {processor.py:208} INFO - Processing /opt/airflow/dags/welcome_dag.py took 2.521 seconds
[2025-02-01T12:56:28.820+0000] {processor.py:186} INFO - Started process (PID=6618) to work on /opt/airflow/dags/welcome_dag.py
[2025-02-01T12:56:28.823+0000] {processor.py:914} INFO - Processing file /opt/airflow/dags/welcome_dag.py for tasks to queue
[2025-02-01T12:56:28.824+0000] {logging_mixin.py:190} INFO - [2025-02-01T12:56:28.824+0000] {dagbag.py:588} INFO - Filling up the DagBag from /opt/airflow/dags/welcome_dag.py
[2025-02-01T12:56:29.127+0000] {processor.py:925} INFO - DAG(s) 'welcome_dag' retrieved from /opt/airflow/dags/welcome_dag.py
[2025-02-01T12:56:29.156+0000] {logging_mixin.py:190} INFO - [2025-02-01T12:56:29.156+0000] {dag.py:3239} INFO - Sync 1 DAGs
[2025-02-01T12:56:29.186+0000] {logging_mixin.py:190} INFO - [2025-02-01T12:56:29.186+0000] {dag.py:4180} INFO - Setting next_dagrun for welcome_dag to 2025-01-31 23:00:00+00:00, run_after=2025-02-01 23:00:00+00:00
[2025-02-01T12:56:29.238+0000] {processor.py:208} INFO - Processing /opt/airflow/dags/welcome_dag.py took 0.431 seconds
[2025-02-01T12:57:06.970+0000] {processor.py:186} INFO - Started process (PID=6621) to work on /opt/airflow/dags/welcome_dag.py
[2025-02-01T12:57:07.318+0000] {processor.py:914} INFO - Processing file /opt/airflow/dags/welcome_dag.py for tasks to queue
[2025-02-01T12:57:07.828+0000] {logging_mixin.py:190} INFO - [2025-02-01T12:57:07.820+0000] {dagbag.py:588} INFO - Filling up the DagBag from /opt/airflow/dags/welcome_dag.py
[2025-02-01T12:57:08.719+0000] {processor.py:925} INFO - DAG(s) 'welcome_dag' retrieved from /opt/airflow/dags/welcome_dag.py
[2025-02-01T12:57:08.762+0000] {logging_mixin.py:190} INFO - [2025-02-01T12:57:08.761+0000] {dag.py:3239} INFO - Sync 1 DAGs
[2025-02-01T12:57:08.786+0000] {logging_mixin.py:190} INFO - [2025-02-01T12:57:08.786+0000] {dag.py:4180} INFO - Setting next_dagrun for welcome_dag to 2025-01-31 23:00:00+00:00, run_after=2025-02-01 23:00:00+00:00
[2025-02-01T12:57:08.814+0000] {processor.py:208} INFO - Processing /opt/airflow/dags/welcome_dag.py took 1.899 seconds
[2025-02-01T13:00:12.372+0000] {processor.py:186} INFO - Started process (PID=6624) to work on /opt/airflow/dags/welcome_dag.py
[2025-02-01T13:00:12.374+0000] {processor.py:914} INFO - Processing file /opt/airflow/dags/welcome_dag.py for tasks to queue
[2025-02-01T13:00:12.376+0000] {logging_mixin.py:190} INFO - [2025-02-01T13:00:12.375+0000] {dagbag.py:588} INFO - Filling up the DagBag from /opt/airflow/dags/welcome_dag.py
[2025-02-01T13:00:12.764+0000] {processor.py:925} INFO - DAG(s) 'welcome_dag' retrieved from /opt/airflow/dags/welcome_dag.py
[2025-02-01T13:00:12.797+0000] {logging_mixin.py:190} INFO - [2025-02-01T13:00:12.797+0000] {dag.py:3239} INFO - Sync 1 DAGs
[2025-02-01T13:00:12.820+0000] {logging_mixin.py:190} INFO - [2025-02-01T13:00:12.819+0000] {dag.py:4180} INFO - Setting next_dagrun for welcome_dag to 2025-01-31 23:00:00+00:00, run_after=2025-02-01 23:00:00+00:00
[2025-02-01T13:00:12.840+0000] {processor.py:208} INFO - Processing /opt/airflow/dags/welcome_dag.py took 0.483 seconds
[2025-02-01T14:40:34.618+0000] {processor.py:186} INFO - Started process (PID=6627) to work on /opt/airflow/dags/welcome_dag.py
[2025-02-01T14:40:34.618+0000] {processor.py:914} INFO - Processing file /opt/airflow/dags/welcome_dag.py for tasks to queue
[2025-02-01T14:40:34.619+0000] {logging_mixin.py:190} INFO - [2025-02-01T14:40:34.619+0000] {dagbag.py:588} INFO - Filling up the DagBag from /opt/airflow/dags/welcome_dag.py
[2025-02-01T14:40:34.785+0000] {processor.py:925} INFO - DAG(s) 'welcome_dag' retrieved from /opt/airflow/dags/welcome_dag.py
[2025-02-01T14:40:34.795+0000] {logging_mixin.py:190} INFO - [2025-02-01T14:40:34.795+0000] {dag.py:3239} INFO - Sync 1 DAGs
[2025-02-01T14:40:34.804+0000] {logging_mixin.py:190} INFO - [2025-02-01T14:40:34.803+0000] {dag.py:4180} INFO - Setting next_dagrun for welcome_dag to 2025-01-31 23:00:00+00:00, run_after=2025-02-01 23:00:00+00:00
[2025-02-01T14:40:34.812+0000] {processor.py:208} INFO - Processing /opt/airflow/dags/welcome_dag.py took 0.199 seconds
[2025-02-01T14:58:17.843+0000] {processor.py:186} INFO - Started process (PID=6630) to work on /opt/airflow/dags/welcome_dag.py
[2025-02-01T14:58:17.844+0000] {processor.py:914} INFO - Processing file /opt/airflow/dags/welcome_dag.py for tasks to queue
[2025-02-01T14:58:17.845+0000] {logging_mixin.py:190} INFO - [2025-02-01T14:58:17.845+0000] {dagbag.py:588} INFO - Filling up the DagBag from /opt/airflow/dags/welcome_dag.py
[2025-02-01T14:58:18.136+0000] {processor.py:925} INFO - DAG(s) 'welcome_dag' retrieved from /opt/airflow/dags/welcome_dag.py
[2025-02-01T14:58:18.163+0000] {logging_mixin.py:190} INFO - [2025-02-01T14:58:18.163+0000] {dag.py:3239} INFO - Sync 1 DAGs
[2025-02-01T14:58:18.177+0000] {logging_mixin.py:190} INFO - [2025-02-01T14:58:18.177+0000] {dag.py:4180} INFO - Setting next_dagrun for welcome_dag to 2025-01-31 23:00:00+00:00, run_after=2025-02-01 23:00:00+00:00
[2025-02-01T14:58:18.193+0000] {processor.py:208} INFO - Processing /opt/airflow/dags/welcome_dag.py took 0.362 seconds
[2025-02-01T15:28:32.349+0000] {processor.py:186} INFO - Started process (PID=6633) to work on /opt/airflow/dags/welcome_dag.py
[2025-02-01T15:28:32.355+0000] {processor.py:914} INFO - Processing file /opt/airflow/dags/welcome_dag.py for tasks to queue
[2025-02-01T15:28:32.357+0000] {logging_mixin.py:190} INFO - [2025-02-01T15:28:32.357+0000] {dagbag.py:588} INFO - Filling up the DagBag from /opt/airflow/dags/welcome_dag.py
[2025-02-01T15:28:32.748+0000] {processor.py:925} INFO - DAG(s) 'welcome_dag' retrieved from /opt/airflow/dags/welcome_dag.py
[2025-02-01T15:28:32.779+0000] {logging_mixin.py:190} INFO - [2025-02-01T15:28:32.778+0000] {dag.py:3239} INFO - Sync 1 DAGs
[2025-02-01T15:28:32.803+0000] {logging_mixin.py:190} INFO - [2025-02-01T15:28:32.803+0000] {dag.py:4180} INFO - Setting next_dagrun for welcome_dag to 2025-01-31 23:00:00+00:00, run_after=2025-02-01 23:00:00+00:00
[2025-02-01T15:28:32.822+0000] {processor.py:208} INFO - Processing /opt/airflow/dags/welcome_dag.py took 0.496 seconds
[2025-02-01T15:34:35.209+0000] {processor.py:186} INFO - Started process (PID=6636) to work on /opt/airflow/dags/welcome_dag.py
[2025-02-01T15:34:35.213+0000] {processor.py:914} INFO - Processing file /opt/airflow/dags/welcome_dag.py for tasks to queue
[2025-02-01T15:34:35.215+0000] {logging_mixin.py:190} INFO - [2025-02-01T15:34:35.214+0000] {dagbag.py:588} INFO - Filling up the DagBag from /opt/airflow/dags/welcome_dag.py
[2025-02-01T15:34:35.563+0000] {processor.py:925} INFO - DAG(s) 'welcome_dag' retrieved from /opt/airflow/dags/welcome_dag.py
[2025-02-01T15:34:35.587+0000] {logging_mixin.py:190} INFO - [2025-02-01T15:34:35.587+0000] {dag.py:3239} INFO - Sync 1 DAGs
[2025-02-01T15:34:35.601+0000] {logging_mixin.py:190} INFO - [2025-02-01T15:34:35.601+0000] {dag.py:4180} INFO - Setting next_dagrun for welcome_dag to 2025-01-31 23:00:00+00:00, run_after=2025-02-01 23:00:00+00:00
[2025-02-01T15:34:35.617+0000] {processor.py:208} INFO - Processing /opt/airflow/dags/welcome_dag.py took 0.418 seconds
[2025-02-01T15:35:15.248+0000] {processor.py:186} INFO - Started process (PID=6639) to work on /opt/airflow/dags/welcome_dag.py
[2025-02-01T15:35:15.253+0000] {processor.py:914} INFO - Processing file /opt/airflow/dags/welcome_dag.py for tasks to queue
[2025-02-01T15:35:15.256+0000] {logging_mixin.py:190} INFO - [2025-02-01T15:35:15.255+0000] {dagbag.py:588} INFO - Filling up the DagBag from /opt/airflow/dags/welcome_dag.py
[2025-02-01T15:35:15.541+0000] {processor.py:925} INFO - DAG(s) 'welcome_dag' retrieved from /opt/airflow/dags/welcome_dag.py
[2025-02-01T15:35:15.566+0000] {logging_mixin.py:190} INFO - [2025-02-01T15:35:15.566+0000] {dag.py:3239} INFO - Sync 1 DAGs
[2025-02-01T15:35:15.580+0000] {logging_mixin.py:190} INFO - [2025-02-01T15:35:15.580+0000] {dag.py:4180} INFO - Setting next_dagrun for welcome_dag to 2025-01-31 23:00:00+00:00, run_after=2025-02-01 23:00:00+00:00
[2025-02-01T15:35:15.592+0000] {processor.py:208} INFO - Processing /opt/airflow/dags/welcome_dag.py took 0.359 seconds
[2025-02-01T15:35:47.750+0000] {processor.py:186} INFO - Started process (PID=6642) to work on /opt/airflow/dags/welcome_dag.py
[2025-02-01T15:35:47.754+0000] {processor.py:914} INFO - Processing file /opt/airflow/dags/welcome_dag.py for tasks to queue
[2025-02-01T15:35:47.756+0000] {logging_mixin.py:190} INFO - [2025-02-01T15:35:47.755+0000] {dagbag.py:588} INFO - Filling up the DagBag from /opt/airflow/dags/welcome_dag.py
[2025-02-01T15:35:48.131+0000] {processor.py:925} INFO - DAG(s) 'welcome_dag' retrieved from /opt/airflow/dags/welcome_dag.py
[2025-02-01T15:35:48.172+0000] {logging_mixin.py:190} INFO - [2025-02-01T15:35:48.172+0000] {dag.py:3239} INFO - Sync 1 DAGs
[2025-02-01T15:35:48.209+0000] {logging_mixin.py:190} INFO - [2025-02-01T15:35:48.208+0000] {dag.py:4180} INFO - Setting next_dagrun for welcome_dag to 2025-01-31 23:00:00+00:00, run_after=2025-02-01 23:00:00+00:00
[2025-02-01T15:35:48.421+0000] {processor.py:208} INFO - Processing /opt/airflow/dags/welcome_dag.py took 0.686 seconds
[2025-02-01T16:30:25.224+0000] {processor.py:186} INFO - Started process (PID=6645) to work on /opt/airflow/dags/welcome_dag.py
[2025-02-01T16:30:25.226+0000] {processor.py:914} INFO - Processing file /opt/airflow/dags/welcome_dag.py for tasks to queue
[2025-02-01T16:30:25.227+0000] {logging_mixin.py:190} INFO - [2025-02-01T16:30:25.226+0000] {dagbag.py:588} INFO - Filling up the DagBag from /opt/airflow/dags/welcome_dag.py
[2025-02-01T16:30:25.424+0000] {processor.py:925} INFO - DAG(s) 'welcome_dag' retrieved from /opt/airflow/dags/welcome_dag.py
[2025-02-01T16:30:25.435+0000] {logging_mixin.py:190} INFO - [2025-02-01T16:30:25.435+0000] {dag.py:3239} INFO - Sync 1 DAGs
[2025-02-01T16:30:25.444+0000] {logging_mixin.py:190} INFO - [2025-02-01T16:30:25.444+0000] {dag.py:4180} INFO - Setting next_dagrun for welcome_dag to 2025-01-31 23:00:00+00:00, run_after=2025-02-01 23:00:00+00:00
[2025-02-01T16:30:25.453+0000] {processor.py:208} INFO - Processing /opt/airflow/dags/welcome_dag.py took 0.242 seconds
[2025-02-01T16:47:24.250+0000] {processor.py:186} INFO - Started process (PID=6648) to work on /opt/airflow/dags/welcome_dag.py
[2025-02-01T16:47:24.251+0000] {processor.py:914} INFO - Processing file /opt/airflow/dags/welcome_dag.py for tasks to queue
[2025-02-01T16:47:24.253+0000] {logging_mixin.py:190} INFO - [2025-02-01T16:47:24.252+0000] {dagbag.py:588} INFO - Filling up the DagBag from /opt/airflow/dags/welcome_dag.py
[2025-02-01T16:47:24.516+0000] {processor.py:925} INFO - DAG(s) 'welcome_dag' retrieved from /opt/airflow/dags/welcome_dag.py
[2025-02-01T16:47:24.541+0000] {logging_mixin.py:190} INFO - [2025-02-01T16:47:24.541+0000] {dag.py:3239} INFO - Sync 1 DAGs
[2025-02-01T16:47:24.558+0000] {logging_mixin.py:190} INFO - [2025-02-01T16:47:24.558+0000] {dag.py:4180} INFO - Setting next_dagrun for welcome_dag to 2025-01-31 23:00:00+00:00, run_after=2025-02-01 23:00:00+00:00
[2025-02-01T16:47:24.572+0000] {processor.py:208} INFO - Processing /opt/airflow/dags/welcome_dag.py took 0.330 seconds
[2025-02-01T17:03:38.593+0000] {processor.py:186} INFO - Started process (PID=6651) to work on /opt/airflow/dags/welcome_dag.py
[2025-02-01T17:03:38.595+0000] {processor.py:914} INFO - Processing file /opt/airflow/dags/welcome_dag.py for tasks to queue
[2025-02-01T17:03:38.597+0000] {logging_mixin.py:190} INFO - [2025-02-01T17:03:38.596+0000] {dagbag.py:588} INFO - Filling up the DagBag from /opt/airflow/dags/welcome_dag.py
[2025-02-01T17:03:38.915+0000] {processor.py:925} INFO - DAG(s) 'welcome_dag' retrieved from /opt/airflow/dags/welcome_dag.py
[2025-02-01T17:03:38.942+0000] {logging_mixin.py:190} INFO - [2025-02-01T17:03:38.942+0000] {dag.py:3239} INFO - Sync 1 DAGs
[2025-02-01T17:03:38.962+0000] {logging_mixin.py:190} INFO - [2025-02-01T17:03:38.962+0000] {dag.py:4180} INFO - Setting next_dagrun for welcome_dag to 2025-01-31 23:00:00+00:00, run_after=2025-02-01 23:00:00+00:00
[2025-02-01T17:03:38.976+0000] {processor.py:208} INFO - Processing /opt/airflow/dags/welcome_dag.py took 0.393 seconds
[2025-02-01T17:19:53.227+0000] {processor.py:186} INFO - Started process (PID=6654) to work on /opt/airflow/dags/welcome_dag.py
[2025-02-01T17:19:53.228+0000] {processor.py:914} INFO - Processing file /opt/airflow/dags/welcome_dag.py for tasks to queue
[2025-02-01T17:19:53.229+0000] {logging_mixin.py:190} INFO - [2025-02-01T17:19:53.229+0000] {dagbag.py:588} INFO - Filling up the DagBag from /opt/airflow/dags/welcome_dag.py
[2025-02-01T17:19:53.570+0000] {processor.py:925} INFO - DAG(s) 'welcome_dag' retrieved from /opt/airflow/dags/welcome_dag.py
[2025-02-01T17:19:53.592+0000] {logging_mixin.py:190} INFO - [2025-02-01T17:19:53.592+0000] {dag.py:3239} INFO - Sync 1 DAGs
[2025-02-01T17:19:53.614+0000] {logging_mixin.py:190} INFO - [2025-02-01T17:19:53.614+0000] {dag.py:4180} INFO - Setting next_dagrun for welcome_dag to 2025-01-31 23:00:00+00:00, run_after=2025-02-01 23:00:00+00:00
[2025-02-01T17:19:53.703+0000] {processor.py:208} INFO - Processing /opt/airflow/dags/welcome_dag.py took 0.487 seconds
[2025-02-01T18:09:36.448+0000] {processor.py:186} INFO - Started process (PID=6657) to work on /opt/airflow/dags/welcome_dag.py
[2025-02-01T18:09:36.451+0000] {processor.py:914} INFO - Processing file /opt/airflow/dags/welcome_dag.py for tasks to queue
[2025-02-01T18:09:36.453+0000] {logging_mixin.py:190} INFO - [2025-02-01T18:09:36.452+0000] {dagbag.py:588} INFO - Filling up the DagBag from /opt/airflow/dags/welcome_dag.py
[2025-02-01T18:09:37.045+0000] {processor.py:925} INFO - DAG(s) 'welcome_dag' retrieved from /opt/airflow/dags/welcome_dag.py
[2025-02-01T18:09:37.123+0000] {logging_mixin.py:190} INFO - [2025-02-01T18:09:37.123+0000] {dag.py:3239} INFO - Sync 1 DAGs
[2025-02-01T18:09:37.204+0000] {logging_mixin.py:190} INFO - [2025-02-01T18:09:37.204+0000] {dag.py:4180} INFO - Setting next_dagrun for welcome_dag to 2025-01-31 23:00:00+00:00, run_after=2025-02-01 23:00:00+00:00
[2025-02-01T18:09:37.256+0000] {processor.py:208} INFO - Processing /opt/airflow/dags/welcome_dag.py took 0.821 seconds
[2025-02-01T18:26:00.810+0000] {processor.py:186} INFO - Started process (PID=6660) to work on /opt/airflow/dags/welcome_dag.py
[2025-02-01T18:26:00.811+0000] {processor.py:914} INFO - Processing file /opt/airflow/dags/welcome_dag.py for tasks to queue
[2025-02-01T18:26:00.813+0000] {logging_mixin.py:190} INFO - [2025-02-01T18:26:00.812+0000] {dagbag.py:588} INFO - Filling up the DagBag from /opt/airflow/dags/welcome_dag.py
[2025-02-01T18:26:01.093+0000] {processor.py:925} INFO - DAG(s) 'welcome_dag' retrieved from /opt/airflow/dags/welcome_dag.py
[2025-02-01T18:26:01.117+0000] {logging_mixin.py:190} INFO - [2025-02-01T18:26:01.117+0000] {dag.py:3239} INFO - Sync 1 DAGs
[2025-02-01T18:26:01.135+0000] {logging_mixin.py:190} INFO - [2025-02-01T18:26:01.135+0000] {dag.py:4180} INFO - Setting next_dagrun for welcome_dag to 2025-01-31 23:00:00+00:00, run_after=2025-02-01 23:00:00+00:00
[2025-02-01T18:26:01.149+0000] {processor.py:208} INFO - Processing /opt/airflow/dags/welcome_dag.py took 0.388 seconds
[2025-02-01T18:44:21.710+0000] {processor.py:186} INFO - Started process (PID=6663) to work on /opt/airflow/dags/welcome_dag.py
[2025-02-01T18:44:21.712+0000] {processor.py:914} INFO - Processing file /opt/airflow/dags/welcome_dag.py for tasks to queue
[2025-02-01T18:44:21.714+0000] {logging_mixin.py:190} INFO - [2025-02-01T18:44:21.713+0000] {dagbag.py:588} INFO - Filling up the DagBag from /opt/airflow/dags/welcome_dag.py
[2025-02-01T18:44:22.158+0000] {processor.py:925} INFO - DAG(s) 'welcome_dag' retrieved from /opt/airflow/dags/welcome_dag.py
[2025-02-01T18:44:22.184+0000] {logging_mixin.py:190} INFO - [2025-02-01T18:44:22.184+0000] {dag.py:3239} INFO - Sync 1 DAGs
[2025-02-01T18:44:22.204+0000] {logging_mixin.py:190} INFO - [2025-02-01T18:44:22.204+0000] {dag.py:4180} INFO - Setting next_dagrun for welcome_dag to 2025-01-31 23:00:00+00:00, run_after=2025-02-01 23:00:00+00:00
[2025-02-01T18:44:22.221+0000] {processor.py:208} INFO - Processing /opt/airflow/dags/welcome_dag.py took 0.524 seconds
[2025-02-01T18:44:53.099+0000] {processor.py:186} INFO - Started process (PID=6666) to work on /opt/airflow/dags/welcome_dag.py
[2025-02-01T18:44:53.100+0000] {processor.py:914} INFO - Processing file /opt/airflow/dags/welcome_dag.py for tasks to queue
[2025-02-01T18:44:53.101+0000] {logging_mixin.py:190} INFO - [2025-02-01T18:44:53.101+0000] {dagbag.py:588} INFO - Filling up the DagBag from /opt/airflow/dags/welcome_dag.py
[2025-02-01T18:44:53.364+0000] {processor.py:925} INFO - DAG(s) 'welcome_dag' retrieved from /opt/airflow/dags/welcome_dag.py
[2025-02-01T18:44:53.389+0000] {logging_mixin.py:190} INFO - [2025-02-01T18:44:53.388+0000] {dag.py:3239} INFO - Sync 1 DAGs
[2025-02-01T18:44:53.406+0000] {logging_mixin.py:190} INFO - [2025-02-01T18:44:53.405+0000] {dag.py:4180} INFO - Setting next_dagrun for welcome_dag to 2025-01-31 23:00:00+00:00, run_after=2025-02-01 23:00:00+00:00
[2025-02-01T18:44:53.417+0000] {processor.py:208} INFO - Processing /opt/airflow/dags/welcome_dag.py took 0.330 seconds
[2025-02-01T19:01:26.251+0000] {processor.py:186} INFO - Started process (PID=6669) to work on /opt/airflow/dags/welcome_dag.py
[2025-02-01T19:01:26.253+0000] {processor.py:914} INFO - Processing file /opt/airflow/dags/welcome_dag.py for tasks to queue
[2025-02-01T19:01:26.257+0000] {logging_mixin.py:190} INFO - [2025-02-01T19:01:26.254+0000] {dagbag.py:588} INFO - Filling up the DagBag from /opt/airflow/dags/welcome_dag.py
[2025-02-01T19:01:26.557+0000] {processor.py:925} INFO - DAG(s) 'welcome_dag' retrieved from /opt/airflow/dags/welcome_dag.py
[2025-02-01T19:01:26.580+0000] {logging_mixin.py:190} INFO - [2025-02-01T19:01:26.579+0000] {dag.py:3239} INFO - Sync 1 DAGs
[2025-02-01T19:01:26.595+0000] {logging_mixin.py:190} INFO - [2025-02-01T19:01:26.595+0000] {dag.py:4180} INFO - Setting next_dagrun for welcome_dag to 2025-01-31 23:00:00+00:00, run_after=2025-02-01 23:00:00+00:00
[2025-02-01T19:01:26.607+0000] {processor.py:208} INFO - Processing /opt/airflow/dags/welcome_dag.py took 0.364 seconds
[2025-02-01T19:48:08.723+0000] {processor.py:186} INFO - Started process (PID=6672) to work on /opt/airflow/dags/welcome_dag.py
[2025-02-01T19:48:08.726+0000] {processor.py:914} INFO - Processing file /opt/airflow/dags/welcome_dag.py for tasks to queue
[2025-02-01T19:48:08.727+0000] {logging_mixin.py:190} INFO - [2025-02-01T19:48:08.727+0000] {dagbag.py:588} INFO - Filling up the DagBag from /opt/airflow/dags/welcome_dag.py
[2025-02-01T19:48:09.102+0000] {processor.py:925} INFO - DAG(s) 'welcome_dag' retrieved from /opt/airflow/dags/welcome_dag.py
[2025-02-01T19:48:09.134+0000] {logging_mixin.py:190} INFO - [2025-02-01T19:48:09.134+0000] {dag.py:3239} INFO - Sync 1 DAGs
[2025-02-01T19:48:09.153+0000] {logging_mixin.py:190} INFO - [2025-02-01T19:48:09.153+0000] {dag.py:4180} INFO - Setting next_dagrun for welcome_dag to 2025-01-31 23:00:00+00:00, run_after=2025-02-01 23:00:00+00:00
[2025-02-01T19:48:09.168+0000] {processor.py:208} INFO - Processing /opt/airflow/dags/welcome_dag.py took 0.453 seconds
[2025-02-01T20:04:31.792+0000] {processor.py:186} INFO - Started process (PID=6675) to work on /opt/airflow/dags/welcome_dag.py
[2025-02-01T20:04:31.794+0000] {processor.py:914} INFO - Processing file /opt/airflow/dags/welcome_dag.py for tasks to queue
[2025-02-01T20:04:31.795+0000] {logging_mixin.py:190} INFO - [2025-02-01T20:04:31.795+0000] {dagbag.py:588} INFO - Filling up the DagBag from /opt/airflow/dags/welcome_dag.py
[2025-02-01T20:04:32.109+0000] {processor.py:925} INFO - DAG(s) 'welcome_dag' retrieved from /opt/airflow/dags/welcome_dag.py
[2025-02-01T20:04:32.131+0000] {logging_mixin.py:190} INFO - [2025-02-01T20:04:32.131+0000] {dag.py:3239} INFO - Sync 1 DAGs
[2025-02-01T20:04:32.143+0000] {logging_mixin.py:190} INFO - [2025-02-01T20:04:32.143+0000] {dag.py:4180} INFO - Setting next_dagrun for welcome_dag to 2025-01-31 23:00:00+00:00, run_after=2025-02-01 23:00:00+00:00
[2025-02-01T20:04:32.155+0000] {processor.py:208} INFO - Processing /opt/airflow/dags/welcome_dag.py took 0.381 seconds
[2025-02-01T20:55:49.831+0000] {processor.py:186} INFO - Started process (PID=6678) to work on /opt/airflow/dags/welcome_dag.py
[2025-02-01T20:55:49.843+0000] {processor.py:914} INFO - Processing file /opt/airflow/dags/welcome_dag.py for tasks to queue
[2025-02-01T20:55:49.850+0000] {logging_mixin.py:190} INFO - [2025-02-01T20:55:49.848+0000] {dagbag.py:588} INFO - Filling up the DagBag from /opt/airflow/dags/welcome_dag.py
[2025-02-01T20:55:50.270+0000] {processor.py:925} INFO - DAG(s) 'welcome_dag' retrieved from /opt/airflow/dags/welcome_dag.py
[2025-02-01T20:55:50.308+0000] {logging_mixin.py:190} INFO - [2025-02-01T20:55:50.308+0000] {dag.py:3239} INFO - Sync 1 DAGs
[2025-02-01T20:55:50.325+0000] {logging_mixin.py:190} INFO - [2025-02-01T20:55:50.325+0000] {dag.py:4180} INFO - Setting next_dagrun for welcome_dag to 2025-01-31 23:00:00+00:00, run_after=2025-02-01 23:00:00+00:00
[2025-02-01T20:55:50.341+0000] {processor.py:208} INFO - Processing /opt/airflow/dags/welcome_dag.py took 0.554 seconds
[2025-02-01T21:29:22.864+0000] {processor.py:186} INFO - Started process (PID=6681) to work on /opt/airflow/dags/welcome_dag.py
[2025-02-01T21:29:22.865+0000] {processor.py:914} INFO - Processing file /opt/airflow/dags/welcome_dag.py for tasks to queue
[2025-02-01T21:29:22.867+0000] {logging_mixin.py:190} INFO - [2025-02-01T21:29:22.866+0000] {dagbag.py:588} INFO - Filling up the DagBag from /opt/airflow/dags/welcome_dag.py
[2025-02-01T21:29:24.201+0000] {processor.py:925} INFO - DAG(s) 'welcome_dag' retrieved from /opt/airflow/dags/welcome_dag.py
[2025-02-01T21:29:24.282+0000] {logging_mixin.py:190} INFO - [2025-02-01T21:29:24.280+0000] {dag.py:3239} INFO - Sync 1 DAGs
[2025-02-01T21:29:24.312+0000] {logging_mixin.py:190} INFO - [2025-02-01T21:29:24.311+0000] {dag.py:4180} INFO - Setting next_dagrun for welcome_dag to 2025-01-31 23:00:00+00:00, run_after=2025-02-01 23:00:00+00:00
[2025-02-01T21:29:24.335+0000] {processor.py:208} INFO - Processing /opt/airflow/dags/welcome_dag.py took 1.484 seconds
[2025-02-01T22:06:55.947+0000] {processor.py:186} INFO - Started process (PID=6684) to work on /opt/airflow/dags/welcome_dag.py
[2025-02-01T22:06:55.950+0000] {processor.py:914} INFO - Processing file /opt/airflow/dags/welcome_dag.py for tasks to queue
[2025-02-01T22:06:55.955+0000] {logging_mixin.py:190} INFO - [2025-02-01T22:06:55.952+0000] {dagbag.py:588} INFO - Filling up the DagBag from /opt/airflow/dags/welcome_dag.py
[2025-02-01T22:06:56.303+0000] {processor.py:925} INFO - DAG(s) 'welcome_dag' retrieved from /opt/airflow/dags/welcome_dag.py
[2025-02-01T22:06:56.325+0000] {logging_mixin.py:190} INFO - [2025-02-01T22:06:56.325+0000] {dag.py:3239} INFO - Sync 1 DAGs
[2025-02-01T22:06:56.342+0000] {logging_mixin.py:190} INFO - [2025-02-01T22:06:56.342+0000] {dag.py:4180} INFO - Setting next_dagrun for welcome_dag to 2025-01-31 23:00:00+00:00, run_after=2025-02-01 23:00:00+00:00
[2025-02-01T22:06:56.357+0000] {processor.py:208} INFO - Processing /opt/airflow/dags/welcome_dag.py took 0.419 seconds
[2025-02-01T22:38:56.363+0000] {processor.py:186} INFO - Started process (PID=6687) to work on /opt/airflow/dags/welcome_dag.py
[2025-02-01T22:38:56.364+0000] {processor.py:914} INFO - Processing file /opt/airflow/dags/welcome_dag.py for tasks to queue
[2025-02-01T22:38:56.365+0000] {logging_mixin.py:190} INFO - [2025-02-01T22:38:56.365+0000] {dagbag.py:588} INFO - Filling up the DagBag from /opt/airflow/dags/welcome_dag.py
[2025-02-01T22:38:56.648+0000] {processor.py:925} INFO - DAG(s) 'welcome_dag' retrieved from /opt/airflow/dags/welcome_dag.py
[2025-02-01T22:38:56.695+0000] {logging_mixin.py:190} INFO - [2025-02-01T22:38:56.693+0000] {dag.py:3239} INFO - Sync 1 DAGs
[2025-02-01T22:38:56.714+0000] {logging_mixin.py:190} INFO - [2025-02-01T22:38:56.714+0000] {dag.py:4180} INFO - Setting next_dagrun for welcome_dag to 2025-01-31 23:00:00+00:00, run_after=2025-02-01 23:00:00+00:00
[2025-02-01T22:38:56.729+0000] {processor.py:208} INFO - Processing /opt/airflow/dags/welcome_dag.py took 0.373 seconds
[2025-02-01T23:23:49.131+0000] {processor.py:186} INFO - Started process (PID=6712) to work on /opt/airflow/dags/welcome_dag.py
[2025-02-01T23:23:49.138+0000] {processor.py:914} INFO - Processing file /opt/airflow/dags/welcome_dag.py for tasks to queue
[2025-02-01T23:23:49.142+0000] {logging_mixin.py:190} INFO - [2025-02-01T23:23:49.140+0000] {dagbag.py:588} INFO - Filling up the DagBag from /opt/airflow/dags/welcome_dag.py
[2025-02-01T23:23:50.135+0000] {processor.py:925} INFO - DAG(s) 'welcome_dag' retrieved from /opt/airflow/dags/welcome_dag.py
[2025-02-01T23:23:50.553+0000] {logging_mixin.py:190} INFO - [2025-02-01T23:23:50.552+0000] {dag.py:3239} INFO - Sync 1 DAGs
[2025-02-01T23:23:50.749+0000] {logging_mixin.py:190} INFO - [2025-02-01T23:23:50.749+0000] {dag.py:4180} INFO - Setting next_dagrun for welcome_dag to 2025-02-01 23:00:00+00:00, run_after=2025-02-02 23:00:00+00:00
[2025-02-01T23:23:50.810+0000] {processor.py:208} INFO - Processing /opt/airflow/dags/welcome_dag.py took 1.697 seconds
[2025-02-01T23:43:23.138+0000] {processor.py:186} INFO - Started process (PID=6726) to work on /opt/airflow/dags/welcome_dag.py
[2025-02-01T23:43:23.142+0000] {processor.py:914} INFO - Processing file /opt/airflow/dags/welcome_dag.py for tasks to queue
[2025-02-01T23:43:23.144+0000] {logging_mixin.py:190} INFO - [2025-02-01T23:43:23.143+0000] {dagbag.py:588} INFO - Filling up the DagBag from /opt/airflow/dags/welcome_dag.py
[2025-02-01T23:43:23.467+0000] {processor.py:925} INFO - DAG(s) 'welcome_dag' retrieved from /opt/airflow/dags/welcome_dag.py
[2025-02-01T23:43:23.490+0000] {logging_mixin.py:190} INFO - [2025-02-01T23:43:23.490+0000] {dag.py:3239} INFO - Sync 1 DAGs
[2025-02-01T23:43:23.508+0000] {logging_mixin.py:190} INFO - [2025-02-01T23:43:23.508+0000] {dag.py:4180} INFO - Setting next_dagrun for welcome_dag to 2025-02-01 23:00:00+00:00, run_after=2025-02-02 23:00:00+00:00
[2025-02-01T23:43:23.520+0000] {processor.py:208} INFO - Processing /opt/airflow/dags/welcome_dag.py took 0.394 seconds
[2025-02-01T23:51:08.263+0000] {processor.py:186} INFO - Started process (PID=6729) to work on /opt/airflow/dags/welcome_dag.py
[2025-02-01T23:51:08.265+0000] {processor.py:914} INFO - Processing file /opt/airflow/dags/welcome_dag.py for tasks to queue
[2025-02-01T23:51:08.266+0000] {logging_mixin.py:190} INFO - [2025-02-01T23:51:08.266+0000] {dagbag.py:588} INFO - Filling up the DagBag from /opt/airflow/dags/welcome_dag.py
[2025-02-01T23:51:08.553+0000] {processor.py:925} INFO - DAG(s) 'welcome_dag' retrieved from /opt/airflow/dags/welcome_dag.py
[2025-02-01T23:51:08.575+0000] {logging_mixin.py:190} INFO - [2025-02-01T23:51:08.575+0000] {dag.py:3239} INFO - Sync 1 DAGs
[2025-02-01T23:51:08.588+0000] {logging_mixin.py:190} INFO - [2025-02-01T23:51:08.588+0000] {dag.py:4180} INFO - Setting next_dagrun for welcome_dag to 2025-02-01 23:00:00+00:00, run_after=2025-02-02 23:00:00+00:00
[2025-02-01T23:51:08.601+0000] {processor.py:208} INFO - Processing /opt/airflow/dags/welcome_dag.py took 0.346 seconds
